##############################################################################
#                                                                            #
# IAR ARM ANSI C/C++ Compiler V4.42A/W32 EVALUATION    04/Apr/2011  00:45:14 #
# Copyright 1999-2005 IAR Systems. All rights reserved.                      #
#                                                                            #
#    Cpu mode        =  interwork                                            #
#    Endian          =  little                                               #
#    Stack alignment =  4                                                    #
#    Source file     =  C:\arm\nrss\config_data.c                            #
#    Command line    =  C:\arm\nrss\config_data.c -lCN                       #
#                       C:\arm\nrss\Release_ELKA\List\ -la                   #
#                       C:\arm\nrss\Release_ELKA\List\ -o                    #
#                       C:\arm\nrss\Release_ELKA\Obj\ -s9 --no_unroll        #
#                       --cpu_mode arm --endian little --cpu ARM926EJ-S      #
#                       --stack_align 4 --interwork -e --fpu None            #
#                       --dlib_config "C:\arm2\Embedded Workbench 4.0        #
#                       Evaluation\ARM\LIB\dl5tpainl8n.h" --segment          #
#                       code=CONFIG --segment data=CONFIG -I                 #
#                       "C:\arm2\Embedded Workbench 4.0                      #
#                       Evaluation\ARM\INC\" --inline_threshold=2            #
#    List file       =  C:\arm\nrss\Release_ELKA\List\config_data.lst        #
#    Object file     =  C:\arm\nrss\Release_ELKA\Obj\config_data.r79         #
#                                                                            #
#                                                                            #
##############################################################################

C:\arm\nrss\config_data.c
      1          #include "..\inc\cfg_items.h"
      2          #include "config_data.h"
      3          
      4          //Конфигурация

   \                                 In segment CONFIG_C, align 4, align-sorted, root
      5          __root const CFG_HDR cfghdr0={CFG_STR_WIN1251,"RSS 2.0 URL",0,127};
   \                     cfghdr0:
   \   00000000   04000000           DC32 4
   \   00000004   52535320322E       DC8 "RSS 2.0 URL"
   \              302055524C00
   \   00000010   000000000000       DC8 0, 0, 0, 0, 0, 0, 0, 0, 0, 0, 0, 0, 0, 0, 0, 0, 0, 0, 0, 0
   \              000000000000
   \              000000000000
   \              0000        
   \   00000024   000000007F00       DC32 0, 127
   \              0000        

   \                                 In segment CONFIG_C, align 4, align-sorted, root
      6          __root const char RSS_URL[128]="perk11.info/elf/rss.php?count=5";
   \                     RSS_URL:
   \   00000000   7065726B3131       DC8 "perk11.info/elf/rss.php?count=5"
   \              2E696E666F2F
   \              656C662F7273
   \              732E7068703F
   \              636F756E743D
   \              3500        
   \   00000020   000000000000       DC8 0, 0, 0, 0, 0, 0, 0, 0, 0, 0, 0, 0, 0, 0, 0, 0
   \              000000000000
   \              00000000    
   \   00000030   000000000000       DC8 0, 0, 0, 0, 0, 0, 0, 0, 0, 0, 0, 0, 0, 0, 0, 0
   \              000000000000
   \              00000000    
   \   00000040   000000000000       DC8 0, 0, 0, 0, 0, 0, 0, 0, 0, 0, 0, 0, 0, 0, 0, 0
   \              000000000000
   \              00000000    
   \   00000050   000000000000       DC8 0, 0, 0, 0, 0, 0, 0, 0, 0, 0, 0, 0, 0, 0, 0, 0
   \              000000000000
   \              00000000    
   \   00000060   000000000000       DC8 0, 0, 0, 0, 0, 0, 0, 0, 0, 0, 0, 0, 0, 0, 0, 0
   \              000000000000
   \              00000000    
   \   00000070   000000000000       DC8 0, 0, 0, 0, 0, 0, 0, 0, 0, 0, 0, 0, 0, 0, 0, 0
   \              000000000000
   \              00000000    


   Segment part sizes:

     Function/Label Bytes
     -------------- -----
     cfghdr0          44
     RSS_URL         128

 
 172 bytes in segment CONFIG_C
 
 172 bytes of CONST memory

Errors: none
Warnings: none
