##############################################################################
#                                                                            #
# IAR ARM ANSI C/C++ Compiler V4.42A/W32 EVALUATION    30/Apr/2011  01:51:18 #
# Copyright 1999-2005 IAR Systems. All rights reserved.                      #
#                                                                            #
#    Cpu mode        =  interwork                                            #
#    Endian          =  little                                               #
#    Stack alignment =  4                                                    #
#    Source file     =  C:\arm\map_gps\config_data.c                         #
#    Command line    =  C:\arm\map_gps\config_data.c -D NEWSGOLD -D ELKA     #
#                       -lC C:\arm\map_gps\Release_ELKA\List\ -o             #
#                       C:\arm\map_gps\Release_ELKA\Obj\ -s9 --no_unroll     #
#                       --no_clustering --cpu_mode arm --endian little       #
#                       --cpu ARM926EJ-S --stack_align 4 --interwork -e      #
#                       --fpu None --segment code=CONFIG --segment           #
#                       data=CONFIG -I "C:\arm2\Embedded Workbench 4.0       #
#                       Evaluation\ARM\INC\" --inline_threshold=2            #
#    List file       =  C:\arm\map_gps\Release_ELKA\List\config_data.lst     #
#    Object file     =  C:\arm\map_gps\Release_ELKA\Obj\config_data.r79      #
#                                                                            #
#                                                                            #
##############################################################################

C:\arm\map_gps\config_data.c
      1          #include "..\inc\cfg_items.h"
      2          #include "..\inc\swilib.h"
      3          
      4          #ifdef NEWSGOLD
      5          #define DEFAULT_DISK "4"
      6          #else
      7          #define DEFAULT_DISK "0"
      8          #endif
      9          
     10          // оординаты

   \                                 In segment CONFIG_C, align 4, align-sorted, root
     11          __root const CFG_HDR cfghdr0 = {CFG_STR_UTF8, "им€ файла", 1, 127};
   \                     cfghdr0:
   \   00000000   02000000           DC32 2
   \   00000004   E8ECFF20F4E0       DC8 "\350\354\377 \364\340\351\353\340"
   \              E9EBE000    
   \   0000000E   000000000000       DC8 0, 0, 0, 0, 0, 0, 0, 0, 0, 0, 0, 0, 0, 0, 0, 0, 0, 0, 0, 0, 0, 0
   \              000000000000
   \              000000000000
   \              00000000    
   \   00000024   010000007F00       DC32 1, 127
   \              0000        

   \                                 In segment CONFIG_C, align 4, align-sorted, root
     12          __root const char fname[128] = "0:\\map";
   \                     fname:
   \   00000000   303A5C6D6170       DC8 "0:\\map"
   \              00          
   \   00000007   000000000000       DC8 0, 0, 0, 0, 0, 0, 0, 0, 0, 0, 0, 0, 0, 0, 0, 0
   \              000000000000
   \              00000000    
   \   00000017   000000000000       DC8 0, 0, 0, 0, 0, 0, 0, 0, 0, 0, 0, 0, 0, 0, 0, 0
   \              000000000000
   \              00000000    
   \   00000027   000000000000       DC8 0, 0, 0, 0, 0, 0, 0, 0, 0, 0, 0, 0, 0, 0, 0, 0
   \              000000000000
   \              00000000    
   \   00000037   000000000000       DC8 0, 0, 0, 0, 0, 0, 0, 0, 0, 0, 0, 0, 0, 0, 0, 0
   \              000000000000
   \              00000000    
   \   00000047   000000000000       DC8 0, 0, 0, 0, 0, 0, 0, 0, 0, 0, 0, 0, 0, 0, 0, 0
   \              000000000000
   \              00000000    
   \   00000057   000000000000       DC8 0, 0, 0, 0, 0, 0, 0, 0, 0, 0, 0, 0, 0, 0, 0, 0
   \              000000000000
   \              00000000    
   \   00000067   000000000000       DC8 0, 0, 0, 0, 0, 0, 0, 0, 0, 0, 0, 0, 0, 0, 0, 0
   \              000000000000
   \              00000000    
   \   00000077   000000000000       DC8 0, 0, 0, 0, 0, 0, 0, 0, 0
   \              000000      
     13          

   \                                 In segment CONFIG_C, align 4, align-sorted, root
     14          __root const CFG_HDR cfghdr61={CFG_UINT,"ширина",0,512};
   \                     cfghdr61:
   \   00000000   01000000           DC32 1
   \   00000004   F8E8F0E8EDE0       DC8 "\370\350\360\350\355\340"
   \              00          
   \   0000000B   000000000000       DC8 0, 0, 0, 0, 0, 0, 0, 0, 0, 0, 0, 0, 0, 0, 0, 0
   \              000000000000
   \              00000000    
   \   0000001B   000000000000       DC8 0, 0, 0, 0, 0, 0, 0, 0, 0
   \              000000      
   \   00000024   000000000002       DC32 0, 512
   \              0000        

   \                                 In segment CONFIG_C, align 4, align-sorted, root
     15          __root const int sizex = 240;
   \                     sizex:
   \   00000000   F0000000           DC32 240
     16          

   \                                 In segment CONFIG_C, align 4, align-sorted, root
     17          __root const CFG_HDR cfghdr62={CFG_UINT,"высота",0,512};
   \                     cfghdr62:
   \   00000000   01000000           DC32 1
   \   00000004   E2FBF1EEF2E0       DC8 "\342\373\361\356\362\340"
   \              00          
   \   0000000B   000000000000       DC8 0, 0, 0, 0, 0, 0, 0, 0, 0, 0, 0, 0, 0, 0, 0, 0
   \              000000000000
   \              00000000    
   \   0000001B   000000000000       DC8 0, 0, 0, 0, 0, 0, 0, 0, 0
   \              000000      
   \   00000024   000000000002       DC32 0, 512
   \              0000        

   \                                 In segment CONFIG_C, align 4, align-sorted, root
     18          __root const int sizey = 320;
   \                     sizey:
   \   00000000   40010000           DC32 320
     19          

   \                                 In segment CONFIG_C, align 4, align-sorted, root
     20          __root const CFG_HDR cfghdr63={CFG_UINT,"приближение",0,19};
   \                     cfghdr63:
   \   00000000   01000000           DC32 1
   \   00000004   EFF0E8E1EBE8       DC8 "\357\360\350\341\353\350\346\345\355\350\345"
   \              E6E5EDE8E500
   \   00000010   000000000000       DC8 0, 0, 0, 0, 0, 0, 0, 0, 0, 0, 0, 0, 0, 0, 0, 0, 0, 0, 0, 0
   \              000000000000
   \              000000000000
   \              0000        
   \   00000024   000000001300       DC32 0, 19
   \              0000        

   \                                 In segment CONFIG_C, align 4, align-sorted, root
     21          __root const int zoom = 14;
   \                     zoom:
   \   00000000   0E000000           DC32 14
     22          

   \                                 In segment CONFIG_C, align 4, align-sorted, root
     23          __root const CFG_HDR cfghdr64={CFG_CBOX,"формат картинки",0,3};
   \                     cfghdr64:
   \   00000000   05000000           DC32 5
   \   00000004   F4EEF0ECE0F2       DC8 "\364\356\360\354\340\362 \352\340\360\362\350\355\352\350"
   \              20EAE0F0F2E8
   \              EDEAE800    
   \   00000014   000000000000       DC8 0, 0, 0, 0, 0, 0, 0, 0, 0, 0, 0, 0, 0, 0, 0, 0
   \              000000000000
   \              00000000    
   \   00000024   000000000300       DC32 0, 3
   \              0000        

   \                                 In segment CONFIG_C, align 4, align-sorted, root
     24          __root const int frmt = 0;
   \                     frmt:
   \   00000000   00000000           DC32 0

   \                                 In segment CONFIG_C, align 4, align-sorted, root
     25          __root const CFG_CBOX_ITEM cfgcbox1[3]={"png","jpg","png"};
   \                     cfgcbox1:
   \   00000000   706E6700           DC8 "png"
   \   00000004   000000000000       DC8 0, 0, 0, 0, 0, 0, 0, 0, 0, 0, 0, 0, 0, 0, 0, 0
   \              000000000000
   \              00000000    
   \   00000014   000000000000       DC8 0, 0, 0, 0, 0, 0, 0, 0, 0, 0, 0, 0
   \              000000000000
   \   00000020   6A706700           DC8 "jpg"
   \   00000024   000000000000       DC8 0, 0, 0, 0, 0, 0, 0, 0, 0, 0, 0, 0, 0, 0, 0, 0
   \              000000000000
   \              00000000    
   \   00000034   000000000000       DC8 0, 0, 0, 0, 0, 0, 0, 0, 0, 0, 0, 0
   \              000000000000
   \   00000040   706E6700           DC8 "png"
   \   00000044   000000000000       DC8 0, 0, 0, 0, 0, 0, 0, 0, 0, 0, 0, 0, 0, 0, 0, 0
   \              000000000000
   \              00000000    
   \   00000054   000000000000       DC8 0, 0, 0, 0, 0, 0, 0, 0, 0, 0, 0, 0
   \              000000000000
     26          

   \                                 In segment CONFIG_C, align 4, align-sorted, root
     27          __root const CFG_HDR cfghdr65={CFG_CBOX,"формат карты",0,5};
   \                     cfghdr65:
   \   00000000   05000000           DC32 5
   \   00000004   F4EEF0ECE0F2       DC8 "\364\356\360\354\340\362 \352\340\360\362\373"
   \              20EAE0F0F2FB
   \              00          
   \   00000011   000000000000       DC8 0, 0, 0, 0, 0, 0, 0, 0, 0, 0, 0, 0, 0, 0, 0, 0, 0, 0, 0
   \              000000000000
   \              000000000000
   \              00          
   \   00000024   000000000500       DC32 0, 5
   \              0000        

   \                                 In segment CONFIG_C, align 4, align-sorted, root
     28          __root const int map_type = 1;
   \                     map_type:
   \   00000000   01000000           DC32 1

   \                                 In segment CONFIG_C, align 4, align-sorted, root
     29          __root const CFG_CBOX_ITEM cfgcbox2[5]={"roadmap","mobile","satellite", "terrain", "hybrid"};
   \                     cfgcbox2:
   \   00000000   726F61646D61       DC8 "roadmap"
   \              7000        
   \   00000008   000000000000       DC8 0, 0, 0, 0, 0, 0, 0, 0, 0, 0, 0, 0, 0, 0, 0, 0
   \              000000000000
   \              00000000    
   \   00000018   000000000000       DC8 0, 0, 0, 0, 0, 0, 0, 0
   \              0000        
   \   00000020   6D6F62696C65       DC8 "mobile"
   \              00          
   \   00000027   000000000000       DC8 0, 0, 0, 0, 0, 0, 0, 0, 0, 0, 0, 0, 0, 0, 0, 0
   \              000000000000
   \              00000000    
   \   00000037   000000000000       DC8 0, 0, 0, 0, 0, 0, 0, 0, 0
   \              000000      
   \   00000040   736174656C6C       DC8 "satellite"
   \              69746500    
   \   0000004A   000000000000       DC8 0, 0, 0, 0, 0, 0, 0, 0, 0, 0, 0, 0, 0, 0, 0, 0, 0, 0, 0, 0, 0, 0
   \              000000000000
   \              000000000000
   \              00000000    
   \   00000060   746572726169       DC8 "terrain"
   \              6E00        
   \   00000068   000000000000       DC8 0, 0, 0, 0, 0, 0, 0, 0, 0, 0, 0, 0, 0, 0, 0, 0
   \              000000000000
   \              00000000    
   \   00000078   000000000000       DC8 0, 0, 0, 0, 0, 0, 0, 0
   \              0000        
   \   00000080   687962726964       DC8 "hybrid"
   \              00          
   \   00000087   000000000000       DC8 0, 0, 0, 0, 0, 0, 0, 0, 0, 0, 0, 0, 0, 0, 0, 0
   \              000000000000
   \              00000000    
   \   00000097   000000000000       DC8 0, 0, 0, 0, 0, 0, 0, 0, 0
   \              000000      
     30          

   \                                 In segment CONFIG_C, align 4, align-sorted, root
     31          __root const CFG_HDR cfghdr66={CFG_CBOX,"мой цвет",0,3};
   \                     cfghdr66:
   \   00000000   05000000           DC32 5
   \   00000004   ECEEE920F6E2       DC8 "\354\356\351 \366\342\345\362"
   \              E5F200      
   \   0000000D   000000000000       DC8 0, 0, 0, 0, 0, 0, 0, 0, 0, 0, 0, 0, 0, 0, 0, 0, 0, 0, 0, 0, 0, 0, 0
   \              000000000000
   \              000000000000
   \              0000000000  
   \   00000024   000000000300       DC32 0, 3
   \              0000        

   \                                 In segment CONFIG_C, align 4, align-sorted, root
     32          __root const int color = 0;
   \                     color:
   \   00000000   00000000           DC32 0

   \                                 In segment CONFIG_C, align 4, align-sorted, root
     33          __root const CFG_CBOX_ITEM cfgcbox3[3]={"красный","зеленый","синий"};
   \                     cfgcbox3:
   \   00000000   EAF0E0F1EDFB       DC8 "\352\360\340\361\355\373\351"
   \              E900        
   \   00000008   000000000000       DC8 0, 0, 0, 0, 0, 0, 0, 0, 0, 0, 0, 0, 0, 0, 0, 0
   \              000000000000
   \              00000000    
   \   00000018   000000000000       DC8 0, 0, 0, 0, 0, 0, 0, 0
   \              0000        
   \   00000020   E7E5EBE5EDFB       DC8 "\347\345\353\345\355\373\351"
   \              E900        
   \   00000028   000000000000       DC8 0, 0, 0, 0, 0, 0, 0, 0, 0, 0, 0, 0, 0, 0, 0, 0
   \              000000000000
   \              00000000    
   \   00000038   000000000000       DC8 0, 0, 0, 0, 0, 0, 0, 0
   \              0000        
   \   00000040   F1E8EDE8E900       DC8 "\361\350\355\350\351"
   \   00000046   000000000000       DC8 0, 0, 0, 0, 0, 0, 0, 0, 0, 0, 0, 0, 0, 0, 0, 0
   \              000000000000
   \              00000000    
   \   00000056   000000000000       DC8 0, 0, 0, 0, 0, 0, 0, 0, 0, 0
   \              00000000    
     34          

   \                                 In segment CONFIG_C, align 4, align-sorted, root
     35          __root const CFG_HDR cfghdr67 = {CFG_STR_UTF8, "мо€ буква(a-z)", 1, 2};
   \                     cfghdr67:
   \   00000000   02000000           DC32 2
   \   00000004   ECEEFF20E1F3       DC8 "\354\356\377 \341\363\352\342\340(a-z)"
   \              EAE2E028612D
   \              7A2900      
   \   00000013   000000000000       DC8 0, 0, 0, 0, 0, 0, 0, 0, 0, 0, 0, 0, 0, 0, 0, 0, 0
   \              000000000000
   \              0000000000  
   \   00000024   010000000200       DC32 1, 2
   \              0000        

   \                                 In segment CONFIG_C, align 1, align-sorted, root
     36          __root const char name[2] = "i";
   \                     name:
   \   00000000   6900               DC8 "i"
     37          

   \                                 In segment CONFIG_C, align 4, align-sorted, root
     38          __root const CFG_HDR cfghdr68 = {CFG_STR_UTF8, "€зык", 2, 3};
   \                     cfghdr68:
   \   00000000   02000000           DC32 2
   \   00000004   FFE7FBEA00         DC8 "\377\347\373\352"
   \   00000009   000000000000       DC8 0, 0, 0, 0, 0, 0, 0, 0, 0, 0, 0, 0, 0, 0, 0, 0
   \              000000000000
   \              00000000    
   \   00000019   000000000000       DC8 0, 0, 0, 0, 0, 0, 0, 0, 0, 0, 0
   \              0000000000  
   \   00000024   020000000300       DC32 2, 3
   \              0000        

   \                                 In segment CONFIG_C, align 1, align-sorted, root
     39          __root const char lang[3] = "ru";
   \                     lang:
   \   00000000   727500             DC8 "ru"


   Segment part sizes:

     Function/Label Bytes
     -------------- -----
     cfghdr0          44
     fname           128
     cfghdr61         44
     sizex             4
     cfghdr62         44
     sizey             4
     cfghdr63         44
     zoom              4
     cfghdr64         44
     frmt              4
     cfgcbox1         96
     cfghdr65         44
     map_type          4
     cfgcbox2        160
     cfghdr66         44
     color             4
     cfgcbox3         96
     cfghdr67         44
     name              2
     cfghdr68         44
     lang              3

 
 905 bytes in segment CONFIG_C
 
 905 bytes of CONST memory

Errors: none
Warnings: none
