##############################################################################
#                                                                            #
# IAR ARM ANSI C/C++ Compiler V4.42A/W32 EVALUATION    22/Nov/2010  11:42:35 #
# Copyright 1999-2005 IAR Systems. All rights reserved.                      #
#                                                                            #
#    Cpu mode        =  interwork                                            #
#    Endian          =  little                                               #
#    Stack alignment =  4                                                    #
#    Source file     =  C:\arm\paintt\config_data.c                          #
#    Command line    =  C:\arm\paintt\config_data.c -D NEWSGOLD -D ELKA -lC  #
#                       C:\arm\paintt\settings\ELKA\List\ -o                 #
#                       C:\arm\paintt\settings\ELKA\Obj\ -s9 --no_unroll     #
#                       --no_inline --cpu_mode arm --endian little --cpu     #
#                       ARM926EJ-S --stack_align 4 --interwork -e --fpu      #
#                       None --dlib_config "C:\arm2\Embedded Workbench 4.0   #
#                       Evaluation\ARM\LIB\dl5tpainl8n.h" --segment          #
#                       code=CONFIG --segment data=CONFIG -I                 #
#                       "C:\arm2\Embedded Workbench 4.0 Evaluation\ARM\INC\" #
#    List file       =  C:\arm\paintt\settings\ELKA\List\config_data.lst     #
#    Object file     =  C:\arm\paintt\settings\ELKA\Obj\config_data.r79      #
#                                                                            #
#                                                                            #
##############################################################################

C:\arm\paintt\config_data.c
      1          #include "..\inc\cfg_items.h"
      2          
      3          #ifdef NEWSGOLD
      4          #define DEFAULT_DISK "4"
      5          #else
      6          #define DEFAULT_DISK "0"
      7          #endif
      8          
      9          // 8
     10          

   \                                 In segment CONFIG_C, align 4, align-sorted, root
     11          __root const CFG_HDR cfghdr0={CFG_CBOX,"Качество",0,3};
   \                     cfghdr0:
   \   00000000   05000000           DC32 5
   \   00000004   CAE0F7E5F1F2       DC8 "\312\340\367\345\361\362\342\356"
   \              E2EE00      
   \   0000000D   000000000000       DC8 0, 0, 0, 0, 0, 0, 0, 0, 0, 0, 0, 0, 0, 0, 0, 0, 0, 0, 0, 0, 0, 0, 0
   \              000000000000
   \              000000000000
   \              0000000000  
   \   00000024   000000000300       DC32 0, 3
   \              0000        
     12          #ifdef NEWSGOLD

   \                                 In segment CONFIG_C, align 4, align-sorted, root
     13          __root const int DEF_PICT_MOD=2;
   \                     DEF_PICT_MOD:
   \   00000000   02000000           DC32 2
     14          #else
     15          __root const int DEF_PICT_MOD=1;
     16          #endif

   \                                 In segment CONFIG_C, align 4, align-sorted, root
     17          __root const CFG_CBOX_ITEM cfgcbox0[]={"8бит","16бит","24бит+альфа"};
   \                     cfgcbox0:
   \   00000000   38E1E8F200         DC8 "8\341\350\362"
   \   00000005   000000000000       DC8 0, 0, 0, 0, 0, 0, 0, 0, 0, 0, 0, 0, 0, 0, 0, 0
   \              000000000000
   \              00000000    
   \   00000015   000000000000       DC8 0, 0, 0, 0, 0, 0, 0, 0, 0, 0, 0
   \              0000000000  
   \   00000020   3136E1E8F200       DC8 "16\341\350\362"
   \   00000026   000000000000       DC8 0, 0, 0, 0, 0, 0, 0, 0, 0, 0, 0, 0, 0, 0, 0, 0
   \              000000000000
   \              00000000    
   \   00000036   000000000000       DC8 0, 0, 0, 0, 0, 0, 0, 0, 0, 0
   \              00000000    
   \   00000040   3234E1E8F22B       DC8 "24\341\350\362+\340\353\374\364\340"
   \              E0EBFCF4E000
   \   0000004C   000000000000       DC8 0, 0, 0, 0, 0, 0, 0, 0, 0, 0, 0, 0, 0, 0, 0, 0, 0, 0, 0, 0
   \              000000000000
   \              000000000000
   \              0000        
     18          

   \                                 In segment CONFIG_C, align 4, align-sorted, root
     19          __root const CFG_HDR cfghdr_m01={CFG_LEVEL,"Стартовый размер картинки",1,0};
   \                     cfghdr_m01:
   \   00000000   09000000           DC32 9
   \   00000004   D1F2E0F0F2EE       DC8 "\321\362\340\360\362\356\342\373\351 \360\340\347\354\345\360 \352\340\360\362\350\355\352\350"
   \              E2FBE920F0E0
   \              E7ECE5F020EA
   \              E0F0F2E8EDEA
   \              E800        
   \   0000001E   000000000000       DC8 0, 0, 0, 0, 0, 0
   \   00000024   010000000000       DC32 1, 0
   \              0000        
     20          

   \                                 In segment CONFIG_C, align 4, align-sorted, root
     21          	__root const CFG_HDR cfghdr001={CFG_INT,"Ширина (x)",0,0xff};
   \                     cfghdr001:
   \   00000000   03000000           DC32 3
   \   00000004   D8E8F0E8EDE0       DC8 "\330\350\360\350\355\340 (x)"
   \              2028782900  
   \   0000000F   000000000000       DC8 0, 0, 0, 0, 0, 0, 0, 0, 0, 0, 0, 0, 0, 0, 0, 0, 0, 0, 0, 0, 0
   \              000000000000
   \              000000000000
   \              000000      
   \   00000024   00000000FF00       DC32 0, 255
   \              0000        

   \                                 In segment CONFIG_C, align 4, align-sorted, root
     22          	__root const unsigned int DEF_W=48;
   \                     DEF_W:
   \   00000000   30000000           DC32 48
     23          

   \                                 In segment CONFIG_C, align 4, align-sorted, root
     24          	__root const CFG_HDR cfghdr002={CFG_INT,"Высота (y)",0,0xff};
   \                     cfghdr002:
   \   00000000   03000000           DC32 3
   \   00000004   C2FBF1EEF2E0       DC8 "\302\373\361\356\362\340 (y)"
   \              2028792900  
   \   0000000F   000000000000       DC8 0, 0, 0, 0, 0, 0, 0, 0, 0, 0, 0, 0, 0, 0, 0, 0, 0, 0, 0, 0, 0
   \              000000000000
   \              000000000000
   \              000000      
   \   00000024   00000000FF00       DC32 0, 255
   \              0000        

   \                                 In segment CONFIG_C, align 4, align-sorted, root
     25          	__root const unsigned int DEF_H=48;
   \                     DEF_H:
   \   00000000   30000000           DC32 48
     26          

   \                                 In segment CONFIG_C, align 4, align-sorted, root
     27          __root const CFG_HDR cfghdr_m00={CFG_LEVEL,"",0,0};
   \                     cfghdr_m00:
   \   00000000   09000000           DC32 9
   \   00000004   00                 DC8 ""
   \   00000005   000000000000       DC8 0, 0, 0, 0, 0, 0, 0, 0, 0, 0, 0, 0, 0, 0, 0, 0
   \              000000000000
   \              00000000    
   \   00000015   000000000000       DC8 0, 0, 0, 0, 0, 0, 0, 0, 0, 0, 0, 0, 0, 0, 0
   \              000000000000
   \              000000      
   \   00000024   000000000000       DC32 0, 0
   \              0000        
     28          

   \                                 In segment CONFIG_C, align 4, align-sorted, root
     29          __root const CFG_HDR cfghdr8={CFG_CHECKBOX,"Окошко слоёв",0,0};
   \                     cfghdr8:
   \   00000000   0B000000           DC32 11
   \   00000004   CEEAEEF8EAEE       DC8 "\316\352\356\370\352\356 \361\353\356\270\342"
   \              20F1EBEEB8E2
   \              00          
   \   00000011   000000000000       DC8 0, 0, 0, 0, 0, 0, 0, 0, 0, 0, 0, 0, 0, 0, 0, 0, 0, 0, 0
   \              000000000000
   \              000000000000
   \              00          
   \   00000024   000000000000       DC32 0, 0
   \              0000        

   \                                 In segment CONFIG_C, align 4, align-sorted, root
     30          __root const int SWOW_SL = 1;
   \                     SWOW_SL:
   \   00000000   01000000           DC32 1
     31          
     32          #if ELKA

   \                                 In segment CONFIG_C, align 4, align-sorted, root
     33          __root const CFG_HDR cfghdr1={CFG_CHECKBOX,"Во весь экран",0,0};
   \                     cfghdr1:
   \   00000000   0B000000           DC32 11
   \   00000004   C2EE20E2E5F1       DC8 "\302\356 \342\345\361\374 \375\352\360\340\355"
   \              FC20FDEAF0E0
   \              ED00        
   \   00000012   000000000000       DC8 0, 0, 0, 0, 0, 0, 0, 0, 0, 0, 0, 0, 0, 0, 0, 0, 0, 0
   \              000000000000
   \              000000000000
   \   00000024   000000000000       DC32 0, 0
   \              0000        

   \                                 In segment CONFIG_C, align 4, align-sorted, root
     34          __root const int UseFullScr = 1;
   \                     UseFullScr:
   \   00000000   01000000           DC32 1
     35          #endif
     36          
     37          // __root const CFG_HDR cfghdr2={CFG_CBOX,"Зум при старте",0,2};
     38          // __root const int DEF_ZOOM_MOD=0;
     39          // __root const CFG_CBOX_ITEM cfgcbox1[]={"1x","2x"};
     40          

   \                                 In segment CONFIG_C, align 4, align-sorted, root
     41          __root const CFG_HDR cfghdr3={CFG_STR_UTF8,"Папка для сохранения",0,63};
   \                     cfghdr3:
   \   00000000   02000000           DC32 2
   \   00000004   CFE0EFEAE020       DC8 "\317\340\357\352\340 \344\353\377 \361\356\365\360\340\355\345\355\350\377"
   \              E4EBFF20F1EE
   \              F5F0E0EDE5ED
   \              E8FF00      
   \   00000019   000000000000       DC8 0, 0, 0, 0, 0, 0, 0, 0, 0, 0, 0
   \              0000000000  
   \   00000024   000000003F00       DC32 0, 63
   \              0000        

   \                                 In segment CONFIG_C, align 4, align-sorted, root
     42          __root const char SAVE_PATH[64]=DEFAULT_DISK ":\\ZBin\\Paintt\\save";
   \                     SAVE_PATH:
   \   00000000   343A5C5A4269       DC8 "4:\\ZBin\\Paintt\\save"
   \              6E5C5061696E
   \              74745C736176
   \              6500        
   \   00000014   000000000000       DC8 0, 0, 0, 0, 0, 0, 0, 0, 0, 0, 0, 0, 0, 0, 0, 0
   \              000000000000
   \              00000000    
   \   00000024   000000000000       DC8 0, 0, 0, 0, 0, 0, 0, 0, 0, 0, 0, 0, 0, 0, 0, 0
   \              000000000000
   \              00000000    
   \   00000034   000000000000       DC8 0, 0, 0, 0, 0, 0, 0, 0, 0, 0, 0, 0
   \              000000000000
     43          

   \                                 In segment CONFIG_C, align 4, align-sorted, root
     44          __root const CFG_HDR cfghdr4={CFG_CHECKBOX,"Использовать SetCpuClockTempHi",0,0};
   \                     cfghdr4:
   \   00000000   0B000000           DC32 11
   \   00000004   C8F1EFEEEBFC       DC8 "\310\361\357\356\353\374\347\356\342\340\362\374 SetCpuClockTempHi"
   \              E7EEE2E0F2FC
   \              205365744370
   \              75436C6F636B
   \              54656D704869
   \              00          
   \   00000023   00                 DC8 0
   \   00000024   000000000000       DC32 0, 0
   \              0000        

   \                                 In segment CONFIG_C, align 4, align-sorted, root
     45          __root const int UseHiCPU = 1;
   \                     UseHiCPU:
   \   00000000   01000000           DC32 1
     46          

   \                                 In segment CONFIG_C, align 4, align-sorted, root
     47          __root const CFG_HDR cfghdr_m11={CFG_LEVEL,"Цвет фона прозрачности",1,0};
   \                     cfghdr_m11:
   \   00000000   09000000           DC32 9
   \   00000004   D6E2E5F220F4       DC8 "\326\342\345\362 \364\356\355\340 \357\360\356\347\360\340\367\355\356\361\362\350"
   \              EEEDE020EFF0
   \              EEE7F0E0F7ED
   \              EEF1F2E800  
   \   0000001B   000000000000       DC8 0, 0, 0, 0, 0, 0, 0, 0, 0
   \              000000      
   \   00000024   010000000000       DC32 1, 0
   \              0000        

   \                                 In segment CONFIG_C, align 4, align-sorted, root
     48          	__root const CFG_HDR cfghdr5={CFG_COLOR,"Цвет 1",0,0};
   \                     cfghdr5:
   \   00000000   08000000           DC32 8
   \   00000004   D6E2E5F22031       DC8 "\326\342\345\362 1"
   \              00          
   \   0000000B   000000000000       DC8 0, 0, 0, 0, 0, 0, 0, 0, 0, 0, 0, 0, 0, 0, 0, 0
   \              000000000000
   \              00000000    
   \   0000001B   000000000000       DC8 0, 0, 0, 0, 0, 0, 0, 0, 0
   \              000000      
   \   00000024   000000000000       DC32 0, 0
   \              0000        

   \                                 In segment CONFIG_C, align 4, align-sorted, root
     49          	__root const char B_COL_1[4]={0,255,255,100};
   \                     B_COL_1:
   \   00000000   00FFFF64           DC8 0, 255, 255, 100
     50          

   \                                 In segment CONFIG_C, align 4, align-sorted, root
     51          	__root const CFG_HDR cfghdr101={CFG_COLOR,"Цвет 2",0,0};
   \                     cfghdr101:
   \   00000000   08000000           DC32 8
   \   00000004   D6E2E5F22032       DC8 "\326\342\345\362 2"
   \              00          
   \   0000000B   000000000000       DC8 0, 0, 0, 0, 0, 0, 0, 0, 0, 0, 0, 0, 0, 0, 0, 0
   \              000000000000
   \              00000000    
   \   0000001B   000000000000       DC8 0, 0, 0, 0, 0, 0, 0, 0, 0
   \              000000      
   \   00000024   000000000000       DC32 0, 0
   \              0000        

   \                                 In segment CONFIG_C, align 4, align-sorted, root
     52          	__root const char B_COL_2[4]={255,140,255,100};
   \                     B_COL_2:
   \   00000000   FF8CFF64           DC8 255, 140, 255, 100
     53          	

   \                                 In segment CONFIG_C, align 4, align-sorted, root
     54          	__root const CFG_HDR cfghdr102={CFG_INT,"Размер квадратов фона",0,20};
   \                     cfghdr102:
   \   00000000   03000000           DC32 3
   \   00000004   D0E0E7ECE5F0       DC8 "\320\340\347\354\345\360 \352\342\340\344\360\340\362\356\342 \364\356\355\340"
   \              20EAE2E0E4F0
   \              E0F2EEE220F4
   \              EEEDE000    
   \   0000001A   000000000000       DC8 0, 0, 0, 0, 0, 0, 0, 0, 0, 0
   \              00000000    
   \   00000024   000000001400       DC32 0, 20
   \              0000        

   \                                 In segment CONFIG_C, align 4, align-sorted, root
     55          	__root const unsigned int SQ_SZ=5;
   \                     SQ_SZ:
   \   00000000   05000000           DC32 5

   \                                 In segment CONFIG_C, align 4, align-sorted, root
     56          __root const CFG_HDR cfghdr_m10={CFG_LEVEL,"",0,0};
   \                     cfghdr_m10:
   \   00000000   09000000           DC32 9
   \   00000004   00                 DC8 ""
   \   00000005   000000000000       DC8 0, 0, 0, 0, 0, 0, 0, 0, 0, 0, 0, 0, 0, 0, 0, 0
   \              000000000000
   \              00000000    
   \   00000015   000000000000       DC8 0, 0, 0, 0, 0, 0, 0, 0, 0, 0, 0, 0, 0, 0, 0
   \              000000000000
   \              000000      
   \   00000024   000000000000       DC32 0, 0
   \              0000        
     57          
     58          


   Segment part sizes:

     Function/Label Bytes
     -------------- -----
     cfghdr0          44
     DEF_PICT_MOD      4
     cfgcbox0         96
     cfghdr_m01       44
     cfghdr001        44
     DEF_W             4
     cfghdr002        44
     DEF_H             4
     cfghdr_m00       44
     cfghdr8          44
     SWOW_SL           4
     cfghdr1          44
     UseFullScr        4
     cfghdr3          44
     SAVE_PATH        64
     cfghdr4          44
     UseHiCPU          4
     cfghdr_m11       44
     cfghdr5          44
     B_COL_1           4
     cfghdr101        44
     B_COL_2           4
     cfghdr102        44
     SQ_SZ             4
     cfghdr_m10       44

 
 812 bytes in segment CONFIG_C
 
 812 bytes of CONST memory

Errors: none
Warnings: none
