##############################################################################
#                                                                            #
# IAR ARM ANSI C/C++ Compiler V4.41A/W32 EVALUATION    14/Sep/2007  19:11:10 #
# Copyright 1999-2005 IAR Systems. All rights reserved.                      #
#                                                                            #
#    Cpu mode        =  interwork                                            #
#    Endian          =  little                                               #
#    Stack alignment =  4                                                    #
#    Source file     =  C:\Documents and Settings\User\Рабочий               #
#                       стол\XTASK3\config_data.c                            #
#    Command line    =  "C:\Documents and Settings\User\Рабочий              #
#                       стол\XTASK3\config_data.c" -lC "C:\Documents and     #
#                       Settings\User\Рабочий стол\XTASK3\Release_SGOLD\List #
#                       \" -o "C:\Documents and Settings\User\Рабочий        #
#                       стол\XTASK3\Release_SGOLD\Obj\" -s9 --no_unroll      #
#                       --no_clustering --cpu_mode arm --endian little       #
#                       --cpu ARM926EJ-S --stack_align 4 --interwork -e      #
#                       --fpu None --segment code=CONFIG --segment           #
#                       data=CONFIG -I "D:\Pasha\ARM_Embedded_Workbench\Embe #
#                       dded Workbench 4.0 Evaluation\ARM\INC\"              #
#                       --inline_threshold=2                                 #
#    List file       =  C:\Documents and Settings\User\Рабочий               #
#                       стол\XTASK3\Release_SGOLD\List\config_data.lst       #
#    Object file     =  C:\Documents and Settings\User\Рабочий               #
#                       стол\XTASK3\Release_SGOLD\Obj\config_data.r79        #
#                                                                            #
#                                                                            #
##############################################################################

C:\Documents and Settings\User\Рабочий стол\XTASK3\config_data.c
      1          #include "..\inc\cfg_items.h"
      2          //Конфигурация

   \                                 In segment CONFIG_C, align 4, align-sorted, root
      3          __root const CFG_HDR cfghdr0={CFG_STR_UTF8,"CSM list file",3,127};
   \                     cfghdr0:
   \   00000000   02000000           DC32 2
   \   00000004   43534D206C69       DC8 "CSM list file"
   \              73742066696C
   \              6500        
   \   00000012   000000000000       DC8 0, 0, 0, 0, 0, 0, 0, 0, 0, 0, 0, 0, 0, 0, 0, 0, 0, 0
   \              000000000000
   \              000000000000
   \   00000024   030000007F00       DC32 3, 127
   \              0000        
      4          #ifdef NEWSGOLD
      5          __root const char csmlist_fname[128]="4:\\ZBin\\etc\\CSMlist.txt";
      6          #else 

   \                                 In segment CONFIG_C, align 4, align-sorted, root
      7          __root const char csmlist_fname[128]="0:\\ZBin\\etc\\CSMlist.txt";
   \                     csmlist_fname:
   \   00000000   303A5C5A4269       DC8 "0:\\ZBin\\etc\\CSMlist.txt"
   \              6E5C6574635C
   \              43534D6C6973
   \              742E74787400
   \   00000018   000000000000       DC8 0, 0, 0, 0, 0, 0, 0, 0, 0, 0, 0, 0, 0, 0, 0, 0
   \              000000000000
   \              00000000    
   \   00000028   000000000000       DC8 0, 0, 0, 0, 0, 0, 0, 0, 0, 0, 0, 0, 0, 0, 0, 0
   \              000000000000
   \              00000000    
   \   00000038   000000000000       DC8 0, 0, 0, 0, 0, 0, 0, 0, 0, 0, 0, 0, 0, 0, 0, 0
   \              000000000000
   \              00000000    
   \   00000048   000000000000       DC8 0, 0, 0, 0, 0, 0, 0, 0, 0, 0, 0, 0, 0, 0, 0, 0
   \              000000000000
   \              00000000    
   \   00000058   000000000000       DC8 0, 0, 0, 0, 0, 0, 0, 0, 0, 0, 0, 0, 0, 0, 0, 0
   \              000000000000
   \              00000000    
   \   00000068   000000000000       DC8 0, 0, 0, 0, 0, 0, 0, 0, 0, 0, 0, 0, 0, 0, 0, 0
   \              000000000000
   \              00000000    
   \   00000078   000000000000       DC8 0, 0, 0, 0, 0, 0, 0, 0
   \              0000        
      8          #endif
      9          

   \                                 In segment CONFIG_C, align 4, align-sorted, root
     10          __root const CFG_HDR cfghdr1={CFG_CBOX,"Enable hello message",0,2};
   \                     cfghdr1:
   \   00000000   05000000           DC32 5
   \   00000004   456E61626C65       DC8 "Enable hello message"
   \              2068656C6C6F
   \              206D65737361
   \              676500      
   \   00000019   000000000000       DC8 0, 0, 0, 0, 0, 0, 0, 0, 0, 0, 0
   \              0000000000  
   \   00000024   000000000200       DC32 0, 2
   \              0000        

   \                                 In segment CONFIG_C, align 4, align-sorted, root
     11          __root const int ENA_HELLO_MSG=1;
   \                     ENA_HELLO_MSG:
   \   00000000   01000000           DC32 1

   \                                 In segment CONFIG_C, align 4, align-sorted, root
     12          __root const CFG_CBOX_ITEM cfgcbox1[2]={"No","Yes"};
   \                     cfgcbox1:
   \   00000000   4E6F00             DC8 "No"
   \   00000003   000000000000       DC8 0, 0, 0, 0, 0, 0, 0, 0, 0, 0, 0, 0, 0, 0, 0, 0
   \              000000000000
   \              00000000    
   \   00000013   000000000000       DC8 0, 0, 0, 0, 0, 0, 0, 0, 0, 0, 0, 0, 0
   \              000000000000
   \              00          
   \   00000020   59657300           DC8 "Yes"
   \   00000024   000000000000       DC8 0, 0, 0, 0, 0, 0, 0, 0, 0, 0, 0, 0, 0, 0, 0, 0
   \              000000000000
   \              00000000    
   \   00000034   000000000000       DC8 0, 0, 0, 0, 0, 0, 0, 0, 0, 0, 0, 0
   \              000000000000
     13          
     14          #ifndef NEWSGOLD

   \                                 In segment CONFIG_C, align 4, align-sorted, root
     15          __root const CFG_HDR cfghdr23={CFG_CBOX,"Activation style",0,4};
   \                     cfghdr23:
   \   00000000   05000000           DC32 5
   \   00000004   416374697661       DC8 "Activation style"
   \              74696F6E2073
   \              74796C6500  
   \   00000015   000000000000       DC8 0, 0, 0, 0, 0, 0, 0, 0, 0, 0, 0, 0, 0, 0, 0
   \              000000000000
   \              000000      
   \   00000024   000000000400       DC32 0, 4
   \              0000        

   \                                 In segment CONFIG_C, align 4, align-sorted, root
     16          __root const int ACTIVE_KEY_STYLE=0;
   \                     ACTIVE_KEY_STYLE:
   \   00000000   00000000           DC32 0

   \                                 In segment CONFIG_C, align 4, align-sorted, root
     17          __root const CFG_CBOX_ITEM cfgcbox23[4]={"Short press","Long press","* + #","Enter Button"};
   \                     cfgcbox23:
   \   00000000   53686F727420       DC8 "Short press"
   \              707265737300
   \   0000000C   000000000000       DC8 0, 0, 0, 0, 0, 0, 0, 0, 0, 0, 0, 0, 0, 0, 0, 0, 0, 0, 0, 0
   \              000000000000
   \              000000000000
   \              0000        
   \   00000020   4C6F6E672070       DC8 "Long press"
   \              7265737300  
   \   0000002B   000000000000       DC8 0, 0, 0, 0, 0, 0, 0, 0, 0, 0, 0, 0, 0, 0, 0, 0, 0, 0, 0, 0, 0
   \              000000000000
   \              000000000000
   \              000000      
   \   00000040   2A202B202300       DC8 "* + #"
   \   00000046   000000000000       DC8 0, 0, 0, 0, 0, 0, 0, 0, 0, 0, 0, 0, 0, 0, 0, 0
   \              000000000000
   \              00000000    
   \   00000056   000000000000       DC8 0, 0, 0, 0, 0, 0, 0, 0, 0, 0
   \              00000000    
   \   00000060   456E74657220       DC8 "Enter Button"
   \              427574746F6E
   \              00          
   \   0000006D   000000000000       DC8 0, 0, 0, 0, 0, 0, 0, 0, 0, 0, 0, 0, 0, 0, 0, 0, 0, 0, 0
   \              000000000000
   \              000000000000
   \              00          
     18          

   \                                 In segment CONFIG_C, align 4, align-sorted, root
     19          __root const CFG_HDR cfghdr24={CFG_UINT,"Activation key",0,99};
   \                     cfghdr24:
   \   00000000   01000000           DC32 1
   \   00000004   416374697661       DC8 "Activation key"
   \              74696F6E206B
   \              657900      
   \   00000013   000000000000       DC8 0, 0, 0, 0, 0, 0, 0, 0, 0, 0, 0, 0, 0, 0, 0, 0, 0
   \              000000000000
   \              0000000000  
   \   00000024   000000006300       DC32 0, 99
   \              0000        

   \                                 In segment CONFIG_C, align 4, align-sorted, root
     20          __root const int ACTIVE_KEY=99;
   \                     ACTIVE_KEY:
   \   00000000   63000000           DC32 99
     21          #else
     22          __root const CFG_HDR cfghdr23={CFG_CBOX,"Activation style",0,2};
     23          __root const int ACTIVE_KEY_STYLE=0;
     24          __root const CFG_CBOX_ITEM cfgcbox23[2]={"Short press","Long press"};
     25          
     26          #ifdef ELKA
     27          __root const CFG_HDR cfghdr24={CFG_UINT,"Activation key",0,99};
     28          __root const int ACTIVE_KEY=0x15;
     29          #else
     30          __root const CFG_HDR cfghdr24={CFG_UINT,"Activation key",0,99};
     31          __root const int ACTIVE_KEY=0x11;
     32          #endif
     33          #endif
     34          

   \                                 In segment CONFIG_C, align 4, align-sorted, root
     35          __root const CFG_HDR cfghdr2={CFG_CBOX,"Extra: on longpress",0,4};
   \                     cfghdr2:
   \   00000000   05000000           DC32 5
   \   00000004   45787472613A       DC8 "Extra: on longpress"
   \              206F6E206C6F
   \              6E6770726573
   \              7300        
   \   00000018   000000000000       DC8 0, 0, 0, 0, 0, 0, 0, 0, 0, 0, 0, 0
   \              000000000000
   \   00000024   000000000400       DC32 0, 4
   \              0000        

   \                                 In segment CONFIG_C, align 4, align-sorted, root
     36          __root const int ENA_LONG_PRESS=2;
   \                     ENA_LONG_PRESS:
   \   00000000   02000000           DC32 2

   \                                 In segment CONFIG_C, align 4, align-sorted, root
     37          __root const CFG_CBOX_ITEM cfgcbox2[4]={"As in FW","Do nothing","Hide all tasks","Launch XTask"};
   \                     cfgcbox2:
   \   00000000   417320696E20       DC8 "As in FW"
   \              465700      
   \   00000009   000000000000       DC8 0, 0, 0, 0, 0, 0, 0, 0, 0, 0, 0, 0, 0, 0, 0, 0, 0, 0, 0, 0, 0, 0, 0
   \              000000000000
   \              000000000000
   \              0000000000  
   \   00000020   446F206E6F74       DC8 "Do nothing"
   \              68696E6700  
   \   0000002B   000000000000       DC8 0, 0, 0, 0, 0, 0, 0, 0, 0, 0, 0, 0, 0, 0, 0, 0, 0, 0, 0, 0, 0
   \              000000000000
   \              000000000000
   \              000000      
   \   00000040   486964652061       DC8 "Hide all tasks"
   \              6C6C20746173
   \              6B7300      
   \   0000004F   000000000000       DC8 0, 0, 0, 0, 0, 0, 0, 0, 0, 0, 0, 0, 0, 0, 0, 0, 0
   \              000000000000
   \              0000000000  
   \   00000060   4C61756E6368       DC8 "Launch XTask"
   \              20585461736B
   \              00          
   \   0000006D   000000000000       DC8 0, 0, 0, 0, 0, 0, 0, 0, 0, 0, 0, 0, 0, 0, 0, 0, 0, 0, 0
   \              000000000000
   \              000000000000
   \              00          
     38          
     39          #ifdef NEWSGOLD
     40          __root const CFG_HDR cfghdr3={CFG_CBOX,"Red button mode",0,3};
     41          __root const int RED_BUT_MODE=2;
     42          __root const CFG_CBOX_ITEM cfgcbox3[3]={"As in FW","Classic","Hide all tasks"};
     43          #endif
     44          

   \                                 In segment CONFIG_C, align 4, align-sorted, root
     45          __root const CFG_HDR cfghdr22={CFG_CBOX,"Enable if keyboard locked",0,2};
   \                     cfghdr22:
   \   00000000   05000000           DC32 5
   \   00000004   456E61626C65       DC8 "Enable if keyboard locked"
   \              206966206B65
   \              79626F617264
   \              206C6F636B65
   \              6400        
   \   0000001E   000000000000       DC8 0, 0, 0, 0, 0, 0
   \   00000024   000000000200       DC32 0, 2
   \              0000        

   \                                 In segment CONFIG_C, align 4, align-sorted, root
     46          __root const int ENA_LOCK=1;
   \                     ENA_LOCK:
   \   00000000   01000000           DC32 1

   \                                 In segment CONFIG_C, align 4, align-sorted, root
     47          __root const CFG_CBOX_ITEM cfgcbox22[2]={"No","Yes"};
   \                     cfgcbox22:
   \   00000000   4E6F00             DC8 "No"
   \   00000003   000000000000       DC8 0, 0, 0, 0, 0, 0, 0, 0, 0, 0, 0, 0, 0, 0, 0, 0
   \              000000000000
   \              00000000    
   \   00000013   000000000000       DC8 0, 0, 0, 0, 0, 0, 0, 0, 0, 0, 0, 0, 0
   \              000000000000
   \              00          
   \   00000020   59657300           DC8 "Yes"
   \   00000024   000000000000       DC8 0, 0, 0, 0, 0, 0, 0, 0, 0, 0, 0, 0, 0, 0, 0, 0
   \              000000000000
   \              00000000    
   \   00000034   000000000000       DC8 0, 0, 0, 0, 0, 0, 0, 0, 0, 0, 0, 0
   \              000000000000
     48          

   \                                 In segment CONFIG_C, align 4, align-sorted, root
     49          __root const CFG_HDR cfghdr33={CFG_CBOX,"Show NewStyleDaemons",0,2};
   \                     cfghdr33:
   \   00000000   05000000           DC32 5
   \   00000004   53686F77204E       DC8 "Show NewStyleDaemons"
   \              65775374796C
   \              654461656D6F
   \              6E7300      
   \   00000019   000000000000       DC8 0, 0, 0, 0, 0, 0, 0, 0, 0, 0, 0
   \              0000000000  
   \   00000024   000000000200       DC32 0, 2
   \              0000        

   \                                 In segment CONFIG_C, align 4, align-sorted, root
     50          __root const int SHOW_DAEMONS=1;
   \                     SHOW_DAEMONS:
   \   00000000   01000000           DC32 1

   \                                 In segment CONFIG_C, align 4, align-sorted, root
     51          __root const CFG_CBOX_ITEM cfgcbox33[2]={"No","Yes"};
   \                     cfgcbox33:
   \   00000000   4E6F00             DC8 "No"
   \   00000003   000000000000       DC8 0, 0, 0, 0, 0, 0, 0, 0, 0, 0, 0, 0, 0, 0, 0, 0
   \              000000000000
   \              00000000    
   \   00000013   000000000000       DC8 0, 0, 0, 0, 0, 0, 0, 0, 0, 0, 0, 0, 0
   \              000000000000
   \              00          
   \   00000020   59657300           DC8 "Yes"
   \   00000024   000000000000       DC8 0, 0, 0, 0, 0, 0, 0, 0, 0, 0, 0, 0, 0, 0, 0, 0
   \              000000000000
   \              00000000    
   \   00000034   000000000000       DC8 0, 0, 0, 0, 0, 0, 0, 0, 0, 0, 0, 0
   \              000000000000
     52          

   \                                 In segment CONFIG_C, align 4, align-sorted, root
     53          __root const CFG_HDR cfghdr4={CFG_STR_WIN1251,"Bookmark 1 name",1,31};
   \                     cfghdr4:
   \   00000000   04000000           DC32 4
   \   00000004   426F6F6B6D61       DC8 "Bookmark 1 name"
   \              726B2031206E
   \              616D6500    
   \   00000014   000000000000       DC8 0, 0, 0, 0, 0, 0, 0, 0, 0, 0, 0, 0, 0, 0, 0, 0
   \              000000000000
   \              00000000    
   \   00000024   010000001F00       DC32 1, 31
   \              0000        

   \                                 In segment CONFIG_C, align 4, align-sorted, root
     54          __root const char BM1NAME[32]="";
   \                     BM1NAME:
   \   00000000   00                 DC8 ""
   \   00000001   000000000000       DC8 0, 0, 0, 0, 0, 0, 0, 0, 0, 0, 0, 0, 0, 0, 0, 0
   \              000000000000
   \              00000000    
   \   00000011   000000000000       DC8 0, 0, 0, 0, 0, 0, 0, 0, 0, 0, 0, 0, 0, 0, 0
   \              000000000000
   \              000000      

   \                                 In segment CONFIG_C, align 4, align-sorted, root
     55          __root const CFG_HDR cfghdr5={CFG_STR_UTF8,"Bookmark 1 file",3,127};
   \                     cfghdr5:
   \   00000000   02000000           DC32 2
   \   00000004   426F6F6B6D61       DC8 "Bookmark 1 file"
   \              726B20312066
   \              696C6500    
   \   00000014   000000000000       DC8 0, 0, 0, 0, 0, 0, 0, 0, 0, 0, 0, 0, 0, 0, 0, 0
   \              000000000000
   \              00000000    
   \   00000024   030000007F00       DC32 3, 127
   \              0000        

   \                                 In segment CONFIG_C, align 4, align-sorted, root
     56          __root const char BM1FILE[128]="";
   \                     BM1FILE:
   \   00000000   00                 DC8 ""
   \   00000001   000000000000       DC8 0, 0, 0, 0, 0, 0, 0, 0, 0, 0, 0, 0, 0, 0, 0, 0
   \              000000000000
   \              00000000    
   \   00000011   000000000000       DC8 0, 0, 0, 0, 0, 0, 0, 0, 0, 0, 0, 0, 0, 0, 0, 0
   \              000000000000
   \              00000000    
   \   00000021   000000000000       DC8 0, 0, 0, 0, 0, 0, 0, 0, 0, 0, 0, 0, 0, 0, 0, 0
   \              000000000000
   \              00000000    
   \   00000031   000000000000       DC8 0, 0, 0, 0, 0, 0, 0, 0, 0, 0, 0, 0, 0, 0, 0, 0
   \              000000000000
   \              00000000    
   \   00000041   000000000000       DC8 0, 0, 0, 0, 0, 0, 0, 0, 0, 0, 0, 0, 0, 0, 0, 0
   \              000000000000
   \              00000000    
   \   00000051   000000000000       DC8 0, 0, 0, 0, 0, 0, 0, 0, 0, 0, 0, 0, 0, 0, 0, 0
   \              000000000000
   \              00000000    
   \   00000061   000000000000       DC8 0, 0, 0, 0, 0, 0, 0, 0, 0, 0, 0, 0, 0, 0, 0, 0
   \              000000000000
   \              00000000    
   \   00000071   000000000000       DC8 0, 0, 0, 0, 0, 0, 0, 0, 0, 0, 0, 0, 0, 0, 0
   \              000000000000
   \              000000      
     57          

   \                                 In segment CONFIG_C, align 4, align-sorted, root
     58          __root const CFG_HDR cfghdr6={CFG_STR_WIN1251,"Bookmark 2 name",1,31};
   \                     cfghdr6:
   \   00000000   04000000           DC32 4
   \   00000004   426F6F6B6D61       DC8 "Bookmark 2 name"
   \              726B2032206E
   \              616D6500    
   \   00000014   000000000000       DC8 0, 0, 0, 0, 0, 0, 0, 0, 0, 0, 0, 0, 0, 0, 0, 0
   \              000000000000
   \              00000000    
   \   00000024   010000001F00       DC32 1, 31
   \              0000        

   \                                 In segment CONFIG_C, align 4, align-sorted, root
     59          __root const char BM2NAME[32]="";
   \                     BM2NAME:
   \   00000000   00                 DC8 ""
   \   00000001   000000000000       DC8 0, 0, 0, 0, 0, 0, 0, 0, 0, 0, 0, 0, 0, 0, 0, 0
   \              000000000000
   \              00000000    
   \   00000011   000000000000       DC8 0, 0, 0, 0, 0, 0, 0, 0, 0, 0, 0, 0, 0, 0, 0
   \              000000000000
   \              000000      

   \                                 In segment CONFIG_C, align 4, align-sorted, root
     60          __root const CFG_HDR cfghdr7={CFG_STR_UTF8,"Bookmark 2 file",3,127};
   \                     cfghdr7:
   \   00000000   02000000           DC32 2
   \   00000004   426F6F6B6D61       DC8 "Bookmark 2 file"
   \              726B20322066
   \              696C6500    
   \   00000014   000000000000       DC8 0, 0, 0, 0, 0, 0, 0, 0, 0, 0, 0, 0, 0, 0, 0, 0
   \              000000000000
   \              00000000    
   \   00000024   030000007F00       DC32 3, 127
   \              0000        

   \                                 In segment CONFIG_C, align 4, align-sorted, root
     61          __root const char BM2FILE[128]="";
   \                     BM2FILE:
   \   00000000   00                 DC8 ""
   \   00000001   000000000000       DC8 0, 0, 0, 0, 0, 0, 0, 0, 0, 0, 0, 0, 0, 0, 0, 0
   \              000000000000
   \              00000000    
   \   00000011   000000000000       DC8 0, 0, 0, 0, 0, 0, 0, 0, 0, 0, 0, 0, 0, 0, 0, 0
   \              000000000000
   \              00000000    
   \   00000021   000000000000       DC8 0, 0, 0, 0, 0, 0, 0, 0, 0, 0, 0, 0, 0, 0, 0, 0
   \              000000000000
   \              00000000    
   \   00000031   000000000000       DC8 0, 0, 0, 0, 0, 0, 0, 0, 0, 0, 0, 0, 0, 0, 0, 0
   \              000000000000
   \              00000000    
   \   00000041   000000000000       DC8 0, 0, 0, 0, 0, 0, 0, 0, 0, 0, 0, 0, 0, 0, 0, 0
   \              000000000000
   \              00000000    
   \   00000051   000000000000       DC8 0, 0, 0, 0, 0, 0, 0, 0, 0, 0, 0, 0, 0, 0, 0, 0
   \              000000000000
   \              00000000    
   \   00000061   000000000000       DC8 0, 0, 0, 0, 0, 0, 0, 0, 0, 0, 0, 0, 0, 0, 0, 0
   \              000000000000
   \              00000000    
   \   00000071   000000000000       DC8 0, 0, 0, 0, 0, 0, 0, 0, 0, 0, 0, 0, 0, 0, 0
   \              000000000000
   \              000000      
     62          

   \                                 In segment CONFIG_C, align 4, align-sorted, root
     63          __root const CFG_HDR cfghdr8={CFG_STR_WIN1251,"Bookmark 3 name",1,31};
   \                     cfghdr8:
   \   00000000   04000000           DC32 4
   \   00000004   426F6F6B6D61       DC8 "Bookmark 3 name"
   \              726B2033206E
   \              616D6500    
   \   00000014   000000000000       DC8 0, 0, 0, 0, 0, 0, 0, 0, 0, 0, 0, 0, 0, 0, 0, 0
   \              000000000000
   \              00000000    
   \   00000024   010000001F00       DC32 1, 31
   \              0000        

   \                                 In segment CONFIG_C, align 4, align-sorted, root
     64          __root const char BM3NAME[32]="";
   \                     BM3NAME:
   \   00000000   00                 DC8 ""
   \   00000001   000000000000       DC8 0, 0, 0, 0, 0, 0, 0, 0, 0, 0, 0, 0, 0, 0, 0, 0
   \              000000000000
   \              00000000    
   \   00000011   000000000000       DC8 0, 0, 0, 0, 0, 0, 0, 0, 0, 0, 0, 0, 0, 0, 0
   \              000000000000
   \              000000      

   \                                 In segment CONFIG_C, align 4, align-sorted, root
     65          __root const CFG_HDR cfghdr9={CFG_STR_UTF8,"Bookmark 3 file",3,127};
   \                     cfghdr9:
   \   00000000   02000000           DC32 2
   \   00000004   426F6F6B6D61       DC8 "Bookmark 3 file"
   \              726B20332066
   \              696C6500    
   \   00000014   000000000000       DC8 0, 0, 0, 0, 0, 0, 0, 0, 0, 0, 0, 0, 0, 0, 0, 0
   \              000000000000
   \              00000000    
   \   00000024   030000007F00       DC32 3, 127
   \              0000        

   \                                 In segment CONFIG_C, align 4, align-sorted, root
     66          __root const char BM3FILE[128]="";
   \                     BM3FILE:
   \   00000000   00                 DC8 ""
   \   00000001   000000000000       DC8 0, 0, 0, 0, 0, 0, 0, 0, 0, 0, 0, 0, 0, 0, 0, 0
   \              000000000000
   \              00000000    
   \   00000011   000000000000       DC8 0, 0, 0, 0, 0, 0, 0, 0, 0, 0, 0, 0, 0, 0, 0, 0
   \              000000000000
   \              00000000    
   \   00000021   000000000000       DC8 0, 0, 0, 0, 0, 0, 0, 0, 0, 0, 0, 0, 0, 0, 0, 0
   \              000000000000
   \              00000000    
   \   00000031   000000000000       DC8 0, 0, 0, 0, 0, 0, 0, 0, 0, 0, 0, 0, 0, 0, 0, 0
   \              000000000000
   \              00000000    
   \   00000041   000000000000       DC8 0, 0, 0, 0, 0, 0, 0, 0, 0, 0, 0, 0, 0, 0, 0, 0
   \              000000000000
   \              00000000    
   \   00000051   000000000000       DC8 0, 0, 0, 0, 0, 0, 0, 0, 0, 0, 0, 0, 0, 0, 0, 0
   \              000000000000
   \              00000000    
   \   00000061   000000000000       DC8 0, 0, 0, 0, 0, 0, 0, 0, 0, 0, 0, 0, 0, 0, 0, 0
   \              000000000000
   \              00000000    
   \   00000071   000000000000       DC8 0, 0, 0, 0, 0, 0, 0, 0, 0, 0, 0, 0, 0, 0, 0
   \              000000000000
   \              000000      
     67          

   \                                 In segment CONFIG_C, align 4, align-sorted, root
     68          __root const CFG_HDR cfghdr10={CFG_STR_WIN1251,"Bookmark 4 name",1,31};
   \                     cfghdr10:
   \   00000000   04000000           DC32 4
   \   00000004   426F6F6B6D61       DC8 "Bookmark 4 name"
   \              726B2034206E
   \              616D6500    
   \   00000014   000000000000       DC8 0, 0, 0, 0, 0, 0, 0, 0, 0, 0, 0, 0, 0, 0, 0, 0
   \              000000000000
   \              00000000    
   \   00000024   010000001F00       DC32 1, 31
   \              0000        

   \                                 In segment CONFIG_C, align 4, align-sorted, root
     69          __root const char BM4NAME[32]="";
   \                     BM4NAME:
   \   00000000   00                 DC8 ""
   \   00000001   000000000000       DC8 0, 0, 0, 0, 0, 0, 0, 0, 0, 0, 0, 0, 0, 0, 0, 0
   \              000000000000
   \              00000000    
   \   00000011   000000000000       DC8 0, 0, 0, 0, 0, 0, 0, 0, 0, 0, 0, 0, 0, 0, 0
   \              000000000000
   \              000000      

   \                                 In segment CONFIG_C, align 4, align-sorted, root
     70          __root const CFG_HDR cfghdr11={CFG_STR_UTF8,"Bookmark 4 file",3,127};
   \                     cfghdr11:
   \   00000000   02000000           DC32 2
   \   00000004   426F6F6B6D61       DC8 "Bookmark 4 file"
   \              726B20342066
   \              696C6500    
   \   00000014   000000000000       DC8 0, 0, 0, 0, 0, 0, 0, 0, 0, 0, 0, 0, 0, 0, 0, 0
   \              000000000000
   \              00000000    
   \   00000024   030000007F00       DC32 3, 127
   \              0000        

   \                                 In segment CONFIG_C, align 4, align-sorted, root
     71          __root const char BM4FILE[128]="";
   \                     BM4FILE:
   \   00000000   00                 DC8 ""
   \   00000001   000000000000       DC8 0, 0, 0, 0, 0, 0, 0, 0, 0, 0, 0, 0, 0, 0, 0, 0
   \              000000000000
   \              00000000    
   \   00000011   000000000000       DC8 0, 0, 0, 0, 0, 0, 0, 0, 0, 0, 0, 0, 0, 0, 0, 0
   \              000000000000
   \              00000000    
   \   00000021   000000000000       DC8 0, 0, 0, 0, 0, 0, 0, 0, 0, 0, 0, 0, 0, 0, 0, 0
   \              000000000000
   \              00000000    
   \   00000031   000000000000       DC8 0, 0, 0, 0, 0, 0, 0, 0, 0, 0, 0, 0, 0, 0, 0, 0
   \              000000000000
   \              00000000    
   \   00000041   000000000000       DC8 0, 0, 0, 0, 0, 0, 0, 0, 0, 0, 0, 0, 0, 0, 0, 0
   \              000000000000
   \              00000000    
   \   00000051   000000000000       DC8 0, 0, 0, 0, 0, 0, 0, 0, 0, 0, 0, 0, 0, 0, 0, 0
   \              000000000000
   \              00000000    
   \   00000061   000000000000       DC8 0, 0, 0, 0, 0, 0, 0, 0, 0, 0, 0, 0, 0, 0, 0, 0
   \              000000000000
   \              00000000    
   \   00000071   000000000000       DC8 0, 0, 0, 0, 0, 0, 0, 0, 0, 0, 0, 0, 0, 0, 0
   \              000000000000
   \              000000      
     72          

   \                                 In segment CONFIG_C, align 4, align-sorted, root
     73          __root const CFG_HDR cfghdr12={CFG_STR_WIN1251,"Bookmark 5 name",1,31};
   \                     cfghdr12:
   \   00000000   04000000           DC32 4
   \   00000004   426F6F6B6D61       DC8 "Bookmark 5 name"
   \              726B2035206E
   \              616D6500    
   \   00000014   000000000000       DC8 0, 0, 0, 0, 0, 0, 0, 0, 0, 0, 0, 0, 0, 0, 0, 0
   \              000000000000
   \              00000000    
   \   00000024   010000001F00       DC32 1, 31
   \              0000        

   \                                 In segment CONFIG_C, align 4, align-sorted, root
     74          __root const char BM5NAME[32]="";
   \                     BM5NAME:
   \   00000000   00                 DC8 ""
   \   00000001   000000000000       DC8 0, 0, 0, 0, 0, 0, 0, 0, 0, 0, 0, 0, 0, 0, 0, 0
   \              000000000000
   \              00000000    
   \   00000011   000000000000       DC8 0, 0, 0, 0, 0, 0, 0, 0, 0, 0, 0, 0, 0, 0, 0
   \              000000000000
   \              000000      

   \                                 In segment CONFIG_C, align 4, align-sorted, root
     75          __root const CFG_HDR cfghdr13={CFG_STR_UTF8,"Bookmark 5 file",3,127};
   \                     cfghdr13:
   \   00000000   02000000           DC32 2
   \   00000004   426F6F6B6D61       DC8 "Bookmark 5 file"
   \              726B20352066
   \              696C6500    
   \   00000014   000000000000       DC8 0, 0, 0, 0, 0, 0, 0, 0, 0, 0, 0, 0, 0, 0, 0, 0
   \              000000000000
   \              00000000    
   \   00000024   030000007F00       DC32 3, 127
   \              0000        

   \                                 In segment CONFIG_C, align 4, align-sorted, root
     76          __root const char BM5FILE[128]="";
   \                     BM5FILE:
   \   00000000   00                 DC8 ""
   \   00000001   000000000000       DC8 0, 0, 0, 0, 0, 0, 0, 0, 0, 0, 0, 0, 0, 0, 0, 0
   \              000000000000
   \              00000000    
   \   00000011   000000000000       DC8 0, 0, 0, 0, 0, 0, 0, 0, 0, 0, 0, 0, 0, 0, 0, 0
   \              000000000000
   \              00000000    
   \   00000021   000000000000       DC8 0, 0, 0, 0, 0, 0, 0, 0, 0, 0, 0, 0, 0, 0, 0, 0
   \              000000000000
   \              00000000    
   \   00000031   000000000000       DC8 0, 0, 0, 0, 0, 0, 0, 0, 0, 0, 0, 0, 0, 0, 0, 0
   \              000000000000
   \              00000000    
   \   00000041   000000000000       DC8 0, 0, 0, 0, 0, 0, 0, 0, 0, 0, 0, 0, 0, 0, 0, 0
   \              000000000000
   \              00000000    
   \   00000051   000000000000       DC8 0, 0, 0, 0, 0, 0, 0, 0, 0, 0, 0, 0, 0, 0, 0, 0
   \              000000000000
   \              00000000    
   \   00000061   000000000000       DC8 0, 0, 0, 0, 0, 0, 0, 0, 0, 0, 0, 0, 0, 0, 0, 0
   \              000000000000
   \              00000000    
   \   00000071   000000000000       DC8 0, 0, 0, 0, 0, 0, 0, 0, 0, 0, 0, 0, 0, 0, 0
   \              000000000000
   \              000000      
     77          

   \                                 In segment CONFIG_C, align 4, align-sorted, root
     78          __root const CFG_HDR cfghdr14={CFG_STR_WIN1251,"Bookmark 6 name",1,31};
   \                     cfghdr14:
   \   00000000   04000000           DC32 4
   \   00000004   426F6F6B6D61       DC8 "Bookmark 6 name"
   \              726B2036206E
   \              616D6500    
   \   00000014   000000000000       DC8 0, 0, 0, 0, 0, 0, 0, 0, 0, 0, 0, 0, 0, 0, 0, 0
   \              000000000000
   \              00000000    
   \   00000024   010000001F00       DC32 1, 31
   \              0000        

   \                                 In segment CONFIG_C, align 4, align-sorted, root
     79          __root const char BM6NAME[32]="";
   \                     BM6NAME:
   \   00000000   00                 DC8 ""
   \   00000001   000000000000       DC8 0, 0, 0, 0, 0, 0, 0, 0, 0, 0, 0, 0, 0, 0, 0, 0
   \              000000000000
   \              00000000    
   \   00000011   000000000000       DC8 0, 0, 0, 0, 0, 0, 0, 0, 0, 0, 0, 0, 0, 0, 0
   \              000000000000
   \              000000      

   \                                 In segment CONFIG_C, align 4, align-sorted, root
     80          __root const CFG_HDR cfghdr15={CFG_STR_UTF8,"Bookmark 6 file",3,127};
   \                     cfghdr15:
   \   00000000   02000000           DC32 2
   \   00000004   426F6F6B6D61       DC8 "Bookmark 6 file"
   \              726B20362066
   \              696C6500    
   \   00000014   000000000000       DC8 0, 0, 0, 0, 0, 0, 0, 0, 0, 0, 0, 0, 0, 0, 0, 0
   \              000000000000
   \              00000000    
   \   00000024   030000007F00       DC32 3, 127
   \              0000        

   \                                 In segment CONFIG_C, align 4, align-sorted, root
     81          __root const char BM6FILE[128]="";
   \                     BM6FILE:
   \   00000000   00                 DC8 ""
   \   00000001   000000000000       DC8 0, 0, 0, 0, 0, 0, 0, 0, 0, 0, 0, 0, 0, 0, 0, 0
   \              000000000000
   \              00000000    
   \   00000011   000000000000       DC8 0, 0, 0, 0, 0, 0, 0, 0, 0, 0, 0, 0, 0, 0, 0, 0
   \              000000000000
   \              00000000    
   \   00000021   000000000000       DC8 0, 0, 0, 0, 0, 0, 0, 0, 0, 0, 0, 0, 0, 0, 0, 0
   \              000000000000
   \              00000000    
   \   00000031   000000000000       DC8 0, 0, 0, 0, 0, 0, 0, 0, 0, 0, 0, 0, 0, 0, 0, 0
   \              000000000000
   \              00000000    
   \   00000041   000000000000       DC8 0, 0, 0, 0, 0, 0, 0, 0, 0, 0, 0, 0, 0, 0, 0, 0
   \              000000000000
   \              00000000    
   \   00000051   000000000000       DC8 0, 0, 0, 0, 0, 0, 0, 0, 0, 0, 0, 0, 0, 0, 0, 0
   \              000000000000
   \              00000000    
   \   00000061   000000000000       DC8 0, 0, 0, 0, 0, 0, 0, 0, 0, 0, 0, 0, 0, 0, 0, 0
   \              000000000000
   \              00000000    
   \   00000071   000000000000       DC8 0, 0, 0, 0, 0, 0, 0, 0, 0, 0, 0, 0, 0, 0, 0
   \              000000000000
   \              000000      
     82          

   \                                 In segment CONFIG_C, align 4, align-sorted, root
     83          __root const CFG_HDR cfghdr16={CFG_STR_WIN1251,"Bookmark 7 name",1,31};
   \                     cfghdr16:
   \   00000000   04000000           DC32 4
   \   00000004   426F6F6B6D61       DC8 "Bookmark 7 name"
   \              726B2037206E
   \              616D6500    
   \   00000014   000000000000       DC8 0, 0, 0, 0, 0, 0, 0, 0, 0, 0, 0, 0, 0, 0, 0, 0
   \              000000000000
   \              00000000    
   \   00000024   010000001F00       DC32 1, 31
   \              0000        

   \                                 In segment CONFIG_C, align 4, align-sorted, root
     84          __root const char BM7NAME[32]="";
   \                     BM7NAME:
   \   00000000   00                 DC8 ""
   \   00000001   000000000000       DC8 0, 0, 0, 0, 0, 0, 0, 0, 0, 0, 0, 0, 0, 0, 0, 0
   \              000000000000
   \              00000000    
   \   00000011   000000000000       DC8 0, 0, 0, 0, 0, 0, 0, 0, 0, 0, 0, 0, 0, 0, 0
   \              000000000000
   \              000000      

   \                                 In segment CONFIG_C, align 4, align-sorted, root
     85          __root const CFG_HDR cfghdr17={CFG_STR_UTF8,"Bookmark 7 file",3,127};
   \                     cfghdr17:
   \   00000000   02000000           DC32 2
   \   00000004   426F6F6B6D61       DC8 "Bookmark 7 file"
   \              726B20372066
   \              696C6500    
   \   00000014   000000000000       DC8 0, 0, 0, 0, 0, 0, 0, 0, 0, 0, 0, 0, 0, 0, 0, 0
   \              000000000000
   \              00000000    
   \   00000024   030000007F00       DC32 3, 127
   \              0000        

   \                                 In segment CONFIG_C, align 4, align-sorted, root
     86          __root const char BM7FILE[128]="";
   \                     BM7FILE:
   \   00000000   00                 DC8 ""
   \   00000001   000000000000       DC8 0, 0, 0, 0, 0, 0, 0, 0, 0, 0, 0, 0, 0, 0, 0, 0
   \              000000000000
   \              00000000    
   \   00000011   000000000000       DC8 0, 0, 0, 0, 0, 0, 0, 0, 0, 0, 0, 0, 0, 0, 0, 0
   \              000000000000
   \              00000000    
   \   00000021   000000000000       DC8 0, 0, 0, 0, 0, 0, 0, 0, 0, 0, 0, 0, 0, 0, 0, 0
   \              000000000000
   \              00000000    
   \   00000031   000000000000       DC8 0, 0, 0, 0, 0, 0, 0, 0, 0, 0, 0, 0, 0, 0, 0, 0
   \              000000000000
   \              00000000    
   \   00000041   000000000000       DC8 0, 0, 0, 0, 0, 0, 0, 0, 0, 0, 0, 0, 0, 0, 0, 0
   \              000000000000
   \              00000000    
   \   00000051   000000000000       DC8 0, 0, 0, 0, 0, 0, 0, 0, 0, 0, 0, 0, 0, 0, 0, 0
   \              000000000000
   \              00000000    
   \   00000061   000000000000       DC8 0, 0, 0, 0, 0, 0, 0, 0, 0, 0, 0, 0, 0, 0, 0, 0
   \              000000000000
   \              00000000    
   \   00000071   000000000000       DC8 0, 0, 0, 0, 0, 0, 0, 0, 0, 0, 0, 0, 0, 0, 0
   \              000000000000
   \              000000      
     87          

   \                                 In segment CONFIG_C, align 4, align-sorted, root
     88          __root const CFG_HDR cfghdr18={CFG_STR_WIN1251,"Bookmark 8 name",1,31};
   \                     cfghdr18:
   \   00000000   04000000           DC32 4
   \   00000004   426F6F6B6D61       DC8 "Bookmark 8 name"
   \              726B2038206E
   \              616D6500    
   \   00000014   000000000000       DC8 0, 0, 0, 0, 0, 0, 0, 0, 0, 0, 0, 0, 0, 0, 0, 0
   \              000000000000
   \              00000000    
   \   00000024   010000001F00       DC32 1, 31
   \              0000        

   \                                 In segment CONFIG_C, align 4, align-sorted, root
     89          __root const char BM8NAME[32]="";
   \                     BM8NAME:
   \   00000000   00                 DC8 ""
   \   00000001   000000000000       DC8 0, 0, 0, 0, 0, 0, 0, 0, 0, 0, 0, 0, 0, 0, 0, 0
   \              000000000000
   \              00000000    
   \   00000011   000000000000       DC8 0, 0, 0, 0, 0, 0, 0, 0, 0, 0, 0, 0, 0, 0, 0
   \              000000000000
   \              000000      

   \                                 In segment CONFIG_C, align 4, align-sorted, root
     90          __root const CFG_HDR cfghdr19={CFG_STR_UTF8,"Bookmark 8 file",3,127};
   \                     cfghdr19:
   \   00000000   02000000           DC32 2
   \   00000004   426F6F6B6D61       DC8 "Bookmark 8 file"
   \              726B20382066
   \              696C6500    
   \   00000014   000000000000       DC8 0, 0, 0, 0, 0, 0, 0, 0, 0, 0, 0, 0, 0, 0, 0, 0
   \              000000000000
   \              00000000    
   \   00000024   030000007F00       DC32 3, 127
   \              0000        

   \                                 In segment CONFIG_C, align 4, align-sorted, root
     91          __root const char BM8FILE[128]="";
   \                     BM8FILE:
   \   00000000   00                 DC8 ""
   \   00000001   000000000000       DC8 0, 0, 0, 0, 0, 0, 0, 0, 0, 0, 0, 0, 0, 0, 0, 0
   \              000000000000
   \              00000000    
   \   00000011   000000000000       DC8 0, 0, 0, 0, 0, 0, 0, 0, 0, 0, 0, 0, 0, 0, 0, 0
   \              000000000000
   \              00000000    
   \   00000021   000000000000       DC8 0, 0, 0, 0, 0, 0, 0, 0, 0, 0, 0, 0, 0, 0, 0, 0
   \              000000000000
   \              00000000    
   \   00000031   000000000000       DC8 0, 0, 0, 0, 0, 0, 0, 0, 0, 0, 0, 0, 0, 0, 0, 0
   \              000000000000
   \              00000000    
   \   00000041   000000000000       DC8 0, 0, 0, 0, 0, 0, 0, 0, 0, 0, 0, 0, 0, 0, 0, 0
   \              000000000000
   \              00000000    
   \   00000051   000000000000       DC8 0, 0, 0, 0, 0, 0, 0, 0, 0, 0, 0, 0, 0, 0, 0, 0
   \              000000000000
   \              00000000    
   \   00000061   000000000000       DC8 0, 0, 0, 0, 0, 0, 0, 0, 0, 0, 0, 0, 0, 0, 0, 0
   \              000000000000
   \              00000000    
   \   00000071   000000000000       DC8 0, 0, 0, 0, 0, 0, 0, 0, 0, 0, 0, 0, 0, 0, 0
   \              000000000000
   \              000000      
     92          

   \                                 In segment CONFIG_C, align 4, align-sorted, root
     93          __root const CFG_HDR cfghdr20={CFG_STR_WIN1251,"Bookmark 9 name",1,31};
   \                     cfghdr20:
   \   00000000   04000000           DC32 4
   \   00000004   426F6F6B6D61       DC8 "Bookmark 9 name"
   \              726B2039206E
   \              616D6500    
   \   00000014   000000000000       DC8 0, 0, 0, 0, 0, 0, 0, 0, 0, 0, 0, 0, 0, 0, 0, 0
   \              000000000000
   \              00000000    
   \   00000024   010000001F00       DC32 1, 31
   \              0000        

   \                                 In segment CONFIG_C, align 4, align-sorted, root
     94          __root const char BM9NAME[32]="";
   \                     BM9NAME:
   \   00000000   00                 DC8 ""
   \   00000001   000000000000       DC8 0, 0, 0, 0, 0, 0, 0, 0, 0, 0, 0, 0, 0, 0, 0, 0
   \              000000000000
   \              00000000    
   \   00000011   000000000000       DC8 0, 0, 0, 0, 0, 0, 0, 0, 0, 0, 0, 0, 0, 0, 0
   \              000000000000
   \              000000      

   \                                 In segment CONFIG_C, align 4, align-sorted, root
     95          __root const CFG_HDR cfghdr21={CFG_STR_UTF8,"Bookmark 9 file",3,127};
   \                     cfghdr21:
   \   00000000   02000000           DC32 2
   \   00000004   426F6F6B6D61       DC8 "Bookmark 9 file"
   \              726B20392066
   \              696C6500    
   \   00000014   000000000000       DC8 0, 0, 0, 0, 0, 0, 0, 0, 0, 0, 0, 0, 0, 0, 0, 0
   \              000000000000
   \              00000000    
   \   00000024   030000007F00       DC32 3, 127
   \              0000        

   \                                 In segment CONFIG_C, align 4, align-sorted, root
     96          __root const char BM9FILE[128]="";
   \                     BM9FILE:
   \   00000000   00                 DC8 ""
   \   00000001   000000000000       DC8 0, 0, 0, 0, 0, 0, 0, 0, 0, 0, 0, 0, 0, 0, 0, 0
   \              000000000000
   \              00000000    
   \   00000011   000000000000       DC8 0, 0, 0, 0, 0, 0, 0, 0, 0, 0, 0, 0, 0, 0, 0, 0
   \              000000000000
   \              00000000    
   \   00000021   000000000000       DC8 0, 0, 0, 0, 0, 0, 0, 0, 0, 0, 0, 0, 0, 0, 0, 0
   \              000000000000
   \              00000000    
   \   00000031   000000000000       DC8 0, 0, 0, 0, 0, 0, 0, 0, 0, 0, 0, 0, 0, 0, 0, 0
   \              000000000000
   \              00000000    
   \   00000041   000000000000       DC8 0, 0, 0, 0, 0, 0, 0, 0, 0, 0, 0, 0, 0, 0, 0, 0
   \              000000000000
   \              00000000    
   \   00000051   000000000000       DC8 0, 0, 0, 0, 0, 0, 0, 0, 0, 0, 0, 0, 0, 0, 0, 0
   \              000000000000
   \              00000000    
   \   00000061   000000000000       DC8 0, 0, 0, 0, 0, 0, 0, 0, 0, 0, 0, 0, 0, 0, 0, 0
   \              000000000000
   \              00000000    
   \   00000071   000000000000       DC8 0, 0, 0, 0, 0, 0, 0, 0, 0, 0, 0, 0, 0, 0, 0
   \              000000000000
   \              000000      


   Segment part sizes:

     Function/Label   Bytes
     --------------   -----
     cfghdr0            44
     csmlist_fname     128
     cfghdr1            44
     ENA_HELLO_MSG       4
     cfgcbox1           64
     cfghdr23           44
     ACTIVE_KEY_STYLE    4
     cfgcbox23         128
     cfghdr24           44
     ACTIVE_KEY          4
     cfghdr2            44
     ENA_LONG_PRESS      4
     cfgcbox2          128
     cfghdr22           44
     ENA_LOCK            4
     cfgcbox22          64
     cfghdr33           44
     SHOW_DAEMONS        4
     cfgcbox33          64
     cfghdr4            44
     BM1NAME            32
     cfghdr5            44
     BM1FILE           128
     cfghdr6            44
     BM2NAME            32
     cfghdr7            44
     BM2FILE           128
     cfghdr8            44
     BM3NAME            32
     cfghdr9            44
     BM3FILE           128
     cfghdr10           44
     BM4NAME            32
     cfghdr11           44
     BM4FILE           128
     cfghdr12           44
     BM5NAME            32
     cfghdr13           44
     BM5FILE           128
     cfghdr14           44
     BM6NAME            32
     cfghdr15           44
     BM6FILE           128
     cfghdr16           44
     BM7NAME            32
     cfghdr17           44
     BM7FILE           128
     cfghdr18           44
     BM8NAME            32
     cfghdr19           44
     BM8FILE           128
     cfghdr20           44
     BM9NAME            32
     cfghdr21           44
     BM9FILE           128

 
 3 140 bytes in segment CONFIG_C
 
 3 140 bytes of CONST memory

Errors: none
Warnings: none
