##############################################################################
#                                                                            #
# IAR ARM ANSI C/C++ Compiler V4.42A/W32 EVALUATION    11/Jul/2010  10:49:16 #
# Copyright 1999-2005 IAR Systems. All rights reserved.                      #
#                                                                            #
#    Cpu mode        =  interwork                                            #
#    Endian          =  little                                               #
#    Stack alignment =  4                                                    #
#    Source file     =  C:\arm\elfloader\config_data.c                       #
#    Command line    =  C:\arm\elfloader\config_data.c -D NDEBUG -lCN        #
#                       C:\arm\elfloader\CX70sw56\List\ -lb                  #
#                       C:\arm\elfloader\CX70sw56\List\ -o                   #
#                       C:\arm\elfloader\CX70sw56\Obj\ -s9 --no_unroll       #
#                       --cpu_mode thumb --endian little --cpu ARM926EJ-S    #
#                       --stack_align 4 --interwork -e --fpu None --segment  #
#                       code=CONFIG_CODE --segment data=CONFIG_DATA -I       #
#                       "C:\arm2\Embedded Workbench 4.0                      #
#                       Evaluation\ARM\INC\" --inline_threshold=2            #
#    List file       =  C:\arm\elfloader\CX70sw56\List\config_data.lst       #
#    Object file     =  C:\arm\elfloader\CX70sw56\Obj\config_data.r79        #
#                                                                            #
#                                                                            #
##############################################################################

C:\arm\elfloader\config_data.c
      1          #include "..\inc\cfg_items.h"
      2          #include "..\inc\swilib.h"
      3          //Конфигурация
      4          
      5          

   \                                 In segment CONFIG_DATA_I, align 4, align-sorted, root
      6          __root  CFG_HDR cfghdr1={CFG_STR_UTF8,"Daemons",0,255};
   \                     cfghdr1:
   \   00000000                      DS8 44
   \   0000002C                      REQUIRE `?<Initializer for cfghdr1>`

   \                                 In segment CONFIG_DATA_I, align 4, align-sorted, root
      7          __root  char folder_d[256]="0:\\ZBin\\Daemons\\";
   \                     folder_d:
   \   00000000                      DS8 256
   \   00000100                      REQUIRE `?<Initializer for folder_d>`
      8          

   \                                 In segment CONFIG_DATA_I, align 4, align-sorted, root
      9          __root  CFG_HDR cfghdr2={CFG_STR_UTF8,"swi.blib",0,63};
   \                     cfghdr2:
   \   00000000                      DS8 44
   \   0000002C                      REQUIRE `?<Initializer for cfghdr2>`

   \                                 In segment CONFIG_DATA_I, align 4, align-sorted, root
     10          __root  char swi_blib[64]="0:\\ZBin\\swi.blib";
   \                     swi_blib:
   \   00000000                      DS8 64
   \   00000040                      REQUIRE `?<Initializer for swi_blib>`
     11          

   \                                 In segment CONFIG_DATA_I, align 4, align-sorted, root
     12          __root  CFG_HDR cfghdr_m11={CFG_LEVEL,"PNG",1,0};
   \                     cfghdr_m11:
   \   00000000                      DS8 44
   \   0000002C                      REQUIRE `?<Initializer for cfghdr_m11>`
     13          

   \                                 In segment CONFIG_DATA_I, align 4, align-sorted, root
     14          __root  CFG_HDR cfghdr3={CFG_STR_UTF8,"Img",0,127};
   \                     cfghdr3:
   \   00000000                      DS8 44
   \   0000002C                      REQUIRE `?<Initializer for cfghdr3>`

   \                                 In segment CONFIG_DATA_I, align 4, align-sorted, root
     15          __root  char folder_i[128]="0:\\ZBin\\Img\\";
   \                     folder_i:
   \   00000000                      DS8 128
   \   00000080                      REQUIRE `?<Initializer for folder_i>`
     16          

   \                                 In segment CONFIG_DATA_I, align 4, align-sorted, root
     17          __root  CFG_HDR cfghdr4={CFG_STR_UTF8,"elf_small.png, elf_big.png",0,127};
   \                     cfghdr4:
   \   00000000                      DS8 44
   \   0000002C                      REQUIRE `?<Initializer for cfghdr4>`

   \                                 In segment CONFIG_DATA_I, align 4, align-sorted, root
     18          __root  char folder_e[128]="0:\\ZBin\\Img\\";
   \                     folder_e:
   \   00000000                      DS8 128
   \   00000080                      REQUIRE `?<Initializer for folder_e>`
     19          

   \                                 In segment CONFIG_DATA_I, align 4, align-sorted, root
     20          __root CFG_HDR cfghdr5={CFG_UINT,"Alpha-chan threshold",0,255};
   \                     cfghdr5:
   \   00000000                      DS8 44
   \   0000002C                      REQUIRE `?<Initializer for cfghdr5>`

   \                                 In segment CONFIG_DATA_I, align 4, align-sorted, root
     21          __root unsigned int ALPHA_THRESHOLD=128;
   \                     ALPHA_THRESHOLD:
   \   00000000                      DS8 4
   \   00000004                      REQUIRE `?<Initializer for ALPHA_THRESHOLD>`
     22          

   \                                 In segment CONFIG_DATA_I, align 4, align-sorted, root
     23          __root CFG_HDR cfghdr6={CFG_UINT,"PNG cache size",20,200};
   \                     cfghdr6:
   \   00000000                      DS8 44
   \   0000002C                      REQUIRE `?<Initializer for cfghdr6>`

   \                                 In segment CONFIG_DATA_I, align 4, align-sorted, root
     24          __root unsigned int CACHE_PNG=50;
   \                     CACHE_PNG:
   \   00000000                      DS8 4
   \   00000004                      REQUIRE `?<Initializer for CACHE_PNG>`
     25          
     26          #if NEWSGOLD || X75 || X65
     27          __root CFG_HDR cfghdr7={CFG_CBOX,"Default bit-depth",0,3};
     28          __root unsigned int DEFAULT_COLOR = 2;
     29          __root CFG_CBOX_ITEM cfgcbox7_1[3]={"8 bits","16 bits","24 bits+alpha"};
     30          #else

   \                                 In segment CONFIG_DATA_I, align 4, align-sorted, root
     31          __root CFG_HDR cfghdr7={CFG_CBOX,"Default bit-depth",0,2};
   \                     cfghdr7:
   \   00000000                      DS8 44
   \   0000002C                      REQUIRE `?<Initializer for cfghdr7>`

   \                                 In segment CONFIG_DATA_I, align 4, align-sorted, root
     32          __root unsigned int DEFAULT_COLOR = 1;
   \                     DEFAULT_COLOR:
   \   00000000                      DS8 4
   \   00000004                      REQUIRE `?<Initializer for DEFAULT_COLOR>`

   \                                 In segment CONFIG_DATA_I, align 4, align-sorted, root
     33          __root CFG_CBOX_ITEM cfgcbox7_1[2]={"8 bits","16 bits"};
   \                     cfgcbox7_1:
   \   00000000                      DS8 64
   \   00000040                      REQUIRE `?<Initializer for cfgcbox7_1>`
     34          #endif
     35          

   \                                 In segment CONFIG_DATA_I, align 4, align-sorted, root
     36          __root CFG_HDR cfghdr_m10={CFG_LEVEL,"",0,0};
   \                     cfghdr_m10:
   \   00000000                      DS8 44
   \   0000002C                      REQUIRE `?<Initializer for cfghdr_m10>`

   \                                 In segment CONFIG_DATA_ID, align 4, align-sorted, root
   \                     `?<Initializer for cfghdr1>`:
   \   00000000   02000000           DC32 2
   \   00000004   4461656D6F6E       DC8 "Daemons"
   \              7300        
   \   0000000C   000000000000       DC8 0, 0, 0, 0, 0, 0, 0, 0, 0, 0, 0, 0, 0, 0, 0, 0
   \              000000000000
   \              00000000    
   \   0000001C   000000000000       DC8 0, 0, 0, 0, 0, 0, 0, 0
   \              0000        
   \   00000024   00000000FF00       DC32 0, 255
   \              0000        

   \                                 In segment CONFIG_DATA_ID, align 4, align-sorted, root
   \                     `?<Initializer for folder_d>`:
   \   00000000   303A5C5A4269       DC8 "0:\\ZBin\\Daemons\\"
   \              6E5C4461656D
   \              6F6E735C00  
   \   00000011   000000000000       DC8 0, 0, 0, 0, 0, 0, 0, 0, 0, 0, 0, 0, 0, 0, 0, 0
   \              000000000000
   \              00000000    
   \   00000021   000000000000       DC8 0, 0, 0, 0, 0, 0, 0, 0, 0, 0, 0, 0, 0, 0, 0, 0
   \              000000000000
   \              00000000    
   \   00000031   000000000000       DC8 0, 0, 0, 0, 0, 0, 0, 0, 0, 0, 0, 0, 0, 0, 0, 0
   \              000000000000
   \              00000000    
   \   00000041   000000000000       DC8 0, 0, 0, 0, 0, 0, 0, 0, 0, 0, 0, 0, 0, 0, 0, 0
   \              000000000000
   \              00000000    
   \   00000051   000000000000       DC8 0, 0, 0, 0, 0, 0, 0, 0, 0, 0, 0, 0, 0, 0, 0, 0
   \              000000000000
   \              00000000    
   \   00000061   000000000000       DC8 0, 0, 0, 0, 0, 0, 0, 0, 0, 0, 0, 0, 0, 0, 0, 0
   \              000000000000
   \              00000000    
   \   00000071   000000000000       DC8 0, 0, 0, 0, 0, 0, 0, 0, 0, 0, 0, 0, 0, 0, 0, 0
   \              000000000000
   \              00000000    
   \   00000081   000000000000       DC8 0, 0, 0, 0, 0, 0, 0, 0, 0, 0, 0, 0, 0, 0, 0, 0
   \              000000000000
   \              00000000    
   \   00000091   000000000000       DC8 0, 0, 0, 0, 0, 0, 0, 0, 0, 0, 0, 0, 0, 0, 0, 0
   \              000000000000
   \              00000000    
   \   000000A1   000000000000       DC8 0, 0, 0, 0, 0, 0, 0, 0, 0, 0, 0, 0, 0, 0, 0, 0
   \              000000000000
   \              00000000    
   \   000000B1   000000000000       DC8 0, 0, 0, 0, 0, 0, 0, 0, 0, 0, 0, 0, 0, 0, 0, 0
   \              000000000000
   \              00000000    
   \   000000C1   000000000000       DC8 0, 0, 0, 0, 0, 0, 0, 0, 0, 0, 0, 0, 0, 0, 0, 0
   \              000000000000
   \              00000000    
   \   000000D1   000000000000       DC8 0, 0, 0, 0, 0, 0, 0, 0, 0, 0, 0, 0, 0, 0, 0, 0
   \              000000000000
   \              00000000    
   \   000000E1   000000000000       DC8 0, 0, 0, 0, 0, 0, 0, 0, 0, 0, 0, 0, 0, 0, 0, 0
   \              000000000000
   \              00000000    
   \   000000F1   000000000000       DC8 0, 0, 0, 0, 0, 0, 0, 0, 0, 0, 0, 0, 0, 0, 0
   \              000000000000
   \              000000      

   \                                 In segment CONFIG_DATA_ID, align 4, align-sorted, root
   \                     `?<Initializer for cfghdr2>`:
   \   00000000   02000000           DC32 2
   \   00000004   7377692E626C       DC8 "swi.blib"
   \              696200      
   \   0000000D   000000000000       DC8 0, 0, 0, 0, 0, 0, 0, 0, 0, 0, 0, 0, 0, 0, 0, 0, 0, 0, 0, 0, 0, 0, 0
   \              000000000000
   \              000000000000
   \              0000000000  
   \   00000024   000000003F00       DC32 0, 63
   \              0000        

   \                                 In segment CONFIG_DATA_ID, align 4, align-sorted, root
   \                     `?<Initializer for swi_blib>`:
   \   00000000   303A5C5A4269       DC8 "0:\\ZBin\\swi.blib"
   \              6E5C7377692E
   \              626C696200  
   \   00000011   000000000000       DC8 0, 0, 0, 0, 0, 0, 0, 0, 0, 0, 0, 0, 0, 0, 0, 0
   \              000000000000
   \              00000000    
   \   00000021   000000000000       DC8 0, 0, 0, 0, 0, 0, 0, 0, 0, 0, 0, 0, 0, 0, 0, 0
   \              000000000000
   \              00000000    
   \   00000031   000000000000       DC8 0, 0, 0, 0, 0, 0, 0, 0, 0, 0, 0, 0, 0, 0, 0
   \              000000000000
   \              000000      

   \                                 In segment CONFIG_DATA_ID, align 4, align-sorted, root
   \                     `?<Initializer for cfghdr_m11>`:
   \   00000000   09000000           DC32 9
   \   00000004   504E4700           DC8 "PNG"
   \   00000008   000000000000       DC8 0, 0, 0, 0, 0, 0, 0, 0, 0, 0, 0, 0, 0, 0, 0, 0
   \              000000000000
   \              00000000    
   \   00000018   000000000000       DC8 0, 0, 0, 0, 0, 0, 0, 0, 0, 0, 0, 0
   \              000000000000
   \   00000024   010000000000       DC32 1, 0
   \              0000        

   \                                 In segment CONFIG_DATA_ID, align 4, align-sorted, root
   \                     `?<Initializer for cfghdr3>`:
   \   00000000   02000000           DC32 2
   \   00000004   496D6700           DC8 "Img"
   \   00000008   000000000000       DC8 0, 0, 0, 0, 0, 0, 0, 0, 0, 0, 0, 0, 0, 0, 0, 0
   \              000000000000
   \              00000000    
   \   00000018   000000000000       DC8 0, 0, 0, 0, 0, 0, 0, 0, 0, 0, 0, 0
   \              000000000000
   \   00000024   000000007F00       DC32 0, 127
   \              0000        

   \                                 In segment CONFIG_DATA_ID, align 4, align-sorted, root
   \                     `?<Initializer for folder_i>`:
   \   00000000   303A5C5A4269       DC8 "0:\\ZBin\\Img\\"
   \              6E5C496D675C
   \              00          
   \   0000000D   000000000000       DC8 0, 0, 0, 0, 0, 0, 0, 0, 0, 0, 0, 0, 0, 0, 0, 0
   \              000000000000
   \              00000000    
   \   0000001D   000000000000       DC8 0, 0, 0, 0, 0, 0, 0, 0, 0, 0, 0, 0, 0, 0, 0, 0
   \              000000000000
   \              00000000    
   \   0000002D   000000000000       DC8 0, 0, 0, 0, 0, 0, 0, 0, 0, 0, 0, 0, 0, 0, 0, 0
   \              000000000000
   \              00000000    
   \   0000003D   000000000000       DC8 0, 0, 0, 0, 0, 0, 0, 0, 0, 0, 0, 0, 0, 0, 0, 0
   \              000000000000
   \              00000000    
   \   0000004D   000000000000       DC8 0, 0, 0, 0, 0, 0, 0, 0, 0, 0, 0, 0, 0, 0, 0, 0
   \              000000000000
   \              00000000    
   \   0000005D   000000000000       DC8 0, 0, 0, 0, 0, 0, 0, 0, 0, 0, 0, 0, 0, 0, 0, 0
   \              000000000000
   \              00000000    
   \   0000006D   000000000000       DC8 0, 0, 0, 0, 0, 0, 0, 0, 0, 0, 0, 0, 0, 0, 0, 0, 0, 0, 0
   \              000000000000
   \              000000000000
   \              00          

   \                                 In segment CONFIG_DATA_ID, align 4, align-sorted, root
   \                     `?<Initializer for cfghdr4>`:
   \   00000000   02000000           DC32 2
   \   00000004   656C665F736D       DC8 "elf_small.png, elf_big.png"
   \              616C6C2E706E
   \              672C20656C66
   \              5F6269672E70
   \              6E6700      
   \   0000001F   0000000000         DC8 0, 0, 0, 0, 0
   \   00000024   000000007F00       DC32 0, 127
   \              0000        

   \                                 In segment CONFIG_DATA_ID, align 4, align-sorted, root
   \                     `?<Initializer for folder_e>`:
   \   00000000   303A5C5A4269       DC8 "0:\\ZBin\\Img\\"
   \              6E5C496D675C
   \              00          
   \   0000000D   000000000000       DC8 0, 0, 0, 0, 0, 0, 0, 0, 0, 0, 0, 0, 0, 0, 0, 0
   \              000000000000
   \              00000000    
   \   0000001D   000000000000       DC8 0, 0, 0, 0, 0, 0, 0, 0, 0, 0, 0, 0, 0, 0, 0, 0
   \              000000000000
   \              00000000    
   \   0000002D   000000000000       DC8 0, 0, 0, 0, 0, 0, 0, 0, 0, 0, 0, 0, 0, 0, 0, 0
   \              000000000000
   \              00000000    
   \   0000003D   000000000000       DC8 0, 0, 0, 0, 0, 0, 0, 0, 0, 0, 0, 0, 0, 0, 0, 0
   \              000000000000
   \              00000000    
   \   0000004D   000000000000       DC8 0, 0, 0, 0, 0, 0, 0, 0, 0, 0, 0, 0, 0, 0, 0, 0
   \              000000000000
   \              00000000    
   \   0000005D   000000000000       DC8 0, 0, 0, 0, 0, 0, 0, 0, 0, 0, 0, 0, 0, 0, 0, 0
   \              000000000000
   \              00000000    
   \   0000006D   000000000000       DC8 0, 0, 0, 0, 0, 0, 0, 0, 0, 0, 0, 0, 0, 0, 0, 0, 0, 0, 0
   \              000000000000
   \              000000000000
   \              00          

   \                                 In segment CONFIG_DATA_ID, align 4, align-sorted, root
   \                     `?<Initializer for cfghdr5>`:
   \   00000000   01000000           DC32 1
   \   00000004   416C7068612D       DC8 "Alpha-chan threshold"
   \              6368616E2074
   \              68726573686F
   \              6C6400      
   \   00000019   000000000000       DC8 0, 0, 0, 0, 0, 0, 0, 0, 0, 0, 0
   \              0000000000  
   \   00000024   00000000FF00       DC32 0, 255
   \              0000        

   \                                 In segment CONFIG_DATA_ID, align 4, align-sorted, root
   \                     `?<Initializer for ALPHA_THRESHOLD>`:
   \   00000000   80000000           DC32 128

   \                                 In segment CONFIG_DATA_ID, align 4, align-sorted, root
   \                     `?<Initializer for cfghdr6>`:
   \   00000000   01000000           DC32 1
   \   00000004   504E47206361       DC8 "PNG cache size"
   \              636865207369
   \              7A6500      
   \   00000013   000000000000       DC8 0, 0, 0, 0, 0, 0, 0, 0, 0, 0, 0, 0, 0, 0, 0, 0, 0
   \              000000000000
   \              0000000000  
   \   00000024   14000000C800       DC32 20, 200
   \              0000        

   \                                 In segment CONFIG_DATA_ID, align 4, align-sorted, root
   \                     `?<Initializer for CACHE_PNG>`:
   \   00000000   32000000           DC32 50

   \                                 In segment CONFIG_DATA_ID, align 4, align-sorted, root
   \                     `?<Initializer for cfghdr7>`:
   \   00000000   05000000           DC32 5
   \   00000004   44656661756C       DC8 "Default bit-depth"
   \              74206269742D
   \              646570746800
   \   00000016   000000000000       DC8 0, 0, 0, 0, 0, 0, 0, 0, 0, 0, 0, 0, 0, 0
   \              000000000000
   \              0000        
   \   00000024   000000000200       DC32 0, 2
   \              0000        

   \                                 In segment CONFIG_DATA_ID, align 4, align-sorted, root
   \                     `?<Initializer for DEFAULT_COLOR>`:
   \   00000000   01000000           DC32 1

   \                                 In segment CONFIG_DATA_ID, align 4, align-sorted, root
   \                     `?<Initializer for cfgcbox7_1>`:
   \   00000000   382062697473       DC8 "8 bits"
   \              00          
   \   00000007   000000000000       DC8 0, 0, 0, 0, 0, 0, 0, 0, 0, 0, 0, 0, 0, 0, 0, 0
   \              000000000000
   \              00000000    
   \   00000017   000000000000       DC8 0, 0, 0, 0, 0, 0, 0, 0, 0
   \              000000      
   \   00000020   313620626974       DC8 "16 bits"
   \              7300        
   \   00000028   000000000000       DC8 0, 0, 0, 0, 0, 0, 0, 0, 0, 0, 0, 0, 0, 0, 0, 0
   \              000000000000
   \              00000000    
   \   00000038   000000000000       DC8 0, 0, 0, 0, 0, 0, 0, 0
   \              0000        

   \                                 In segment CONFIG_DATA_ID, align 4, align-sorted, root
   \                     `?<Initializer for cfghdr_m10>`:
   \   00000000   09000000           DC32 9
   \   00000004   00                 DC8 ""
   \   00000005   000000000000       DC8 0, 0, 0, 0, 0, 0, 0, 0, 0, 0, 0, 0, 0, 0, 0, 0
   \              000000000000
   \              00000000    
   \   00000015   000000000000       DC8 0, 0, 0, 0, 0, 0, 0, 0, 0, 0, 0, 0, 0, 0, 0
   \              000000000000
   \              000000      
   \   00000024   000000000000       DC32 0, 0
   \              0000        
     37          
     38          
     39          


   Segment part sizes:

     Function/Label                 Bytes
     --------------                 -----
     cfghdr1                          44
     folder_d                        256
     cfghdr2                          44
     swi_blib                         64
     cfghdr_m11                       44
     cfghdr3                          44
     folder_i                        128
     cfghdr4                          44
     folder_e                        128
     cfghdr5                          44
     ALPHA_THRESHOLD                   4
     cfghdr6                          44
     CACHE_PNG                         4
     cfghdr7                          44
     DEFAULT_COLOR                     4
     cfgcbox7_1                       64
     cfghdr_m10                       44
     ?<Initializer for cfghdr1>       44
     ?<Initializer for folder_d>     256
     ?<Initializer for cfghdr2>       44
     ?<Initializer for swi_blib>      64
     ?<Initializer for cfghdr_m11>    44
     ?<Initializer for cfghdr3>       44
     ?<Initializer for folder_i>     128
     ?<Initializer for cfghdr4>       44
     ?<Initializer for folder_e>     128
     ?<Initializer for cfghdr5>       44
     ?<Initializer for ALPHA_THRESHOLD>
                                       4
     ?<Initializer for cfghdr6>       44
     ?<Initializer for CACHE_PNG>      4
     ?<Initializer for cfghdr7>       44
     ?<Initializer for DEFAULT_COLOR>
                                       4
     ?<Initializer for cfgcbox7_1>    64
     ?<Initializer for cfghdr_m10>    44
      Others                          12

 
 1 048 bytes in segment CONFIG_DATA_I
 1 048 bytes in segment CONFIG_DATA_ID
    12 bytes in segment INITTAB
 
     0 bytes of CODE  memory (+ 12 bytes shared)
 1 048 bytes of CONST memory
 1 048 bytes of DATA  memory

Errors: none
Warnings: none
