###############################################################################
#                                                                             #
#     IAR Systems ARM Assembler V4.42A/W32 17/Apr/2011  01:47:05              #
#     Copyright 1999-2007 IAR Systems. All rights reserved.                   #
#                                                                             #
#           Source file   =  C:\arm\Новая папка\EXT2.asm                      #
#           List file     =  C:\arm\Новая папка\CX75sw25\List\EXT2.lst        #
#           Object file   =  C:\arm\Новая папка\CX75sw25\Obj\EXT2.r79         #
#           Command line  =  C:\arm\Новая папка\EXT2.asm                      #
#                            -OC:\arm\Новая папка\CX75sw25\Obj\ -s+ -M<> -w+  #
#                            -LC:\arm\Новая папка\CX75sw25\List\ -cE -t8      #
#                            --cpu ARM926EJ-S --fpu None                      #
#                            -IC:\arm2\Embedded Workbench 4.0 Evaluation\ARM\INC\ #
#                                                                             #
###############################################################################

    1    00000000              ;
    2    00000000              ; //Extend file extention
    3    00000000              ;
    4    00000000              #ifdef NEWSGOLD
    6    00000000              #ifdef  ELKA
   47    00000000              #else
  118    00000000              #endif  
  120    00000000              #else
  121    00000000                      ARM 
  122    00000000                      RSEG    PATCH_GET_EXT:CODE:ROOT
  123    00000000 ........             BL      J_GET_EXT
  124    00000004                      
  125    00000004                      ARM 
  126    00000000                      RSEG    PATCH_GET_REGEXT1:CODE:ROOT
  127    00000000 ........             BL      J_REGEXT1
  128    00000004                      
  129    00000004                      ARM 
  130    00000000                      RSEG    PATCH_GET_REGEXT2:CODE:ROOT
  131    00000000 ........             BL      J_REGEXT2
  132    00000004                      
  133    00000004                      ARM
  134    00000000                      RSEG    REG_FILE:CODE:ROOT
  135    00000000                      EXTERN  RegFile
  136    00000000                      
  137    00000000 04F01FE5             LDR     PC, =RegFile
  138    00000004                      
  139    00000004                      ARM
  140    00000004                      RSEG    PATCH_BIG_ICON:CODE:ROOT
  140.1  00000004                       TABLE
  140.2  00000004 ........             Reference on line 137 
  140.3  00000000                      RSEG (including table)
  140    00000000                      RSEG    PATCH_BIG_ICON:CODE:ROOT
  141    00000000                      EXTERN  GetBigIcon
  142    00000000 ........             BL      GetBigIcon
  143    00000004                      
  144    00000004                      ARM
  145    00000000                      RSEG    PATCH_REGEXPL:CODE:ROOT
  146    00000000                      
  147    00000000 ........             BL      J_REG_FILE
  148    00000004                      
  149    00000004                      ARM
  150    00000000                      RSEG    CODE:CODE:NOROOT
  151    00000000                      EXTERN  EXT2_AREA
  152    00000000                      EXTERN  RegFile
  153    00000000              
  154    00000000                      
  155    00000000              J_GET_EXT
  156    00000000 40709FE5             LDR     R7, =EXT2_AREA
  157    00000004 007097E5             LDR     R7, [R7]
  158    00000008 2480A0E3             MOV     R8, #0x24
  159    0000000C 987527E0             MLA     R7, R8, R5, R7
  160    00000010 1EFF2FE1             BX      LR
  161    00000014              
  162    00000014              J_REGEXT1
  163    00000014 2CC09FE5             LDR     R12, =EXT2_AREA
  164    00000018 00C09CE5             LDR     R12, [R12]        
  165    0000001C 2420A0E3             MOV     R2, #0x24
  166    00000020 92C12CE0             MLA     R12, R2, R1, R12
  167    00000024 1EFF2FE1             BX      LR
  168    00000028                      
  169    00000028              J_REGEXT2
  170    00000028 18009FE5             LDR     R0, =EXT2_AREA
  171    0000002C 000090E5             LDR     R0, [R0]
  172    00000030 2420A0E3             MOV     R2, #0x24
  173    00000034 920120E0             MLA     R0, R2, R1, R0
  174    00000038 1EFF2FE1             BX      LR        
  175    0000003C                      
  176    0000003C                     
  177    0000003C              J_REG_FILE
  178    0000003C 105094E5             LDR     R5, [R4, #0x10]
  179    00000040 10508DE5             STR     R5, [SP, #0x10]
  180    00000044 ........             B       RegFile
  181    00000048                      
  182    00000048                   
  183    00000048              
  184    00000048              
  185    00000048              #endif
  186    00000048                      END
  186.1  00000048                       TABLE
  186.2  00000048 ........             Reference on line 156,163,170 
  186.3  0000004C                      END (including table)
##############################
#          CRC:4044          #
#        Errors:   0         #
#        Warnings: 0         #
#         Bytes: 104         #
##############################



