###############################################################################
#                                                                             #
#     IAR Systems ARM Assembler V4.42A/W32 17/Apr/2011  01:47:09              #
#     Copyright 1999-2007 IAR Systems. All rights reserved.                   #
#                                                                             #
#           Source file   =  C:\arm\Новая папка\rets_CX75sw25.asm             #
#           List file     =  C:\arm\Новая папка\CX75sw25\List\rets_CX75sw25.lst#
#           Object file   =  C:\arm\Новая папка\CX75sw25\Obj\rets_CX75sw25.r79#
#           Command line  =  C:\arm\Новая папка\rets_CX75sw25.asm             #
#                            -OC:\arm\Новая папка\CX75sw25\Obj\ -s+ -M<> -w+  #
#                            -LC:\arm\Новая папка\CX75sw25\List\ -cE -t8      #
#                            --cpu ARM926EJ-S --fpu None                      #
#                            -IC:\arm2\Embedded Workbench 4.0 Evaluation\ARM\INC\ #
#                                                                             #
###############################################################################

    1    00000000                RSEG  DATA_N
    2    00000000                RSEG  SWILIB_FUNC1B8_1BB:CODE
    3    00000000                EXTERN  EXT2_AREA
    4    00000000                EXTERN  pngtop
    5    00000000                EXTERN  pLIB_TOP
    6    00000000 ........       DCD EXT2_AREA
    7    00000004 ........       DCD pngtop
    8    00000008 ........       DCD pLIB_TOP
    9    0000000C ........       DCD SFE(DATA_N)
   10    00000010              
   11    00000010              
   16    00000010              
   17    00000000                      RSEG  CODE:CODE
   18    00000000               
   19    00000000                PUBLIC  OldOnClose
   20    00000000              OldOnClose:
   21    00000000 697A2AA0       DCD 0xA02A7A68+1
   22    00000004              
   23    00000000                PUBLIC  OldOnCreate
   24    00000004              OldOnCreate:
   25    00000004 1D782AA0       DCD 0xA02A781C+1
   26    00000008              
   27    00000000                PUBLIC  ESIOld
   28    00000008              ESIOld:
   29    00000008 515BA8A0       DCD 0xA0A85B50+1
   30    0000000C                    
   31    00000000                PUBLIC  PITgetN
   32    0000000C              PITgetN:
   33    0000000C 531A80A0       DCD 0xA0801A52+1
   34    00000010                
   35    00000000                PUBLIC  PITret
   36    00000010              PITret:
   37    00000010 691A80A0       DCD 0xA0801A68+1
   38    00000014                      
   39    00000000                PUBLIC  KEYBret
   40    00000014              KEYBret:
   41    00000014 7F697FA0       DCD 0xA07F697E+1
   42    00000018              
   43    00000000                PUBLIC  KEYBfunc
   44    00000018              KEYBfunc:
   45    00000018 953980A0       DCD 0xA0803994+1
   46    0000001C              
   47    00000000                PUBLIC  FReadOld
   48    0000001C              FReadOld:
   49    0000001C F0C57CA0       DCD 0xA07CC5F0
   50    00000020              
   51    00000000                PUBLIC  FWriteOld
   52    00000020              FWriteOld:
   53    00000020 D8C67CA0       DCD 0xA07CC6D8
   54    00000024                      
   55    00000024                defadr  StoreErrInfoAndAbort,0xA07CD184
   56    00000024                defadr  StoreErrString,0xA07CCFA8
   57    00000024              
   58    00000024                END
##############################
#          CRC:9835          #
#        Errors:   0         #
#        Warnings: 0         #
#         Bytes: 52          #
##############################



