##############################################################################
#                                                                            #
# IAR ARM ANSI C/C++ Compiler V4.42A/W32 EVALUATION    24/Sep/2010  19:57:18 #
# Copyright 1999-2005 IAR Systems. All rights reserved.                      #
#                                                                            #
#    Cpu mode        =  interwork                                            #
#    Endian          =  little                                               #
#    Stack alignment =  4                                                    #
#    Source file     =  C:\arm\CPUD\config_data.c                            #
#    Command line    =  C:\arm\CPUD\config_data.c -D NEWSGOLD -D ELKA -lC    #
#                       C:\arm\CPUD\Release_ELKA\List\ -o                    #
#                       C:\arm\CPUD\Release_ELKA\Obj\ -s9 --no_inline        #
#                       --no_clustering --cpu_mode arm --endian little       #
#                       --cpu ARM926EJ-S --stack_align 4 --interwork -e      #
#                       --fpu None --segment code=CONFIG --segment           #
#                       data=CONFIG                                          #
#    List file       =  C:\arm\CPUD\Release_ELKA\List\config_data.lst        #
#    Object file     =  C:\arm\CPUD\Release_ELKA\Obj\config_data.r79         #
#                                                                            #
#                                                                            #
##############################################################################

C:\arm\CPUD\config_data.c
      1          #include "..\inc\cfg_items.h"
      2          

   \                                 In segment CONFIG_C, align 4, align-sorted, root
      3          __root const CFG_HDR cfghdr0={CFG_CHECKBOX,"Show Welcome Message",0,2};
   \                     cfghdr0:
   \   00000000   0B000000           DC32 11
   \   00000004   53686F772057       DC8 "Show Welcome Message"
   \              656C636F6D65
   \              204D65737361
   \              676500      
   \   00000019   000000000000       DC8 0, 0, 0, 0, 0, 0, 0, 0, 0, 0, 0
   \              0000000000  
   \   00000024   000000000200       DC32 0, 2
   \              0000        

   \                                 In segment CONFIG_C, align 4, align-sorted, root
      4          __root const int Welcome=1;
   \                     Welcome:
   \   00000000   01000000           DC32 1
      5          

   \                                 In segment CONFIG_C, align 4, align-sorted, root
      6          __root const CFG_HDR cfghdr_m11={CFG_LEVEL,"Auto Mode Setup",1,0};
   \                     cfghdr_m11:
   \   00000000   09000000           DC32 9
   \   00000004   4175746F204D       DC8 "Auto Mode Setup"
   \              6F6465205365
   \              74757000    
   \   00000014   000000000000       DC8 0, 0, 0, 0, 0, 0, 0, 0, 0, 0, 0, 0, 0, 0, 0, 0
   \              000000000000
   \              00000000    
   \   00000024   010000000000       DC32 1, 0
   \              0000        

   \                                 In segment CONFIG_C, align 4, align-sorted, root
      7            __root const CFG_HDR cfghdr11_1={CFG_UINT,"Low akku (0 if off)",0,100};
   \                     cfghdr11_1:
   \   00000000   01000000           DC32 1
   \   00000004   4C6F7720616B       DC8 "Low akku (0 if off)"
   \              6B7520283020
   \              6966206F6666
   \              2900        
   \   00000018   000000000000       DC8 0, 0, 0, 0, 0, 0, 0, 0, 0, 0, 0, 0
   \              000000000000
   \   00000024   000000006400       DC32 0, 100
   \              0000        

   \                                 In segment CONFIG_C, align 4, align-sorted, root
      8            __root const unsigned int lowakku=0;
   \                     lowakku:
   \   00000000   00000000           DC32 0

   \                                 In segment CONFIG_C, align 4, align-sorted, root
      9          __root const CFG_HDR cfghdr_m10={CFG_LEVEL,"",0,0};
   \                     cfghdr_m10:
   \   00000000   09000000           DC32 9
   \   00000004   00                 DC8 ""
   \   00000005   000000000000       DC8 0, 0, 0, 0, 0, 0, 0, 0, 0, 0, 0, 0, 0, 0, 0, 0
   \              000000000000
   \              00000000    
   \   00000015   000000000000       DC8 0, 0, 0, 0, 0, 0, 0, 0, 0, 0, 0, 0, 0, 0, 0
   \              000000000000
   \              000000      
   \   00000024   000000000000       DC32 0, 0
   \              0000        
     10          

   \                                 In segment CONFIG_C, align 4, align-sorted, root
     11          __root const CFG_HDR cfghdr_m21={CFG_LEVEL,"Smart Mode Setup",1,0};
   \                     cfghdr_m21:
   \   00000000   09000000           DC32 9
   \   00000004   536D61727420       DC8 "Smart Mode Setup"
   \              4D6F64652053
   \              6574757000  
   \   00000015   000000000000       DC8 0, 0, 0, 0, 0, 0, 0, 0, 0, 0, 0, 0, 0, 0, 0
   \              000000000000
   \              000000      
   \   00000024   010000000000       DC32 1, 0
   \              0000        

   \                                 In segment CONFIG_C, align 4, align-sorted, root
     12            __root const CFG_HDR cfghdr21_1={CFG_UINT,"High Usage of CPU (%)",0,100};
   \                     cfghdr21_1:
   \   00000000   01000000           DC32 1
   \   00000004   486967682055       DC8 "High Usage of CPU (%)"
   \              73616765206F
   \              662043505520
   \              28252900    
   \   0000001A   000000000000       DC8 0, 0, 0, 0, 0, 0, 0, 0, 0, 0
   \              00000000    
   \   00000024   000000006400       DC32 0, 100
   \              0000        

   \                                 In segment CONFIG_C, align 4, align-sorted, root
     13            __root const unsigned int hiusg=80;
   \                     hiusg:
   \   00000000   50000000           DC32 80
     14          

   \                                 In segment CONFIG_C, align 4, align-sorted, root
     15            __root const CFG_HDR cfghdr21_2={CFG_UINT,"Low Usage of CPU (%)",0,100};
   \                     cfghdr21_2:
   \   00000000   01000000           DC32 1
   \   00000004   4C6F77205573       DC8 "Low Usage of CPU (%)"
   \              616765206F66
   \              204350552028
   \              252900      
   \   00000019   000000000000       DC8 0, 0, 0, 0, 0, 0, 0, 0, 0, 0, 0
   \              0000000000  
   \   00000024   000000006400       DC32 0, 100
   \              0000        

   \                                 In segment CONFIG_C, align 4, align-sorted, root
     16            __root const unsigned int lousg=20;
   \                     lousg:
   \   00000000   14000000           DC32 20

   \                                 In segment CONFIG_C, align 4, align-sorted, root
     17          __root const CFG_HDR cfghdr_m20={CFG_LEVEL,"",0,0};
   \                     cfghdr_m20:
   \   00000000   09000000           DC32 9
   \   00000004   00                 DC8 ""
   \   00000005   000000000000       DC8 0, 0, 0, 0, 0, 0, 0, 0, 0, 0, 0, 0, 0, 0, 0, 0
   \              000000000000
   \              00000000    
   \   00000015   000000000000       DC8 0, 0, 0, 0, 0, 0, 0, 0, 0, 0, 0, 0, 0, 0, 0
   \              000000000000
   \              000000      
   \   00000024   000000000000       DC32 0, 0
   \              0000        
     18          

   \                                 In segment CONFIG_C, align 4, align-sorted, root
     19          __root const CFG_HDR cfghdr2={CFG_CHECKBOX,"Use prof1 settings for all profs",0,2};
   \                     cfghdr2:
   \   00000000   0B000000           DC32 11
   \   00000004   557365207072       DC8 55H, 73H, 65H, 20H, 70H, 72H, 6FH, 66H
   \              6F66        
   \   0000000C   312073657474       DC8 31H, 20H, 73H, 65H, 74H, 74H, 69H, 6EH
   \              696E        
   \   00000014   677320666F72       DC8 67H, 73H, 20H, 66H, 6FH, 72H, 20H, 61H
   \              2061        
   \   0000001C   6C6C2070726F       DC8 6CH, 6CH, 20H, 70H, 72H, 6FH, 66H, 73H
   \              6673        
   \   00000024   000000000200       DC32 0, 2
   \              0000        

   \                                 In segment CONFIG_C, align 4, align-sorted, root
     20          __root const int global=1;
   \                     global:
   \   00000000   01000000           DC32 1
     21          

   \                                 In segment CONFIG_C, align 4, align-sorted, root
     22          __root const CFG_HDR cfghdr_m31={CFG_LEVEL,"Profile1",1,0};
   \                     cfghdr_m31:
   \   00000000   09000000           DC32 9
   \   00000004   50726F66696C       DC8 "Profile1"
   \              653100      
   \   0000000D   000000000000       DC8 0, 0, 0, 0, 0, 0, 0, 0, 0, 0, 0, 0, 0, 0, 0, 0, 0, 0, 0, 0, 0, 0, 0
   \              000000000000
   \              000000000000
   \              0000000000  
   \   00000024   010000000000       DC32 1, 0
   \              0000        

   \                                 In segment CONFIG_C, align 4, align-sorted, root
     23            __root const CFG_HDR cfghdr31_1 = {CFG_CBOX, "Mode", 0, 4};
   \                     cfghdr31_1:
   \   00000000   05000000           DC32 5
   \   00000004   4D6F646500         DC8 "Mode"
   \   00000009   000000000000       DC8 0, 0, 0, 0, 0, 0, 0, 0, 0, 0, 0, 0, 0, 0, 0, 0
   \              000000000000
   \              00000000    
   \   00000019   000000000000       DC8 0, 0, 0, 0, 0, 0, 0, 0, 0, 0, 0
   \              0000000000  
   \   00000024   000000000400       DC32 0, 4
   \              0000        

   \                                 In segment CONFIG_C, align 4, align-sorted, root
     24          __root const int Mode1 = 0;
   \                     Mode1:
   \   00000000   00000000           DC32 0
     25          #ifdef NEWSGOLD

   \                                 In segment CONFIG_C, align 4, align-sorted, root
     26          __root const CFG_CBOX_ITEM cfgcbox7[4] = {"Auto", "52", "208", "Smart"};
   \                     cfgcbox7:
   \   00000000   4175746F00         DC8 "Auto"
   \   00000005   000000000000       DC8 0, 0, 0, 0, 0, 0, 0, 0, 0, 0, 0, 0, 0, 0, 0, 0
   \              000000000000
   \              00000000    
   \   00000015   000000000000       DC8 0, 0, 0, 0, 0, 0, 0, 0, 0, 0, 0
   \              0000000000  
   \   00000020   353200             DC8 "52"
   \   00000023   000000000000       DC8 0, 0, 0, 0, 0, 0, 0, 0, 0, 0, 0, 0, 0, 0, 0, 0
   \              000000000000
   \              00000000    
   \   00000033   000000000000       DC8 0, 0, 0, 0, 0, 0, 0, 0, 0, 0, 0, 0, 0
   \              000000000000
   \              00          
   \   00000040   32303800           DC8 "208"
   \   00000044   000000000000       DC8 0, 0, 0, 0, 0, 0, 0, 0, 0, 0, 0, 0, 0, 0, 0, 0
   \              000000000000
   \              00000000    
   \   00000054   000000000000       DC8 0, 0, 0, 0, 0, 0, 0, 0, 0, 0, 0, 0
   \              000000000000
   \   00000060   536D61727400       DC8 "Smart"
   \   00000066   000000000000       DC8 0, 0, 0, 0, 0, 0, 0, 0, 0, 0, 0, 0, 0, 0, 0, 0
   \              000000000000
   \              00000000    
   \   00000076   000000000000       DC8 0, 0, 0, 0, 0, 0, 0, 0, 0, 0
   \              00000000    
     27          #else
     28          __root const CFG_CBOX_ITEM cfgcbox7[4] = {"Auto", "26", "104", "Smart"};
     29          #endif

   \                                 In segment CONFIG_C, align 4, align-sorted, root
     30          __root const CFG_HDR cfghdr_m30={CFG_LEVEL,"",0,0};
   \                     cfghdr_m30:
   \   00000000   09000000           DC32 9
   \   00000004   00                 DC8 ""
   \   00000005   000000000000       DC8 0, 0, 0, 0, 0, 0, 0, 0, 0, 0, 0, 0, 0, 0, 0, 0
   \              000000000000
   \              00000000    
   \   00000015   000000000000       DC8 0, 0, 0, 0, 0, 0, 0, 0, 0, 0, 0, 0, 0, 0, 0
   \              000000000000
   \              000000      
   \   00000024   000000000000       DC32 0, 0
   \              0000        
     31          

   \                                 In segment CONFIG_C, align 4, align-sorted, root
     32          __root const CFG_HDR cfghdr_m41={CFG_LEVEL,"Profile2",1,0};
   \                     cfghdr_m41:
   \   00000000   09000000           DC32 9
   \   00000004   50726F66696C       DC8 "Profile2"
   \              653200      
   \   0000000D   000000000000       DC8 0, 0, 0, 0, 0, 0, 0, 0, 0, 0, 0, 0, 0, 0, 0, 0, 0, 0, 0, 0, 0, 0, 0
   \              000000000000
   \              000000000000
   \              0000000000  
   \   00000024   010000000000       DC32 1, 0
   \              0000        

   \                                 In segment CONFIG_C, align 4, align-sorted, root
     33            __root const CFG_HDR cfghdr41_1 = {CFG_CBOX, "Mode", 0, 4};
   \                     cfghdr41_1:
   \   00000000   05000000           DC32 5
   \   00000004   4D6F646500         DC8 "Mode"
   \   00000009   000000000000       DC8 0, 0, 0, 0, 0, 0, 0, 0, 0, 0, 0, 0, 0, 0, 0, 0
   \              000000000000
   \              00000000    
   \   00000019   000000000000       DC8 0, 0, 0, 0, 0, 0, 0, 0, 0, 0, 0
   \              0000000000  
   \   00000024   000000000400       DC32 0, 4
   \              0000        

   \                                 In segment CONFIG_C, align 4, align-sorted, root
     34          __root const int Mode2 = 0;
   \                     Mode2:
   \   00000000   00000000           DC32 0
     35          #ifdef NEWSGOLD

   \                                 In segment CONFIG_C, align 4, align-sorted, root
     36          __root const CFG_CBOX_ITEM cfgcbox0[4] = {"Auto", "52", "208", "Smart"};
   \                     cfgcbox0:
   \   00000000   4175746F00         DC8 "Auto"
   \   00000005   000000000000       DC8 0, 0, 0, 0, 0, 0, 0, 0, 0, 0, 0, 0, 0, 0, 0, 0
   \              000000000000
   \              00000000    
   \   00000015   000000000000       DC8 0, 0, 0, 0, 0, 0, 0, 0, 0, 0, 0
   \              0000000000  
   \   00000020   353200             DC8 "52"
   \   00000023   000000000000       DC8 0, 0, 0, 0, 0, 0, 0, 0, 0, 0, 0, 0, 0, 0, 0, 0
   \              000000000000
   \              00000000    
   \   00000033   000000000000       DC8 0, 0, 0, 0, 0, 0, 0, 0, 0, 0, 0, 0, 0
   \              000000000000
   \              00          
   \   00000040   32303800           DC8 "208"
   \   00000044   000000000000       DC8 0, 0, 0, 0, 0, 0, 0, 0, 0, 0, 0, 0, 0, 0, 0, 0
   \              000000000000
   \              00000000    
   \   00000054   000000000000       DC8 0, 0, 0, 0, 0, 0, 0, 0, 0, 0, 0, 0
   \              000000000000
   \   00000060   536D61727400       DC8 "Smart"
   \   00000066   000000000000       DC8 0, 0, 0, 0, 0, 0, 0, 0, 0, 0, 0, 0, 0, 0, 0, 0
   \              000000000000
   \              00000000    
   \   00000076   000000000000       DC8 0, 0, 0, 0, 0, 0, 0, 0, 0, 0
   \              00000000    
     37          #else
     38          __root const CFG_CBOX_ITEM cfgcbox0[4] = {"Auto", "26", "104", "Smart"};
     39          #endif

   \                                 In segment CONFIG_C, align 4, align-sorted, root
     40          __root const CFG_HDR cfghdr_m40={CFG_LEVEL,"",0,0};
   \                     cfghdr_m40:
   \   00000000   09000000           DC32 9
   \   00000004   00                 DC8 ""
   \   00000005   000000000000       DC8 0, 0, 0, 0, 0, 0, 0, 0, 0, 0, 0, 0, 0, 0, 0, 0
   \              000000000000
   \              00000000    
   \   00000015   000000000000       DC8 0, 0, 0, 0, 0, 0, 0, 0, 0, 0, 0, 0, 0, 0, 0
   \              000000000000
   \              000000      
   \   00000024   000000000000       DC32 0, 0
   \              0000        
     41          

   \                                 In segment CONFIG_C, align 4, align-sorted, root
     42          __root const CFG_HDR cfghdr_m51={CFG_LEVEL,"Profile3",1,0};
   \                     cfghdr_m51:
   \   00000000   09000000           DC32 9
   \   00000004   50726F66696C       DC8 "Profile3"
   \              653300      
   \   0000000D   000000000000       DC8 0, 0, 0, 0, 0, 0, 0, 0, 0, 0, 0, 0, 0, 0, 0, 0, 0, 0, 0, 0, 0, 0, 0
   \              000000000000
   \              000000000000
   \              0000000000  
   \   00000024   010000000000       DC32 1, 0
   \              0000        

   \                                 In segment CONFIG_C, align 4, align-sorted, root
     43            __root const CFG_HDR cfghdr51_1 = {CFG_CBOX, "Mode", 0, 4};
   \                     cfghdr51_1:
   \   00000000   05000000           DC32 5
   \   00000004   4D6F646500         DC8 "Mode"
   \   00000009   000000000000       DC8 0, 0, 0, 0, 0, 0, 0, 0, 0, 0, 0, 0, 0, 0, 0, 0
   \              000000000000
   \              00000000    
   \   00000019   000000000000       DC8 0, 0, 0, 0, 0, 0, 0, 0, 0, 0, 0
   \              0000000000  
   \   00000024   000000000400       DC32 0, 4
   \              0000        

   \                                 In segment CONFIG_C, align 4, align-sorted, root
     44          __root const int Mode3 = 0;
   \                     Mode3:
   \   00000000   00000000           DC32 0
     45          #ifdef NEWSGOLD

   \                                 In segment CONFIG_C, align 4, align-sorted, root
     46          __root const CFG_CBOX_ITEM cfgcbox1[4] = {"Auto", "52", "208", "Smart"};
   \                     cfgcbox1:
   \   00000000   4175746F00         DC8 "Auto"
   \   00000005   000000000000       DC8 0, 0, 0, 0, 0, 0, 0, 0, 0, 0, 0, 0, 0, 0, 0, 0
   \              000000000000
   \              00000000    
   \   00000015   000000000000       DC8 0, 0, 0, 0, 0, 0, 0, 0, 0, 0, 0
   \              0000000000  
   \   00000020   353200             DC8 "52"
   \   00000023   000000000000       DC8 0, 0, 0, 0, 0, 0, 0, 0, 0, 0, 0, 0, 0, 0, 0, 0
   \              000000000000
   \              00000000    
   \   00000033   000000000000       DC8 0, 0, 0, 0, 0, 0, 0, 0, 0, 0, 0, 0, 0
   \              000000000000
   \              00          
   \   00000040   32303800           DC8 "208"
   \   00000044   000000000000       DC8 0, 0, 0, 0, 0, 0, 0, 0, 0, 0, 0, 0, 0, 0, 0, 0
   \              000000000000
   \              00000000    
   \   00000054   000000000000       DC8 0, 0, 0, 0, 0, 0, 0, 0, 0, 0, 0, 0
   \              000000000000
   \   00000060   536D61727400       DC8 "Smart"
   \   00000066   000000000000       DC8 0, 0, 0, 0, 0, 0, 0, 0, 0, 0, 0, 0, 0, 0, 0, 0
   \              000000000000
   \              00000000    
   \   00000076   000000000000       DC8 0, 0, 0, 0, 0, 0, 0, 0, 0, 0
   \              00000000    
     47          #else
     48          __root const CFG_CBOX_ITEM cfgcbox1[4] = {"Auto", "26", "104", "Smart"};
     49          #endif

   \                                 In segment CONFIG_C, align 4, align-sorted, root
     50          __root const CFG_HDR cfghdr_m50={CFG_LEVEL,"",0,0};
   \                     cfghdr_m50:
   \   00000000   09000000           DC32 9
   \   00000004   00                 DC8 ""
   \   00000005   000000000000       DC8 0, 0, 0, 0, 0, 0, 0, 0, 0, 0, 0, 0, 0, 0, 0, 0
   \              000000000000
   \              00000000    
   \   00000015   000000000000       DC8 0, 0, 0, 0, 0, 0, 0, 0, 0, 0, 0, 0, 0, 0, 0
   \              000000000000
   \              000000      
   \   00000024   000000000000       DC32 0, 0
   \              0000        
     51          

   \                                 In segment CONFIG_C, align 4, align-sorted, root
     52          __root const CFG_HDR cfghdr_m61={CFG_LEVEL,"Profile4",1,0};
   \                     cfghdr_m61:
   \   00000000   09000000           DC32 9
   \   00000004   50726F66696C       DC8 "Profile4"
   \              653400      
   \   0000000D   000000000000       DC8 0, 0, 0, 0, 0, 0, 0, 0, 0, 0, 0, 0, 0, 0, 0, 0, 0, 0, 0, 0, 0, 0, 0
   \              000000000000
   \              000000000000
   \              0000000000  
   \   00000024   010000000000       DC32 1, 0
   \              0000        

   \                                 In segment CONFIG_C, align 4, align-sorted, root
     53            __root const CFG_HDR cfghdr61_1 = {CFG_CBOX, "Mode", 0, 4};
   \                     cfghdr61_1:
   \   00000000   05000000           DC32 5
   \   00000004   4D6F646500         DC8 "Mode"
   \   00000009   000000000000       DC8 0, 0, 0, 0, 0, 0, 0, 0, 0, 0, 0, 0, 0, 0, 0, 0
   \              000000000000
   \              00000000    
   \   00000019   000000000000       DC8 0, 0, 0, 0, 0, 0, 0, 0, 0, 0, 0
   \              0000000000  
   \   00000024   000000000400       DC32 0, 4
   \              0000        

   \                                 In segment CONFIG_C, align 4, align-sorted, root
     54          __root const int Mode4 = 0;
   \                     Mode4:
   \   00000000   00000000           DC32 0
     55          #ifdef NEWSGOLD

   \                                 In segment CONFIG_C, align 4, align-sorted, root
     56          __root const CFG_CBOX_ITEM cfgcbox2[4] = {"Auto", "52", "208", "Smart"};
   \                     cfgcbox2:
   \   00000000   4175746F00         DC8 "Auto"
   \   00000005   000000000000       DC8 0, 0, 0, 0, 0, 0, 0, 0, 0, 0, 0, 0, 0, 0, 0, 0
   \              000000000000
   \              00000000    
   \   00000015   000000000000       DC8 0, 0, 0, 0, 0, 0, 0, 0, 0, 0, 0
   \              0000000000  
   \   00000020   353200             DC8 "52"
   \   00000023   000000000000       DC8 0, 0, 0, 0, 0, 0, 0, 0, 0, 0, 0, 0, 0, 0, 0, 0
   \              000000000000
   \              00000000    
   \   00000033   000000000000       DC8 0, 0, 0, 0, 0, 0, 0, 0, 0, 0, 0, 0, 0
   \              000000000000
   \              00          
   \   00000040   32303800           DC8 "208"
   \   00000044   000000000000       DC8 0, 0, 0, 0, 0, 0, 0, 0, 0, 0, 0, 0, 0, 0, 0, 0
   \              000000000000
   \              00000000    
   \   00000054   000000000000       DC8 0, 0, 0, 0, 0, 0, 0, 0, 0, 0, 0, 0
   \              000000000000
   \   00000060   536D61727400       DC8 "Smart"
   \   00000066   000000000000       DC8 0, 0, 0, 0, 0, 0, 0, 0, 0, 0, 0, 0, 0, 0, 0, 0
   \              000000000000
   \              00000000    
   \   00000076   000000000000       DC8 0, 0, 0, 0, 0, 0, 0, 0, 0, 0
   \              00000000    
     57          #else
     58          __root const CFG_CBOX_ITEM cfgcbox2[4] = {"Auto", "26", "104", "Smart"};
     59          #endif

   \                                 In segment CONFIG_C, align 4, align-sorted, root
     60          __root const CFG_HDR cfghdr_m60={CFG_LEVEL,"",0,0};
   \                     cfghdr_m60:
   \   00000000   09000000           DC32 9
   \   00000004   00                 DC8 ""
   \   00000005   000000000000       DC8 0, 0, 0, 0, 0, 0, 0, 0, 0, 0, 0, 0, 0, 0, 0, 0
   \              000000000000
   \              00000000    
   \   00000015   000000000000       DC8 0, 0, 0, 0, 0, 0, 0, 0, 0, 0, 0, 0, 0, 0, 0
   \              000000000000
   \              000000      
   \   00000024   000000000000       DC32 0, 0
   \              0000        
     61          

   \                                 In segment CONFIG_C, align 4, align-sorted, root
     62          __root const CFG_HDR cfghdr_m71={CFG_LEVEL,"Profile5",1,0};
   \                     cfghdr_m71:
   \   00000000   09000000           DC32 9
   \   00000004   50726F66696C       DC8 "Profile5"
   \              653500      
   \   0000000D   000000000000       DC8 0, 0, 0, 0, 0, 0, 0, 0, 0, 0, 0, 0, 0, 0, 0, 0, 0, 0, 0, 0, 0, 0, 0
   \              000000000000
   \              000000000000
   \              0000000000  
   \   00000024   010000000000       DC32 1, 0
   \              0000        

   \                                 In segment CONFIG_C, align 4, align-sorted, root
     63            __root const CFG_HDR cfghdr71_1 = {CFG_CBOX, "Mode", 0, 4};
   \                     cfghdr71_1:
   \   00000000   05000000           DC32 5
   \   00000004   4D6F646500         DC8 "Mode"
   \   00000009   000000000000       DC8 0, 0, 0, 0, 0, 0, 0, 0, 0, 0, 0, 0, 0, 0, 0, 0
   \              000000000000
   \              00000000    
   \   00000019   000000000000       DC8 0, 0, 0, 0, 0, 0, 0, 0, 0, 0, 0
   \              0000000000  
   \   00000024   000000000400       DC32 0, 4
   \              0000        

   \                                 In segment CONFIG_C, align 4, align-sorted, root
     64          __root const int Mode5 = 0;
   \                     Mode5:
   \   00000000   00000000           DC32 0
     65          #ifdef NEWSGOLD

   \                                 In segment CONFIG_C, align 4, align-sorted, root
     66          __root const CFG_CBOX_ITEM cfgcbox3[4] = {"Auto", "52", "208", "Smart"};
   \                     cfgcbox3:
   \   00000000   4175746F00         DC8 "Auto"
   \   00000005   000000000000       DC8 0, 0, 0, 0, 0, 0, 0, 0, 0, 0, 0, 0, 0, 0, 0, 0
   \              000000000000
   \              00000000    
   \   00000015   000000000000       DC8 0, 0, 0, 0, 0, 0, 0, 0, 0, 0, 0
   \              0000000000  
   \   00000020   353200             DC8 "52"
   \   00000023   000000000000       DC8 0, 0, 0, 0, 0, 0, 0, 0, 0, 0, 0, 0, 0, 0, 0, 0
   \              000000000000
   \              00000000    
   \   00000033   000000000000       DC8 0, 0, 0, 0, 0, 0, 0, 0, 0, 0, 0, 0, 0
   \              000000000000
   \              00          
   \   00000040   32303800           DC8 "208"
   \   00000044   000000000000       DC8 0, 0, 0, 0, 0, 0, 0, 0, 0, 0, 0, 0, 0, 0, 0, 0
   \              000000000000
   \              00000000    
   \   00000054   000000000000       DC8 0, 0, 0, 0, 0, 0, 0, 0, 0, 0, 0, 0
   \              000000000000
   \   00000060   536D61727400       DC8 "Smart"
   \   00000066   000000000000       DC8 0, 0, 0, 0, 0, 0, 0, 0, 0, 0, 0, 0, 0, 0, 0, 0
   \              000000000000
   \              00000000    
   \   00000076   000000000000       DC8 0, 0, 0, 0, 0, 0, 0, 0, 0, 0
   \              00000000    
     67          #else
     68          __root const CFG_CBOX_ITEM cfgcbox3[4] = {"Auto", "26", "104", "Smart"};
     69          #endif

   \                                 In segment CONFIG_C, align 4, align-sorted, root
     70          __root const CFG_HDR cfghdr_m70={CFG_LEVEL,"",0,0};
   \                     cfghdr_m70:
   \   00000000   09000000           DC32 9
   \   00000004   00                 DC8 ""
   \   00000005   000000000000       DC8 0, 0, 0, 0, 0, 0, 0, 0, 0, 0, 0, 0, 0, 0, 0, 0
   \              000000000000
   \              00000000    
   \   00000015   000000000000       DC8 0, 0, 0, 0, 0, 0, 0, 0, 0, 0, 0, 0, 0, 0, 0
   \              000000000000
   \              000000      
   \   00000024   000000000000       DC32 0, 0
   \              0000        
     71          

   \                                 In segment CONFIG_C, align 4, align-sorted, root
     72          __root const CFG_HDR cfghdr_m81={CFG_LEVEL,"Profile6",1,0};
   \                     cfghdr_m81:
   \   00000000   09000000           DC32 9
   \   00000004   50726F66696C       DC8 "Profile6"
   \              653600      
   \   0000000D   000000000000       DC8 0, 0, 0, 0, 0, 0, 0, 0, 0, 0, 0, 0, 0, 0, 0, 0, 0, 0, 0, 0, 0, 0, 0
   \              000000000000
   \              000000000000
   \              0000000000  
   \   00000024   010000000000       DC32 1, 0
   \              0000        

   \                                 In segment CONFIG_C, align 4, align-sorted, root
     73            __root const CFG_HDR cfghdr81_1 = {CFG_CBOX, "Mode", 0, 4};
   \                     cfghdr81_1:
   \   00000000   05000000           DC32 5
   \   00000004   4D6F646500         DC8 "Mode"
   \   00000009   000000000000       DC8 0, 0, 0, 0, 0, 0, 0, 0, 0, 0, 0, 0, 0, 0, 0, 0
   \              000000000000
   \              00000000    
   \   00000019   000000000000       DC8 0, 0, 0, 0, 0, 0, 0, 0, 0, 0, 0
   \              0000000000  
   \   00000024   000000000400       DC32 0, 4
   \              0000        

   \                                 In segment CONFIG_C, align 4, align-sorted, root
     74          __root const int Mode6 = 0;
   \                     Mode6:
   \   00000000   00000000           DC32 0
     75          #ifdef NEWSGOLD

   \                                 In segment CONFIG_C, align 4, align-sorted, root
     76          __root const CFG_CBOX_ITEM cfgcbox4[4] = {"Auto", "52", "208", "Smart"};
   \                     cfgcbox4:
   \   00000000   4175746F00         DC8 "Auto"
   \   00000005   000000000000       DC8 0, 0, 0, 0, 0, 0, 0, 0, 0, 0, 0, 0, 0, 0, 0, 0
   \              000000000000
   \              00000000    
   \   00000015   000000000000       DC8 0, 0, 0, 0, 0, 0, 0, 0, 0, 0, 0
   \              0000000000  
   \   00000020   353200             DC8 "52"
   \   00000023   000000000000       DC8 0, 0, 0, 0, 0, 0, 0, 0, 0, 0, 0, 0, 0, 0, 0, 0
   \              000000000000
   \              00000000    
   \   00000033   000000000000       DC8 0, 0, 0, 0, 0, 0, 0, 0, 0, 0, 0, 0, 0
   \              000000000000
   \              00          
   \   00000040   32303800           DC8 "208"
   \   00000044   000000000000       DC8 0, 0, 0, 0, 0, 0, 0, 0, 0, 0, 0, 0, 0, 0, 0, 0
   \              000000000000
   \              00000000    
   \   00000054   000000000000       DC8 0, 0, 0, 0, 0, 0, 0, 0, 0, 0, 0, 0
   \              000000000000
   \   00000060   536D61727400       DC8 "Smart"
   \   00000066   000000000000       DC8 0, 0, 0, 0, 0, 0, 0, 0, 0, 0, 0, 0, 0, 0, 0, 0
   \              000000000000
   \              00000000    
   \   00000076   000000000000       DC8 0, 0, 0, 0, 0, 0, 0, 0, 0, 0
   \              00000000    
     77          #else
     78          __root const CFG_CBOX_ITEM cfgcbox4[4] = {"Auto", "26", "104", "Smart"};
     79          #endif

   \                                 In segment CONFIG_C, align 4, align-sorted, root
     80          __root const CFG_HDR cfghdr_m80={CFG_LEVEL,"",0,0};
   \                     cfghdr_m80:
   \   00000000   09000000           DC32 9
   \   00000004   00                 DC8 ""
   \   00000005   000000000000       DC8 0, 0, 0, 0, 0, 0, 0, 0, 0, 0, 0, 0, 0, 0, 0, 0
   \              000000000000
   \              00000000    
   \   00000015   000000000000       DC8 0, 0, 0, 0, 0, 0, 0, 0, 0, 0, 0, 0, 0, 0, 0
   \              000000000000
   \              000000      
   \   00000024   000000000000       DC32 0, 0
   \              0000        
     81          

   \                                 In segment CONFIG_C, align 4, align-sorted, root
     82          __root const CFG_HDR cfghdr_m91={CFG_LEVEL,"Profile7",1,0};
   \                     cfghdr_m91:
   \   00000000   09000000           DC32 9
   \   00000004   50726F66696C       DC8 "Profile7"
   \              653700      
   \   0000000D   000000000000       DC8 0, 0, 0, 0, 0, 0, 0, 0, 0, 0, 0, 0, 0, 0, 0, 0, 0, 0, 0, 0, 0, 0, 0
   \              000000000000
   \              000000000000
   \              0000000000  
   \   00000024   010000000000       DC32 1, 0
   \              0000        

   \                                 In segment CONFIG_C, align 4, align-sorted, root
     83            __root const CFG_HDR cfghdr91_1 = {CFG_CBOX, "Mode", 0, 4};
   \                     cfghdr91_1:
   \   00000000   05000000           DC32 5
   \   00000004   4D6F646500         DC8 "Mode"
   \   00000009   000000000000       DC8 0, 0, 0, 0, 0, 0, 0, 0, 0, 0, 0, 0, 0, 0, 0, 0
   \              000000000000
   \              00000000    
   \   00000019   000000000000       DC8 0, 0, 0, 0, 0, 0, 0, 0, 0, 0, 0
   \              0000000000  
   \   00000024   000000000400       DC32 0, 4
   \              0000        

   \                                 In segment CONFIG_C, align 4, align-sorted, root
     84          __root const int Mode7 = 0;
   \                     Mode7:
   \   00000000   00000000           DC32 0
     85          #ifdef NEWSGOLD

   \                                 In segment CONFIG_C, align 4, align-sorted, root
     86          __root const CFG_CBOX_ITEM cfgcbox5[4] = {"Auto", "52", "208", "Smart"};
   \                     cfgcbox5:
   \   00000000   4175746F00         DC8 "Auto"
   \   00000005   000000000000       DC8 0, 0, 0, 0, 0, 0, 0, 0, 0, 0, 0, 0, 0, 0, 0, 0
   \              000000000000
   \              00000000    
   \   00000015   000000000000       DC8 0, 0, 0, 0, 0, 0, 0, 0, 0, 0, 0
   \              0000000000  
   \   00000020   353200             DC8 "52"
   \   00000023   000000000000       DC8 0, 0, 0, 0, 0, 0, 0, 0, 0, 0, 0, 0, 0, 0, 0, 0
   \              000000000000
   \              00000000    
   \   00000033   000000000000       DC8 0, 0, 0, 0, 0, 0, 0, 0, 0, 0, 0, 0, 0
   \              000000000000
   \              00          
   \   00000040   32303800           DC8 "208"
   \   00000044   000000000000       DC8 0, 0, 0, 0, 0, 0, 0, 0, 0, 0, 0, 0, 0, 0, 0, 0
   \              000000000000
   \              00000000    
   \   00000054   000000000000       DC8 0, 0, 0, 0, 0, 0, 0, 0, 0, 0, 0, 0
   \              000000000000
   \   00000060   536D61727400       DC8 "Smart"
   \   00000066   000000000000       DC8 0, 0, 0, 0, 0, 0, 0, 0, 0, 0, 0, 0, 0, 0, 0, 0
   \              000000000000
   \              00000000    
   \   00000076   000000000000       DC8 0, 0, 0, 0, 0, 0, 0, 0, 0, 0
   \              00000000    
     87          #else
     88          __root const CFG_CBOX_ITEM cfgcbox5[4] = {"Auto", "26", "104", "Smart"};
     89          #endif

   \                                 In segment CONFIG_C, align 4, align-sorted, root
     90          __root const CFG_HDR cfghdr_m90={CFG_LEVEL,"",0,0};
   \                     cfghdr_m90:
   \   00000000   09000000           DC32 9
   \   00000004   00                 DC8 ""
   \   00000005   000000000000       DC8 0, 0, 0, 0, 0, 0, 0, 0, 0, 0, 0, 0, 0, 0, 0, 0
   \              000000000000
   \              00000000    
   \   00000015   000000000000       DC8 0, 0, 0, 0, 0, 0, 0, 0, 0, 0, 0, 0, 0, 0, 0
   \              000000000000
   \              000000      
   \   00000024   000000000000       DC32 0, 0
   \              0000        
     91          

   \                                 In segment CONFIG_C, align 4, align-sorted, root
     92          __root const CFG_HDR cfghdr_m101={CFG_LEVEL,"Profile8",1,0};
   \                     cfghdr_m101:
   \   00000000   09000000           DC32 9
   \   00000004   50726F66696C       DC8 "Profile8"
   \              653800      
   \   0000000D   000000000000       DC8 0, 0, 0, 0, 0, 0, 0, 0, 0, 0, 0, 0, 0, 0, 0, 0, 0, 0, 0, 0, 0, 0, 0
   \              000000000000
   \              000000000000
   \              0000000000  
   \   00000024   010000000000       DC32 1, 0
   \              0000        

   \                                 In segment CONFIG_C, align 4, align-sorted, root
     93            __root const CFG_HDR cfghdr101_1 = {CFG_CBOX, "Mode", 0, 4};
   \                     cfghdr101_1:
   \   00000000   05000000           DC32 5
   \   00000004   4D6F646500         DC8 "Mode"
   \   00000009   000000000000       DC8 0, 0, 0, 0, 0, 0, 0, 0, 0, 0, 0, 0, 0, 0, 0, 0
   \              000000000000
   \              00000000    
   \   00000019   000000000000       DC8 0, 0, 0, 0, 0, 0, 0, 0, 0, 0, 0
   \              0000000000  
   \   00000024   000000000400       DC32 0, 4
   \              0000        

   \                                 In segment CONFIG_C, align 4, align-sorted, root
     94          __root const int Mode8 = 0;
   \                     Mode8:
   \   00000000   00000000           DC32 0
     95          #ifdef NEWSGOLD

   \                                 In segment CONFIG_C, align 4, align-sorted, root
     96          __root const CFG_CBOX_ITEM cfgcbox6[4] = {"Auto", "52", "208", "Smart"};
   \                     cfgcbox6:
   \   00000000   4175746F00         DC8 "Auto"
   \   00000005   000000000000       DC8 0, 0, 0, 0, 0, 0, 0, 0, 0, 0, 0, 0, 0, 0, 0, 0
   \              000000000000
   \              00000000    
   \   00000015   000000000000       DC8 0, 0, 0, 0, 0, 0, 0, 0, 0, 0, 0
   \              0000000000  
   \   00000020   353200             DC8 "52"
   \   00000023   000000000000       DC8 0, 0, 0, 0, 0, 0, 0, 0, 0, 0, 0, 0, 0, 0, 0, 0
   \              000000000000
   \              00000000    
   \   00000033   000000000000       DC8 0, 0, 0, 0, 0, 0, 0, 0, 0, 0, 0, 0, 0
   \              000000000000
   \              00          
   \   00000040   32303800           DC8 "208"
   \   00000044   000000000000       DC8 0, 0, 0, 0, 0, 0, 0, 0, 0, 0, 0, 0, 0, 0, 0, 0
   \              000000000000
   \              00000000    
   \   00000054   000000000000       DC8 0, 0, 0, 0, 0, 0, 0, 0, 0, 0, 0, 0
   \              000000000000
   \   00000060   536D61727400       DC8 "Smart"
   \   00000066   000000000000       DC8 0, 0, 0, 0, 0, 0, 0, 0, 0, 0, 0, 0, 0, 0, 0, 0
   \              000000000000
   \              00000000    
   \   00000076   000000000000       DC8 0, 0, 0, 0, 0, 0, 0, 0, 0, 0
   \              00000000    
     97          #else
     98          __root const CFG_CBOX_ITEM cfgcbox6[4] = {"Auto", "26", "104", "Smart"};
     99          #endif

   \                                 In segment CONFIG_C, align 4, align-sorted, root
    100          __root const CFG_HDR cfghdr_m100={CFG_LEVEL,"",0,0};
   \                     cfghdr_m100:
   \   00000000   09000000           DC32 9
   \   00000004   00                 DC8 ""
   \   00000005   000000000000       DC8 0, 0, 0, 0, 0, 0, 0, 0, 0, 0, 0, 0, 0, 0, 0, 0
   \              000000000000
   \              00000000    
   \   00000015   000000000000       DC8 0, 0, 0, 0, 0, 0, 0, 0, 0, 0, 0, 0, 0, 0, 0
   \              000000000000
   \              000000      
   \   00000024   000000000000       DC32 0, 0
   \              0000        


   Segment part sizes:

     Function/Label Bytes
     -------------- -----
     cfghdr0          44
     Welcome           4
     cfghdr_m11       44
     cfghdr11_1       44
     lowakku           4
     cfghdr_m10       44
     cfghdr_m21       44
     cfghdr21_1       44
     hiusg             4
     cfghdr21_2       44
     lousg             4
     cfghdr_m20       44
     cfghdr2          44
     global            4
     cfghdr_m31       44
     cfghdr31_1       44
     Mode1             4
     cfgcbox7        128
     cfghdr_m30       44
     cfghdr_m41       44
     cfghdr41_1       44
     Mode2             4
     cfgcbox0        128
     cfghdr_m40       44
     cfghdr_m51       44
     cfghdr51_1       44
     Mode3             4
     cfgcbox1        128
     cfghdr_m50       44
     cfghdr_m61       44
     cfghdr61_1       44
     Mode4             4
     cfgcbox2        128
     cfghdr_m60       44
     cfghdr_m71       44
     cfghdr71_1       44
     Mode5             4
     cfgcbox3        128
     cfghdr_m70       44
     cfghdr_m81       44
     cfghdr81_1       44
     Mode6             4
     cfgcbox4        128
     cfghdr_m80       44
     cfghdr_m91       44
     cfghdr91_1       44
     Mode7             4
     cfgcbox5        128
     cfghdr_m90       44
     cfghdr_m101      44
     cfghdr101_1      44
     Mode8             4
     cfgcbox6        128
     cfghdr_m100      44

 
 2 528 bytes in segment CONFIG_C
 
 2 528 bytes of CONST memory

Errors: none
Warnings: none
