###############################################################################
#                                                                             #
#     IAR Systems ARM Assembler V4.42A/W32 03/Jun/2011  00:51:20              #
#     Copyright 1999-2007 IAR Systems. All rights reserved.                   #
#                                                                             #
#           Source file   =  C:\arm\elfloader\rets_CX75sw13.asm               #
#           List file     =  C:\arm\elfloader\SK65sw50\List\rets_CX75sw13.lst #
#           Object file   =  C:\arm\elfloader\SK65sw50\Obj\rets_CX75sw13.r79  #
#           Command line  =  C:\arm\elfloader\rets_CX75sw13.asm               #
#                            -OC:\arm\elfloader\SK65sw50\Obj\ -s+ -M<> -w+    #
#                            -LC:\arm\elfloader\SK65sw50\List\ -cE -t8 --cpu  #
#                            ARM926EJ-S --fpu None                            #
#                            -IC:\arm2\Embedded Workbench 4.0 Evaluation\ARM\INC\ #
#                                                                             #
###############################################################################

    1    00000000                      RSEG    DATA_N
    2    00000000                      RSEG    SWILIB_FUNC1B8_1BB:CODE
    3    00000000                      EXTERN  EXT2_AREA
    4    00000000                      EXTERN  pngtop
    5    00000000                      EXTERN  pLIB_TOP
    6    00000000 ........             DCD     EXT2_AREA
    7    00000004 ........             DCD     pngtop
    8    00000008 ........             DCD     pLIB_TOP
    9    0000000C ........             DCD     SFE(DATA_N)
   10    00000010              
   11    00000010              
   16    00000010              
   17    00000000                      RSEG    CODE:CODE
   18    00000000                      
   19    00000000                      
   20    00000000                      PUBLIC  OldOnClose
   21    00000000              OldOnClose:
   22    00000000 EF782AA0             DCD     0xA02A78EE+1
   23    00000004                      
   24    00000000                      PUBLIC  OldOnCreate
   25    00000004              OldOnCreate:
   26    00000004 27772AA0             DCD     0xA02A7726+1
   27    00000008                      
   28    00000000                      PUBLIC  ESIOld
   29    00000008              ESIOld:
   30    00000008 9D32A8A0             DCD     0xA0A8329C+1
   31    0000000C                      
   32    00000000                      PUBLIC  PITgetN
   33    0000000C              PITgetN:
   34    0000000C 470080A0             DCD     0xA0800046+1
   35    00000010                      
   36    00000000                      PUBLIC  PITret
   37    00000010              PITret:
   38    00000010 5D0080A0             DCD     0xA080005C+1
   39    00000014                      
   40    00000000                      PUBLIC  KEYBret
   41    00000014              KEYBret:
   42    00000014 874F7FA0             DCD     0xA07F4F86+1  
   43    00000018                      
   44    00000000                      PUBLIC  KEYBfunc
   45    00000018              KEYBfunc:
   46    00000018 891F80A0             DCD     0xA0801F88+1          
   47    0000001C                      
   48    00000000                      PUBLIC  FReadOld
   49    0000001C              FReadOld:
   50    0000001C DCAE7CA0             DCD     0xA07CAEDC
   51    00000020                      
   52    00000000                      PUBLIC  FWriteOld
   53    00000020              FWriteOld:
   54    00000020 C4AF7CA0             DCD     0xA07CAFC4
   55    00000024                      
   56    00000024                      defadr  StoreErrInfoAndAbort,0xA07CBA70
   57    00000024                      defadr  StoreErrString,0xA07CB894
   58    00000024              
   59    00000024                      END
##############################
#          CRC:63DD          #
#        Errors:   0         #
#        Warnings: 0         #
#         Bytes: 52          #
##############################



