###############################################################################
#                                                                             #
#     IAR Systems ARM Assembler V4.42A/W32 03/Jun/2011  00:51:20              #
#     Copyright 1999-2007 IAR Systems. All rights reserved.                   #
#                                                                             #
#           Source file   =  C:\arm\elfloader\rets_C72v22.asm                 #
#           List file     =  C:\arm\elfloader\SK65sw50\List\rets_C72v22.lst   #
#           Object file   =  C:\arm\elfloader\SK65sw50\Obj\rets_C72v22.r79    #
#           Command line  =  C:\arm\elfloader\rets_C72v22.asm                 #
#                            -OC:\arm\elfloader\SK65sw50\Obj\ -s+ -M<> -w+    #
#                            -LC:\arm\elfloader\SK65sw50\List\ -cE -t8 --cpu  #
#                            ARM926EJ-S --fpu None                            #
#                            -IC:\arm2\Embedded Workbench 4.0 Evaluation\ARM\INC\ #
#                                                                             #
###############################################################################

    1    00000000                      RSEG    DATA_N
    2    00000000                      RSEG    SWILIB_FUNC1B8_1BB:CODE
    3    00000000                      EXTERN  EXT2_AREA
    4    00000000                      EXTERN  pngtop
    5    00000000                      EXTERN  pLIB_TOP
    6    00000000 ........             DCD     EXT2_AREA
    7    00000004 ........             DCD     pngtop
    8    00000008 ........             DCD     pLIB_TOP
    9    0000000C ........             DCD     SFE(DATA_N)
   10    00000010              
   15    00000010              
   16    00000000                      RSEG    CODE:CODE
   17    00000000                      
   18    00000000              
   19    00000000                      PUBLIC  OldOnClose
   20    00000000              OldOnClose:
   21    00000000 FF398CA0             DCD     0xA08C39FE+1
   22    00000004                      
   23    00000000                      PUBLIC  OldOnCreate
   24    00000004              OldOnCreate:
   25    00000004 C5378CA0             DCD     0xA08C37C4+1
   26    00000008                      
   27    00000000                      PUBLIC  ESIOld
   28    00000008              ESIOld:
   29    00000008 317856A1             DCD     0xA1567830+1
   30    0000000C                      
   31    00000000                      PUBLIC  PITgetN
   32    0000000C              PITgetN:
   33    0000000C 779BCCA0             DCD     0xA0CC9B76+1
   34    00000010                      
   35    00000000                      PUBLIC  PITret
   36    00000010              PITret:
   37    00000010 8D9BCCA0             DCD     0xA0CC9B8C+1
   38    00000014                      
   39    00000000                      PUBLIC  KEYBret
   40    00000014              KEYBret:
   41    00000014 8BEACBA0             DCD     0xA0CBEA8A+1  
   42    00000018                      
   43    00000000                      PUBLIC  KEYBfunc
   44    00000018              KEYBfunc:
   45    00000018 41ADCCA0             DCD     0xA0CCAD40+1          
   46    0000001C                      
   47    00000000                      PUBLIC  FReadOld
   48    0000001C              FReadOld:
   49    0000001C 80FE12A1             DCD     0xA112FE80
   50    00000020                      
   51    00000000                      PUBLIC  FWriteOld
   52    00000020              FWriteOld:
   53    00000020 68FF12A1             DCD     0xA112FF68
   54    00000024                      
   55    00000024                      defadr  StoreErrInfoAndAbort,0xA11309A8
   56    00000024                      defadr  StoreErrString,0xA11307CC
   57    00000024              
   58    00000024                      END
##############################
#           CRC:93           #
#        Errors:   0         #
#        Warnings: 0         #
#         Bytes: 52          #
##############################



