###############################################################################
#                                                                             #
#     IAR Systems ARM Assembler V4.42A/W32 03/Jun/2011  00:51:21              #
#     Copyright 1999-2007 IAR Systems. All rights reserved.                   #
#                                                                             #
#           Source file   =  C:\arm\elfloader\rets_SL75sw52.asm               #
#           List file     =  C:\arm\elfloader\SK65sw50\List\rets_SL75sw52.lst #
#           Object file   =  C:\arm\elfloader\SK65sw50\Obj\rets_SL75sw52.r79  #
#           Command line  =  C:\arm\elfloader\rets_SL75sw52.asm               #
#                            -OC:\arm\elfloader\SK65sw50\Obj\ -s+ -M<> -w+    #
#                            -LC:\arm\elfloader\SK65sw50\List\ -cE -t8 --cpu  #
#                            ARM926EJ-S --fpu None                            #
#                            -IC:\arm2\Embedded Workbench 4.0 Evaluation\ARM\INC\ #
#                                                                             #
###############################################################################

    1    00000000                      RSEG    DATA_N
    2    00000000                      RSEG    SWILIB_FUNC1B8_1BB:CODE
    3    00000000                      EXTERN  EXT2_AREA
    4    00000000                      EXTERN  pngtop
    5    00000000                      EXTERN  pLIB_TOP
    6    00000000 ........             DCD     EXT2_AREA
    7    00000004 ........             DCD     pngtop
    8    00000008 ........             DCD     pLIB_TOP
    9    0000000C ........             DCD     SFE(DATA_N)
   10    00000010              
   15    00000010              
   16    00000000                      RSEG    CODE:CODE
   17    00000000              
   18    00000000                      PUBLIC  OldOnClose
   19    00000000              OldOnClose:
   20    00000000 9DCF2FA0             DCD     0xA02FCF9C+1  
   21    00000004                      
   22    00000000                      PUBLIC  OldOnCreate
   23    00000004              OldOnCreate:
   24    00000004 61CD2FA0             DCD     0xA02FCD60+1 
   25    00000008                      
   26    00000000                      PUBLIC  OldShowMsg
   27    00000008              OldShowMsg:
   28    00000008 F3A697A0             DCD     0xA097A6F2+1
   29    0000000C                      
   30    00000000                      PUBLIC  PITgetN
   31    0000000C              PITgetN:
   32    0000000C 40BCA2A0             DCD     0xA0A2BC40
   33    00000010                      
   34    00000000                      PUBLIC  PITret
   35    00000010              PITret:
   36    00000010 938B97A0             DCD     0xA0978B92+1
   37    00000014              
   38    00000014              
   39    00000014                      defadr  StoreErrInfoAndAbort,0xA01CEE50
   40    00000014                      defadr  StoreErrString,0xA01CED1C
   41    00000014              
   42    00000014                      END
##############################
#          CRC:4B9A          #
#        Errors:   0         #
#        Warnings: 0         #
#         Bytes: 36          #
##############################



