###############################################################################
#                                                                             #
#     IAR Systems ARM Assembler V4.42A/W32 03/Jun/2011  00:51:20              #
#     Copyright 1999-2007 IAR Systems. All rights reserved.                   #
#                                                                             #
#           Source file   =  C:\arm\elfloader\rets_C81sw51.asm                #
#           List file     =  C:\arm\elfloader\SK65sw50\List\rets_C81sw51.lst  #
#           Object file   =  C:\arm\elfloader\SK65sw50\Obj\rets_C81sw51.r79   #
#           Command line  =  C:\arm\elfloader\rets_C81sw51.asm                #
#                            -OC:\arm\elfloader\SK65sw50\Obj\ -s+ -M<> -w+    #
#                            -LC:\arm\elfloader\SK65sw50\List\ -cE -t8 --cpu  #
#                            ARM926EJ-S --fpu None                            #
#                            -IC:\arm2\Embedded Workbench 4.0 Evaluation\ARM\INC\ #
#                                                                             #
###############################################################################

    1    00000000              //C81v51
    2    00000000                      RSEG    DATA_N
    3    00000000                      RSEG    SWILIB_FUNC1B8_1BB:CODE
    4    00000000                      EXTERN  EXT2_AREA
    5    00000000                      EXTERN  pngtop
    6    00000000                      EXTERN  pLIB_TOP
    7    00000000 ........             DCD     EXT2_AREA
    8    00000004 ........             DCD     pngtop
    9    00000008 ........             DCD     pLIB_TOP
   10    0000000C ........             DCD     SFE(DATA_N)
   11    00000010              
   16    00000010              
   17    00000000                      RSEG    CODE:CODE
   18    00000000                      
   19    00000000              
   20    00000000                      PUBLIC  OldOnClose
   21    00000000              OldOnClose:
   22    00000000 EFFC2FA0             DCD     0xA02FFCEE+1
   23    00000004                      
   24    00000000                      PUBLIC  OldOnCreate
   25    00000004              OldOnCreate:
   26    00000004 D5FA2FA0             DCD     0xA02FFAD4+1
   27    00000008                      
   28    00000000                      PUBLIC  OldShowMsg
   29    00000008              OldShowMsg:
   30    00000008 C7D596A0             DCD     0xA096D5C6+1
   31    0000000C                      
   32    00000000                      PUBLIC  PITgetN
   33    0000000C              PITgetN:
   34    0000000C A850A2A0             DCD     0xA0A250A8
   35    00000010                      
   36    00000000                      PUBLIC  PITret
   37    00000010              PITret:
   38    00000010 67BA96A0             DCD     0xA096BA66+1
   39    00000014              
   40    00000014              
   41    00000014                      defadr  StoreErrInfoAndAbort,0xA01CE3F8
   42    00000014                      defadr  StoreErrString,0xA01CE2C0
   43    00000014              
   44    00000014              
   45    00000014                      END
##############################
#          CRC:424           #
#        Errors:   0         #
#        Warnings: 0         #
#         Bytes: 36          #
##############################



