###############################################################################
#                                                                             #
#     IAR Systems ARM Assembler V4.42A/W32 01/Feb/2010  18:13:37              #
#     Copyright 1999-2007 IAR Systems. All rights reserved.                   #
#                                                                             #
#           Source file   =  C:\arm\elfloader\IMB.asm                         #
#           List file     =  C:\arm\elfloader\M75sw25\List\IMB.lst            #
#           Object file   =  C:\arm\elfloader\M75sw25\Obj\IMB.r79             #
#           Command line  =  C:\arm\elfloader\IMB.asm                         #
#                            -OC:\arm\elfloader\M75sw25\Obj\ -s+ -M<> -w+     #
#                            -LC:\arm\elfloader\M75sw25\List\ -cE -t8 --cpu   #
#                            ARM926EJ-S --fpu None                            #
#                            -IC:\arm2\Embedded Workbench 4.0 Evaluation\ARM\INC\ #
#                                                                             #
###############################################################################

    1    00000000                      RSEG    CODE:CODE(2)
    2    00000000              
    3    00000000                      PUBLIC  ExecuteIMB
    4    00000000              
    5    00000000              ExecuteIMB:
    6    00000000 04E02DE5             STR     LR,[SP, #-4]!
    7    00000004 00200FE1             MRS     R2,CPSR
    8    00000008                      #ifdef NEWSGOLD
   10    00000008                      #else
   11    00000008 000000EF             SWI     0               ; Переключаемся
                                                                в системный
                                                                режим
   12    0000000C                      #endif
   13    0000000C 00100FE1             MRS     R1,CPSR         ; Запрещаем
                                                                прерывания
   14    00000010 C01081E3             ORR     R1,R1,#0xC0
   15    00000014 01F021E1             MSR     CPSR_c,R1
   16    00000018 0000A0E1             NOP
   17    0000001C 0000A0E1             NOP
   18    00000020 0000A0E1             NOP
   19    00000024              ;Выполняем необходимую требуху с кешем
   20    00000024              clean_loop:
   21    00000024 7AFF17EE             MRC     p15, 0, r15, c7, c10, 3 ; clean
                                                     entire dcache using test
                                                     and clean
   22    00000028 0000A0E1             NOP
   23    0000002C 0000A0E1             NOP
   24    00000030 0000A0E1             NOP
   25    00000034 FAFFFF1A             BNE     clean_loop
   26    00000038 0000A0E3             MOV     R0,#0
   27    0000003C 9A0F07EE             MCR     p15, 0, r0, c7, c10, 4 ; drain
                                                     write buffer
   28    00000040 0000A0E1             NOP
   29    00000044 0000A0E1             NOP
   30    00000048 0000A0E1             NOP
   31    0000004C 0000A0E1             NOP
   32    00000050 150F07EE             MCR     p15, 0, r0, c7, c5, 0 ;
                                                     invalidate icache
   33    00000054 0000A0E1             NOP
   34    00000058 0000A0E1             NOP
   35    0000005C 0000A0E1             NOP
   36    00000060 0000A0E1             NOP
   37    00000064              ;Выходим
   38    00000064 02F021E1             MSR     CPSR_c,R2       ; Восстанавливае
                                                               м старый
                                                                режим
   39    00000068 04F09DE4             LDR     PC,[SP], #+0x4
   40    0000006C                      
   41    0000006C                      END
##############################
#          CRC:CA2E          #
#        Errors:   0         #
#        Warnings: 0         #
#         Bytes: 108         #
##############################



