###############################################################################
#                                                                             #
#     IAR Systems ARM Assembler V4.42A/W32 30/Jun/2010  14:35:45              #
#     Copyright 1999-2007 IAR Systems. All rights reserved.                   #
#                                                                             #
#           Source file   =  C:\arm\elfloader\rets_E71sw45.asm                #
#           List file     =  C:\arm\elfloader\cf75sw23\List\rets_E71sw45.lst  #
#           Object file   =  C:\arm\elfloader\cf75sw23\Obj\rets_E71sw45.r79   #
#           Command line  =  C:\arm\elfloader\rets_E71sw45.asm                #
#                            -OC:\arm\elfloader\cf75sw23\Obj\ -s+ -M<> -w+    #
#                            -LC:\arm\elfloader\cf75sw23\List\ -cE -t8 --cpu  #
#                            ARM926EJ-S --fpu None                            #
#                            -IC:\arm2\Embedded Workbench 4.0 Evaluation\ARM\INC\ #
#                                                                             #
###############################################################################

    1    00000000                      RSEG    DATA_N
    2    00000000                      RSEG    SWILIB_FUNC1B8_1BB:CODE
    3    00000000                      EXTERN  EXT2_AREA
    4    00000000                      EXTERN  pngtop
    5    00000000                      EXTERN  pLIB_TOP
    6    00000000 ........             DCD     EXT2_AREA
    7    00000004 ........             DCD     pngtop
    8    00000008 ........             DCD     pLIB_TOP
    9    0000000C ........             DCD     SFE(DATA_N)
   10    00000010              
   15    00000010              
   16    00000000                      RSEG    CODE:CODE
   17    00000000              
   18    00000000                     
   19    00000000              #ifdef NEWSGOLD
   20    00000000              #ifdef  ELKA
   47    00000000              #else
   73    00000000              #endif
   74    00000000              #else
   75    00000000                      
   76    00000000                      PUBLIC  OldOnClose
   77    00000000              OldOnClose:
   78    00000000 F14371A1             DCD     0xA17143F0+1
   79    00000004                      
   80    00000000                      PUBLIC  OldOnCreate
   81    00000004              OldOnCreate:
   82    00000004 2D4271A1             DCD     0xA171422C+1
   83    00000008                      
   84    00000000                      PUBLIC  ESIOld
   85    00000008              ESIOld:
   86    00000008 4D9B55A1             DCD     0xA1559B4C+1
   87    0000000C                      
   88    00000000                      PUBLIC  PITgetN
   89    0000000C              PITgetN:
   90    0000000C A775CBA0             DCD     0xA0CB75A6+1
   91    00000010                      
   92    00000000                      PUBLIC  PITret
   93    00000010              PITret:
   94    00000010 BD75CBA0             DCD     0xA0CB75BC+1
   95    00000014                      
   96    00000000                      PUBLIC  KEYBret
   97    00000014              KEYBret:
   98    00000014 2F60CBA0             DCD     0xA0CB602E+1  
   99    00000018                      
  100    00000000                      PUBLIC  FReadOld
  101    00000018              FReadOld:
  102    00000018 64B313A1             DCD     0xA113B364
  103    0000001C                      
  104    00000000                      PUBLIC  FWriteOld
  105    0000001C              FWriteOld:
  106    0000001C 4CB413A1             DCD     0xA113B44C       
  107    00000020                      
  108    00000020                      defadr  StoreErrInfoAndAbort,0xA113BE98
  109    00000020                      defadr  StoreErrString,0xA113BCBC
  110    00000020              
  111    00000020              #endif
  112    00000020              
  113    00000020                      END
##############################
#          CRC:9F9F          #
#        Errors:   0         #
#        Warnings: 0         #
#         Bytes: 48          #
##############################



