##############################################################################
#                                                                            #
# IAR ARM ANSI C/C++ Compiler V4.42A/W32 EVALUATION    02/Dec/2008  15:15:20 #
# Copyright 1999-2005 IAR Systems. All rights reserved.                      #
#                                                                            #
#    Cpu mode        =  interwork                                            #
#    Endian          =  little                                               #
#    Stack alignment =  4                                                    #
#    Source file     =  D:\Pasha\elf\SVN2\SndDemon\config_data.c             #
#    Command line    =  D:\Pasha\elf\SVN2\SndDemon\config_data.c -D ELKA -D  #
#                       NEWSGOLD -lC D:\Pasha\elf\SVN2\SndDemon\Release_ELKA #
#                       \List\ -o D:\Pasha\elf\SVN2\SndDemon\Release_ELKA\Ob #
#                       j\ -s9 --cpu_mode arm --endian little --cpu          #
#                       ARM7TDMI --stack_align 4 --interwork -e --fpu None   #
#                       --dlib_config "D:\Pasha\Embedded Workbench 4.0       #
#                       Evaluation2\ARM\LIB\dl4tpainl8n.h" --segment         #
#                       code=CONFIG --segment data=CONFIG -I                 #
#                       "D:\Pasha\Embedded Workbench 4.0                     #
#                       Evaluation2\ARM\INC\" --inline_threshold=2           #
#    List file       =  D:\Pasha\elf\SVN2\SndDemon\Release_ELKA\List\config_ #
#                       data.lst                                             #
#    Object file     =  D:\Pasha\elf\SVN2\SndDemon\Release_ELKA\Obj\config_d #
#                       ata.r79                                              #
#                                                                            #
#                                                                            #
##############################################################################

D:\Pasha\elf\SVN2\SndDemon\config_data.c
      1          #pragma segment="CONFIG_C"
      2          #include "..\inc\cfg_items.h"
      3          #include "..\inc\swilib.h"
      4          //Конфигурация
      5          
      6          //#define ELKA
      7          
      8          

   \                                 In segment CONFIG_C, align 4, align-sorted, root
      9          __root const CFG_HDR ch0={CFG_CHECKBOX,"Enable TalkKeyboard",0,2};
   \                     ch0:
   \   00000000   0B000000           DC32 11
   \   00000004   456E61626C65       DC8 "Enable TalkKeyboard"
   \              2054616C6B4B
   \              6579626F6172
   \              6400        
   \   00000018   000000000000       DC8 0, 0, 0, 0, 0, 0, 0, 0, 0, 0, 0, 0
   \              000000000000
   \   00000024   000000000200       DC32 0, 2
   \              0000        

   \                                 In segment CONFIG_C, align 4, align-sorted, root
     10          __root const unsigned int spc_keyvol=1;
   \                     spc_keyvol:
   \   00000000   01000000           DC32 1
     11          
     12          

   \                                 In segment CONFIG_C, align 4, align-sorted, root
     13          __root const CFG_HDR ch27={CFG_CHECKBOX,"Enable talk about net",0,2};
   \                     ch27:
   \   00000000   0B000000           DC32 11
   \   00000004   456E61626C65       DC8 "Enable talk about net"
   \              2074616C6B20
   \              61626F757420
   \              6E657400    
   \   0000001A   000000000000       DC8 0, 0, 0, 0, 0, 0, 0, 0, 0, 0
   \              00000000    
   \   00000024   000000000200       DC32 0, 2
   \              0000        

   \                                 In segment CONFIG_C, align 4, align-sorted, root
     14          __root const unsigned int spc_net=1;
   \                     spc_net:
   \   00000000   01000000           DC32 1
     15          
     16          
     17          
     18          

   \                                 In segment CONFIG_C, align 4, align-sorted, root
     19          __root const CFG_HDR ch3={CFG_UINT,"Speech when power lower: (0-off)",0,100};
   \                     ch3:
   \   00000000   01000000           DC32 1
   \   00000004   537065656368       DC8 53H, 70H, 65H, 65H, 63H, 68H, 20H, 77H
   \              2077        
   \   0000000C   68656E20706F       DC8 68H, 65H, 6EH, 20H, 70H, 6FH, 77H, 65H
   \              7765        
   \   00000014   72206C6F7765       DC8 72H, 20H, 6CH, 6FH, 77H, 65H, 72H, 3AH
   \              723A        
   \   0000001C   2028302D6F66       DC8 20H, 28H, 30H, 2DH, 6FH, 66H, 66H, 29H
   \              6629        
   \   00000024   000000006400       DC32 0, 100
   \              0000        

   \                                 In segment CONFIG_C, align 4, align-sorted, root
     20          __root const unsigned int spc_level=100;
   \                     spc_level:
   \   00000000   64000000           DC32 100
     21          

   \                                 In segment CONFIG_C, align 4, align-sorted, root
     22          __root const CFG_HDR cl9={CFG_LEVEL,"Talk time setup",1,0};
   \                     cl9:
   \   00000000   09000000           DC32 9
   \   00000004   54616C6B2074       DC8 "Talk time setup"
   \              696D65207365
   \              74757000    
   \   00000014   000000000000       DC8 0, 0, 0, 0, 0, 0, 0, 0, 0, 0, 0, 0, 0, 0, 0, 0
   \              000000000000
   \              00000000    
   \   00000024   010000000000       DC32 1, 0
   \              0000        
     23          

   \                                 In segment CONFIG_C, align 4, align-sorted, root
     24          __root const CFG_HDR ch12={CFG_CHECKBOX,"Don't say zero minutes",0,2};
   \                     ch12:
   \   00000000   0B000000           DC32 11
   \   00000004   446F6E277420       DC8 "Don't say zero minutes"
   \              736179207A65
   \              726F206D696E
   \              7574657300  
   \   0000001B   000000000000       DC8 0, 0, 0, 0, 0, 0, 0, 0, 0
   \              000000      
   \   00000024   000000000200       DC32 0, 2
   \              0000        

   \                                 In segment CONFIG_C, align 4, align-sorted, root
     25          __root const unsigned int spc_min=0;
   \                     spc_min:
   \   00000000   00000000           DC32 0
     26          

   \                                 In segment CONFIG_C, align 4, align-sorted, root
     27          __root const CFG_HDR ch2={CFG_CHECKBOX,"Enable Talk Every Hour",0,2};
   \                     ch2:
   \   00000000   0B000000           DC32 11
   \   00000004   456E61626C65       DC8 "Enable Talk Every Hour"
   \              2054616C6B20
   \              457665727920
   \              486F757200  
   \   0000001B   000000000000       DC8 0, 0, 0, 0, 0, 0, 0, 0, 0
   \              000000      
   \   00000024   000000000200       DC32 0, 2
   \              0000        

   \                                 In segment CONFIG_C, align 4, align-sorted, root
     28          __root const unsigned int spc_kukvol=1;
   \                     spc_kukvol:
   \   00000000   01000000           DC32 1
     29          
     30          

   \                                 In segment CONFIG_C, align 4, align-sorted, root
     31          __root const CFG_HDR ch19={CFG_CHECKBOX,"Enable Talk in locked",0,2};
   \                     ch19:
   \   00000000   0B000000           DC32 11
   \   00000004   456E61626C65       DC8 "Enable Talk in locked"
   \              2054616C6B20
   \              696E206C6F63
   \              6B656400    
   \   0000001A   000000000000       DC8 0, 0, 0, 0, 0, 0, 0, 0, 0, 0
   \              00000000    
   \   00000024   000000000200       DC32 0, 2
   \              0000        

   \                                 In segment CONFIG_C, align 4, align-sorted, root
     32          __root const unsigned int spc_kukloc=1;
   \                     spc_kukloc:
   \   00000000   01000000           DC32 1
     33          
     34          
     35          

   \                                 In segment CONFIG_C, align 4, align-sorted, root
     36          __root const CFG_HDR ch20={CFG_UINT,"Key to speech in unlock ",0,256};
   \                     ch20:
   \   00000000   01000000           DC32 1
   \   00000004   4B657920746F       DC8 "Key to speech in unlock "
   \              207370656563
   \              6820696E2075
   \              6E6C6F636B20
   \              00          
   \   0000001D   000000000000       DC8 0, 0, 0, 0, 0, 0, 0
   \              00          
   \   00000024   000000000001       DC32 0, 256
   \              0000        

   \                                 In segment CONFIG_C, align 4, align-sorted, root
     37          __root const unsigned int spc_kukkey=UP_BUTTON;
   \                     spc_kukkey:
   \   00000000   3B000000           DC32 59
     38          
     39          

   \                                 In segment CONFIG_C, align 4, align-sorted, root
     40          __root const CFG_HDR _l9={CFG_LEVEL,"",0,0};
   \                     _l9:
   \   00000000   09000000           DC32 9
   \   00000004   00                 DC8 ""
   \   00000005   000000000000       DC8 0, 0, 0, 0, 0, 0, 0, 0, 0, 0, 0, 0, 0, 0, 0, 0
   \              000000000000
   \              00000000    
   \   00000015   000000000000       DC8 0, 0, 0, 0, 0, 0, 0, 0, 0, 0, 0, 0, 0, 0, 0
   \              000000000000
   \              000000      
   \   00000024   000000000000       DC32 0, 0
   \              0000        
     41          
     42          
     43          
     44          
     45          #ifdef NEWSGOLD
     46          

   \                                 In segment CONFIG_C, align 4, align-sorted, root
     47          __root const CFG_HDR ch4={CFG_UINT,"Volume:(8-auto,7/9-vl.prof-/+1)",0,9};
   \                     ch4:
   \   00000000   01000000           DC32 1
   \   00000004   566F6C756D65       DC8 "Volume:(8-auto,7/9-vl.prof-/+1)"
   \              3A28382D6175
   \              746F2C372F39
   \              2D766C2E7072
   \              6F662D2F2B31
   \              2900        
   \   00000024   000000000900       DC32 0, 9
   \              0000        

   \                                 In segment CONFIG_C, align 4, align-sorted, root
     48          __root const unsigned int spc_vol=7;
   \                     spc_vol:
   \   00000000   07000000           DC32 7
     49          

   \                                 In segment CONFIG_C, align 4, align-sorted, root
     50          __root const CFG_HDR ch28={CFG_CHECKBOX,"Disable talk when player plaing",0,2};
   \                     ch28:
   \   00000000   0B000000           DC32 11
   \   00000004   44697361626C       DC8 "Disable talk when player plaing"
   \              652074616C6B
   \              207768656E20
   \              706C61796572
   \              20706C61696E
   \              6700        
   \   00000024   000000000200       DC32 0, 2
   \              0000        
     51          #ifdef ELKA

   \                                 In segment CONFIG_C, align 4, align-sorted, root
     52          __root const unsigned int spc_ign=0;
   \                     spc_ign:
   \   00000000   00000000           DC32 0
     53          #else
     54          __root const unsigned int spc_ign=1;
     55          #endif
     56          
     57          
     58          
     59          
     60          #else
     61          __root const CFG_HDR ch4={CFG_UINT,"Volume:",0,6};
     62          __root const unsigned int spc_vol=3;
     63          #endif
     64          
     65          
     66          
     67          

   \                                 In segment CONFIG_C, align 4, align-sorted, root
     68          __root const CFG_HDR ch5={CFG_UINT,"Moorning:",0,24};
   \                     ch5:
   \   00000000   01000000           DC32 1
   \   00000004   4D6F6F726E69       DC8 "Moorning:"
   \              6E673A00    
   \   0000000E   000000000000       DC8 0, 0, 0, 0, 0, 0, 0, 0, 0, 0, 0, 0, 0, 0, 0, 0, 0, 0, 0, 0, 0, 0
   \              000000000000
   \              000000000000
   \              00000000    
   \   00000024   000000001800       DC32 0, 24
   \              0000        

   \                                 In segment CONFIG_C, align 4, align-sorted, root
     69          __root const unsigned int spc_mn=8;
   \                     spc_mn:
   \   00000000   08000000           DC32 8
     70          

   \                                 In segment CONFIG_C, align 4, align-sorted, root
     71          __root const CFG_HDR ch6={CFG_UINT,"Evening:",0,24};
   \                     ch6:
   \   00000000   01000000           DC32 1
   \   00000004   4576656E696E       DC8 "Evening:"
   \              673A00      
   \   0000000D   000000000000       DC8 0, 0, 0, 0, 0, 0, 0, 0, 0, 0, 0, 0, 0, 0, 0, 0, 0, 0, 0, 0, 0, 0, 0
   \              000000000000
   \              000000000000
   \              0000000000  
   \   00000024   000000001800       DC32 0, 24
   \              0000        

   \                                 In segment CONFIG_C, align 4, align-sorted, root
     72          __root const unsigned int spc_en=23;
   \                     spc_en:
   \   00000000   17000000           DC32 23

   \                                 In segment CONFIG_C, align 4, align-sorted, root
     73          __root const CFG_HDR _l1={CFG_LEVEL,"",0,0};
   \                     _l1:
   \   00000000   09000000           DC32 9
   \   00000004   00                 DC8 ""
   \   00000005   000000000000       DC8 0, 0, 0, 0, 0, 0, 0, 0, 0, 0, 0, 0, 0, 0, 0, 0
   \              000000000000
   \              00000000    
   \   00000015   000000000000       DC8 0, 0, 0, 0, 0, 0, 0, 0, 0, 0, 0, 0, 0, 0, 0
   \              000000000000
   \              000000      
   \   00000024   000000000000       DC32 0, 0
   \              0000        
     74          
     75          
     76          
     77          #ifndef NOHEADSET

   \                                 In segment CONFIG_C, align 4, align-sorted, root
     78          __root const CFG_HDR cl3={CFG_LEVEL,"Headset setup",1,0};
   \                     cl3:
   \   00000000   09000000           DC32 9
   \   00000004   486561647365       DC8 "Headset setup"
   \              742073657475
   \              7000        
   \   00000012   000000000000       DC8 0, 0, 0, 0, 0, 0, 0, 0, 0, 0, 0, 0, 0, 0, 0, 0, 0, 0
   \              000000000000
   \              000000000000
   \   00000024   010000000000       DC32 1, 0
   \              0000        
     79          

   \                                 In segment CONFIG_C, align 4, align-sorted, root
     80          __root const CFG_HDR ch37={CFG_CHECKBOX,"Pause/exit on Headset disconnect",0,2};
   \                     ch37:
   \   00000000   0B000000           DC32 11
   \   00000004   50617573652F       DC8 50H, 61H, 75H, 73H, 65H, 2FH, 65H, 78H
   \              6578        
   \   0000000C   6974206F6E20       DC8 69H, 74H, 20H, 6FH, 6EH, 20H, 48H, 65H
   \              4865        
   \   00000014   616473657420       DC8 61H, 64H, 73H, 65H, 74H, 20H, 64H, 69H
   \              6469        
   \   0000001C   73636F6E6E65       DC8 73H, 63H, 6FH, 6EH, 6EH, 65H, 63H, 74H
   \              6374        
   \   00000024   000000000200       DC32 0, 2
   \              0000        

   \                                 In segment CONFIG_C, align 4, align-sorted, root
     81          __root const unsigned int exitOnHeadDisc=0;
   \                     exitOnHeadDisc:
   \   00000000   00000000           DC32 0
     82          
     83          

   \                                 In segment CONFIG_C, align 4, align-sorted, root
     84          __root const CFG_HDR ch8={CFG_CBOX,"Keyboard State",0,3};
   \                     ch8:
   \   00000000   05000000           DC32 5
   \   00000004   4B6579626F61       DC8 "Keyboard State"
   \              726420537461
   \              746500      
   \   00000013   000000000000       DC8 0, 0, 0, 0, 0, 0, 0, 0, 0, 0, 0, 0, 0, 0, 0, 0, 0
   \              000000000000
   \              0000000000  
   \   00000024   000000000300       DC32 0, 3
   \              0000        

   \                                 In segment CONFIG_C, align 4, align-sorted, root
     85          __root const unsigned int keyb_state=2;
   \                     keyb_state:
   \   00000000   02000000           DC32 2

   \                                 In segment CONFIG_C, align 4, align-sorted, root
     86          __root const CFG_CBOX_ITEM cb8[3]={"Only lock","Only unlock","Ignore"};
   \                     cb8:
   \   00000000   4F6E6C79206C       DC8 "Only lock"
   \              6F636B00    
   \   0000000A   000000000000       DC8 0, 0, 0, 0, 0, 0, 0, 0, 0, 0, 0, 0, 0, 0, 0, 0, 0, 0, 0, 0, 0, 0
   \              000000000000
   \              000000000000
   \              00000000    
   \   00000020   4F6E6C792075       DC8 "Only unlock"
   \              6E6C6F636B00
   \   0000002C   000000000000       DC8 0, 0, 0, 0, 0, 0, 0, 0, 0, 0, 0, 0, 0, 0, 0, 0, 0, 0, 0, 0
   \              000000000000
   \              000000000000
   \              0000        
   \   00000040   49676E6F7265       DC8 "Ignore"
   \              00          
   \   00000047   000000000000       DC8 0, 0, 0, 0, 0, 0, 0, 0, 0, 0, 0, 0, 0, 0, 0, 0
   \              000000000000
   \              00000000    
   \   00000057   000000000000       DC8 0, 0, 0, 0, 0, 0, 0, 0, 0
   \              000000      
     87          

   \                                 In segment CONFIG_C, align 4, align-sorted, root
     88          __root const CFG_HDR ch9={CFG_UINT,"Critical battery power",0,100};
   \                     ch9:
   \   00000000   01000000           DC32 1
   \   00000004   437269746963       DC8 "Critical battery power"
   \              616C20626174
   \              746572792070
   \              6F77657200  
   \   0000001B   000000000000       DC8 0, 0, 0, 0, 0, 0, 0, 0, 0
   \              000000      
   \   00000024   000000006400       DC32 0, 100
   \              0000        

   \                                 In segment CONFIG_C, align 4, align-sorted, root
     89          __root const unsigned int batt_level=0;
   \                     batt_level:
   \   00000000   00000000           DC32 0
     90          
     91          #ifdef NEWSGOLD
     92          #ifndef ELKA
     93          __root const CFG_HDR ch18={CFG_CHECKBOX,"Kill player on Incoming cals",0,2};
     94          __root const unsigned int killPlr=1;
     95          #endif
     96          #endif
     97          
     98          //__root const CFG_HDR ch17={CFG_CBOX,"Enable RamMediaIsPlaying",0,2};
     99          //__root const unsigned int allow_rmp=1;
    100          //__root const CFG_CBOX_ITEM cb17[2]={"No","Yes"};
    101          

   \                                 In segment CONFIG_C, align 4, align-sorted, root
    102          __root const CFG_HDR _l3={CFG_LEVEL,"",0,0};
   \                     _l3:
   \   00000000   09000000           DC32 9
   \   00000004   00                 DC8 ""
   \   00000005   000000000000       DC8 0, 0, 0, 0, 0, 0, 0, 0, 0, 0, 0, 0, 0, 0, 0, 0
   \              000000000000
   \              00000000    
   \   00000015   000000000000       DC8 0, 0, 0, 0, 0, 0, 0, 0, 0, 0, 0, 0, 0, 0, 0
   \              000000000000
   \              000000      
   \   00000024   000000000000       DC32 0, 0
   \              0000        
    103          

   \                                 In segment CONFIG_C, align 4, align-sorted, root
    104          __root const CFG_HDR cl4={CFG_LEVEL,"ID3 Tags setup",1,0};
   \                     cl4:
   \   00000000   09000000           DC32 9
   \   00000004   494433205461       DC8 "ID3 Tags setup"
   \              677320736574
   \              757000      
   \   00000013   000000000000       DC8 0, 0, 0, 0, 0, 0, 0, 0, 0, 0, 0, 0, 0, 0, 0, 0, 0
   \              000000000000
   \              0000000000  
   \   00000024   010000000000       DC32 1, 0
   \              0000        

   \                                 In segment CONFIG_C, align 4, align-sorted, root
    105          __root const CFG_HDR c9 = {CFG_STR_WIN1251,"Mediaplayer CSM (0-off)",1,8};
   \                     `c9`:
   \   00000000   04000000           DC32 4
   \   00000004   4D6564696170       DC8 "Mediaplayer CSM (0-off)"
   \              6C6179657220
   \              43534D202830
   \              2D6F66662900
   \   0000001C   000000000000       DC8 0, 0, 0, 0, 0, 0, 0, 0
   \              0000        
   \   00000024   010000000800       DC32 1, 8
   \              0000        
    106          #ifdef ELKA

   \                                 In segment CONFIG_C, align 4, align-sorted, root
    107          __root const char CsmAdr[9]="A087B454"; //for el71v45
   \                     CsmAdr:
   \   00000000   413038374234       DC8 "A087B454"
   \              353400      
   \   00000009   000000             DC8 0, 0, 0
    108          #else
    109          __root const char CsmAdr[9]="A068E244"; //for s75v47
    110          #endif
    111          
    112          
    113          

   \                                 In segment CONFIG_C, align 4, align-sorted, root
    114          __root const CFG_HDR c15={CFG_RECT,"Rect of ID3",0,0};
   \                     `c15`:
   \   00000000   0E000000           DC32 14
   \   00000004   52656374206F       DC8 "Rect of ID3"
   \              662049443300
   \   00000010   000000000000       DC8 0, 0, 0, 0, 0, 0, 0, 0, 0, 0, 0, 0, 0, 0, 0, 0, 0, 0, 0, 0
   \              000000000000
   \              000000000000
   \              0000        
   \   00000024   000000000000       DC32 0, 0
   \              0000        
    115          #ifdef ELKA

   \                                 In segment CONFIG_C, align 4, align-sorted, root
    116          __root const RECT cTgr = {0,120,240-1,120+11};
   \                     cTgr:
   \   00000000   00007800EF00       DC16 0, 120, 239, 131
   \              8300        
    117          #else
    118          __root const RECT cTgr = {0,65,132-1,65+11};
    119          #endif
    120          
    121          

   \                                 In segment CONFIG_C, align 4, align-sorted, root
    122          __root const CFG_HDR ch11={CFG_UINT,"Font size",0,11};
   \                     ch11:
   \   00000000   01000000           DC32 1
   \   00000004   466F6E742073       DC8 "Font size"
   \              697A6500    
   \   0000000E   000000000000       DC8 0, 0, 0, 0, 0, 0, 0, 0, 0, 0, 0, 0, 0, 0, 0, 0, 0, 0, 0, 0, 0, 0
   \              000000000000
   \              000000000000
   \              00000000    
   \   00000024   000000000B00       DC32 0, 11
   \              0000        

   \                                 In segment CONFIG_C, align 4, align-sorted, root
    123          __root const unsigned int cfnt=FONT_SMALL_BOLD;
   \                     cfnt:
   \   00000000   09000000           DC32 9
    124          
    125          

   \                                 In segment CONFIG_C, align 4, align-sorted, root
    126          __root const CFG_HDR c17={CFG_COLOR,"Tag color",0,0};
   \                     c17:
   \   00000000   08000000           DC32 8
   \   00000004   54616720636F       DC8 "Tag color"
   \              6C6F7200    
   \   0000000E   000000000000       DC8 0, 0, 0, 0, 0, 0, 0, 0, 0, 0, 0, 0, 0, 0, 0, 0, 0, 0, 0, 0, 0, 0
   \              000000000000
   \              000000000000
   \              00000000    
   \   00000024   000000000000       DC32 0, 0
   \              0000        

   \                                 In segment CONFIG_C, align 4, align-sorted, root
    127          __root const char clr[4]={255,255,32,100};
   \                     clr:
   \   00000000   FFFF2064           DC8 255, 255, 32, 100
    128          
    129          //#ifdef ELKA

   \                                 In segment CONFIG_C, align 4, align-sorted, root
    130          __root const CFG_HDR ch21={CFG_UINT,"Key prev",0,255};
   \                     ch21:
   \   00000000   01000000           DC32 1
   \   00000004   4B6579207072       DC8 "Key prev"
   \              657600      
   \   0000000D   000000000000       DC8 0, 0, 0, 0, 0, 0, 0, 0, 0, 0, 0, 0, 0, 0, 0, 0, 0, 0, 0, 0, 0, 0, 0
   \              000000000000
   \              000000000000
   \              0000000000  
   \   00000024   00000000FF00       DC32 0, 255
   \              0000        

   \                                 In segment CONFIG_C, align 4, align-sorted, root
    131          __root const unsigned int key_prev=VOL_UP_BUTTON;
   \                     key_prev:
   \   00000000   0D000000           DC32 13

   \                                 In segment CONFIG_C, align 4, align-sorted, root
    132          __root const CFG_HDR ch22={CFG_UINT,"Key next",0,255};
   \                     ch22:
   \   00000000   01000000           DC32 1
   \   00000004   4B6579206E65       DC8 "Key next"
   \              787400      
   \   0000000D   000000000000       DC8 0, 0, 0, 0, 0, 0, 0, 0, 0, 0, 0, 0, 0, 0, 0, 0, 0, 0, 0, 0, 0, 0, 0
   \              000000000000
   \              000000000000
   \              0000000000  
   \   00000024   00000000FF00       DC32 0, 255
   \              0000        

   \                                 In segment CONFIG_C, align 4, align-sorted, root
    133          __root const unsigned int key_next=VOL_DOWN_BUTTON;
   \                     key_next:
   \   00000000   0E000000           DC32 14
    134          
    135          //#endif

   \                                 In segment CONFIG_C, align 4, align-sorted, root
    136          __root const CFG_HDR _l4={CFG_LEVEL,"",0,0};
   \                     _l4:
   \   00000000   09000000           DC32 9
   \   00000004   00                 DC8 ""
   \   00000005   000000000000       DC8 0, 0, 0, 0, 0, 0, 0, 0, 0, 0, 0, 0, 0, 0, 0, 0
   \              000000000000
   \              00000000    
   \   00000015   000000000000       DC8 0, 0, 0, 0, 0, 0, 0, 0, 0, 0, 0, 0, 0, 0, 0
   \              000000000000
   \              000000      
   \   00000024   000000000000       DC32 0, 0
   \              0000        
    137          
    138          
    139          #endif
    140          
    141          #ifdef ELKA

   \                                 In segment CONFIG_C, align 4, align-sorted, root
    142          __root const CFG_HDR cl2={CFG_LEVEL,"AudioBuffer setup",1,0};
   \                     cl2:
   \   00000000   09000000           DC32 9
   \   00000004   417564696F42       DC8 "AudioBuffer setup"
   \              756666657220
   \              736574757000
   \   00000016   000000000000       DC8 0, 0, 0, 0, 0, 0, 0, 0, 0, 0, 0, 0, 0, 0
   \              000000000000
   \              0000        
   \   00000024   010000000000       DC32 1, 0
   \              0000        

   \                                 In segment CONFIG_C, align 4, align-sorted, root
    143          __root const CFG_HDR ch7={CFG_CBOX,"Enable AudioBuffer config",0,3};
   \                     ch7:
   \   00000000   05000000           DC32 5
   \   00000004   456E61626C65       DC8 "Enable AudioBuffer config"
   \              20417564696F
   \              427566666572
   \              20636F6E6669
   \              6700        
   \   0000001E   000000000000       DC8 0, 0, 0, 0, 0, 0
   \   00000024   000000000300       DC32 0, 3
   \              0000        

   \                                 In segment CONFIG_C, align 4, align-sorted, root
    144          __root const unsigned int allowbuf=1;
   \                     allowbuf:
   \   00000000   01000000           DC32 1

   \                                 In segment CONFIG_C, align 4, align-sorted, root
    145          __root const CFG_CBOX_ITEM cb78[3]={"Disable","Enable only Headset","Auto on player"};
   \                     cb78:
   \   00000000   44697361626C       DC8 "Disable"
   \              6500        
   \   00000008   000000000000       DC8 0, 0, 0, 0, 0, 0, 0, 0, 0, 0, 0, 0, 0, 0, 0, 0
   \              000000000000
   \              00000000    
   \   00000018   000000000000       DC8 0, 0, 0, 0, 0, 0, 0, 0
   \              0000        
   \   00000020   456E61626C65       DC8 "Enable only Headset"
   \              206F6E6C7920
   \              486561647365
   \              7400        
   \   00000034   000000000000       DC8 0, 0, 0, 0, 0, 0, 0, 0, 0, 0, 0, 0
   \              000000000000
   \   00000040   4175746F206F       DC8 "Auto on player"
   \              6E20706C6179
   \              657200      
   \   0000004F   000000000000       DC8 0, 0, 0, 0, 0, 0, 0, 0, 0, 0, 0, 0, 0, 0, 0, 0, 0
   \              000000000000
   \              0000000000  
    146          
    147          
    148          

   \                                 In segment CONFIG_C, align 4, align-sorted, root
    149          __root const CFG_HDR ch14={CFG_UINT,"RAM AudBufOffset",0x00000000,0xFFFFFFFF};
   \                     ch14:
   \   00000000   01000000           DC32 1
   \   00000004   52414D204175       DC8 "RAM AudBufOffset"
   \              644275664F66
   \              6673657400  
   \   00000015   000000000000       DC8 0, 0, 0, 0, 0, 0, 0, 0, 0, 0, 0, 0, 0, 0, 0
   \              000000000000
   \              000000      
   \   00000024   00000000FFFF       DC32 0, 4294967295
   \              FFFF        

   \                                 In segment CONFIG_C, align 4, align-sorted, root
    150          __root const unsigned int audcfg=0x0;
   \                     audcfg:
   \   00000000   00000000           DC32 0
    151          //__root const unsigned int audcfg=0xA8F5798C;
    152          

   \                                 In segment CONFIG_C, align 4, align-sorted, root
    153          __root const CFG_HDR ch15={CFG_UINT,"Nof Buffers:",0,10};
   \                     ch15:
   \   00000000   01000000           DC32 1
   \   00000004   4E6F66204275       DC8 "Nof Buffers:"
   \              66666572733A
   \              00          
   \   00000011   000000000000       DC8 0, 0, 0, 0, 0, 0, 0, 0, 0, 0, 0, 0, 0, 0, 0, 0, 0, 0, 0
   \              000000000000
   \              000000000000
   \              00          
   \   00000024   000000000A00       DC32 0, 10
   \              0000        

   \                                 In segment CONFIG_C, align 4, align-sorted, root
    154          __root const unsigned int buff_nof=5;
   \                     buff_nof:
   \   00000000   05000000           DC32 5
    155          

   \                                 In segment CONFIG_C, align 4, align-sorted, root
    156          __root const CFG_HDR ch16={CFG_UINT,"Buffer Size: x10",0,30};
   \                     ch16:
   \   00000000   01000000           DC32 1
   \   00000004   427566666572       DC8 "Buffer Size: x10"
   \              2053697A653A
   \              2078313000  
   \   00000015   000000000000       DC8 0, 0, 0, 0, 0, 0, 0, 0, 0, 0, 0, 0, 0, 0, 0
   \              000000000000
   \              000000      
   \   00000024   000000001E00       DC32 0, 30
   \              0000        

   \                                 In segment CONFIG_C, align 4, align-sorted, root
    157          __root const unsigned  int buff_size=20;
   \                     buff_size:
   \   00000000   14000000           DC32 20

   \                                 In segment CONFIG_C, align 4, align-sorted, root
    158          __root const CFG_HDR _l2={CFG_LEVEL,"",0,0};
   \                     _l2:
   \   00000000   09000000           DC32 9
   \   00000004   00                 DC8 ""
   \   00000005   000000000000       DC8 0, 0, 0, 0, 0, 0, 0, 0, 0, 0, 0, 0, 0, 0, 0, 0
   \              000000000000
   \              00000000    
   \   00000015   000000000000       DC8 0, 0, 0, 0, 0, 0, 0, 0, 0, 0, 0, 0, 0, 0, 0
   \              000000000000
   \              000000      
   \   00000024   000000000000       DC32 0, 0
   \              0000        
    159          #endif
    160          
    161          

   \                                 In segment CONFIG_C, align 4, align-sorted, root
    162          __root const CFG_HDR ch13={CFG_CHECKBOX,"Enable refresh message",0,2};
   \                     ch13:
   \   00000000   0B000000           DC32 11
   \   00000004   456E61626C65       DC8 "Enable refresh message"
   \              207265667265
   \              7368206D6573
   \              7361676500  
   \   0000001B   000000000000       DC8 0, 0, 0, 0, 0, 0, 0, 0, 0
   \              000000      
   \   00000024   000000000200       DC32 0, 2
   \              0000        

   \                                 In segment CONFIG_C, align 4, align-sorted, root
    163          __root const int REFMSG=0;
   \                     REFMSG:
   \   00000000   00000000           DC32 0
    164          
    165          
    166          

   \                                 In segment CONFIG_C, align 4, align-sorted, root
    167          __root const CFG_HDR ch1={CFG_CHECKBOX,"Enable hello message",0,2};
   \                     ch1:
   \   00000000   0B000000           DC32 11
   \   00000004   456E61626C65       DC8 "Enable hello message"
   \              2068656C6C6F
   \              206D65737361
   \              676500      
   \   00000019   000000000000       DC8 0, 0, 0, 0, 0, 0, 0, 0, 0, 0, 0
   \              0000000000  
   \   00000024   000000000200       DC32 0, 2
   \              0000        

   \                                 In segment CONFIG_C, align 4, align-sorted, root
    168          __root const int ALLOW_HELLO_MSG=0;
   \                     ALLOW_HELLO_MSG:
   \   00000000   00000000           DC32 0
    169          
    170          
    171          //__root const CFG_HDR ch11={CFG_UINT,"Refresh time in ticks (1s=262)",1,5240};
    172          //__root const unsigned int refres2=131;
    173          
    174          
    175          
    176          
    177          


   Segment part sizes:

     Function/Label  Bytes
     --------------  -----
     ch0               44
     spc_keyvol         4
     ch27              44
     spc_net            4
     ch3               44
     spc_level          4
     cl9               44
     ch12              44
     spc_min            4
     ch2               44
     spc_kukvol         4
     ch19              44
     spc_kukloc         4
     ch20              44
     spc_kukkey         4
     _l9               44
     ch4               44
     spc_vol            4
     ch28              44
     spc_ign            4
     ch5               44
     spc_mn             4
     ch6               44
     spc_en             4
     _l1               44
     cl3               44
     ch37              44
     exitOnHeadDisc     4
     ch8               44
     keyb_state         4
     cb8               96
     ch9               44
     batt_level         4
     _l3               44
     cl4               44
     c9                44
     CsmAdr            12
     c15               44
     cTgr               8
     ch11              44
     cfnt               4
     c17               44
     clr                4
     ch21              44
     key_prev           4
     ch22              44
     key_next           4
     _l4               44
     cl2               44
     ch7               44
     allowbuf           4
     cb78              96
     ch14              44
     audcfg             4
     ch15              44
     buff_nof           4
     ch16              44
     buff_size          4
     _l2               44
     ch13              44
     REFMSG             4
     ch1               44
     ALLOW_HELLO_MSG    4

 
 1 848 bytes in segment CONFIG_C
 
 1 848 bytes of CONST memory

Errors: none
Warnings: none
