##############################################################################
#                                                                            #
# IAR ARM ANSI C/C++ Compiler V4.42A/W32 EVALUATION    02/Dec/2008  15:15:26 #
# Copyright 1999-2005 IAR Systems. All rights reserved.                      #
#                                                                            #
#    Cpu mode        =  interwork                                            #
#    Endian          =  little                                               #
#    Stack alignment =  4                                                    #
#    Source file     =  D:\Pasha\elf\SVN2\SndDemon\player_tags.c             #
#    Command line    =  D:\Pasha\elf\SVN2\SndDemon\player_tags.c -D ELKA -D  #
#                       NEWSGOLD --preprocess D:\Pasha\elf\SVN2\SndDemon\Rel #
#                       ease_ELKA\List\ -lC D:\Pasha\elf\SVN2\SndDemon\Relea #
#                       se_ELKA\List\ -o D:\Pasha\elf\SVN2\SndDemon\Release_ #
#                       ELKA\Obj\ -z9 --cpu_mode arm --endian little --cpu   #
#                       ARM7TDMI --stack_align 4 --interwork -e --fpu None   #
#                       --dlib_config "D:\Pasha\Embedded Workbench 4.0       #
#                       Evaluation2\ARM\LIB\dl4tpainl8n.h" -I                #
#                       "D:\Pasha\Embedded Workbench 4.0                     #
#                       Evaluation2\ARM\INC\" --inline_threshold=2           #
#    List file       =  D:\Pasha\elf\SVN2\SndDemon\Release_ELKA\List\player_ #
#                       tags.lst                                             #
#    Object file     =  D:\Pasha\elf\SVN2\SndDemon\Release_ELKA\Obj\player_t #
#                       ags.r79                                              #
#                                                                            #
#                                                                            #
##############################################################################

D:\Pasha\elf\SVN2\SndDemon\player_tags.c
      1          #ifdef NEWSGOLD
      2          #include "..\inc\swilib.h"
      3          #include "swilib2.h"
      4          #include "player_tags.h"
      5            int scr_w;
      6            extern unsigned long  strtoul (const char *nptr,char **endptr,int base); //must overwrite
      7            extern const char CsmAdr[];
      8            unsigned int pcsmid=0;
      9            //extern const unsigned int cX;
     10            extern const unsigned int cfnt;
     11            
     12            void *pcsmadr=NULL;
     13            WSHDR *wstag=NULL;
     14            word tagw=0;
     15          //------------------------------------
     16          
     17          
     18          

   \                                 In segment CODE, align 4, keep-with-next
     19          void  initTags(){
   \                     initTags:
   \   00000000   10402DE9           PUSH     {R4,LR}
     20            pcsmadr=(void *)strtoul(CsmAdr,NULL,16);
   \   00000004   30409FE5           LDR      R4,??initTags_0  ;; tagw
   \   00000008   1020A0E3           MOV      R2,#+16
   \   0000000C   0010A0E3           MOV      R1,#+0
   \   00000010   28009FE5           LDR      R0,??initTags_0+0x4  ;; CsmAdr
   \   00000014   ........           _BLF     strtoul,??strtoul??rA
   \   00000018   0C0084E5           STR      R0,[R4, #+12]
     21            if (!wstag)    wstag=AllocWS(256);
   \   0000001C   100094E5           LDR      R0,[R4, #+16]
   \   00000020   000050E3           CMP      R0,#+0
   \   00000024   0200001A           BNE      ??initTags_1
   \   00000028   400FA0E3           MOV      R0,#+256
   \   0000002C   250100EF           SWI      +293
   \   00000030   100084E5           STR      R0,[R4, #+16]
     22          };
   \                     ??initTags_1:
   \   00000034   1040BDE8           POP      {R4,LR}
   \   00000038   1EFF2FE1           BX       LR               ;; return
   \                     ??initTags_0:
   \   0000003C   ........           DC32     tagw
   \   00000040   ........           DC32     CsmAdr
     23          //------------------------------------

   \                                 In segment CODE, align 4, keep-with-next
     24           void GetTags(){  //Respect to Rst7
   \                     GetTags:
   \   00000000   F04F2DE9           PUSH     {R4-R11,LR}
   \   00000004   58D04DE2           SUB      SP,SP,#+88
     25            if (pcsmid){
   \   00000008   ........           LDR      R4,??DataTable2  ;; tagw
   \   0000000C   080094E5           LDR      R0,[R4, #+8]
   \   00000010   000050E3           CMP      R0,#+0
   \   00000014   A300000A           BEQ      ??GetTags_0
     26              CSM_RAM *csmp=FindCSMbyID(pcsmid);
   \   00000018   080100EF           SWI      +264
   \   0000001C   0080B0E1           MOVS     R8,R0
   \   00000020   9E00000A           BEQ      ??GetTags_1
     27              if (csmp){
     28                WSHDR *fn=((WSHDR **)csmp)[0x2C/4];
   \   00000024   2C5098E5           LDR      R5,[R8, #+44]
     29          
     30          
     31            
     32                if (!fn)return;
   \   00000028   000055E3           CMP      R5,#+0
     33                if (!fn->wsbody) return;
   \   0000002C   00009515           LDRNE    R0,[R5, #+0]
   \   00000030   00005013           CMPNE    R0,#+0
     34                if (fn->wsbody[0])        ;
     35          #ifdef ELKA
     36                  WSHDR **wws=((WSHDR ***)csmp)[(0x18C/4)]-1;
   \   00000034   8C019815           LDRNE    R0,[R8, #+396]
   \   00000038   04705012           SUBSNE   R7,R0,#+4
     37           #else
     38                  WSHDR **wws=((WSHDR ***)csmp)[(0x170/4)]-1;
     39          #endif
     40                if (wws)        {
   \   0000003C   A600000A           BEQ      ??GetTags_2
     41                  WSHDR *tws;
     42                  const char unk[]="Unkhown";
   \   00000040   A4629FE5           LDR      R6,??GetTags_3+0x4  ;; `?<Constant "Unkhown">`
   \   00000044   0D00A0E1           MOV      R0,SP
   \   00000048   0C0096E8           LDM      R6,{R2,R3}
   \   0000004C   0C0080E8           STM      R0,{R2,R3}
     43                  const char pr[]="%w - %w";
   \   00000050   08008DE2           ADD      R0,SP,#+8
   \   00000054   94129FE5           LDR      R1,??GetTags_3+0x8  ;; `?<Constant "%w - %w">`
   \   00000058   0C0091E8           LDM      R1,{R2,R3}
   \   0000005C   0C0080E8           STM      R0,{R2,R3}
     44                  if (!(tws=wws[2]));else
   \   00000060   081097E5           LDR      R1,[R7, #+8]
   \   00000064   000051E3           CMP      R1,#+0
     45                    if (!(tws->wsbody));else
   \   00000068   00209115           LDRNE    R2,[R1, #+0]
   \   0000006C   00005213           CMPNE    R2,#+0
   \   00000070   0800000A           BEQ      ??GetTags_4
     46                      if (tws->wsbody[0])      
   \   00000074   100094E5           LDR      R0,[R4, #+16]
   \   00000078   B020D2E1           LDRH     R2,[R2, #+0]
   \   0000007C   000052E3           CMP      R2,#+0
   \   00000080   0100000A           BEQ      ??GetTags_5
     47                        wstrcpy(wstag,tws);
   \   00000084   1F0100EF           SWI      +287
   \   00000088   020000EA           B        ??GetTags_4
     48                       else  wsprintf(wstag,"%t",unk);
   \                     ??GetTags_5:
   \   0000008C   0D20A0E1           MOV      R2,SP
   \   00000090   941F8FE2           ADR      R1,??GetTags_3   ;; "%t"
   \   00000094   240100EF           SWI      +292
     49                  if (!(tws=wws[1]));else
   \                     ??GetTags_4:
   \   00000098   043097E5           LDR      R3,[R7, #+4]
   \   0000009C   000053E3           CMP      R3,#+0
     50                    if (!(tws->wsbody));else
   \   000000A0   00109315           LDRNE    R1,[R3, #+0]
   \   000000A4   00005113           CMPNE    R1,#+0
   \   000000A8   0900000A           BEQ      ??GetTags_6
     51                      if (tws->wsbody[0])     
   \   000000AC   100094E5           LDR      R0,[R4, #+16]
   \   000000B0   B010D1E1           LDRH     R1,[R1, #+0]
   \   000000B4   000051E3           CMP      R1,#+0
   \   000000B8   0300000A           BEQ      ??GetTags_7
     52                        wsprintf(wstag,pr,wstag,tws);
   \   000000BC   0020A0E1           MOV      R2,R0
   \   000000C0   08108DE2           ADD      R1,SP,#+8
   \   000000C4   240100EF           SWI      +292
   \   000000C8   010000EA           B        ??GetTags_6
     53                       else
     54                        wstrcpy(wstag,fn);            
   \                     ??GetTags_7:
   \   000000CC   0510A0E1           MOV      R1,R5
   \   000000D0   1F0100EF           SWI      +287
     55          /// new
     56           
     57               WSHDR *folder=((WSHDR **)csmp)[0x30/4];      
   \                     ??GetTags_6:
   \   000000D4   307098E5           LDR      R7,[R8, #+48]
     58            WSHDR *fp=((WSHDR **)csmp)[0x12C/4];            //fullpath may be diff on NSG
   \   000000D8   2C8198E5           LDR      R8,[R8, #+300]
     59               
     60            FILE_PROP wl;
     61            zeromem(&wl, sizeof(wl));
   \   000000DC   4810A0E3           MOV      R1,#+72
   \   000000E0   10008DE2           ADD      R0,SP,#+16
   \   000000E4   1D0100EF           SWI      +285
     62            wl.type=0x1800;
   \   000000E8   601DA0E3           MOV      R1,#+6144
   \   000000EC   10108DE5           STR      R1,[SP, #+16]
     63            wl.filename=fp;
   \   000000F0   14808DE5           STR      R8,[SP, #+20]
     64            WSHDR *w_0=AllocWS(0x200);
   \   000000F4   800FA0E3           MOV      R0,#+512
   \   000000F8   250100EF           SWI      +293
   \   000000FC   0080A0E1           MOV      R8,R0
     65            WSHDR *w_1=AllocWS(0x10);
   \   00000100   1000A0E3           MOV      R0,#+16
   \   00000104   250100EF           SWI      +293
   \   00000108   0090A0E1           MOV      R9,R0
     66            WSHDR *w_2=AllocWS(0x10);  
   \   0000010C   1000A0E3           MOV      R0,#+16
   \   00000110   250100EF           SWI      +293
   \   00000114   00A0A0E1           MOV      R10,R0
     67            WSHDR *w_3=AllocWS(0x100);    
   \   00000118   400FA0E3           MOV      R0,#+256
   \   0000011C   250100EF           SWI      +293
   \   00000120   00B0A0E1           MOV      R11,R0
     68            wl.bitrate_ws=w_1;
   \   00000124   4C908DE5           STR      R9,[SP, #+76]
     69            wl.audio_frequency_ws=w_2;  
   \   00000128   50A08DE5           STR      R10,[SP, #+80]
     70            wl.duration_mp3_ws=w_3;    
   \   0000012C   24B08DE5           STR      R11,[SP, #+36]
     71            GetFileProp(&wl,fn,folder);
   \   00000130   0720A0E1           MOV      R2,R7
   \   00000134   0510A0E1           MOV      R1,R5
   \   00000138   10008DE2           ADD      R0,SP,#+16
   \   0000013C   460200EF           SWI      +582
     72            if (w_3->wsbody[0]){
   \   00000140   00009BE5           LDR      R0,[R11, #+0]
   \   00000144   B000D0E1           LDRH     R0,[R0, #+0]
   \   00000148   000050E3           CMP      R0,#+0
   \   0000014C   0700000A           BEQ      ??GetTags_8
     73              wsprintf (w_0,"%w: %w",wstag,w_3);
   \   00000150   0B30A0E1           MOV      R3,R11
   \   00000154   102094E5           LDR      R2,[R4, #+16]
   \   00000158   081086E2           ADD      R1,R6,#+8
   \   0000015C   0800A0E1           MOV      R0,R8
   \   00000160   240100EF           SWI      +292
     74              wstrcpy (wstag,w_0);
   \   00000164   0810A0E1           MOV      R1,R8
   \   00000168   100094E5           LDR      R0,[R4, #+16]
   \   0000016C   1F0100EF           SWI      +287
     75            }
     76            if (w_1->wsbody[0]){
   \                     ??GetTags_8:
   \   00000170   000099E5           LDR      R0,[R9, #+0]
   \   00000174   B000D0E1           LDRH     R0,[R0, #+0]
   \   00000178   000050E3           CMP      R0,#+0
   \   0000017C   0700000A           BEQ      ??GetTags_9
     77              wsprintf (w_0,"%w %w",wstag,w_1);
   \   00000180   0930A0E1           MOV      R3,R9
   \   00000184   102094E5           LDR      R2,[R4, #+16]
   \   00000188   101086E2           ADD      R1,R6,#+16
   \   0000018C   0800A0E1           MOV      R0,R8
   \   00000190   240100EF           SWI      +292
     78              wstrcpy (wstag,w_0);
   \   00000194   0810A0E1           MOV      R1,R8
   \   00000198   100094E5           LDR      R0,[R4, #+16]
   \   0000019C   1F0100EF           SWI      +287
     79            }
     80            if (w_2->wsbody[0]){
   \                     ??GetTags_9:
   \   000001A0   00009AE5           LDR      R0,[R10, #+0]
   \   000001A4   B000D0E1           LDRH     R0,[R0, #+0]
   \   000001A8   000050E3           CMP      R0,#+0
   \   000001AC   0700000A           BEQ      ??GetTags_10
     81              wsprintf (w_0,"%w %w",wstag,w_2);
   \   000001B0   0A30A0E1           MOV      R3,R10
   \   000001B4   102094E5           LDR      R2,[R4, #+16]
   \   000001B8   101086E2           ADD      R1,R6,#+16
   \   000001BC   0800A0E1           MOV      R0,R8
   \   000001C0   240100EF           SWI      +292
     82              wstrcpy (wstag,w_0);
   \   000001C4   0810A0E1           MOV      R1,R8
   \   000001C8   100094E5           LDR      R0,[R4, #+16]
   \   000001CC   1F0100EF           SWI      +287
     83            }
     84          
     85            FreeWS(w_0);  
   \                     ??GetTags_10:
   \   000001D0   0800A0E1           MOV      R0,R8
   \   000001D4   290100EF           SWI      +297
     86            FreeWS(w_1);
   \   000001D8   0900A0E1           MOV      R0,R9
   \   000001DC   290100EF           SWI      +297
     87            FreeWS(w_2);  
   \   000001E0   0A00A0E1           MOV      R0,R10
   \   000001E4   290100EF           SWI      +297
     88            FreeWS(w_3);                 
   \   000001E8   0B00A0E1           MOV      R0,R11
   \   000001EC   290100EF           SWI      +297
     89                 
     90                   //Патчим строку на предмет win1251
     91                  int i=1;
   \   000001F0   0150A0E3           MOV      R5,#+1
     92                  int c;
     93                  tagw=0;
   \   000001F4   0000A0E3           MOV      R0,#+0
   \   000001F8   0A0000EA           B        ??GetTags_11
     94                  while(i<=wstag->wsbody[0])		{
     95                    c=wstag->wsbody[i];
     96                    if (c==0xA8) c=0x401;
     97                    if (c==0xAA) c=0x404;
     98                    if (c==0xAF) c=0x407;
     99                    if (c==0xB8) c=0x451;
    100                    if (c==0xBA) c=0x454;
    101                    if (c==0xBF) c=0x457;
    102                    if ((c>=0xC0)&&(c<0x100)) c+=0x350;
   \                     ??GetTags_12:
   \   000001FC   C00050E3           CMP      R0,#+192
   \   00000200   010000BA           BLT      ??GetTags_13
   \   00000204   400F50E3           CMP      R0,#+256
   \   00000208   D40F80B2           ADDLT    R0,R0,#+848
    103                    wstag->wsbody[i++]=c;
   \                     ??GetTags_13:
   \   0000020C   B000C1E1           STRH     R0,[R1, #+0]
   \   00000210   015085E2           ADD      R5,R5,#+1
    104                    tagw+=GetSymbolWidth(c,cfnt);
   \   00000214   ........           LDR      R1,??DataTable3  ;; cfnt
   \   00000218   001091E5           LDR      R1,[R1, #+0]
   \   0000021C   E10100EF           SWI      +481
   \   00000220   B010D4E1           LDRH     R1,[R4, #+0]
   \   00000224   010080E0           ADD      R0,R0,R1
   \                     ??GetTags_11:
   \   00000228   B000C4E1           STRH     R0,[R4, #+0]
   \   0000022C   100094E5           LDR      R0,[R4, #+16]
   \   00000230   000090E5           LDR      R0,[R0, #+0]
   \   00000234   B010D0E1           LDRH     R1,[R0, #+0]
   \   00000238   050051E1           CMP      R1,R5
   \   0000023C   260000BA           BLT      ??GetTags_2
   \   00000240   851080E0           ADD      R1,R0,R5, LSL #+1
   \   00000244   B000D1E1           LDRH     R0,[R1, #+0]
   \   00000248   A80050E3           CMP      R0,#+168
   \   0000024C   0200001A           BNE      ??GetTags_14
   \   00000250   0100A0E3           MOV      R0,#+1
   \                     ??GetTags_15:
   \   00000254   400E80E3           ORR      R0,R0,#0x400
   \   00000258   EBFFFFEA           B        ??GetTags_13
   \                     ??GetTags_14:
   \   0000025C   AA0050E3           CMP      R0,#+170
   \   00000260   0400A003           MOVEQ    R0,#+4
   \   00000264   FAFFFF0A           BEQ      ??GetTags_15
   \   00000268   AF0050E3           CMP      R0,#+175
   \   0000026C   0100001A           BNE      ??GetTags_16
   \   00000270   0700A0E3           MOV      R0,#+7
   \                     ??GetTags_17:
   \   00000274   F6FFFFEA           B        ??GetTags_15
   \                     ??GetTags_16:
   \   00000278   B80050E3           CMP      R0,#+184
   \   0000027C   5100A003           MOVEQ    R0,#+81
   \   00000280   F3FFFF0A           BEQ      ??GetTags_15
   \   00000284   BA0050E3           CMP      R0,#+186
   \   00000288   5400A003           MOVEQ    R0,#+84
   \   0000028C   F0FFFF0A           BEQ      ??GetTags_15
   \   00000290   BF0050E3           CMP      R0,#+191
   \   00000294   D8FFFF1A           BNE      ??GetTags_12
   \   00000298   5700A0E3           MOV      R0,#+87
   \   0000029C   ECFFFFEA           B        ??GetTags_15
    105                  }
    106          
    107              
    108                }else;
    109              }
    110              else    pcsmid=0;
   \                     ??GetTags_1:
   \   000002A0   0000A0E3           MOV      R0,#+0
   \   000002A4   0B0000EA           B        ??GetTags_18
    111            }
    112            else  {
    113              CSM_RAM *p=((void **)CSM_root()->csm_q)[2];
   \                     ??GetTags_0:
   \   000002A8   068100EF           SWI      +33030
   \   000002AC   080090E5           LDR      R0,[R0, #+8]
   \   000002B0   080090E5           LDR      R0,[R0, #+8]
   \   000002B4   000000EA           B        ??GetTags_19
    114              while(p)
    115              {
    116                if (p->constr==pcsmadr) break;
    117                p=p->next;
   \                     ??GetTags_20:
   \   000002B8   000090E5           LDR      R0,[R0, #+0]
   \                     ??GetTags_19:
   \   000002BC   000050E3           CMP      R0,#+0
   \   000002C0   0500000A           BEQ      ??GetTags_2
   \   000002C4   081090E5           LDR      R1,[R0, #+8]
   \   000002C8   0C2094E5           LDR      R2,[R4, #+12]
   \   000002CC   020051E1           CMP      R1,R2
   \   000002D0   F8FFFF1A           BNE      ??GetTags_20
    118              }
    119              if (p)
    120                pcsmid=p->id;
   \   000002D4   0C0090E5           LDR      R0,[R0, #+12]
   \                     ??GetTags_18:
   \   000002D8   080084E5           STR      R0,[R4, #+8]
   \                     ??GetTags_2:
   \   000002DC   58D08DE2           ADD      SP,SP,#+88       ;; stack cleaning
   \   000002E0   F04FBDE8           POP      {R4-R11,LR}
   \   000002E4   1EFF2FE1           BX       LR               ;; return
   \                     ??GetTags_3:
   \   000002E8   25740000           DC8      "%t",+0
   \   000002EC   ........           DC32     `?<Constant "Unkhown">`
   \   000002F0   ........           DC32     `?<Constant "%w - %w">`
    121            }
    122          };  
    123          
    124          

   \                                 In segment CODE, align 4, keep-with-next
    125          int  ShowTag(void){
   \                     ShowTag:
   \   00000000   F14F2DE9           PUSH     {R0,R4-R11,LR}
    126            if (pcsmadr&&((GetPlayStatus()==2)));else return 2;
   \   00000004   ........           LDR      R4,??DataTable2  ;; tagw
   \   00000008   0C0094E5           LDR      R0,[R4, #+12]
   \   0000000C   000050E3           CMP      R0,#+0
   \   00000010   0200000A           BEQ      ??ShowTag_0
   \   00000014   F80100EF           SWI      +504
   \   00000018   020050E3           CMP      R0,#+2
   \   0000001C   0100000A           BEQ      ??ShowTag_1
   \                     ??ShowTag_0:
   \   00000020   0200A0E3           MOV      R0,#+2
   \   00000024   5E0000EA           B        ??ShowTag_2
    127            GUI *igui;
    128          /*  CSM_RAM *icsm=FindCSMbyID(CSM_root()->idle_id);
    129            if (!icsm) return 0;
    130            if (!IsGuiOnTop(((int *)icsm)[DISPLACE_OF_IDLEGUI_ID/4])) return 0;  
    131            */
    132            if (!TopG(DISPLACE_OF_IDLEGUI_ID))return 0;
   \                     ??ShowTag_1:
   \   00000028   2C00A0E3           MOV      R0,#+44
   \   0000002C   ........           _BLF     TopG,??TopG??rA
   \   00000030   000050E3           CMP      R0,#+0
   \   00000034   5A00000A           BEQ      ??ShowTag_2
    133            
    134            if (!(igui=GetTopGUI())) return 0;
   \   00000038   4D0100EF           SWI      +333
   \   0000003C   000050E3           CMP      R0,#+0
   \   00000040   5700000A           BEQ      ??ShowTag_2
    135            if (igui){
    136          #ifdef ELKA
    137              {
    138                void *canvasdata = BuildCanvas();
   \   00000044   F18000EF           SWI      +33009
   \   00000048   0090A0E1           MOV      R9,R0
    139          #else
    140              void *idata = GetDataOfItemByID(igui, 2);
    141              if (idata)
    142              {
    143                void *canvasdata = ((void **)idata)[DISPLACE_OF_IDLECANVAS / 4];        
    144          #endif        
    145                
    146                DrawCanvas(canvasdata,cTgr.x, cTgr.y,cTgr.x2, cTgr.y+GetFontYSIZE(cfnt), 1);  
   \   0000004C   ........           LDR      R0,??DataTable3  ;; cfnt
   \   00000050   005090E5           LDR      R5,[R0, #+0]
   \   00000054   0500A0E1           MOV      R0,R5
   \   00000058   C50100EF           SWI      +453
   \   0000005C   48119FE5           LDR      R1,??ShowTag_3   ;; cTgr
   \   00000060   F460D1E1           LDRSH    R6,[R1, #+4]
   \   00000064   F270D1E1           LDRSH    R7,[R1, #+2]
   \   00000068   F080D1E1           LDRSH    R8,[R1, #+0]
   \   0000006C   0110A0E3           MOV      R1,#+1
   \   00000070   02002DE9           PUSH     {R1}
   \   00000074   070080E0           ADD      R0,R0,R7
   \   00000078   01002DE9           PUSH     {R0}
   \   0000007C   0630A0E1           MOV      R3,R6
   \   00000080   0720A0E1           MOV      R2,R7
   \   00000084   0810A0E1           MOV      R1,R8
   \   00000088   0900A0E1           MOV      R0,R9
   \   0000008C   250000EF           SWI      +37
    147          
    148                if (tagw<scr_w)
   \   00000090   041094E5           LDR      R1,[R4, #+4]
   \   00000094   B000D4E1           LDRH     R0,[R4, #+0]
   \   00000098   10919FE5           LDR      R9,??ShowTag_3+0x4  ;; clr
   \   0000009C   010050E1           CMP      R0,R1
   \   000000A0   08D08DE2           ADD      SP,SP,#+8        ;; stack cleaning
   \   000000A4   120000AA           BGE      ??ShowTag_4
    149                  DrawString(wstag,cTgr.x,cTgr.y,cTgr.x2,cTgr.y+GetFontYSIZE(cfnt),cfnt,TEXT_ALIGNMIDDLE,(char*)clr,GetPaletteAdrByColorIndex(23));
   \   000000A8   1700A0E3           MOV      R0,#+23
   \   000000AC   2E0100EF           SWI      +302
   \   000000B0   00A0A0E1           MOV      R10,R0
   \   000000B4   0500A0E1           MOV      R0,R5
   \   000000B8   C50100EF           SWI      +453
   \   000000BC   00042DE9           PUSH     {R10}
   \   000000C0   00022DE9           PUSH     {R9}
   \   000000C4   0210A0E3           MOV      R1,#+2
   \   000000C8   02002DE9           PUSH     {R1}
   \   000000CC   20002DE9           PUSH     {R5}
   \   000000D0   070080E0           ADD      R0,R0,R7
   \   000000D4   01002DE9           PUSH     {R0}
   \   000000D8   0630A0E1           MOV      R3,R6
   \   000000DC   0720A0E1           MOV      R2,R7
   \   000000E0   0810A0E1           MOV      R1,R8
   \   000000E4   100094E5           LDR      R0,[R4, #+16]
   \   000000E8   4C0100EF           SWI      +332
   \   000000EC   14D08DE2           ADD      SP,SP,#+20       ;; stack cleaning
   \   000000F0   2A0000EA           B        ??ShowTag_5
    150                else{
    151                  static byte dir=0;
    152                  int dif=tagw-scr_w;
   \                     ??ShowTag_4:
   \   000000F4   013040E0           SUB      R3,R0,R1
   \   000000F8   00308DE5           STR      R3,[SP, #+0]
    153                  static short sm=0;
    154          //        int step=(7*tagw)/scr_w;
    155                  int step=4+(3*tagw)/scr_w;        
   \   000000FC   800080E0           ADD      R0,R0,R0, LSL #+1
   \   00000100   ........           _BLF     ??div32_a,??rA??div32_a
   \   00000104   04A081E2           ADD      R10,R1,#+4
    156                  sm+=step*(dir?-1:1);
   \   00000108   1400D4E5           LDRB     R0,[R4, #+20]
   \   0000010C   000050E3           CMP      R0,#+0
   \   00000110   0000E013           MVNNE    R0,#+0
   \   00000114   0100A003           MOVEQ    R0,#+1
   \   00000118   F210D4E1           LDRSH    R1,[R4, #+2]
   \   0000011C   901A21E0           MLA      R1,R0,R10,R1
   \   00000120   B210C4E1           STRH     R1,[R4, #+2]
    157                  
    158                  DrawScrollString(wstag,cTgr.x,cTgr.y,cTgr.x2,cTgr.y+GetFontYSIZE(cfnt)+10,sm+1,cfnt,TEXT_ALIGNLEFT,(char*)clr,GetPaletteAdrByColorIndex(23));
   \   00000124   1700A0E3           MOV      R0,#+23
   \   00000128   2E0100EF           SWI      +302
   \   0000012C   00B0A0E1           MOV      R11,R0
   \   00000130   0500A0E1           MOV      R0,R5
   \   00000134   C50100EF           SWI      +453
   \   00000138   00082DE9           PUSH     {R11}
   \   0000013C   00022DE9           PUSH     {R9}
   \   00000140   0110A0E3           MOV      R1,#+1
   \   00000144   02002DE9           PUSH     {R1}
   \   00000148   20002DE9           PUSH     {R5}
   \   0000014C   F210D4E1           LDRSH    R1,[R4, #+2]
   \   00000150   011081E2           ADD      R1,R1,#+1
   \   00000154   02002DE9           PUSH     {R1}
   \   00000158   070080E0           ADD      R0,R0,R7
   \   0000015C   0A0080E2           ADD      R0,R0,#+10
   \   00000160   01002DE9           PUSH     {R0}
   \   00000164   0630A0E1           MOV      R3,R6
   \   00000168   0720A0E1           MOV      R2,R7
   \   0000016C   0810A0E1           MOV      R1,R8
   \   00000170   100094E5           LDR      R0,[R4, #+16]
   \   00000174   070200EF           SWI      +519
   \   00000178   F200D4E1           LDRSH    R0,[R4, #+2]
   \   0000017C   0A1050E0           SUBS     R1,R0,R10
   \   00000180   18D08DE2           ADD      SP,SP,#+24       ;; stack cleaning
    159                  if ((sm-step)<0)dir=0;else
   \   00000184   0000A043           MOVMI    R0,#+0
   \   00000188   0300004A           BMI      ??ShowTag_6
    160                   if ((sm)>dif)dir=1;
   \   0000018C   00109DE5           LDR      R1,[SP, #+0]
   \   00000190   000051E1           CMP      R1,R0
   \   00000194   010000AA           BGE      ??ShowTag_5
   \   00000198   0100A0E3           MOV      R0,#+1
   \                     ??ShowTag_6:
   \   0000019C   1400C4E5           STRB     R0,[R4, #+20]
    161                }
    162              }
    163            }
    164            return 1;
   \                     ??ShowTag_5:
   \   000001A0   0100A0E3           MOV      R0,#+1
   \                     ??ShowTag_2:
   \   000001A4   F24FBDE8           POP      {R1,R4-R11,LR}
   \   000001A8   1EFF2FE1           BX       LR               ;; return
   \                     ??ShowTag_3:
   \   000001AC   ........           DC32     cTgr
   \   000001B0   ........           DC32     clr
    165          } ;

   \                                 In segment DATA_Z, align 4, align-sorted
   \                     tagw:
   \   00000000                      DS8 2
   \   00000002                      DS8 2
   \                     scr_w:
   \   00000004                      DS8 4
   \                     pcsmid:
   \   00000008                      DS8 4
   \                     pcsmadr:
   \   0000000C                      DS8 4
   \                     wstag:
   \   00000010                      DS8 4
   \   00000014                      DS8 1

   \                                 In segment CODE, align 4, keep-with-next
   \                     ??DataTable2:
   \   00000000   ........           DC32     tagw

   \                                 In segment CODE, align 4, keep-with-next
   \                     ??DataTable3:
   \   00000000   ........           DC32     cfnt

   \                                 In segment DATA_C, align 4, align-sorted
   \                     `?<Constant "Unkhown">`:
   \   00000000   556E6B686F77       DC8 "Unkhown"
   \              6E00        
   \   00000008   25773A202577       DC8 "%w: %w"
   \              00          
   \   0000000F   00                 DC8 0
   \   00000010   257720257700       DC8 "%w %w"
   \   00000016   0000               DC8 0, 0

   \                                 In segment DATA_C, align 4, align-sorted
   \                     `?<Constant "%w - %w">`:
   \   00000000   2577202D2025       DC8 "%w - %w"
   \              7700        

   \                                 In segment DATA_C, align 1, align-sorted
   \   00000000   257400             DC8 "%t"
    166          
    167          #endif

   Maximum stack usage in bytes:

     Function CSTACK
     -------- ------
     GetTags    124
     ShowTag     64
     initTags     8


   Segment part sizes:

     Function/Label        Bytes
     --------------        -----
     initTags                68
     GetTags                756
     ShowTag                436
     tagw                    21
     ??DataTable2             4
     ??DataTable3             4
     ?<Constant "Unkhown">   24
     ?<Constant "%w - %w">    8
     ?<Constant "%t">         3
      Others                 60

 
 1 316 bytes in segment CODE
    35 bytes in segment DATA_C
    21 bytes in segment DATA_Z
    12 bytes in segment INITTAB
 
 1 268 bytes of CODE  memory (+ 60 bytes shared)
    35 bytes of CONST memory
    21 bytes of DATA  memory

Errors: none
Warnings: none
