##############################################################################
#                                                                            #
# IAR ARM ANSI C/C++ Compiler V4.42A/W32 EVALUATION    14/Apr/2011  11:23:33 #
# Copyright 1999-2005 IAR Systems. All rights reserved.                      #
#                                                                            #
#    Cpu mode        =  interwork                                            #
#    Endian          =  little                                               #
#    Stack alignment =  4                                                    #
#    Source file     =  C:\arm\callwriter\config_data.c                      #
#    Command line    =  C:\arm\callwriter\config_data.c -D NEWSGOLD -D ELKA  #
#                       -lC C:\arm\callwriter\Release_ELKA\List\ -o          #
#                       C:\arm\callwriter\Release_ELKA\Obj\ -s9 --no_unroll  #
#                       --no_clustering --cpu_mode arm --endian little       #
#                       --cpu ARM926EJ-S --stack_align 4 --interwork -e      #
#                       --fpu None --dlib_config "C:\arm2\Embedded           #
#                       Workbench 4.0 Evaluation\ARM\LIB\dl5tpainl8f.h"      #
#                       --segment code=CONFIG --segment data=CONFIG -I       #
#                       "C:\arm2\Embedded Workbench 4.0                      #
#                       Evaluation\ARM\INC\" --inline_threshold=2            #
#    List file       =  C:\arm\callwriter\Release_ELKA\List\config_data.lst  #
#    Object file     =  C:\arm\callwriter\Release_ELKA\Obj\config_data.r79   #
#                                                                            #
#                                                                            #
##############################################################################

C:\arm\callwriter\config_data.c
      1          #include "..\inc\cfg_items.h"
      2          #include "..\inc\swilib.h"
      3          //Конфигурация

   \                                 In segment CONFIG_C, align 4, align-sorted, root
      4          __root const CFG_HDR cfghdr0={CFG_STR_UTF8,"Каталог",1,127};
   \                     cfghdr0:
   \   00000000   02000000           DC32 2
   \   00000004   CAE0F2E0EBEE       DC8 "\312\340\362\340\353\356\343"
   \              E300        
   \   0000000C   000000000000       DC8 0, 0, 0, 0, 0, 0, 0, 0, 0, 0, 0, 0, 0, 0, 0, 0
   \              000000000000
   \              00000000    
   \   0000001C   000000000000       DC8 0, 0, 0, 0, 0, 0, 0, 0
   \              0000        
   \   00000024   010000007F00       DC32 1, 127
   \              0000        

   \                                 In segment CONFIG_C, align 4, align-sorted, root
      5          __root const char folder[128]="0:\\ZBin\\CallRecorder\\";
   \                     folder:
   \   00000000   303A5C5A4269       DC8 "0:\\ZBin\\CallRecorder\\"
   \              6E5C43616C6C
   \              5265636F7264
   \              65725C00    
   \   00000016   000000000000       DC8 0, 0, 0, 0, 0, 0, 0, 0, 0, 0, 0, 0, 0, 0, 0, 0
   \              000000000000
   \              00000000    
   \   00000026   000000000000       DC8 0, 0, 0, 0, 0, 0, 0, 0, 0, 0, 0, 0, 0, 0, 0, 0
   \              000000000000
   \              00000000    
   \   00000036   000000000000       DC8 0, 0, 0, 0, 0, 0, 0, 0, 0, 0, 0, 0, 0, 0, 0, 0
   \              000000000000
   \              00000000    
   \   00000046   000000000000       DC8 0, 0, 0, 0, 0, 0, 0, 0, 0, 0, 0, 0, 0, 0, 0, 0
   \              000000000000
   \              00000000    
   \   00000056   000000000000       DC8 0, 0, 0, 0, 0, 0, 0, 0, 0, 0, 0, 0, 0, 0, 0, 0
   \              000000000000
   \              00000000    
   \   00000066   000000000000       DC8 0, 0, 0, 0, 0, 0, 0, 0, 0, 0, 0, 0, 0, 0, 0, 0
   \              000000000000
   \              00000000    
   \   00000076   000000000000       DC8 0, 0, 0, 0, 0, 0, 0, 0, 0, 0
   \              00000000    
      6          

   \                                 In segment CONFIG_C, align 4, align-sorted, root
      7          __root const CFG_HDR cfghdr1={CFG_CBOX,"Профиль",0,9};
   \                     cfghdr1:
   \   00000000   05000000           DC32 5
   \   00000004   CFF0EEF4E8EB       DC8 "\317\360\356\364\350\353\374"
   \              FC00        
   \   0000000C   000000000000       DC8 0, 0, 0, 0, 0, 0, 0, 0, 0, 0, 0, 0, 0, 0, 0, 0
   \              000000000000
   \              00000000    
   \   0000001C   000000000000       DC8 0, 0, 0, 0, 0, 0, 0, 0
   \              0000        
   \   00000024   000000000900       DC32 0, 9
   \              0000        

   \                                 In segment CONFIG_C, align 4, align-sorted, root
      8          __root const  int profile=0;
   \                     profile:
   \   00000000   00000000           DC32 0

   \                                 In segment CONFIG_C, align 4, align-sorted, root
      9          __root const CFG_CBOX_ITEM cfgcbox1[]={"Все","1","2","3","4","5","6","7","8"};
   \                     cfgcbox1:
   \   00000000   C2F1E500           DC8 "\302\361\345"
   \   00000004   000000000000       DC8 0, 0, 0, 0, 0, 0, 0, 0, 0, 0, 0, 0, 0, 0, 0, 0
   \              000000000000
   \              00000000    
   \   00000014   000000000000       DC8 0, 0, 0, 0, 0, 0, 0, 0, 0, 0, 0, 0
   \              000000000000
   \   00000020   3100               DC8 "1"
   \   00000022   000000000000       DC8 0, 0, 0, 0, 0, 0, 0, 0, 0, 0, 0, 0, 0, 0, 0, 0
   \              000000000000
   \              00000000    
   \   00000032   000000000000       DC8 0, 0, 0, 0, 0, 0, 0, 0, 0, 0, 0, 0, 0, 0
   \              000000000000
   \              0000        
   \   00000040   3200               DC8 "2"
   \   00000042   000000000000       DC8 0, 0, 0, 0, 0, 0, 0, 0, 0, 0, 0, 0, 0, 0, 0, 0
   \              000000000000
   \              00000000    
   \   00000052   000000000000       DC8 0, 0, 0, 0, 0, 0, 0, 0, 0, 0, 0, 0, 0, 0
   \              000000000000
   \              0000        
   \   00000060   3300               DC8 "3"
   \   00000062   000000000000       DC8 0, 0, 0, 0, 0, 0, 0, 0, 0, 0, 0, 0, 0, 0, 0, 0
   \              000000000000
   \              00000000    
   \   00000072   000000000000       DC8 0, 0, 0, 0, 0, 0, 0, 0, 0, 0, 0, 0, 0, 0
   \              000000000000
   \              0000        
   \   00000080   3400               DC8 "4"
   \   00000082   000000000000       DC8 0, 0, 0, 0, 0, 0, 0, 0, 0, 0, 0, 0, 0, 0, 0, 0
   \              000000000000
   \              00000000    
   \   00000092   000000000000       DC8 0, 0, 0, 0, 0, 0, 0, 0, 0, 0, 0, 0, 0, 0
   \              000000000000
   \              0000        
   \   000000A0   3500               DC8 "5"
   \   000000A2   000000000000       DC8 0, 0, 0, 0, 0, 0, 0, 0, 0, 0, 0, 0, 0, 0, 0, 0
   \              000000000000
   \              00000000    
   \   000000B2   000000000000       DC8 0, 0, 0, 0, 0, 0, 0, 0, 0, 0, 0, 0, 0, 0
   \              000000000000
   \              0000        
   \   000000C0   3600               DC8 "6"
   \   000000C2   000000000000       DC8 0, 0, 0, 0, 0, 0, 0, 0, 0, 0, 0, 0, 0, 0, 0, 0
   \              000000000000
   \              00000000    
   \   000000D2   000000000000       DC8 0, 0, 0, 0, 0, 0, 0, 0, 0, 0, 0, 0, 0, 0
   \              000000000000
   \              0000        
   \   000000E0   3700               DC8 "7"
   \   000000E2   000000000000       DC8 0, 0, 0, 0, 0, 0, 0, 0, 0, 0, 0, 0, 0, 0, 0, 0
   \              000000000000
   \              00000000    
   \   000000F2   000000000000       DC8 0, 0, 0, 0, 0, 0, 0, 0, 0, 0, 0, 0, 0, 0
   \              000000000000
   \              0000        
   \   00000100   3800               DC8 "8"
   \   00000102   000000000000       DC8 0, 0, 0, 0, 0, 0, 0, 0, 0, 0, 0, 0, 0, 0, 0, 0
   \              000000000000
   \              00000000    
   \   00000112   000000000000       DC8 0, 0, 0, 0, 0, 0, 0, 0, 0, 0, 0, 0, 0, 0
   \              000000000000
   \              0000        
     10          

   \                                 In segment CONFIG_C, align 4, align-sorted, root
     11          __root const CFG_HDR cfghdr2={CFG_CBOX,"Битрейт",0,3};
   \                     cfghdr2:
   \   00000000   05000000           DC32 5
   \   00000004   C1E8F2F0E5E9       DC8 "\301\350\362\360\345\351\362"
   \              F200        
   \   0000000C   000000000000       DC8 0, 0, 0, 0, 0, 0, 0, 0, 0, 0, 0, 0, 0, 0, 0, 0
   \              000000000000
   \              00000000    
   \   0000001C   000000000000       DC8 0, 0, 0, 0, 0, 0, 0, 0
   \              0000        
   \   00000024   000000000300       DC32 0, 3
   \              0000        

   \                                 In segment CONFIG_C, align 4, align-sorted, root
     12          __root const  int bitrate=2;
   \                     bitrate:
   \   00000000   02000000           DC32 2

   \                                 In segment CONFIG_C, align 4, align-sorted, root
     13          __root const CFG_CBOX_ITEM cfgcbox2[]={"4.750","7.400","12.200"};
   \                     cfgcbox2:
   \   00000000   342E37353000       DC8 "4.750"
   \   00000006   000000000000       DC8 0, 0, 0, 0, 0, 0, 0, 0, 0, 0, 0, 0, 0, 0, 0, 0
   \              000000000000
   \              00000000    
   \   00000016   000000000000       DC8 0, 0, 0, 0, 0, 0, 0, 0, 0, 0
   \              00000000    
   \   00000020   372E34303000       DC8 "7.400"
   \   00000026   000000000000       DC8 0, 0, 0, 0, 0, 0, 0, 0, 0, 0, 0, 0, 0, 0, 0, 0
   \              000000000000
   \              00000000    
   \   00000036   000000000000       DC8 0, 0, 0, 0, 0, 0, 0, 0, 0, 0
   \              00000000    
   \   00000040   31322E323030       DC8 "12.200"
   \              00          
   \   00000047   000000000000       DC8 0, 0, 0, 0, 0, 0, 0, 0, 0, 0, 0, 0, 0, 0, 0, 0
   \              000000000000
   \              00000000    
   \   00000057   000000000000       DC8 0, 0, 0, 0, 0, 0, 0, 0, 0
   \              000000      
     14          

   \                                 In segment CONFIG_C, align 4, align-sorted, root
     15          __root const CFG_HDR cfghdr3={CFG_CBOX,"Amr mode",0,3};
   \                     cfghdr3:
   \   00000000   05000000           DC32 5
   \   00000004   416D72206D6F       DC8 "Amr mode"
   \              646500      
   \   0000000D   000000000000       DC8 0, 0, 0, 0, 0, 0, 0, 0, 0, 0, 0, 0, 0, 0, 0, 0, 0, 0, 0, 0, 0, 0, 0
   \              000000000000
   \              000000000000
   \              0000000000  
   \   00000024   000000000300       DC32 0, 3
   \              0000        

   \                                 In segment CONFIG_C, align 4, align-sorted, root
     16          __root const  int amrmode=2;
   \                     amrmode:
   \   00000000   02000000           DC32 2

   \                                 In segment CONFIG_C, align 4, align-sorted, root
     17          __root const CFG_CBOX_ITEM cfgcbox3[]={"0","4","7"};
   \                     cfgcbox3:
   \   00000000   3000               DC8 "0"
   \   00000002   000000000000       DC8 0, 0, 0, 0, 0, 0, 0, 0, 0, 0, 0, 0, 0, 0, 0, 0
   \              000000000000
   \              00000000    
   \   00000012   000000000000       DC8 0, 0, 0, 0, 0, 0, 0, 0, 0, 0, 0, 0, 0, 0
   \              000000000000
   \              0000        
   \   00000020   3400               DC8 "4"
   \   00000022   000000000000       DC8 0, 0, 0, 0, 0, 0, 0, 0, 0, 0, 0, 0, 0, 0, 0, 0
   \              000000000000
   \              00000000    
   \   00000032   000000000000       DC8 0, 0, 0, 0, 0, 0, 0, 0, 0, 0, 0, 0, 0, 0
   \              000000000000
   \              0000        
   \   00000040   3700               DC8 "7"
   \   00000042   000000000000       DC8 0, 0, 0, 0, 0, 0, 0, 0, 0, 0, 0, 0, 0, 0, 0, 0
   \              000000000000
   \              00000000    
   \   00000052   000000000000       DC8 0, 0, 0, 0, 0, 0, 0, 0, 0, 0, 0, 0, 0, 0
   \              000000000000
   \              0000        
     18          

   \                                 In segment CONFIG_C, align 4, align-sorted, root
     19          __root const CFG_HDR cfghdr4={CFG_CBOX,"Режим",0,2};
   \                     cfghdr4:
   \   00000000   05000000           DC32 5
   \   00000004   D0E5E6E8EC00       DC8 "\320\345\346\350\354"
   \   0000000A   000000000000       DC8 0, 0, 0, 0, 0, 0, 0, 0, 0, 0, 0, 0, 0, 0, 0, 0
   \              000000000000
   \              00000000    
   \   0000001A   000000000000       DC8 0, 0, 0, 0, 0, 0, 0, 0, 0, 0
   \              00000000    
   \   00000024   000000000200       DC32 0, 2
   \              0000        

   \                                 In segment CONFIG_C, align 4, align-sorted, root
     20          __root const  int opmod=0;
   \                     opmod:
   \   00000000   00000000           DC32 0

   \                                 In segment CONFIG_C, align 4, align-sorted, root
     21          __root const CFG_CBOX_ITEM cfgcbox4[]={"Авто","Кейхук"};
   \                     cfgcbox4:
   \   00000000   C0E2F2EE00         DC8 "\300\342\362\356"
   \   00000005   000000000000       DC8 0, 0, 0, 0, 0, 0, 0, 0, 0, 0, 0, 0, 0, 0, 0, 0
   \              000000000000
   \              00000000    
   \   00000015   000000000000       DC8 0, 0, 0, 0, 0, 0, 0, 0, 0, 0, 0
   \              0000000000  
   \   00000020   CAE5E9F5F3EA       DC8 "\312\345\351\365\363\352"
   \              00          
   \   00000027   000000000000       DC8 0, 0, 0, 0, 0, 0, 0, 0, 0, 0, 0, 0, 0, 0, 0, 0
   \              000000000000
   \              00000000    
   \   00000037   000000000000       DC8 0, 0, 0, 0, 0, 0, 0, 0, 0
   \              000000      
     22          

   \                                 In segment CONFIG_C, align 4, align-sorted, root
     23          __root const CFG_HDR cfghdr5={CFG_STR_UTF8,"Энтрик(гр. связь)",1,8};
   \                     cfghdr5:
   \   00000000   02000000           DC32 2
   \   00000004   DDEDF2F0E8EA       DC8 "\335\355\362\360\350\352(\343\360. \361\342\377\347\374)"
   \              28E3F02E20F1
   \              E2FFE7FC2900
   \   00000016   000000000000       DC8 0, 0, 0, 0, 0, 0, 0, 0, 0, 0, 0, 0, 0, 0
   \              000000000000
   \              0000        
   \   00000024   010000000800       DC32 1, 8
   \              0000        

   \                                 In segment CONFIG_C, align 4, align-sorted, root
     24          __root const char loud[9]="A06629A5";
   \                     loud:
   \   00000000   413036363239       DC8 "A06629A5"
   \              413500      
   \   00000009   000000             DC8 0, 0, 0
     25          

   \                                 In segment CONFIG_C, align 4, align-sorted, root
     26          __root const CFG_HDR cfghdr6={CFG_CHECKBOX,"вкл. гр. связь?",0,1};
   \                     cfghdr6:
   \   00000000   0B000000           DC32 11
   \   00000004   E2EAEB2E20E3       DC8 "\342\352\353. \343\360. \361\342\377\347\374?"
   \              F02E20F1E2FF
   \              E7FC3F00    
   \   00000014   000000000000       DC8 0, 0, 0, 0, 0, 0, 0, 0, 0, 0, 0, 0, 0, 0, 0, 0
   \              000000000000
   \              00000000    
   \   00000024   000000000100       DC32 0, 1
   \              0000        

   \                                 In segment CONFIG_C, align 4, align-sorted, root
     27          __root const  int ena_loud=1;
   \                     ena_loud:
   \   00000000   01000000           DC32 1
     28          

   \                                 In segment CONFIG_C, align 4, align-sorted, root
     29          __root const CFG_HDR cfghdr7={CFG_STR_UTF8,"Энтрик(микр.)",1,8};
   \                     cfghdr7:
   \   00000000   02000000           DC32 2
   \   00000004   DDEDF2F0E8EA       DC8 "\335\355\362\360\350\352(\354\350\352\360.)"
   \              28ECE8EAF02E
   \              2900        
   \   00000012   000000000000       DC8 0, 0, 0, 0, 0, 0, 0, 0, 0, 0, 0, 0, 0, 0, 0, 0, 0, 0
   \              000000000000
   \              000000000000
   \   00000024   010000000800       DC32 1, 8
   \              0000        

   \                                 In segment CONFIG_C, align 4, align-sorted, root
     30          __root const char mic[9]="A06629B1";
   \                     mic:
   \   00000000   413036363239       DC8 "A06629B1"
   \              423100      
   \   00000009   000000             DC8 0, 0, 0
     31          

   \                                 In segment CONFIG_C, align 4, align-sorted, root
     32          __root const CFG_HDR cfghdr_m11={CFG_LEVEL,"Время ожидания до снятия",1,0};
   \                     cfghdr_m11:
   \   00000000   09000000           DC32 9
   \   00000004   C2F0E5ECFF20       DC8 "\302\360\345\354\377 \356\346\350\344\340\355\350\377 \344\356 \361\355\377\362\350\377"
   \              EEE6E8E4E0ED
   \              E8FF20E4EE20
   \              F1EDFFF2E8FF
   \              00          
   \   0000001D   000000000000       DC8 0, 0, 0, 0, 0, 0, 0
   \              00          
   \   00000024   010000000000       DC32 1, 0
   \              0000        
     33          

   \                                 In segment CONFIG_C, align 4, align-sorted, root
     34          __root const CFG_HDR cfghdr8={CFG_CHECKBOX,"Снимать?",0,1};
   \                     cfghdr8:
   \   00000000   0B000000           DC32 11
   \   00000004   D1EDE8ECE0F2       DC8 "\321\355\350\354\340\362\374?"
   \              FC3F00      
   \   0000000D   000000000000       DC8 0, 0, 0, 0, 0, 0, 0, 0, 0, 0, 0, 0, 0, 0, 0, 0, 0, 0, 0, 0, 0, 0, 0
   \              000000000000
   \              000000000000
   \              0000000000  
   \   00000024   000000000100       DC32 0, 1
   \              0000        

   \                                 In segment CONFIG_C, align 4, align-sorted, root
     35          __root const int time_on_on=1;
   \                     time_on_on:
   \   00000000   01000000           DC32 1
     36          

   \                                 In segment CONFIG_C, align 4, align-sorted, root
     37          __root const CFG_HDR cfghdr9={CFG_UINT,"Секунды",0,59};
   \                     cfghdr9:
   \   00000000   01000000           DC32 1
   \   00000004   D1E5EAF3EDE4       DC8 "\321\345\352\363\355\344\373"
   \              FB00        
   \   0000000C   000000000000       DC8 0, 0, 0, 0, 0, 0, 0, 0, 0, 0, 0, 0, 0, 0, 0, 0
   \              000000000000
   \              00000000    
   \   0000001C   000000000000       DC8 0, 0, 0, 0, 0, 0, 0, 0
   \              0000        
   \   00000024   000000003B00       DC32 0, 59
   \              0000        

   \                                 In segment CONFIG_C, align 4, align-sorted, root
     38          __root const int time_on_sec=40;
   \                     time_on_sec:
   \   00000000   28000000           DC32 40
     39          

   \                                 In segment CONFIG_C, align 4, align-sorted, root
     40          __root const CFG_HDR cfghdr10={CFG_UINT,"Минуты",0,59};
   \                     cfghdr10:
   \   00000000   01000000           DC32 1
   \   00000004   CCE8EDF3F2FB       DC8 "\314\350\355\363\362\373"
   \              00          
   \   0000000B   000000000000       DC8 0, 0, 0, 0, 0, 0, 0, 0, 0, 0, 0, 0, 0, 0, 0, 0
   \              000000000000
   \              00000000    
   \   0000001B   000000000000       DC8 0, 0, 0, 0, 0, 0, 0, 0, 0
   \              000000      
   \   00000024   000000003B00       DC32 0, 59
   \              0000        

   \                                 In segment CONFIG_C, align 4, align-sorted, root
     41          __root const int time_on_min=0;
   \                     time_on_min:
   \   00000000   00000000           DC32 0
     42          

   \                                 In segment CONFIG_C, align 4, align-sorted, root
     43          __root const CFG_HDR cfghdr_m10={CFG_LEVEL,"",0,0};
   \                     cfghdr_m10:
   \   00000000   09000000           DC32 9
   \   00000004   00                 DC8 ""
   \   00000005   000000000000       DC8 0, 0, 0, 0, 0, 0, 0, 0, 0, 0, 0, 0, 0, 0, 0, 0
   \              000000000000
   \              00000000    
   \   00000015   000000000000       DC8 0, 0, 0, 0, 0, 0, 0, 0, 0, 0, 0, 0, 0, 0, 0
   \              000000000000
   \              000000      
   \   00000024   000000000000       DC32 0, 0
   \              0000        
     44          

   \                                 In segment CONFIG_C, align 4, align-sorted, root
     45          __root const CFG_HDR cfghdr_m21={CFG_LEVEL,"Время ожидания до сброса",1,0};
   \                     cfghdr_m21:
   \   00000000   09000000           DC32 9
   \   00000004   C2F0E5ECFF20       DC8 "\302\360\345\354\377 \356\346\350\344\340\355\350\377 \344\356 \361\341\360\356\361\340"
   \              EEE6E8E4E0ED
   \              E8FF20E4EE20
   \              F1E1F0EEF1E0
   \              00          
   \   0000001D   000000000000       DC8 0, 0, 0, 0, 0, 0, 0
   \              00          
   \   00000024   010000000000       DC32 1, 0
   \              0000        
     46          

   \                                 In segment CONFIG_C, align 4, align-sorted, root
     47          __root const CFG_HDR cfghdr11={CFG_CHECKBOX,"Сбрасывать?",0,1};
   \                     cfghdr11:
   \   00000000   0B000000           DC32 11
   \   00000004   D1E1F0E0F1FB       DC8 "\321\341\360\340\361\373\342\340\362\374?"
   \              E2E0F2FC3F00
   \   00000010   000000000000       DC8 0, 0, 0, 0, 0, 0, 0, 0, 0, 0, 0, 0, 0, 0, 0, 0, 0, 0, 0, 0
   \              000000000000
   \              000000000000
   \              0000        
   \   00000024   000000000100       DC32 0, 1
   \              0000        

   \                                 In segment CONFIG_C, align 4, align-sorted, root
     48          __root const int time_off_off=1;
   \                     time_off_off:
   \   00000000   01000000           DC32 1
     49          

   \                                 In segment CONFIG_C, align 4, align-sorted, root
     50          __root const CFG_HDR cfghdr12={CFG_UINT,"Секунды",0,59};
   \                     cfghdr12:
   \   00000000   01000000           DC32 1
   \   00000004   D1E5EAF3EDE4       DC8 "\321\345\352\363\355\344\373"
   \              FB00        
   \   0000000C   000000000000       DC8 0, 0, 0, 0, 0, 0, 0, 0, 0, 0, 0, 0, 0, 0, 0, 0
   \              000000000000
   \              00000000    
   \   0000001C   000000000000       DC8 0, 0, 0, 0, 0, 0, 0, 0
   \              0000        
   \   00000024   000000003B00       DC32 0, 59
   \              0000        

   \                                 In segment CONFIG_C, align 4, align-sorted, root
     51          __root const int time_off_sec=10;
   \                     time_off_sec:
   \   00000000   0A000000           DC32 10
     52          

   \                                 In segment CONFIG_C, align 4, align-sorted, root
     53          __root const CFG_HDR cfghdr13={CFG_UINT,"Минуты",0,59};
   \                     cfghdr13:
   \   00000000   01000000           DC32 1
   \   00000004   CCE8EDF3F2FB       DC8 "\314\350\355\363\362\373"
   \              00          
   \   0000000B   000000000000       DC8 0, 0, 0, 0, 0, 0, 0, 0, 0, 0, 0, 0, 0, 0, 0, 0
   \              000000000000
   \              00000000    
   \   0000001B   000000000000       DC8 0, 0, 0, 0, 0, 0, 0, 0, 0
   \              000000      
   \   00000024   000000003B00       DC32 0, 59
   \              0000        

   \                                 In segment CONFIG_C, align 4, align-sorted, root
     54          __root const int time_off_min=0;
   \                     time_off_min:
   \   00000000   00000000           DC32 0
     55          //20

   \                                 In segment CONFIG_C, align 4, align-sorted, root
     56          __root const CFG_HDR cfghdr_m20={CFG_LEVEL,"",0,0};
   \                     cfghdr_m20:
   \   00000000   09000000           DC32 9
   \   00000004   00                 DC8 ""
   \   00000005   000000000000       DC8 0, 0, 0, 0, 0, 0, 0, 0, 0, 0, 0, 0, 0, 0, 0, 0
   \              000000000000
   \              00000000    
   \   00000015   000000000000       DC8 0, 0, 0, 0, 0, 0, 0, 0, 0, 0, 0, 0, 0, 0, 0
   \              000000000000
   \              000000      
   \   00000024   000000000000       DC32 0, 0
   \              0000        
     57          
     58          
     59          

   \                                 In segment CONFIG_C, align 4, align-sorted, root
     60          __root const CFG_HDR cfghdr_m31={CFG_LEVEL,"Кейхук",1,0};
   \                     cfghdr_m31:
   \   00000000   09000000           DC32 9
   \   00000004   CAE5E9F5F3EA       DC8 "\312\345\351\365\363\352"
   \              00          
   \   0000000B   000000000000       DC8 0, 0, 0, 0, 0, 0, 0, 0, 0, 0, 0, 0, 0, 0, 0, 0
   \              000000000000
   \              00000000    
   \   0000001B   000000000000       DC8 0, 0, 0, 0, 0, 0, 0, 0, 0
   \              000000      
   \   00000024   010000000000       DC32 1, 0
   \              0000        
     61          

   \                                 In segment CONFIG_C, align 4, align-sorted, root
     62          __root const CFG_HDR cfghdr14={CFG_KEYCODE,"Кнопка 1",0,100};
   \                     cfghdr14:
   \   00000000   11000000           DC32 17
   \   00000004   CAEDEEEFEAE0       DC8 "\312\355\356\357\352\340 1"
   \              203100      
   \   0000000D   000000000000       DC8 0, 0, 0, 0, 0, 0, 0, 0, 0, 0, 0, 0, 0, 0, 0, 0, 0, 0, 0, 0, 0, 0, 0
   \              000000000000
   \              000000000000
   \              0000000000  
   \   00000024   000000006400       DC32 0, 100
   \              0000        

   \                                 In segment CONFIG_C, align 4, align-sorted, root
     63          __root const unsigned int Key1='*';
   \                     Key1:
   \   00000000   2A000000           DC32 42
     64          

   \                                 In segment CONFIG_C, align 4, align-sorted, root
     65          __root const CFG_HDR cfghdr15={CFG_CBOX,"Метод",0,3};
   \                     cfghdr15:
   \   00000000   05000000           DC32 5
   \   00000004   CCE5F2EEE400       DC8 "\314\345\362\356\344"
   \   0000000A   000000000000       DC8 0, 0, 0, 0, 0, 0, 0, 0, 0, 0, 0, 0, 0, 0, 0, 0
   \              000000000000
   \              00000000    
   \   0000001A   000000000000       DC8 0, 0, 0, 0, 0, 0, 0, 0, 0, 0
   \              00000000    
   \   00000024   000000000300       DC32 0, 3
   \              0000        

   \                                 In segment CONFIG_C, align 4, align-sorted, root
     66          __root const unsigned int Key1Type=2;
   \                     Key1Type:
   \   00000000   02000000           DC32 2

   \                                 In segment CONFIG_C, align 4, align-sorted, root
     67          __root const CFG_CBOX_ITEM cfgcbox15[]={"Короткое","Длинное","Обе одновременно"};
   \                     cfgcbox15:
   \   00000000   CAEEF0EEF2EA       DC8 "\312\356\360\356\362\352\356\345"
   \              EEE500      
   \   00000009   000000000000       DC8 0, 0, 0, 0, 0, 0, 0, 0, 0, 0, 0, 0, 0, 0, 0, 0, 0, 0, 0, 0, 0, 0, 0
   \              000000000000
   \              000000000000
   \              0000000000  
   \   00000020   C4EBE8EDEDEE       DC8 "\304\353\350\355\355\356\345"
   \              E500        
   \   00000028   000000000000       DC8 0, 0, 0, 0, 0, 0, 0, 0, 0, 0, 0, 0, 0, 0, 0, 0
   \              000000000000
   \              00000000    
   \   00000038   000000000000       DC8 0, 0, 0, 0, 0, 0, 0, 0
   \              0000        
   \   00000040   CEE1E520EEE4       DC8 "\316\341\345 \356\344\355\356\342\360\345\354\345\355\355\356"
   \              EDEEE2F0E5EC
   \              E5EDEDEE00  
   \   00000051   000000000000       DC8 0, 0, 0, 0, 0, 0, 0, 0, 0, 0, 0, 0, 0, 0, 0
   \              000000000000
   \              000000      
     68          

   \                                 In segment CONFIG_C, align 4, align-sorted, root
     69          __root const CFG_HDR cfghdr16={CFG_KEYCODE,"Кнопка 2",0,100};
   \                     cfghdr16:
   \   00000000   11000000           DC32 17
   \   00000004   CAEDEEEFEAE0       DC8 "\312\355\356\357\352\340 2"
   \              203200      
   \   0000000D   000000000000       DC8 0, 0, 0, 0, 0, 0, 0, 0, 0, 0, 0, 0, 0, 0, 0, 0, 0, 0, 0, 0, 0, 0, 0
   \              000000000000
   \              000000000000
   \              0000000000  
   \   00000024   000000006400       DC32 0, 100
   \              0000        

   \                                 In segment CONFIG_C, align 4, align-sorted, root
     70          __root const unsigned int Key2='#';
   \                     Key2:
   \   00000000   23000000           DC32 35
     71          

   \                                 In segment CONFIG_C, align 4, align-sorted, root
     72          __root const CFG_HDR cfghdr17={CFG_CBOX,"Метод",0,4};
   \                     cfghdr17:
   \   00000000   05000000           DC32 5
   \   00000004   CCE5F2EEE400       DC8 "\314\345\362\356\344"
   \   0000000A   000000000000       DC8 0, 0, 0, 0, 0, 0, 0, 0, 0, 0, 0, 0, 0, 0, 0, 0
   \              000000000000
   \              00000000    
   \   0000001A   000000000000       DC8 0, 0, 0, 0, 0, 0, 0, 0, 0, 0
   \              00000000    
   \   00000024   000000000400       DC32 0, 4
   \              0000        

   \                                 In segment CONFIG_C, align 4, align-sorted, root
     73          __root const unsigned int Key2Type=2;
   \                     Key2Type:
   \   00000000   02000000           DC32 2

   \                                 In segment CONFIG_C, align 4, align-sorted, root
     74          __root const CFG_CBOX_ITEM cfgcbox17[]={"Одинарное","Длинное","Обе одновременно","Не использовать"};
   \                     cfgcbox17:
   \   00000000   CEE4E8EDE0F0       DC8 "\316\344\350\355\340\360\355\356\345"
   \              EDEEE500    
   \   0000000A   000000000000       DC8 0, 0, 0, 0, 0, 0, 0, 0, 0, 0, 0, 0, 0, 0, 0, 0, 0, 0, 0, 0, 0, 0
   \              000000000000
   \              000000000000
   \              00000000    
   \   00000020   C4EBE8EDEDEE       DC8 "\304\353\350\355\355\356\345"
   \              E500        
   \   00000028   000000000000       DC8 0, 0, 0, 0, 0, 0, 0, 0, 0, 0, 0, 0, 0, 0, 0, 0
   \              000000000000
   \              00000000    
   \   00000038   000000000000       DC8 0, 0, 0, 0, 0, 0, 0, 0
   \              0000        
   \   00000040   CEE1E520EEE4       DC8 "\316\341\345 \356\344\355\356\342\360\345\354\345\355\355\356"
   \              EDEEE2F0E5EC
   \              E5EDEDEE00  
   \   00000051   000000000000       DC8 0, 0, 0, 0, 0, 0, 0, 0, 0, 0, 0, 0, 0, 0, 0
   \              000000000000
   \              000000      
   \   00000060   CDE520E8F1EF       DC8 "\315\345 \350\361\357\356\353\374\347\356\342\340\362\374"
   \              EEEBFCE7EEE2
   \              E0F2FC00    
   \   00000070   000000000000       DC8 0, 0, 0, 0, 0, 0, 0, 0, 0, 0, 0, 0, 0, 0, 0, 0
   \              000000000000
   \              00000000    
     75          

   \                                 In segment CONFIG_C, align 4, align-sorted, root
     76          __root const CFG_HDR cfghdr_m30={CFG_LEVEL,"",0,0};
   \                     cfghdr_m30:
   \   00000000   09000000           DC32 9
   \   00000004   00                 DC8 ""
   \   00000005   000000000000       DC8 0, 0, 0, 0, 0, 0, 0, 0, 0, 0, 0, 0, 0, 0, 0, 0
   \              000000000000
   \              00000000    
   \   00000015   000000000000       DC8 0, 0, 0, 0, 0, 0, 0, 0, 0, 0, 0, 0, 0, 0, 0
   \              000000000000
   \              000000      
   \   00000024   000000000000       DC32 0, 0
   \              0000        


   Segment part sizes:

     Function/Label Bytes
     -------------- -----
     cfghdr0          44
     folder          128
     cfghdr1          44
     profile           4
     cfgcbox1        288
     cfghdr2          44
     bitrate           4
     cfgcbox2         96
     cfghdr3          44
     amrmode           4
     cfgcbox3         96
     cfghdr4          44
     opmod             4
     cfgcbox4         64
     cfghdr5          44
     loud             12
     cfghdr6          44
     ena_loud          4
     cfghdr7          44
     mic              12
     cfghdr_m11       44
     cfghdr8          44
     time_on_on        4
     cfghdr9          44
     time_on_sec       4
     cfghdr10         44
     time_on_min       4
     cfghdr_m10       44
     cfghdr_m21       44
     cfghdr11         44
     time_off_off      4
     cfghdr12         44
     time_off_sec      4
     cfghdr13         44
     time_off_min      4
     cfghdr_m20       44
     cfghdr_m31       44
     cfghdr14         44
     Key1              4
     cfghdr15         44
     Key1Type          4
     cfgcbox15        96
     cfghdr16         44
     Key2              4
     cfghdr17         44
     Key2Type          4
     cfgcbox17       128
     cfghdr_m30       44

 
 2 036 bytes in segment CONFIG_C
 
 2 036 bytes of CONST memory

Errors: none
Warnings: none
