##############################################################################
#                                                                            #
# IAR ARM ANSI C/C++ Compiler V4.42A/W32 EVALUATION    12/Aug/2008  18:25:10 #
# Copyright 1999-2005 IAR Systems. All rights reserved.                      #
#                                                                            #
#    Cpu mode        =  interwork                                            #
#    Endian          =  little                                               #
#    Stack alignment =  4                                                    #
#    Source file     =  D:\Pasha\elf\feanor\bashorg\config_data.c            #
#    Command line    =  D:\Pasha\elf\feanor\bashorg\config_data.c -lC        #
#                       D:\Pasha\elf\feanor\bashorg\Release\List\ -o         #
#                       D:\Pasha\elf\feanor\bashorg\Release\Obj\ -s9         #
#                       --no_unroll --no_clustering --cpu_mode arm --endian  #
#                       little --cpu ARM7TDMI --stack_align 4 --interwork    #
#                       -e --fpu None --dlib_config "D:\Pasha\Embedded       #
#                       Workbench 4.0 Evaluation2\ARM\LIB\dl4tpainl8n.h"     #
#                       --segment code=CONFIG --segment data=CONFIG -I       #
#                       "D:\Pasha\Embedded Workbench 4.0                     #
#                       Evaluation2\ARM\INC\" --inline_threshold=2           #
#    List file       =  D:\Pasha\elf\feanor\bashorg\Release\List\config_data #
#                       .lst                                                 #
#    Object file     =  D:\Pasha\elf\feanor\bashorg\Release\Obj\config_data. #
#                       r79                                                  #
#                                                                            #
#                                                                            #
##############################################################################

D:\Pasha\elf\feanor\bashorg\config_data.c
      1          #include "cfg_items.h"
      2          
      3          #define IP_ADDR(A,B,C,D) (((unsigned long)A<<24)|((unsigned long)B<<16)|((unsigned long)C<<8)|((unsigned long)D<<0))
      4          
      5          

   \                                 In segment CONFIG_C, align 4, align-sorted, root
      6          __root const CFG_HDR cfghdr0={CFG_UINT,"Сожрать трафа?",0,60000};
   \                     cfghdr0:
   \   00000000   01000000           DC32 1
   \   00000004   D1EEE6F0E0F2       DC8 "\321\356\346\360\340\362\374 \362\360\340\364\340?"
   \              FC20F2F0E0F4
   \              E03F00      
   \   00000013   000000000000       DC8 0, 0, 0, 0, 0, 0, 0, 0, 0, 0, 0, 0, 0, 0, 0, 0, 0
   \              000000000000
   \              0000000000  
   \   00000024   0000000060EA       DC32 0, 60000
   \              0000        

   \                                 In segment CONFIG_C, align 4, align-sorted, root
      7          __root const unsigned int limit=3000;
   \                     limit:
   \   00000000   B80B0000           DC32 3000
      8          

   \                                 In segment CONFIG_C, align 4, align-sorted, root
      9          __root const CFG_HDR cfghdr1={CFG_STR_UTF8,"Путь к архиву",0,63};
   \                     cfghdr1:
   \   00000000   02000000           DC32 2
   \   00000004   CFF3F2FC20EA       DC8 "\317\363\362\374 \352 \340\360\365\350\342\363"
   \              20E0F0F5E8E2
   \              F300        
   \   00000012   000000000000       DC8 0, 0, 0, 0, 0, 0, 0, 0, 0, 0, 0, 0, 0, 0, 0, 0, 0, 0
   \              000000000000
   \              000000000000
   \   00000024   000000003F00       DC32 0, 63
   \              0000        

   \                                 In segment CONFIG_C, align 4, align-sorted, root
     10          __root const char hist_path[64]="4:\\bash";
   \                     hist_path:
   \   00000000   343A5C626173       DC8 "4:\\bash"
   \              6800        
   \   00000008   000000000000       DC8 0, 0, 0, 0, 0, 0, 0, 0, 0, 0, 0, 0, 0, 0, 0, 0
   \              000000000000
   \              00000000    
   \   00000018   000000000000       DC8 0, 0, 0, 0, 0, 0, 0, 0, 0, 0, 0, 0, 0, 0, 0, 0
   \              000000000000
   \              00000000    
   \   00000028   000000000000       DC8 0, 0, 0, 0, 0, 0, 0, 0, 0, 0, 0, 0, 0, 0, 0, 0
   \              000000000000
   \              00000000    
   \   00000038   000000000000       DC8 0, 0, 0, 0, 0, 0, 0, 0
   \              0000        
     11          

   \                                 In segment CONFIG_C, align 4, align-sorted, root
     12          __root const CFG_HDR cfghdr2={CFG_STR_UTF8,"Путь к ресурсам",0,63};
   \                     cfghdr2:
   \   00000000   02000000           DC32 2
   \   00000004   CFF3F2FC20EA       DC8 "\317\363\362\374 \352 \360\345\361\363\360\361\340\354"
   \              20F0E5F1F3F0
   \              F1E0EC00    
   \   00000014   000000000000       DC8 0, 0, 0, 0, 0, 0, 0, 0, 0, 0, 0, 0, 0, 0, 0, 0
   \              000000000000
   \              00000000    
   \   00000024   000000003F00       DC32 0, 63
   \              0000        

   \                                 In segment CONFIG_C, align 4, align-sorted, root
     13          __root const char ic_path[64]="0:\\zbin\\img\\bash";
   \                     ic_path:
   \   00000000   303A5C7A6269       DC8 "0:\\zbin\\img\\bash"
   \              6E5C696D675C
   \              6261736800  
   \   00000011   000000000000       DC8 0, 0, 0, 0, 0, 0, 0, 0, 0, 0, 0, 0, 0, 0, 0, 0
   \              000000000000
   \              00000000    
   \   00000021   000000000000       DC8 0, 0, 0, 0, 0, 0, 0, 0, 0, 0, 0, 0, 0, 0, 0, 0
   \              000000000000
   \              00000000    
   \   00000031   000000000000       DC8 0, 0, 0, 0, 0, 0, 0, 0, 0, 0, 0, 0, 0, 0, 0
   \              000000000000
   \              000000      
     14          

   \                                 In segment CONFIG_C, align 4, align-sorted, root
     15          __root const CFG_HDR cfghdr3={CFG_CHECKBOX,"Рисовать иконки?",0,1};
   \                     cfghdr3:
   \   00000000   0B000000           DC32 11
   \   00000004   D0E8F1EEE2E0       DC8 "\320\350\361\356\342\340\362\374 \350\352\356\355\352\350?"
   \              F2FC20E8EAEE
   \              EDEAE83F00  
   \   00000015   000000000000       DC8 0, 0, 0, 0, 0, 0, 0, 0, 0, 0, 0, 0, 0, 0, 0
   \              000000000000
   \              000000      
   \   00000024   000000000100       DC32 0, 1
   \              0000        

   \                                 In segment CONFIG_C, align 4, align-sorted, root
     16          __root const unsigned int ic=1;
   \                     ic:
   \   00000000   01000000           DC32 1
     17          

   \                                 In segment CONFIG_C, align 4, align-sorted, root
     18          __root const CFG_HDR cfghdr4={CFG_UINT,"Регистрационный код",0,~0};
   \                     cfghdr4:
   \   00000000   01000000           DC32 1
   \   00000004   D0E5E3E8F1F2       DC8 "\320\345\343\350\361\362\360\340\366\350\356\355\355\373\351 \352\356\344"
   \              F0E0F6E8EEED
   \              EDFBE920EAEE
   \              E400        
   \   00000018   000000000000       DC8 0, 0, 0, 0, 0, 0, 0, 0, 0, 0, 0, 0
   \              000000000000
   \   00000024   00000000FFFF       DC32 0, 4294967295
   \              FFFF        

   \                                 In segment CONFIG_C, align 4, align-sorted, root
     19          __root const unsigned int ipp=IP_ADDR(89,111,181,251);
   \                     ipp:
   \   00000000   FBB56F59           DC32 1500493307
     20          
     21          


   Segment part sizes:

     Function/Label Bytes
     -------------- -----
     cfghdr0          44
     limit             4
     cfghdr1          44
     hist_path        64
     cfghdr2          44
     ic_path          64
     cfghdr3          44
     ic                4
     cfghdr4          44
     ipp               4

 
 360 bytes in segment CONFIG_C
 
 360 bytes of CONST memory

Errors: none
Warnings: none
