##############################################################################
#                                                                            #
# IAR ARM ANSI C/C++ Compiler V4.42A/W32 EVALUATION    23/Jul/2009  12:34:54 #
# Copyright 1999-2005 IAR Systems. All rights reserved.                      #
#                                                                            #
#    Cpu mode        =  interwork                                            #
#    Endian          =  little                                               #
#    Stack alignment =  4                                                    #
#    Source file     =  C:\arm\Ballet Mini test\game.c                       #
#    Command line    =  "C:\arm\Ballet Mini test\game.c" -D NEWSGOLD -D      #
#                       ELKA -lC "C:\arm\Ballet Mini                         #
#                       test\Release_ELKA\List\" -o "C:\arm\Ballet Mini      #
#                       test\Release_ELKA\Obj\" -s9 --no_unroll --no_inline  #
#                       --cpu_mode arm --endian little --cpu ARM926EJ-S      #
#                       --stack_align 4 --interwork -e --char_is_signed      #
#                       --fpu None -I "C:\arm2\Embedded Workbench 4.0        #
#                       Evaluation\ARM\INC\"                                 #
#    List file       =  C:\arm\Ballet Mini test\Release_ELKA\List\game.lst   #
#    Object file     =  C:\arm\Ballet Mini test\Release_ELKA\Obj\game.r79    #
#                                                                            #
#                                                                            #
##############################################################################



   Segment part sizes:

     Function/Label Bytes
     -------------- -----

 
 
 0 bytes of memory

Errors: none
Warnings: none
