###############################################################################
#                                                                             #
#     IAR Systems ARM Assembler V4.42A/W32 20/Sep/2009  17:24:16              #
#     Copyright 1999-2007 IAR Systems. All rights reserved.                   #
#                                                                             #
#           Source file   =  C:\arm\Extra_Info_on_ProgressBars\rets_E71_45.asm#
#           List file     =  C:\arm\Extra_Info_on_ProgressBars\E71_45\List\rets_E71_45.lst#
#           Object file   =  C:\arm\Extra_Info_on_ProgressBars\E71_45\Obj\rets_E71_45.r79#
#           Command line  =  C:\arm\Extra_Info_on_ProgressBars\rets_E71_45.asm #
#                            -OC:\arm\Extra_Info_on_ProgressBars\E71_45\Obj\  #
#                            -s+ -M<> -w+ -DNEWSGOLD -DELKA                   #
#                            -LC:\arm\Extra_Info_on_ProgressBars\E71_45\List\ #
#                            -cE -t8 --cpu ARM926EJ-S --fpu None              #
#                            -IC:\arm2\Embedded Workbench 4.0 Evaluation\ARM\INC\ #
#                                                                             #
###############################################################################

    1    00000000                      RSEG    CODE:DATA:ROOT(2)
    2    00000000                      
    3    00000000                      PUBLIC  OldDraw
    4    00000000              OldDraw:
    5    00000000 7BA2A2A0             DCD     0xA0A2A27A+1
    6    00000004              
    7    00000004                      END
##############################
#          CRC:30F9          #
#        Errors:   0         #
#        Warnings: 0         #
#          Bytes: 4          #
##############################



