##############################################################################
#                                                                            #
# IAR ARM ANSI C/C++ Compiler V4.42A/W32 EVALUATION    25/Jan/2011  12:38:56 #
# Copyright 1999-2005 IAR Systems. All rights reserved.                      #
#                                                                            #
#    Cpu mode        =  interwork                                            #
#    Endian          =  little                                               #
#    Stack alignment =  4                                                    #
#    Source file     =  C:\arm\pp\config_data.c                              #
#    Command line    =  C:\arm\pp\config_data.c -D NEWSGOLD -lC              #
#                       C:\arm\pp\Release_NSG\List\ -lA                      #
#                       C:\arm\pp\Release_NSG\List\ -o                       #
#                       C:\arm\pp\Release_NSG\Obj\ -s9 --cpu_mode arm        #
#                       --endian little --cpu ARM926EJ-S --stack_align 4     #
#                       --interwork -e --fpu None --dlib_config              #
#                       "C:\arm2\Embedded Workbench 4.0                      #
#                       Evaluation\ARM\LIB\dl5tpainl8f.h" --segment          #
#                       code=CONFIG --segment data=CONFIG -I                 #
#                       "C:\arm2\Embedded Workbench 4.0                      #
#                       Evaluation\ARM\INC\" --inline_threshold=2            #
#    List file       =  C:\arm\pp\Release_NSG\List\config_data.lst           #
#    Object file     =  C:\arm\pp\Release_NSG\Obj\config_data.r79            #
#                                                                            #
#                                                                            #
##############################################################################

C:\arm\pp\config_data.c
      1          /*
      2          * Ping-Pong 2009 - 2010
      3          * keys
      4          * (c) Danil_e71
      5          */
      6          
      7          #include "..\inc\cfg_items.h"
      8          #include "..\inc\swilib.h"
      9          
     10          
     11          //Путь и имя

   \                                 In segment CONFIG_C, align 4, align-sorted, root
     12          __root const CFG_HDR cfghdr1={CFG_STR_UTF8,"Каталог",1,127};
   \                     cfghdr1:
   \   00000000   02000000           DC32 2
   \   00000004   CAE0F2E0EBEE       DC8 "\312\340\362\340\353\356\343"
   \              E300        
   \   0000000C   000000000000       DC8 0, 0, 0, 0, 0, 0, 0, 0, 0, 0, 0, 0, 0, 0, 0, 0
   \              000000000000
   \              00000000    
   \   0000001C   000000000000       DC8 0, 0, 0, 0, 0, 0, 0, 0
   \              0000        
   \   00000024   010000007F00       DC32 1, 127
   \              0000        

   \                                 In segment CONFIG_C, align 4, align-sorted, root
     13          __root const char folder[128]="4:\\ZBin\\Games\\Ping-Pong\\";
   \                     folder:
   \   00000000   343A5C5A4269       DC8 "4:\\ZBin\\Games\\Ping-Pong\\"
   \              6E5C47616D65
   \              735C50696E67
   \              2D506F6E675C
   \              00          
   \   00000019   000000000000       DC8 0, 0, 0, 0, 0, 0, 0, 0, 0, 0, 0, 0, 0, 0, 0, 0
   \              000000000000
   \              00000000    
   \   00000029   000000000000       DC8 0, 0, 0, 0, 0, 0, 0, 0, 0, 0, 0, 0, 0, 0, 0, 0
   \              000000000000
   \              00000000    
   \   00000039   000000000000       DC8 0, 0, 0, 0, 0, 0, 0, 0, 0, 0, 0, 0, 0, 0, 0, 0
   \              000000000000
   \              00000000    
   \   00000049   000000000000       DC8 0, 0, 0, 0, 0, 0, 0, 0, 0, 0, 0, 0, 0, 0, 0, 0
   \              000000000000
   \              00000000    
   \   00000059   000000000000       DC8 0, 0, 0, 0, 0, 0, 0, 0, 0, 0, 0, 0, 0, 0, 0, 0
   \              000000000000
   \              00000000    
   \   00000069   000000000000       DC8 0, 0, 0, 0, 0, 0, 0, 0, 0, 0, 0, 0, 0, 0, 0, 0, 0, 0, 0, 0, 0, 0, 0
   \              000000000000
   \              000000000000
   \              0000000000  
     14          

   \                                 In segment CONFIG_C, align 4, align-sorted, root
     15          __root const CFG_HDR cfghdr2={CFG_STR_WIN1251,"Имя",0,14};
   \                     cfghdr2:
   \   00000000   04000000           DC32 4
   \   00000004   C8ECFF00           DC8 "\310\354\377"
   \   00000008   000000000000       DC8 0, 0, 0, 0, 0, 0, 0, 0, 0, 0, 0, 0, 0, 0, 0, 0
   \              000000000000
   \              00000000    
   \   00000018   000000000000       DC8 0, 0, 0, 0, 0, 0, 0, 0, 0, 0, 0, 0
   \              000000000000
   \   00000024   000000000E00       DC32 0, 14
   \              0000        

   \                                 In segment CONFIG_C, align 4, align-sorted, root
     16          __root const char name[15]="Игрок_1";
   \                     name:
   \   00000000   C8E3F0EEEA5F       DC8 "\310\343\360\356\352_1"
   \              3100        
   \   00000008   000000000000       DC8 0, 0, 0, 0, 0, 0, 0, 0
   \              0000        


   Segment part sizes:

     Function/Label Bytes
     -------------- -----
     cfghdr1          44
     folder          128
     cfghdr2          44
     name             16

 
 232 bytes in segment CONFIG_C
 
 232 bytes of CONST memory

Errors: none
Warnings: none
