##############################################################################
#                                                                            #
# IAR ARM ANSI C/C++ Compiler V4.42A/W32 EVALUATION    19/Sep/2009  14:15:48 #
# Copyright 1999-2005 IAR Systems. All rights reserved.                      #
#                                                                            #
#    Cpu mode        =  interwork                                            #
#    Endian          =  little                                               #
#    Stack alignment =  4                                                    #
#    Source file     =  C:\arm\n_xtask_final(all platforms)\config_data.c    #
#    Command line    =  "C:\arm\n_xtask_final(all platforms)\config_data.c"  #
#                       -D NEWSGOLD -D ELKA -lC "C:\arm\n_xtask_final(all    #
#                       platforms)\Release_ELKA\List\" -o                    #
#                       "C:\arm\n_xtask_final(all                            #
#                       platforms)\Release_ELKA\Obj\" -s9 --no_unroll        #
#                       --no_clustering --cpu_mode arm --endian little       #
#                       --cpu ARM926EJ-S --stack_align 4 --interwork -e      #
#                       --fpu None --dlib_config "C:\arm2\Embedded           #
#                       Workbench 4.0 Evaluation\ARM\LIB\dl5tpainl8n.h"      #
#                       --segment code=CONFIG --segment data=CONFIG -I       #
#                       "C:\arm2\Embedded Workbench 4.0                      #
#                       Evaluation\ARM\INC\" --inline_threshold=2            #
#    List file       =  C:\arm\n_xtask_final(all platforms)\Release_ELKA\Lis #
#                       t\config_data.lst                                    #
#    Object file     =  C:\arm\n_xtask_final(all platforms)\Release_ELKA\Obj #
#                       \config_data.r79                                     #
#                                                                            #
#                                                                            #
##############################################################################

C:\arm\n_xtask_final(all platforms)\config_data.c
      1          #include "..\inc\cfg_items.h"
      2          //Конфигурация

   \                                 In segment CONFIG_C, align 4, align-sorted, root
      3          __root const CFG_HDR cfghdr0={CFG_STR_UTF8,"CSM list file",3,127};
   \                     cfghdr0:
   \   00000000   02000000           DC32 2
   \   00000004   43534D206C69       DC8 "CSM list file"
   \              73742066696C
   \              6500        
   \   00000012   000000000000       DC8 0, 0, 0, 0, 0, 0, 0, 0, 0, 0, 0, 0, 0, 0, 0, 0, 0, 0
   \              000000000000
   \              000000000000
   \   00000024   030000007F00       DC32 3, 127
   \              0000        
      4          #ifdef NEWSGOLD

   \                                 In segment CONFIG_C, align 4, align-sorted, root
      5          __root const char csmlist_fname[128]="4:\\ZBin\\etc\\CSMlist.txt";
   \                     csmlist_fname:
   \   00000000   343A5C5A4269       DC8 "4:\\ZBin\\etc\\CSMlist.txt"
   \              6E5C6574635C
   \              43534D6C6973
   \              742E74787400
   \   00000018   000000000000       DC8 0, 0, 0, 0, 0, 0, 0, 0, 0, 0, 0, 0, 0, 0, 0, 0
   \              000000000000
   \              00000000    
   \   00000028   000000000000       DC8 0, 0, 0, 0, 0, 0, 0, 0, 0, 0, 0, 0, 0, 0, 0, 0
   \              000000000000
   \              00000000    
   \   00000038   000000000000       DC8 0, 0, 0, 0, 0, 0, 0, 0, 0, 0, 0, 0, 0, 0, 0, 0
   \              000000000000
   \              00000000    
   \   00000048   000000000000       DC8 0, 0, 0, 0, 0, 0, 0, 0, 0, 0, 0, 0, 0, 0, 0, 0
   \              000000000000
   \              00000000    
   \   00000058   000000000000       DC8 0, 0, 0, 0, 0, 0, 0, 0, 0, 0, 0, 0, 0, 0, 0, 0
   \              000000000000
   \              00000000    
   \   00000068   000000000000       DC8 0, 0, 0, 0, 0, 0, 0, 0, 0, 0, 0, 0, 0, 0, 0, 0
   \              000000000000
   \              00000000    
   \   00000078   000000000000       DC8 0, 0, 0, 0, 0, 0, 0, 0
   \              0000        
      6          #else 
      7          __root const char csmlist_fname[128]="0:\\ZBin\\etc\\CSMlist.txt";
      8          #endif
      9          

   \                                 In segment CONFIG_C, align 4, align-sorted, root
     10          __root const CFG_HDR cfghdr2y={CFG_LEVEL,"Key Config",1,0};
   \                     cfghdr2y:
   \   00000000   09000000           DC32 9
   \   00000004   4B657920436F       DC8 "Key Config"
   \              6E66696700  
   \   0000000F   000000000000       DC8 0, 0, 0, 0, 0, 0, 0, 0, 0, 0, 0, 0, 0, 0, 0, 0, 0, 0, 0, 0, 0
   \              000000000000
   \              000000000000
   \              000000      
   \   00000024   010000000000       DC32 1, 0
   \              0000        

   \                                 In segment CONFIG_C, align 4, align-sorted, root
     11            __root const CFG_HDR cfghdr23={CFG_CBOX,"Activation style",0,4};
   \                     cfghdr23:
   \   00000000   05000000           DC32 5
   \   00000004   416374697661       DC8 "Activation style"
   \              74696F6E2073
   \              74796C6500  
   \   00000015   000000000000       DC8 0, 0, 0, 0, 0, 0, 0, 0, 0, 0, 0, 0, 0, 0, 0
   \              000000000000
   \              000000      
   \   00000024   000000000400       DC32 0, 4
   \              0000        

   \                                 In segment CONFIG_C, align 4, align-sorted, root
     12            __root const int ACTIVE_KEY_STYLE=0;
   \                     ACTIVE_KEY_STYLE:
   \   00000000   00000000           DC32 0

   \                                 In segment CONFIG_C, align 4, align-sorted, root
     13            __root const CFG_CBOX_ITEM cfgcbox23[4]={"Short press","Long press","* + #","Enter Button"};
   \                     cfgcbox23:
   \   00000000   53686F727420       DC8 "Short press"
   \              707265737300
   \   0000000C   000000000000       DC8 0, 0, 0, 0, 0, 0, 0, 0, 0, 0, 0, 0, 0, 0, 0, 0, 0, 0, 0, 0
   \              000000000000
   \              000000000000
   \              0000        
   \   00000020   4C6F6E672070       DC8 "Long press"
   \              7265737300  
   \   0000002B   000000000000       DC8 0, 0, 0, 0, 0, 0, 0, 0, 0, 0, 0, 0, 0, 0, 0, 0, 0, 0, 0, 0, 0
   \              000000000000
   \              000000000000
   \              000000      
   \   00000040   2A202B202300       DC8 "* + #"
   \   00000046   000000000000       DC8 0, 0, 0, 0, 0, 0, 0, 0, 0, 0, 0, 0, 0, 0, 0, 0
   \              000000000000
   \              00000000    
   \   00000056   000000000000       DC8 0, 0, 0, 0, 0, 0, 0, 0, 0, 0
   \              00000000    
   \   00000060   456E74657220       DC8 "Enter Button"
   \              427574746F6E
   \              00          
   \   0000006D   000000000000       DC8 0, 0, 0, 0, 0, 0, 0, 0, 0, 0, 0, 0, 0, 0, 0, 0, 0, 0, 0
   \              000000000000
   \              000000000000
   \              00          
     14          
     15          #ifndef NEWSGOLD
     16            __root const CFG_HDR cfghdr24={CFG_UINT,"Activation key",0,99};
     17            __root const int ACTIVE_KEY=99;
     18          #else
     19          #ifdef ELKA

   \                                 In segment CONFIG_C, align 4, align-sorted, root
     20            __root const CFG_HDR cfghdr24={CFG_UINT,"Activation key",0,99};
   \                     cfghdr24:
   \   00000000   01000000           DC32 1
   \   00000004   416374697661       DC8 "Activation key"
   \              74696F6E206B
   \              657900      
   \   00000013   000000000000       DC8 0, 0, 0, 0, 0, 0, 0, 0, 0, 0, 0, 0, 0, 0, 0, 0, 0
   \              000000000000
   \              0000000000  
   \   00000024   000000006300       DC32 0, 99
   \              0000        

   \                                 In segment CONFIG_C, align 4, align-sorted, root
     21            __root const int ACTIVE_KEY=0x15;
   \                     ACTIVE_KEY:
   \   00000000   15000000           DC32 21
     22          #else
     23            __root const CFG_HDR cfghdr24={CFG_UINT,"Activation key",0,99};
     24            __root const int ACTIVE_KEY=0x11;
     25          #endif
     26          #endif
     27          

   \                                 In segment CONFIG_C, align 4, align-sorted, root
     28            __root const CFG_HDR cfghdr25={CFG_STR_WIN1251,"UnderIdleCSM_DESC",0,8};
   \                     cfghdr25:
   \   00000000   04000000           DC32 4
   \   00000004   556E64657249       DC8 "UnderIdleCSM_DESC"
   \              646C6543534D
   \              5F4445534300
   \   00000016   000000000000       DC8 0, 0, 0, 0, 0, 0, 0, 0, 0, 0, 0, 0, 0, 0
   \              000000000000
   \              0000        
   \   00000024   000000000800       DC32 0, 8
   \              0000        

   \                                 In segment CONFIG_C, align 4, align-sorted, root
     29            __root const char UNDER_IDLE_CONSTR[9]="";
   \                     UNDER_IDLE_CONSTR:
   \   00000000   00                 DC8 ""
   \   00000001   000000000000       DC8 0, 0, 0, 0, 0, 0, 0, 0, 0, 0, 0
   \              0000000000  
     30          

   \                                 In segment CONFIG_C, align 4, align-sorted, root
     31            __root const CFG_HDR cfghdr2={CFG_CBOX,"Extra: on longpress",0,5};
   \                     cfghdr2:
   \   00000000   05000000           DC32 5
   \   00000004   45787472613A       DC8 "Extra: on longpress"
   \              206F6E206C6F
   \              6E6770726573
   \              7300        
   \   00000018   000000000000       DC8 0, 0, 0, 0, 0, 0, 0, 0, 0, 0, 0, 0
   \              000000000000
   \   00000024   000000000500       DC32 0, 5
   \              0000        

   \                                 In segment CONFIG_C, align 4, align-sorted, root
     32            __root const int ENA_LONG_PRESS=2;
   \                     ENA_LONG_PRESS:
   \   00000000   02000000           DC32 2

   \                                 In segment CONFIG_C, align 4, align-sorted, root
     33            __root const CFG_CBOX_ITEM cfgcbox2[5]={"As in FW","Do nothing","Hide all tasks","Launch XTask","Hide & Lock"};
   \                     cfgcbox2:
   \   00000000   417320696E20       DC8 "As in FW"
   \              465700      
   \   00000009   000000000000       DC8 0, 0, 0, 0, 0, 0, 0, 0, 0, 0, 0, 0, 0, 0, 0, 0, 0, 0, 0, 0, 0, 0, 0
   \              000000000000
   \              000000000000
   \              0000000000  
   \   00000020   446F206E6F74       DC8 "Do nothing"
   \              68696E6700  
   \   0000002B   000000000000       DC8 0, 0, 0, 0, 0, 0, 0, 0, 0, 0, 0, 0, 0, 0, 0, 0, 0, 0, 0, 0, 0
   \              000000000000
   \              000000000000
   \              000000      
   \   00000040   486964652061       DC8 "Hide all tasks"
   \              6C6C20746173
   \              6B7300      
   \   0000004F   000000000000       DC8 0, 0, 0, 0, 0, 0, 0, 0, 0, 0, 0, 0, 0, 0, 0, 0, 0
   \              000000000000
   \              0000000000  
   \   00000060   4C61756E6368       DC8 "Launch XTask"
   \              20585461736B
   \              00          
   \   0000006D   000000000000       DC8 0, 0, 0, 0, 0, 0, 0, 0, 0, 0, 0, 0, 0, 0, 0, 0, 0, 0, 0
   \              000000000000
   \              000000000000
   \              00          
   \   00000080   486964652026       DC8 "Hide & Lock"
   \              204C6F636B00
   \   0000008C   000000000000       DC8 0, 0, 0, 0, 0, 0, 0, 0, 0, 0, 0, 0, 0, 0, 0, 0, 0, 0, 0, 0
   \              000000000000
   \              000000000000
   \              0000        
     34          
     35          #ifdef NEWSGOLD

   \                                 In segment CONFIG_C, align 4, align-sorted, root
     36            __root const CFG_HDR cfghdr3={CFG_CBOX,"Red button mode",0,5};
   \                     cfghdr3:
   \   00000000   05000000           DC32 5
   \   00000004   526564206275       DC8 "Red button mode"
   \              74746F6E206D
   \              6F646500    
   \   00000014   000000000000       DC8 0, 0, 0, 0, 0, 0, 0, 0, 0, 0, 0, 0, 0, 0, 0, 0
   \              000000000000
   \              00000000    
   \   00000024   000000000500       DC32 0, 5
   \              0000        

   \                                 In segment CONFIG_C, align 4, align-sorted, root
     37            __root const int RED_BUT_MODE=2;
   \                     RED_BUT_MODE:
   \   00000000   02000000           DC32 2

   \                                 In segment CONFIG_C, align 4, align-sorted, root
     38            __root const CFG_CBOX_ITEM cfgcbox3[5]={"As in FW","Classic","Hide all tasks", "close all exept list","Next task"};
   \                     cfgcbox3:
   \   00000000   417320696E20       DC8 "As in FW"
   \              465700      
   \   00000009   000000000000       DC8 0, 0, 0, 0, 0, 0, 0, 0, 0, 0, 0, 0, 0, 0, 0, 0, 0, 0, 0, 0, 0, 0, 0
   \              000000000000
   \              000000000000
   \              0000000000  
   \   00000020   436C61737369       DC8 "Classic"
   \              6300        
   \   00000028   000000000000       DC8 0, 0, 0, 0, 0, 0, 0, 0, 0, 0, 0, 0, 0, 0, 0, 0
   \              000000000000
   \              00000000    
   \   00000038   000000000000       DC8 0, 0, 0, 0, 0, 0, 0, 0
   \              0000        
   \   00000040   486964652061       DC8 "Hide all tasks"
   \              6C6C20746173
   \              6B7300      
   \   0000004F   000000000000       DC8 0, 0, 0, 0, 0, 0, 0, 0, 0, 0, 0, 0, 0, 0, 0, 0, 0
   \              000000000000
   \              0000000000  
   \   00000060   636C6F736520       DC8 "close all exept list"
   \              616C6C206578
   \              657074206C69
   \              737400      
   \   00000075   000000000000       DC8 0, 0, 0, 0, 0, 0, 0, 0, 0, 0, 0
   \              0000000000  
   \   00000080   4E6578742074       DC8 "Next task"
   \              61736B00    
   \   0000008A   000000000000       DC8 0, 0, 0, 0, 0, 0, 0, 0, 0, 0, 0, 0, 0, 0, 0, 0, 0, 0, 0, 0, 0, 0
   \              000000000000
   \              000000000000
   \              00000000    
     39          

   \                                 In segment CONFIG_C, align 4, align-sorted, root
     40            __root const CFG_HDR cfghdr3q={CFG_CBOX,"Long Red button mode",0,2};
   \                     cfghdr3q:
   \   00000000   05000000           DC32 5
   \   00000004   4C6F6E672052       DC8 "Long Red button mode"
   \              656420627574
   \              746F6E206D6F
   \              646500      
   \   00000019   000000000000       DC8 0, 0, 0, 0, 0, 0, 0, 0, 0, 0, 0
   \              0000000000  
   \   00000024   000000000200       DC32 0, 2
   \              0000        

   \                                 In segment CONFIG_C, align 4, align-sorted, root
     41            __root const int LONG_RED_BUT_MODE=1;
   \                     LONG_RED_BUT_MODE:
   \   00000000   01000000           DC32 1

   \                                 In segment CONFIG_C, align 4, align-sorted, root
     42            __root const CFG_CBOX_ITEM cfgcbox3q[2]={"Next task","Hide all tasks"};
   \                     cfgcbox3q:
   \   00000000   4E6578742074       DC8 "Next task"
   \              61736B00    
   \   0000000A   000000000000       DC8 0, 0, 0, 0, 0, 0, 0, 0, 0, 0, 0, 0, 0, 0, 0, 0, 0, 0, 0, 0, 0, 0
   \              000000000000
   \              000000000000
   \              00000000    
   \   00000020   486964652061       DC8 "Hide all tasks"
   \              6C6C20746173
   \              6B7300      
   \   0000002F   000000000000       DC8 0, 0, 0, 0, 0, 0, 0, 0, 0, 0, 0, 0, 0, 0, 0, 0, 0
   \              000000000000
   \              0000000000  
     43          #endif
     44          

   \                                 In segment CONFIG_C, align 4, align-sorted, root
     45            __root const CFG_HDR cfghdr22={CFG_CBOX,"Enable if keyboard locked",0,2};
   \                     cfghdr22:
   \   00000000   05000000           DC32 5
   \   00000004   456E61626C65       DC8 "Enable if keyboard locked"
   \              206966206B65
   \              79626F617264
   \              206C6F636B65
   \              6400        
   \   0000001E   000000000000       DC8 0, 0, 0, 0, 0, 0
   \   00000024   000000000200       DC32 0, 2
   \              0000        

   \                                 In segment CONFIG_C, align 4, align-sorted, root
     46            __root const int ENA_LOCK=1;
   \                     ENA_LOCK:
   \   00000000   01000000           DC32 1

   \                                 In segment CONFIG_C, align 4, align-sorted, root
     47            __root const CFG_CBOX_ITEM cfgcbox22[2]={"No","Yes"};
   \                     cfgcbox22:
   \   00000000   4E6F00             DC8 "No"
   \   00000003   000000000000       DC8 0, 0, 0, 0, 0, 0, 0, 0, 0, 0, 0, 0, 0, 0, 0, 0
   \              000000000000
   \              00000000    
   \   00000013   000000000000       DC8 0, 0, 0, 0, 0, 0, 0, 0, 0, 0, 0, 0, 0
   \              000000000000
   \              00          
   \   00000020   59657300           DC8 "Yes"
   \   00000024   000000000000       DC8 0, 0, 0, 0, 0, 0, 0, 0, 0, 0, 0, 0, 0, 0, 0, 0
   \              000000000000
   \              00000000    
   \   00000034   000000000000       DC8 0, 0, 0, 0, 0, 0, 0, 0, 0, 0, 0, 0
   \              000000000000
     48          

   \                                 In segment CONFIG_C, align 4, align-sorted, root
     49            __root const CFG_HDR cfghdr49={CFG_CBOX,"use joy left to close tasks",0,2};
   \                     cfghdr49:
   \   00000000   05000000           DC32 5
   \   00000004   757365206A6F       DC8 "use joy left to close tasks"
   \              79206C656674
   \              20746F20636C
   \              6F7365207461
   \              736B7300    
   \   00000020   00000000           DC8 0, 0, 0, 0
   \   00000024   000000000200       DC32 0, 2
   \              0000        

   \                                 In segment CONFIG_C, align 4, align-sorted, root
     50            __root const int cleseri=0;
   \                     cleseri:
   \   00000000   00000000           DC32 0

   \                                 In segment CONFIG_C, align 4, align-sorted, root
     51            __root const CFG_CBOX_ITEM cfgcbox29[2]={"No","Yes"};
   \                     cfgcbox29:
   \   00000000   4E6F00             DC8 "No"
   \   00000003   000000000000       DC8 0, 0, 0, 0, 0, 0, 0, 0, 0, 0, 0, 0, 0, 0, 0, 0
   \              000000000000
   \              00000000    
   \   00000013   000000000000       DC8 0, 0, 0, 0, 0, 0, 0, 0, 0, 0, 0, 0, 0
   \              000000000000
   \              00          
   \   00000020   59657300           DC8 "Yes"
   \   00000024   000000000000       DC8 0, 0, 0, 0, 0, 0, 0, 0, 0, 0, 0, 0, 0, 0, 0, 0
   \              000000000000
   \              00000000    
   \   00000034   000000000000       DC8 0, 0, 0, 0, 0, 0, 0, 0, 0, 0, 0, 0
   \              000000000000
     52          
     53          #ifdef NEWSGOLD

   \                                 In segment CONFIG_C, align 4, align-sorted, root
     54            __root const CFG_HDR cfghdr49a={CFG_CBOX,"use turn off red button idle",0,2};
   \                     cfghdr49a:
   \   00000000   05000000           DC32 5
   \   00000004   757365207475       DC8 "use turn off red button idle"
   \              726E206F6666
   \              207265642062
   \              7574746F6E20
   \              69646C6500  
   \   00000021   000000             DC8 0, 0, 0
   \   00000024   000000000200       DC32 0, 2
   \              0000        

   \                                 In segment CONFIG_C, align 4, align-sorted, root
     55            __root const int use_idle=1;
   \                     use_idle:
   \   00000000   01000000           DC32 1

   \                                 In segment CONFIG_C, align 4, align-sorted, root
     56            __root const CFG_CBOX_ITEM cfgcbox29a[2]={"No","Yes"};
   \                     cfgcbox29a:
   \   00000000   4E6F00             DC8 "No"
   \   00000003   000000000000       DC8 0, 0, 0, 0, 0, 0, 0, 0, 0, 0, 0, 0, 0, 0, 0, 0
   \              000000000000
   \              00000000    
   \   00000013   000000000000       DC8 0, 0, 0, 0, 0, 0, 0, 0, 0, 0, 0, 0, 0
   \              000000000000
   \              00          
   \   00000020   59657300           DC8 "Yes"
   \   00000024   000000000000       DC8 0, 0, 0, 0, 0, 0, 0, 0, 0, 0, 0, 0, 0, 0, 0, 0
   \              000000000000
   \              00000000    
   \   00000034   000000000000       DC8 0, 0, 0, 0, 0, 0, 0, 0, 0, 0, 0, 0
   \              000000000000
     57          #endif 
     58            

   \                                 In segment CONFIG_C, align 4, align-sorted, root
     59            __root const CFG_HDR cfghdr49aa={CFG_CBOX,"green button in xtask = turn off",0,2};
   \                     cfghdr49aa:
   \   00000000   05000000           DC32 5
   \   00000004   677265656E20       DC8 67H, 72H, 65H, 65H, 6EH, 20H, 62H, 75H
   \              6275        
   \   0000000C   74746F6E2069       DC8 74H, 74H, 6FH, 6EH, 20H, 69H, 6EH, 20H
   \              6E20        
   \   00000014   787461736B20       DC8 78H, 74H, 61H, 73H, 6BH, 20H, 3DH, 20H
   \              3D20        
   \   0000001C   7475726E206F       DC8 74H, 75H, 72H, 6EH, 20H, 6FH, 66H, 66H
   \              6666        
   \   00000024   000000000200       DC32 0, 2
   \              0000        

   \                                 In segment CONFIG_C, align 4, align-sorted, root
     60            __root const int use_green=1;
   \                     use_green:
   \   00000000   01000000           DC32 1

   \                                 In segment CONFIG_C, align 4, align-sorted, root
     61            __root const CFG_CBOX_ITEM cfgcbox29ae[2]={"No","Yes"};
   \                     cfgcbox29ae:
   \   00000000   4E6F00             DC8 "No"
   \   00000003   000000000000       DC8 0, 0, 0, 0, 0, 0, 0, 0, 0, 0, 0, 0, 0, 0, 0, 0
   \              000000000000
   \              00000000    
   \   00000013   000000000000       DC8 0, 0, 0, 0, 0, 0, 0, 0, 0, 0, 0, 0, 0
   \              000000000000
   \              00          
   \   00000020   59657300           DC8 "Yes"
   \   00000024   000000000000       DC8 0, 0, 0, 0, 0, 0, 0, 0, 0, 0, 0, 0, 0, 0, 0, 0
   \              000000000000
   \              00000000    
   \   00000034   000000000000       DC8 0, 0, 0, 0, 0, 0, 0, 0, 0, 0, 0, 0
   \              000000000000
     62          
     63          #ifdef NEWSGOLD

   \                                 In segment CONFIG_C, align 4, align-sorted, root
     64            __root const CFG_HDR cfghdr244={CFG_CBOX,"Use naticq call with vol- on ms",0,2};
   \                     cfghdr244:
   \   00000000   05000000           DC32 5
   \   00000004   557365206E61       DC8 "Use naticq call with vol- on ms"
   \              746963712063
   \              616C6C207769
   \              746820766F6C
   \              2D206F6E206D
   \              7300        
   \   00000024   000000000200       DC32 0, 2
   \              0000        

   \                                 In segment CONFIG_C, align 4, align-sorted, root
     65            __root const int use_natioq=0;
   \                     use_natioq:
   \   00000000   00000000           DC32 0

   \                                 In segment CONFIG_C, align 4, align-sorted, root
     66            __root const CFG_CBOX_ITEM cfgcbox26a[2]={"No","Yes"};
   \                     cfgcbox26a:
   \   00000000   4E6F00             DC8 "No"
   \   00000003   000000000000       DC8 0, 0, 0, 0, 0, 0, 0, 0, 0, 0, 0, 0, 0, 0, 0, 0
   \              000000000000
   \              00000000    
   \   00000013   000000000000       DC8 0, 0, 0, 0, 0, 0, 0, 0, 0, 0, 0, 0, 0
   \              000000000000
   \              00          
   \   00000020   59657300           DC8 "Yes"
   \   00000024   000000000000       DC8 0, 0, 0, 0, 0, 0, 0, 0, 0, 0, 0, 0, 0, 0, 0, 0
   \              000000000000
   \              00000000    
   \   00000034   000000000000       DC8 0, 0, 0, 0, 0, 0, 0, 0, 0, 0, 0, 0
   \              000000000000
     67          #endif

   \                                 In segment CONFIG_C, align 4, align-sorted, root
     68          __root const CFG_HDR cfghdrw1y={CFG_LEVEL,"",0,0};
   \                     cfghdrw1y:
   \   00000000   09000000           DC32 9
   \   00000004   00                 DC8 ""
   \   00000005   000000000000       DC8 0, 0, 0, 0, 0, 0, 0, 0, 0, 0, 0, 0, 0, 0, 0, 0
   \              000000000000
   \              00000000    
   \   00000015   000000000000       DC8 0, 0, 0, 0, 0, 0, 0, 0, 0, 0, 0, 0, 0, 0, 0
   \              000000000000
   \              000000      
   \   00000024   000000000000       DC32 0, 0
   \              0000        
     69          

   \                                 In segment CONFIG_C, align 4, align-sorted, root
     70          __root const CFG_HDR cfghdr3a={CFG_STR_UTF8,"exept list",3,127};
   \                     cfghdr3a:
   \   00000000   02000000           DC32 2
   \   00000004   657865707420       DC8 "exept list"
   \              6C69737400  
   \   0000000F   000000000000       DC8 0, 0, 0, 0, 0, 0, 0, 0, 0, 0, 0, 0, 0, 0, 0, 0, 0, 0, 0, 0, 0
   \              000000000000
   \              000000000000
   \              000000      
   \   00000024   030000007F00       DC32 3, 127
   \              0000        

   \                                 In segment CONFIG_C, align 4, align-sorted, root
     71          __root const char exept_list[128]="NATICQ, MC, NRSS";
   \                     exept_list:
   \   00000000   4E4154494351       DC8 "NATICQ, MC, NRSS"
   \              2C204D432C20
   \              4E52535300  
   \   00000011   000000000000       DC8 0, 0, 0, 0, 0, 0, 0, 0, 0, 0, 0, 0, 0, 0, 0, 0
   \              000000000000
   \              00000000    
   \   00000021   000000000000       DC8 0, 0, 0, 0, 0, 0, 0, 0, 0, 0, 0, 0, 0, 0, 0, 0
   \              000000000000
   \              00000000    
   \   00000031   000000000000       DC8 0, 0, 0, 0, 0, 0, 0, 0, 0, 0, 0, 0, 0, 0, 0, 0
   \              000000000000
   \              00000000    
   \   00000041   000000000000       DC8 0, 0, 0, 0, 0, 0, 0, 0, 0, 0, 0, 0, 0, 0, 0, 0
   \              000000000000
   \              00000000    
   \   00000051   000000000000       DC8 0, 0, 0, 0, 0, 0, 0, 0, 0, 0, 0, 0, 0, 0, 0, 0
   \              000000000000
   \              00000000    
   \   00000061   000000000000       DC8 0, 0, 0, 0, 0, 0, 0, 0, 0, 0, 0, 0, 0, 0, 0, 0
   \              000000000000
   \              00000000    
   \   00000071   000000000000       DC8 0, 0, 0, 0, 0, 0, 0, 0, 0, 0, 0, 0, 0, 0, 0
   \              000000000000
   \              000000      
     72          

   \                                 In segment CONFIG_C, align 4, align-sorted, root
     73          __root const CFG_HDR cfghdr27={CFG_CBOX,"Show NewStyleDaemons",0,2};
   \                     cfghdr27:
   \   00000000   05000000           DC32 5
   \   00000004   53686F77204E       DC8 "Show NewStyleDaemons"
   \              65775374796C
   \              654461656D6F
   \              6E7300      
   \   00000019   000000000000       DC8 0, 0, 0, 0, 0, 0, 0, 0, 0, 0, 0
   \              0000000000  
   \   00000024   000000000200       DC32 0, 2
   \              0000        

   \                                 In segment CONFIG_C, align 4, align-sorted, root
     74          __root const int SHOW_DAEMONS=1;
   \                     SHOW_DAEMONS:
   \   00000000   01000000           DC32 1

   \                                 In segment CONFIG_C, align 4, align-sorted, root
     75          __root const CFG_CBOX_ITEM cfgcbox27[2]={"No","Yes"};
   \                     cfgcbox27:
   \   00000000   4E6F00             DC8 "No"
   \   00000003   000000000000       DC8 0, 0, 0, 0, 0, 0, 0, 0, 0, 0, 0, 0, 0, 0, 0, 0
   \              000000000000
   \              00000000    
   \   00000013   000000000000       DC8 0, 0, 0, 0, 0, 0, 0, 0, 0, 0, 0, 0, 0
   \              000000000000
   \              00          
   \   00000020   59657300           DC8 "Yes"
   \   00000024   000000000000       DC8 0, 0, 0, 0, 0, 0, 0, 0, 0, 0, 0, 0, 0, 0, 0, 0
   \              000000000000
   \              00000000    
   \   00000034   000000000000       DC8 0, 0, 0, 0, 0, 0, 0, 0, 0, 0, 0, 0
   \              000000000000
     76          

   \                                 In segment CONFIG_C, align 4, align-sorted, root
     77          __root const CFG_HDR cfghdr26={CFG_CBOX,"Show IDLE screen",0,2};
   \                     cfghdr26:
   \   00000000   05000000           DC32 5
   \   00000004   53686F772049       DC8 "Show IDLE screen"
   \              444C45207363
   \              7265656E00  
   \   00000015   000000000000       DC8 0, 0, 0, 0, 0, 0, 0, 0, 0, 0, 0, 0, 0, 0, 0
   \              000000000000
   \              000000      
   \   00000024   000000000200       DC32 0, 2
   \              0000        

   \                                 In segment CONFIG_C, align 4, align-sorted, root
     78          __root const int SHOW_IDLESCREEN=1;
   \                     SHOW_IDLESCREEN:
   \   00000000   01000000           DC32 1

   \                                 In segment CONFIG_C, align 4, align-sorted, root
     79          __root const CFG_CBOX_ITEM cfgcbox26[2]={"No","Yes"};
   \                     cfgcbox26:
   \   00000000   4E6F00             DC8 "No"
   \   00000003   000000000000       DC8 0, 0, 0, 0, 0, 0, 0, 0, 0, 0, 0, 0, 0, 0, 0, 0
   \              000000000000
   \              00000000    
   \   00000013   000000000000       DC8 0, 0, 0, 0, 0, 0, 0, 0, 0, 0, 0, 0, 0
   \              000000000000
   \              00          
   \   00000020   59657300           DC8 "Yes"
   \   00000024   000000000000       DC8 0, 0, 0, 0, 0, 0, 0, 0, 0, 0, 0, 0, 0, 0, 0, 0
   \              000000000000
   \              00000000    
   \   00000034   000000000000       DC8 0, 0, 0, 0, 0, 0, 0, 0, 0, 0, 0, 0
   \              000000000000
     80          

   \                                 In segment CONFIG_C, align 4, align-sorted, root
     81          __root const CFG_HDR cfghdr28={CFG_STR_UTF8,"xtask Path",3,127};
   \                     cfghdr28:
   \   00000000   02000000           DC32 2
   \   00000004   787461736B20       DC8 "xtask Path"
   \              5061746800  
   \   0000000F   000000000000       DC8 0, 0, 0, 0, 0, 0, 0, 0, 0, 0, 0, 0, 0, 0, 0, 0, 0, 0, 0, 0, 0
   \              000000000000
   \              000000000000
   \              000000      
   \   00000024   030000007F00       DC32 3, 127
   \              0000        

   \                                 In segment CONFIG_C, align 4, align-sorted, root
     82          __root const char path_file[128]="0:\\ZBin\\xtask3\\";
   \                     path_file:
   \   00000000   303A5C5A4269       DC8 "0:\\ZBin\\xtask3\\"
   \              6E5C78746173
   \              6B335C00    
   \   00000010   000000000000       DC8 0, 0, 0, 0, 0, 0, 0, 0, 0, 0, 0, 0, 0, 0, 0, 0
   \              000000000000
   \              00000000    
   \   00000020   000000000000       DC8 0, 0, 0, 0, 0, 0, 0, 0, 0, 0, 0, 0, 0, 0, 0, 0
   \              000000000000
   \              00000000    
   \   00000030   000000000000       DC8 0, 0, 0, 0, 0, 0, 0, 0, 0, 0, 0, 0, 0, 0, 0, 0
   \              000000000000
   \              00000000    
   \   00000040   000000000000       DC8 0, 0, 0, 0, 0, 0, 0, 0, 0, 0, 0, 0, 0, 0, 0, 0
   \              000000000000
   \              00000000    
   \   00000050   000000000000       DC8 0, 0, 0, 0, 0, 0, 0, 0, 0, 0, 0, 0, 0, 0, 0, 0
   \              000000000000
   \              00000000    
   \   00000060   000000000000       DC8 0, 0, 0, 0, 0, 0, 0, 0, 0, 0, 0, 0, 0, 0, 0, 0
   \              000000000000
   \              00000000    
   \   00000070   000000000000       DC8 0, 0, 0, 0, 0, 0, 0, 0, 0, 0, 0, 0, 0, 0, 0, 0
   \              000000000000
   \              00000000    
     83          

   \                                 In segment CONFIG_C, align 4, align-sorted, root
     84          __root const CFG_HDR cfghdrw={CFG_LEVEL,"Color Control",1,0};
   \                     cfghdrw:
   \   00000000   09000000           DC32 9
   \   00000004   436F6C6F7220       DC8 "Color Control"
   \              436F6E74726F
   \              6C00        
   \   00000012   000000000000       DC8 0, 0, 0, 0, 0, 0, 0, 0, 0, 0, 0, 0, 0, 0, 0, 0, 0, 0
   \              000000000000
   \              000000000000
   \   00000024   010000000000       DC32 1, 0
   \              0000        

   \                                 In segment CONFIG_C, align 4, align-sorted, root
     85            __root const CFG_HDR cfghdr26l={CFG_CBOX,"Use Trasnperency",0,2};
   \                     cfghdr26l:
   \   00000000   05000000           DC32 5
   \   00000004   557365205472       DC8 "Use Trasnperency"
   \              61736E706572
   \              656E637900  
   \   00000015   000000000000       DC8 0, 0, 0, 0, 0, 0, 0, 0, 0, 0, 0, 0, 0, 0, 0
   \              000000000000
   \              000000      
   \   00000024   000000000200       DC32 0, 2
   \              0000        

   \                                 In segment CONFIG_C, align 4, align-sorted, root
     86            __root const int use_trans=1;
   \                     use_trans:
   \   00000000   01000000           DC32 1

   \                                 In segment CONFIG_C, align 4, align-sorted, root
     87            __root const CFG_CBOX_ITEM cfgcbox26l[2]={"No","Yes"};
   \                     cfgcbox26l:
   \   00000000   4E6F00             DC8 "No"
   \   00000003   000000000000       DC8 0, 0, 0, 0, 0, 0, 0, 0, 0, 0, 0, 0, 0, 0, 0, 0
   \              000000000000
   \              00000000    
   \   00000013   000000000000       DC8 0, 0, 0, 0, 0, 0, 0, 0, 0, 0, 0, 0, 0
   \              000000000000
   \              00          
   \   00000020   59657300           DC8 "Yes"
   \   00000024   000000000000       DC8 0, 0, 0, 0, 0, 0, 0, 0, 0, 0, 0, 0, 0, 0, 0, 0
   \              000000000000
   \              00000000    
   \   00000034   000000000000       DC8 0, 0, 0, 0, 0, 0, 0, 0, 0, 0, 0, 0
   \              000000000000
     88          

   \                                 In segment CONFIG_C, align 4, align-sorted, root
     89            __root const CFG_HDR cfghdr56 = {CFG_COLOR, "task color/bookmark", 0, 0};
   \                     cfghdr56:
   \   00000000   08000000           DC32 8
   \   00000004   7461736B2063       DC8 "task color/bookmark"
   \              6F6C6F722F62
   \              6F6F6B6D6172
   \              6B00        
   \   00000018   000000000000       DC8 0, 0, 0, 0, 0, 0, 0, 0, 0, 0, 0, 0
   \              000000000000
   \   00000024   000000000000       DC32 0, 0
   \              0000        

   \                                 In segment CONFIG_C, align 4, align-sorted, root
     90            __root const char ctasks[4]={255,255,255,100};
   \                     ctasks:
   \   00000000   FFFFFF64           DC8 255, 255, 255, 100
     91          
     92          #ifdef ELKA

   \                                 In segment CONFIG_C, align 4, align-sorted, root
     93            __root const CFG_HDR cfghdr56g = {CFG_COLOR, "task selected color", 0, 0};
   \                     cfghdr56g:
   \   00000000   08000000           DC32 8
   \   00000004   7461736B2073       DC8 "task selected color"
   \              656C65637465
   \              6420636F6C6F
   \              7200        
   \   00000018   000000000000       DC8 0, 0, 0, 0, 0, 0, 0, 0, 0, 0, 0, 0
   \              000000000000
   \   00000024   000000000000       DC32 0, 0
   \              0000        

   \                                 In segment CONFIG_C, align 4, align-sorted, root
     94            __root const char ctasksi[4]={0,0,255,100};
   \                     ctasksi:
   \   00000000   0000FF64           DC8 0, 0, 255, 100
     95          #endif
     96          

   \                                 In segment CONFIG_C, align 4, align-sorted, root
     97            __root const CFG_HDR cfghdr57 = {CFG_COLOR, "daemon color", 0, 0};
   \                     cfghdr57:
   \   00000000   08000000           DC32 8
   \   00000004   6461656D6F6E       DC8 "daemon color"
   \              20636F6C6F72
   \              00          
   \   00000011   000000000000       DC8 0, 0, 0, 0, 0, 0, 0, 0, 0, 0, 0, 0, 0, 0, 0, 0, 0, 0, 0
   \              000000000000
   \              000000000000
   \              00          
   \   00000024   000000000000       DC32 0, 0
   \              0000        

   \                                 In segment CONFIG_C, align 4, align-sorted, root
     98            __root const char cdaemons[4]={255,0,0,100};
   \                     cdaemons:
   \   00000000   FF000064           DC8 255, 0, 0, 100
     99          

   \                                 In segment CONFIG_C, align 4, align-sorted, root
    100            __root const CFG_HDR cfghdr58 = {CFG_COLOR, "info color", 0, 0};
   \                     cfghdr58:
   \   00000000   08000000           DC32 8
   \   00000004   696E666F2063       DC8 "info color"
   \              6F6C6F7200  
   \   0000000F   000000000000       DC8 0, 0, 0, 0, 0, 0, 0, 0, 0, 0, 0, 0, 0, 0, 0, 0, 0, 0, 0, 0, 0
   \              000000000000
   \              000000000000
   \              000000      
   \   00000024   000000000000       DC32 0, 0
   \              0000        

   \                                 In segment CONFIG_C, align 4, align-sorted, root
    101            __root const char cinfo[4]={240,180,0,100};
   \                     cinfo:
   \   00000000   F0B40064           DC8 240, 180, 0, 100
    102            

   \                                 In segment CONFIG_C, align 4, align-sorted, root
    103            __root const CFG_HDR cfghdr58q = {CFG_COLOR, "Side Progresbar line", 0, 0};
   \                     cfghdr58q:
   \   00000000   08000000           DC32 8
   \   00000004   536964652050       DC8 "Side Progresbar line"
   \              726F67726573
   \              626172206C69
   \              6E6500      
   \   00000019   000000000000       DC8 0, 0, 0, 0, 0, 0, 0, 0, 0, 0, 0
   \              0000000000  
   \   00000024   000000000000       DC32 0, 0
   \              0000        

   \                                 In segment CONFIG_C, align 4, align-sorted, root
    104            __root const char Side1[4]={0,255,0,100};
   \                     Side1:
   \   00000000   00FF0064           DC8 0, 255, 0, 100
    105            

   \                                 In segment CONFIG_C, align 4, align-sorted, root
    106            __root const CFG_HDR cfghdr58w = {CFG_COLOR, "Side Progresbar bar", 0, 0};
   \                     cfghdr58w:
   \   00000000   08000000           DC32 8
   \   00000004   536964652050       DC8 "Side Progresbar bar"
   \              726F67726573
   \              626172206261
   \              7200        
   \   00000018   000000000000       DC8 0, 0, 0, 0, 0, 0, 0, 0, 0, 0, 0, 0
   \              000000000000
   \   00000024   000000000000       DC32 0, 0
   \              0000        

   \                                 In segment CONFIG_C, align 4, align-sorted, root
    107            __root const char Side2[4]={255,0,0,100};
   \                     Side2:
   \   00000000   FF000064           DC8 255, 0, 0, 100
    108            

   \                                 In segment CONFIG_C, align 4, align-sorted, root
    109            __root const CFG_HDR cfghdr58e = {CFG_COLOR, "Reboot bar color", 0, 0};
   \                     cfghdr58e:
   \   00000000   08000000           DC32 8
   \   00000004   5265626F6F74       DC8 "Reboot bar color"
   \              206261722063
   \              6F6C6F7200  
   \   00000015   000000000000       DC8 0, 0, 0, 0, 0, 0, 0, 0, 0, 0, 0, 0, 0, 0, 0
   \              000000000000
   \              000000      
   \   00000024   000000000000       DC32 0, 0
   \              0000        

   \                                 In segment CONFIG_C, align 4, align-sorted, root
    110            __root const char rebc[4]={255,255,0,100};
   \                     rebc:
   \   00000000   FFFF0064           DC8 255, 255, 0, 100
    111            

   \                                 In segment CONFIG_C, align 4, align-sorted, root
    112          __root const CFG_HDR cfghdrw1={CFG_LEVEL,"",0,0};
   \                     cfghdrw1:
   \   00000000   09000000           DC32 9
   \   00000004   00                 DC8 ""
   \   00000005   000000000000       DC8 0, 0, 0, 0, 0, 0, 0, 0, 0, 0, 0, 0, 0, 0, 0, 0
   \              000000000000
   \              00000000    
   \   00000015   000000000000       DC8 0, 0, 0, 0, 0, 0, 0, 0, 0, 0, 0, 0, 0, 0, 0
   \              000000000000
   \              000000      
   \   00000024   000000000000       DC32 0, 0
   \              0000        
    113          

   \                                 In segment CONFIG_C, align 4, align-sorted, root
    114          __root const CFG_HDR cfghdrwz={CFG_LEVEL,"Idle task icons",1,0};
   \                     cfghdrwz:
   \   00000000   09000000           DC32 9
   \   00000004   49646C652074       DC8 "Idle task icons"
   \              61736B206963
   \              6F6E7300    
   \   00000014   000000000000       DC8 0, 0, 0, 0, 0, 0, 0, 0, 0, 0, 0, 0, 0, 0, 0, 0
   \              000000000000
   \              00000000    
   \   00000024   010000000000       DC32 1, 0
   \              0000        

   \                                 In segment CONFIG_C, align 4, align-sorted, root
    115            __root const CFG_HDR cfghdr59 = {CFG_CBOX,"Idle Task Icons",0,2};
   \                     cfghdr59:
   \   00000000   05000000           DC32 5
   \   00000004   49646C652054       DC8 "Idle Task Icons"
   \              61736B204963
   \              6F6E7300    
   \   00000014   000000000000       DC8 0, 0, 0, 0, 0, 0, 0, 0, 0, 0, 0, 0, 0, 0, 0, 0
   \              000000000000
   \              00000000    
   \   00000024   000000000200       DC32 0, 2
   \              0000        

   \                                 In segment CONFIG_C, align 4, align-sorted, root
    116            __root const unsigned int IDLETASKS = 1;
   \                     IDLETASKS:
   \   00000000   01000000           DC32 1

   \                                 In segment CONFIG_C, align 4, align-sorted, root
    117            __root const CFG_CBOX_ITEM cfgcbox8a[2]={"No","Yes"};
   \                     cfgcbox8a:
   \   00000000   4E6F00             DC8 "No"
   \   00000003   000000000000       DC8 0, 0, 0, 0, 0, 0, 0, 0, 0, 0, 0, 0, 0, 0, 0, 0
   \              000000000000
   \              00000000    
   \   00000013   000000000000       DC8 0, 0, 0, 0, 0, 0, 0, 0, 0, 0, 0, 0, 0
   \              000000000000
   \              00          
   \   00000020   59657300           DC8 "Yes"
   \   00000024   000000000000       DC8 0, 0, 0, 0, 0, 0, 0, 0, 0, 0, 0, 0, 0, 0, 0, 0
   \              000000000000
   \              00000000    
   \   00000034   000000000000       DC8 0, 0, 0, 0, 0, 0, 0, 0, 0, 0, 0, 0
   \              000000000000
    118          

   \                                 In segment CONFIG_C, align 4, align-sorted, root
    119            __root const CFG_HDR cfghdr3q1={CFG_CBOX,"Idle icons polarity",0,2};
   \                     cfghdr3q1:
   \   00000000   05000000           DC32 5
   \   00000004   49646C652069       DC8 "Idle icons polarity"
   \              636F6E732070
   \              6F6C61726974
   \              7900        
   \   00000018   000000000000       DC8 0, 0, 0, 0, 0, 0, 0, 0, 0, 0, 0, 0
   \              000000000000
   \   00000024   000000000200       DC32 0, 2
   \              0000        

   \                                 In segment CONFIG_C, align 4, align-sorted, root
    120            __root const int horizontality=1;
   \                     horizontality:
   \   00000000   01000000           DC32 1

   \                                 In segment CONFIG_C, align 4, align-sorted, root
    121            __root const CFG_CBOX_ITEM cfgcbox3q1[2]={"Vertical","Horizontal"};
   \                     cfgcbox3q1:
   \   00000000   566572746963       DC8 "Vertical"
   \              616C00      
   \   00000009   000000000000       DC8 0, 0, 0, 0, 0, 0, 0, 0, 0, 0, 0, 0, 0, 0, 0, 0, 0, 0, 0, 0, 0, 0, 0
   \              000000000000
   \              000000000000
   \              0000000000  
   \   00000020   486F72697A6F       DC8 "Horizontal"
   \              6E74616C00  
   \   0000002B   000000000000       DC8 0, 0, 0, 0, 0, 0, 0, 0, 0, 0, 0, 0, 0, 0, 0, 0, 0, 0, 0, 0, 0
   \              000000000000
   \              000000000000
   \              000000      
    122          

   \                                 In segment CONFIG_C, align 4, align-sorted, root
    123            __root const CFG_HDR cfghdr60={CFG_COORDINATES,"Idle Task position",0,0};
   \                     cfghdr60:
   \   00000000   07000000           DC32 7
   \   00000004   49646C652054       DC8 "Idle Task position"
   \              61736B20706F
   \              736974696F6E
   \              00          
   \   00000017   000000000000       DC8 0, 0, 0, 0, 0, 0, 0, 0, 0, 0, 0, 0, 0
   \              000000000000
   \              00          
   \   00000024   000000000000       DC32 0, 0
   \              0000        

   \                                 In segment CONFIG_C, align 4, align-sorted, root
    124            __root const unsigned int IDLET_X=2; //2
   \                     IDLET_X:
   \   00000000   02000000           DC32 2

   \                                 In segment CONFIG_C, align 4, align-sorted, root
    125            __root const unsigned int IDLET_Y=32;  //62
   \                     IDLET_Y:
   \   00000000   20000000           DC32 32

   \                                 In segment CONFIG_C, align 4, align-sorted, root
    126          __root const CFG_HDR cfghdrw1x={CFG_LEVEL,"",0,0};
   \                     cfghdrw1x:
   \   00000000   09000000           DC32 9
   \   00000004   00                 DC8 ""
   \   00000005   000000000000       DC8 0, 0, 0, 0, 0, 0, 0, 0, 0, 0, 0, 0, 0, 0, 0, 0
   \              000000000000
   \              00000000    
   \   00000015   000000000000       DC8 0, 0, 0, 0, 0, 0, 0, 0, 0, 0, 0, 0, 0, 0, 0
   \              000000000000
   \              000000      
   \   00000024   000000000000       DC32 0, 0
   \              0000        
    127          


   Segment part sizes:

     Function/Label    Bytes
     --------------    -----
     cfghdr0             44
     csmlist_fname      128
     cfghdr2y            44
     cfghdr23            44
     ACTIVE_KEY_STYLE     4
     cfgcbox23          128
     cfghdr24            44
     ACTIVE_KEY           4
     cfghdr25            44
     UNDER_IDLE_CONSTR   12
     cfghdr2             44
     ENA_LONG_PRESS       4
     cfgcbox2           160
     cfghdr3             44
     RED_BUT_MODE         4
     cfgcbox3           160
     cfghdr3q            44
     LONG_RED_BUT_MODE    4
     cfgcbox3q           64
     cfghdr22            44
     ENA_LOCK             4
     cfgcbox22           64
     cfghdr49            44
     cleseri              4
     cfgcbox29           64
     cfghdr49a           44
     use_idle             4
     cfgcbox29a          64
     cfghdr49aa          44
     use_green            4
     cfgcbox29ae         64
     cfghdr244           44
     use_natioq           4
     cfgcbox26a          64
     cfghdrw1y           44
     cfghdr3a            44
     exept_list         128
     cfghdr27            44
     SHOW_DAEMONS         4
     cfgcbox27           64
     cfghdr26            44
     SHOW_IDLESCREEN      4
     cfgcbox26           64
     cfghdr28            44
     path_file          128
     cfghdrw             44
     cfghdr26l           44
     use_trans            4
     cfgcbox26l          64
     cfghdr56            44
     ctasks               4
     cfghdr56g           44
     ctasksi              4
     cfghdr57            44
     cdaemons             4
     cfghdr58            44
     cinfo                4
     cfghdr58q           44
     Side1                4
     cfghdr58w           44
     Side2                4
     cfghdr58e           44
     rebc                 4
     cfghdrw1            44
     cfghdrwz            44
     cfghdr59            44
     IDLETASKS            4
     cfgcbox8a           64
     cfghdr3q1           44
     horizontality        4
     cfgcbox3q1          64
     cfghdr60            44
     IDLET_X              4
     IDLET_Y              4
     cfghdrw1x           44

 
 3 096 bytes in segment CONFIG_C
 
 3 096 bytes of CONST memory

Errors: none
Warnings: none
