###############################################################################
#                                                                             #
#     IAR Systems ARM Assembler V4.42A/W32 30/Jan/2011  14:20:45              #
#     Copyright 1999-2007 IAR Systems. All rights reserved.                   #
#                                                                             #
#           Source file   =  C:\arm\mss3\Patches\entry_elka.asm               #
#           List file     =  C:\arm\mss3\Patches\S75sw47\List\entry_elka.lst  #
#           Object file   =  C:\arm\mss3\Patches\S75sw47\Obj\entry_elka.r79   #
#           Command line  =  C:\arm\mss3\Patches\entry_elka.asm               #
#                            -OC:\arm\mss3\Patches\S75sw47\Obj\ -s+ -M<> -w+  #
#                            -DNEWSGOLD -LC:\arm\mss3\Patches\S75sw47\List\   #
#                            -cAO -B -t8 --cpu ARM926EJ-S --fpu None          #
#                            -IC:\arm2\Embedded Workbench 4.0 Evaluation\ARM\INC\ #
#                                                                             #
###############################################################################

                                       LDR     R12, =IBVIEW_ADR
                               -------------------^
                               "C:\arm\mss3\Patches\entry_elka.asm",61 
                       Error[50]: Undefined symbol:'IBVIEW_ADR'


    1    00000000              #include "..\MySMSYS_ipc.h"
    2    00000000              
    3    00000000                      EXTERN  send_ipc
    4    00000000                      EXTERN  inbox_view
    5    00000000                      RSEG    MY_SMS_SYS_PBODY
    6    00000000              
    7    00000000                      CODE32
    8    00000000              /* -r1173
    9    00000000              SMS_SENT_CODE
   10    00000000                      //ADD   LR, LR, #4
   11    00000000                      MOV     R0, #SMSYS_IPC_OUT
   12    00000000                      B       send_ipc
   13    00000000              
   14    00000000              SMS_INBOX_CODE
   15    00000000                      //ADD   LR, LR, #4
   16    00000000                      MOV     R0, #SMSYS_IPC_IN_ALL
   17    00000000                      B       send_ipc
   18    00000000              */
   19    00000000              /*
   20    00000000              ROM:A0806AD4 3D 30               ADD     R0,
                                #0x3D
   21    00000000              ROM:A0806AD6 00 59               LDR     R0,
                                [R0,R4]
   22    00000000              ROM:A0806AD8 01 28               CMP     R0,
                                #1
   23    00000000              ROM:A0806ADA 03 D1               BNE    
                                loc_A0806AE4
   24    00000000              ROM:A0806ADC 80 20               MOV     R0,
                                #0x80
   25    00000000              */
   26    00000000              AB_UPDATE_CODE
   27    00000000 04E08EE2             ADD     LR, LR, #4
   28    00000004 3D0080E2             ADD     R0, R0, #0x3D
   29    00000008 000094E7             LDR     R0, [R4, R0]
   30    0000000C 010050E3             CMP     R0, #1
   31    00000010 1EFF2F01             BXEQ    LR
   32    00000014 08E08EE2             ADD     LR, LR, #8
   33    00000018 FF402DE9             STMFD   SP!,{R0-R7, LR}
   34    0000001C 400FA0E3             MOV     R0, #SMSYS_IPC_UPDATE_CLIST
   35    00000020 ........             BL      send_ipc
   36    00000024 FF80BDE8             LDMFD   SP!,{R0-R7, PC}
   37    00000028                      
   38    00000000                      EXTERN  OpmsgIDSend
   39    00000028              INBOX_VIEW_CODE
   40    00000028              #ifdef ELC1v41
   46    00000028              #else
   47    00000028 06E08EE2             ADD     LR, LR, #6
   48    0000002C                      //LDR   R2, [SP, #0x178]
   49    0000002C 78319DE5             LDR     R3, [SP, #0x178]
   50    00000030 0C0096E5             LDR     R0, [R6, #0xC]
   51    00000034 101096E5             LDR     R1, [R6, #0x10] //r1, opmsg_id
   52    00000038 040050E3             CMP     R0, #0x4
   53    0000003C 04005213             CMPNE   R2, #0x4
   54    00000040 0500000A             BEQ     INBOX_V1
   55    00000044              #ifdef E71Cv41
   56    00000044              #define IBVIEW_ADR      0xA051A4C7
   57    00000044              #endif
   58    00000044              #ifdef E71v45
   59    00000044              #define IBVIEW_ADR      0xA0504D67 //B430B5C7B00
                               6A9
   60    00000044              #endif
                                       LDR     R12, =IBVIEW_ADR
                               -------------------^
                               "C:\arm\mss3\Patches\entry_elka.asm",61 
                       Error[50]: Undefined symbol:'IBVIEW_ADR'
   62    00000048 1CFF2FE1             BX      R12
   63    0000004C              
   64    0000004C              #endif
   65    0000004C              INBOX_V
   66    0000004C 040050E3             CMP     R0, #0x4
   67    00000050 04005213             CMPNE   R2, #0x4
   68    00000054 1EFF2F11             BXNE    LR
   69    00000058 04E08EE2             ADD     LR, LR, #4
   70    0000005C              INBOX_V1
   71    0000005C FE402DE9             STMFD   SP!,{R1-R7, LR}
   72    00000060 8400A0E3             MOV     R0, #SMSYS_IPC_VIEW_OPMSG
   73    00000064 ........             BL      OpmsgIDSend
   74    00000068 FE80BDE8             LDMFD   SP!,{R1-R7, PC}
   75    0000006C              
   76    0000006C              INBOX_OPVIEW_CODE
   77    0000006C              #ifdef ELC1v41
   82    0000006C              #else
   83    0000006C 04E08EE2             ADD     LR, LR, #4
   84    00000070 6C219DE5             LDR     R2, [SP,#0x16C]
   85    00000074 70319DE5             LDR     R3, [SP,#0x170]
   86    00000078              #endif
   87    00000078 101090E5             LDR     R1, [R0,#0x10]
   88    0000007C 0C0090E5             LDR     R0, [R0,#0xC]
   89    00000080 F1FFFFEA             B       INBOX_V
   90    00000084              
   91    00000084              
   92    00000084              INBOX_OTH_CODE
   93    00000084 04E08EE2             ADD     LR, LR, #4
   94    00000088 040090E5             LDR     R0, [R0, #4]
   95    0000008C 000090E5             LDR     R0, [R0, #0]
   96    00000090 0220D4E7             LDRB    R2, [R4, R2]
   97    00000094 0010A0E1             MOV     R1, R0 //opmsg_id
   98    00000098 0C0052E3             CMP     R2, #0xC
   99    0000009C 8500A003             MOVEQ   R0, #SMSYS_IPC_REPLY_OPMSG
  100    000000A0 0500000A             BEQ     OPMSG_SEND
  101    000000A4 0E0052E3             CMP     R2, #0xE
  102    000000A8 8600A003             MOVEQ   R0, #SMSYS_IPC_QR_OPMSG
  103    000000AC 0200000A             BEQ     OPMSG_SEND
  104    000000B0 120052E3             CMP     R2, #0x12
  105    000000B4 1EFF2F11             BXNE    LR
  106    000000B8 8700A0E3             MOV     R0, #SMSYS_IPC_QN_OPMSG
  107    000000BC              OPMSG_SEND
  108    000000BC 7BEF8EE2             ADD     LR, LR, #0x1EC  //A05277F0-A0527
                                                   604
  109    000000C0 FE402DE9             STMFD   SP!,{R1-R7, LR}
  110    000000C4 ........             BL      OpmsgIDSend
  111    000000C8 FE80BDE8             LDMFD   SP!,{R1-R7, PC}
  112    000000CC              
  113    00000000                      EXTERN  getFileCount //CMP     R7,
                                                             #0
  114    000000CC              COUNT_IN_CODE //R0, [SP,#0x80] ; NEW SMS
  115    000000CC 04E08EE2             ADD     LR, LR, #4
  116    000000D0 68108DE2             ADD     R1, SP, #0x68
  117    000000D4 54008DE2             ADD     R0, SP, #0x54
  118    000000D8 98709DE5             LDR     R7, [SP,#0x98]
  119    000000DC 0620A0E3             MOV     R2, #6
  120    000000E0 7F402DE9             STMFD   SP!,{R0-R6, LR}
  121    000000E4 A0109DE5             LDR     R1, [SP, #0xA0]
  122    000000E8 B18200EF             SWI     0x82B1 //SMS_DATA_ROOT
                                                *SmsDataRoot();
  123    000000EC 0020A0E1             MOV     R2, R0
  124    000000F0 000051E3             CMP     R1, #0
  125    000000F4 0100001A             BNE     COUNT_READ
  126    000000F8 BE01D0E1             LDRH    R0, [R0, #0x1E]
  127    000000FC A0008DE5             STR     R0, [SP, #0xA0]
  128    00000100              COUNT_READ
  129    00000100 0500A0E3             MOV     R0, #5 //TYPE_IN_ALL   
                                                    5
  130    00000104 0710A0E1             MOV     R1, R7
  131    00000108 ........             BLX     getFileCount
  132    0000010C 007087E0             ADD     R7, R7, R0
  133    00000110 7F80BDE8             LDMFD   SP!,{R0-R6, PC}
  134    00000114              /*
  135    00000114              ROM:A0345B48 02 1C                       ADD    
                                R2, R0, #0
  136    00000114              ROM:A0345B4A 23 1C                       ADD    
                                R3, R4, #0
  137    00000114              ROM:A0345B4C 28 1C                       ADD    
                                R0, R5, #0
  138    00000114              ROM:A0345B4E 60 A1                       ADR    
                                R1, s_DD_1      ; "%d/%d"*/
  139    00000114              MMENU_INBOX_CNT_CODE
  140    00000114 04E08EE2             ADD     LR, LR, #4
  141    00000118 00402DE9             STMFD   SP!, {LR}
  142    0000011C 0070A0E1             MOV     R7, R0 //CNT NEW OLD
  143    00000120 B18200EF             SWI     0x82B1
  144    00000124 0020A0E1             MOV     R2, R0
  145    00000128 000057E3             CMP     R7, #0
  146    0000012C 0000001A             BNE     CNT_IN_ALL
  147    00000130 BE71D2E1             LDRH    R7, [R2, #0x1E]
  148    00000134              CNT_IN_ALL
  149    00000134 0500A0E3             MOV     R0, #5 //TYPE_IN_ALL   
                                                    5
  150    00000138 0410A0E1             MOV     R1, R4
  151    0000013C ........             BLX     getFileCount
  152    00000140 003084E0             ADD     R3, R4, R0
  153    00000144 0720A0E1             MOV     R2, R7
  154    00000148 0500A0E1             MOV     R0, R5
  155    0000014C 7F10A0E3             MOV     R1, #0x7F
  156    00000150 401F81E3             ORR     R1, R1, #0x100
  157    00000154 0040BDE8             LDMFD   SP!, {LR}
  158    00000158 0E1081E0             ADD     R1, R1, LR
  159    0000015C 1EFF2FE1             BX      LR
  160    00000160              
  161    00000000                      EXTERN  getOtherCount
  162    00000160              OTHER_COUNT_CODE
  163    00000160 04E08EE2             ADD     LR, LR, #4
  164    00000164 0350A0E1             MOV     R5, R3
  165    00000168 0620A0E3             MOV     R2, #6
  166    0000016C 18108DE2             ADD     R1, SP, #0x18
  167    00000170 04008DE2             ADD     R0, SP, #4
  168    00000174 020056E3             CMP     R6, #2 //DRAFT
  169    00000178 0430A003             MOVEQ   R3, #4 //TYPE_DRAFT    
                                                    4
  170    0000017C 0200000A             BEQ     GO
  171    00000180 03005613             CMPNE   R6, #3 //SENT
  172    00000184 0130A003             MOVEQ   R3, #1 //TYPE_OUT      
                                                    1
  173    00000188 1EFF2F11             BXNE    LR
  174    0000018C              GO
  175    0000018C DF402DE9             STMFD   SP!, {R0-R4,R6,R7, LR}
  176    00000190 B18200EF             SWI     0x82B1 //SMS_DATA_ROOT
                                                *SmsDataRoot();
  177    00000194 0020A0E1             MOV     R2, R0
  178    00000198 0300A0E1             MOV     R0, R3
  179    0000019C 0510A0E1             MOV     R1, R5
  180    000001A0 ........             BLX     getFileCount
  181    000001A4 005085E0             ADD     R5, R5, R0
  182    000001A8 DF80BDE8             LDMFD   SP!, {R0-R4,R6,R7, PC}
  183    000001AC              
  184    000001AC              /*
  185    000001AC              ROM:A0345BB0 28 1C                       ADD    
                                R0, R5, #0
  186    000001AC              ROM:A0345BB2 4E A1                       ADR    
                                R1, s_D_16      ; "%d"
  187    000001AC              ROM:A0345BB4 DC F0 78 EC                 BLX    
                                sub_A04224A8    ; void wsprintf(WSHDR *,const
                                char *format,...)
  188    000001AC              */
  189    000001AC              MMENU_DRAFT_CNT_CODE
  190    000001AC 04E08EE2             ADD     LR, LR, #4
  191    000001B0 00402DE9             STMFD   SP!,{LR}
  192    000001B4 0270A0E1             MOV     R7, R2
  193    000001B8 B18200EF             SWI     0x82B1
  194    000001BC 0020A0E1             MOV     R2, R0
  195    000001C0 0400A0E3             MOV     R0, #4
  196    000001C4 0710A0E1             MOV     R1, R7
  197    000001C8 ........             BLX     getFileCount
  198    000001CC 002087E0             ADD     R2, R7, R0
  199    000001D0 0500A0E1             MOV     R0, R5
  200    000001D4 3310A0E3             MOV     R1, #0x33
  201    000001D8 401F81E3             ORR     R1, R1, #0x100
  202    000001DC 00E09DE5             LDR     LR, [SP, #0]
  203    000001E0 0E1081E0             ADD     R1, R1, LR
  204    000001E4 A00000EF             SWI     0xA0
  205    000001E8 0080BDE8             LDMFD   SP!,{PC}
  206    000001EC              
  207    000001EC              MMENU_SENT_CNT_CODE
  208    000001EC 06E08EE2             ADD     LR, LR, #6
  209    000001F0 00402DE9             STMFD   SP!,{LR}
  210    000001F4 0170A0E1             MOV     R7, R1
  211    000001F8 B18200EF             SWI     0x82B1
  212    000001FC 0020A0E1             MOV     R2, R0
  213    00000200 0100A0E3             MOV     R0, #1
  214    00000204 0410A0E1             MOV     R1, R4
  215    00000208 ........             BLX     getFileCount
  216    0000020C 002084E0             ADD     R2, R4, R0
  217    00000210 301047E2             SUB     R1, R7, #0x30
  218    00000214 0500A0E1             MOV     R0, R5
  219    00000218 A00000EF             SWI     0xA0
  220    0000021C 0080BDE8             LDMFD   SP!,{PC}
  221    00000220                      
  222    00000220              NEW_IN_WIN_CODE
  223    00000220 04E08EE2             ADD     LR, LR, #4
  224    00000224 866FA0E1             LSL     R6, R6, #0x1F
  225    00000228 0050A0E1             MOV     R5, R0
  226    0000022C 0070A0E3             MOV     R7, #0
  227    00000230 0400A0E1             MOV     R0, R4
  228    00000234 103090E5             LDR     R3, [R0, #0x10]
  229    00000238 4338A0E1             ASR     R3, R3, #0x10
  230    0000023C 033CA0E1             LSL     R3, R3, #0x18
  231    00000240 233CA0E1             LSR     R3, R3, #0x18
  232    00000244 200053E3             CMP     R3, #0x20
  233    00000248 1EFF2F11             BXNE    LR
  234    0000024C                      //A0302A80-A03029F4
  235    0000024C 8CE08EE2             ADD     LR, LR, #0x8C
  236    00000250 00402DE9             STMFD   SP!,{LR}
  237    00000254 8100A0E3             MOV     R0, #SMSYS_IPC_NEW_IN_WIN
  238    00000258 ........             BL      send_ipc
  239    0000025C 0000A0E3             MOV     R0, #0
  240    00000260 0080BDE8             LDMFD   SP!,{PC}
  241    00000264              /*-r1173
  242    00000264              NMENU_INBOX_CODE
  243    00000264                      MOV     R0, #SMSYS_IPC_IN_ALL
  244    00000264                      B       send_ipc
  245    00000264                      
  246    00000264              NMENU_DRAFT_CODE
  247    00000264                      MOV     R0, #SMSYS_IPC_DRAFT
  248    00000264                      B       send_ipc
  249    00000264                      
  250    00000264              NMENU_SENT_CODE
  251    00000264                      MOV     R0, #SMSYS_IPC_OUT
  252    00000264                      B       send_ipc
  253    00000264                      
  254    00000264              SHORTCUT_NEWMSG_CODE
  255    00000264                      //ADD   LR, LR, #4
  256    00000264                      MOV     R0, #SMSYS_IPC_NEWSMS
  257    00000264                      B       send_ipc
  258    00000264                      
  259    00000264              NMENU_NEWSMG_CODE
  260    00000264                      MOV     R0, #SMSYS_IPC_NEWSMS
  261    00000264                      B       send_ipc
  262    00000264              */
  263    00000264              /*
  264    00000264              ROM:A07815A0 6B 44               ADD     R3,
                                SP
  265    00000264              ROM:A07815A2 09 90               STR     R0,
                                [SP,#0x24]
  266    00000264              ROM:A07815A4 18 69               LDR     R0,
                                [R3,#0x10]
  267    00000264              ROM:A07815A6 00 28               CMP     R0,
                                #0
  268    00000264              ROM:A07815A8 01 D0               BEQ    
                                loc_A07815AE
  269    00000264              ROM:A07815AA E5 A0               ADR     R0,
                                s_OpwvmsgCcom_9     ; "opwvmsg:CComposeSMS"
  270    00000264              ROM:A07815AC 00 E0               B      
                                loc_A07815B0
  271    00000264              
  272    00000264              */      
  273    00000000                      EXTERN  CreateSmsWithNum_2
  274    00000000                      EXTERN  CreateSmsWithNum_3
  275    00000000                      EXTERN  CreateSmsWithNum
  276    00000264              ADRBK_NUM_SMS_CODE
  277    00000264 0AE08EE2             ADD     LR, LR, #0xA
  278    00000268 03308DE0             ADD     R3, SP, R3
  279    0000026C 24008DE5             STR     R0, [SP,#0x24]
  280    00000270 100093E5             LDR     R0, [R3,#0x10]
  281    00000274 000050E3             CMP     R0, #0
  282    00000278 1EFF2F01             BXEQ    LR
  283    0000027C 08E08EE2             ADD     LR, LR, #0x8
  284    00000280 10009DE5             LDR     R0, [SP, #0x10]
  285    00000284 FE402DE9             STMFD   SP!,{R1-R7, LR}
  286    00000288 ........             BL      CreateSmsWithNum_3
  287    0000028C FE80BDE8             LDMFD   SP!,{R1-R7, PC}
  288    00000290                      /*-r1173
  289    00000290              SHORTCUT_DRAFT_CODE
  290    00000290                      //ADD   LR, LR, #4
  291    00000290                      MOV     R0, #SMSYS_IPC_DRAFT
  292    00000290                      B       send_ipc
  293    00000290                      */
  294    00000000                      EXTERN  OrgSendText
  295    00000290              ORG_SEND_CODE
  296    00000290 06E08EE2             ADD     LR, LR, #6
  297    00000294 0500A0E1             MOV     R0, R5
  298    00000298 ........             B       OrgSendText
  299    0000029C              
  300    0000029C              
  301    0000029C              
  302    0000029C              REC_SENDSMS_CODE
  303    0000029C 04E08EE2             ADD     LR, LR, #4
  304    000002A0 14708DE5             STR     R7, [SP, #0x14]
  305    000002A4 0D30A0E1             MOV     R3, SP
  306    000002A8 1870C3E5             STRB    R7, [R3, #0x18]
  307    000002AC 080096E5             LDR     R0, [R6, #8]
  308    000002B0 170050E3             CMP     R0, #0x17
  309    000002B4 1EFF2F11             BXNE    LR
  310    000002B8 16E08EE2             ADD     LR, LR, #0x16
  311    000002BC FE402DE9             STMFD   SP!, {R1-R7, LR}
  312    000002C0 0500A0E1             MOV     R0, R5
  313    000002C4 ........             BL      CreateSmsWithNum_2
  314    000002C8 FE80BDE8             LDMFD   SP!, {R1-R7, PC}
  315    000002CC              
  316    000002CC              DIAL_SMS_CODE
  317    000002CC 04E08EE2             ADD     LR, LR, #4
  318    000002D0 FE402DE9             STMFD   SP!,{R1-R7, LR}
  319    000002D4 000094E5             LDR     R0, [R4, #0]
  320    000002D8 ........             BL      CreateSmsWithNum_2
  321    000002DC FE80BDE8             LDMFD   SP!,{R1-R7, PC}
  322    000002E0                      
  323    000002E0              INBOX_REC_CODE
  324    000002E0 A2E08EE2             ADD     LR, LR, #0xA2
  325    000002E4 0800D0E5             LDRB    R0, [R0,#8]
  326    000002E8 160050E3             CMP     R0, #0x16
  327    000002EC 1EFF2F11             BXNE    LR
  328    000002F0 54009DE5             LDR     R0, [SP, #0x54]
  329    000002F4 08E08EE2             ADD     LR, LR, #0x8
  330    000002F8 FE402DE9             STMFD   SP!, {R1-R7, LR}
  331    000002FC ........             BL      CreateSmsWithNum_2
  332    00000300 FE80BDE8             LDMFD   SP!, {R1-R7, PC}
  333    00000304                      
  334    00000304              //r-1173        
  335    00000304              SHORTCUT_SAVED_CODE
  336    00000304                      //ADD   LR, LR, #4
  337    00000304              NMENU_ARCHIVE_CODE
  338    00000304 4000A0E3             MOV     R0, #SMSYS_IPC_ARCHIVE
  339    00000308 ........             B       send_ipc
  340    0000030C                      
  341    0000030C              
  342    0000030C              SMS_SENT_CODE
  343    0000030C                      //ADD   LR, LR, #4
  344    0000030C              NMENU_SENT_CODE
  345    0000030C 0500A0E3             MOV     R0, #SMSYS_IPC_OUT
  346    00000310 ........             B       send_ipc
  347    00000314              
  348    00000314              //      MOV     R0, #SMSYS_IPC_OUT
  349    00000314              //      B       send_ipc
  350    00000314              SMS_INBOX_CODE
  351    00000314                      //ADD   LR, LR, #4
  352    00000314              NMENU_INBOX_CODE
  353    00000314 0900A0E3             MOV     R0, #SMSYS_IPC_IN_ALL
  354    00000318 ........             B       send_ipc
  355    0000031C                      
  356    0000031C              //      MOV     R0, #SMSYS_IPC_IN_ALL
  357    0000031C              //      B       send_ipc
  358    0000031C                      
  359    0000031C              SHORTCUT_DRAFT_CODE
  360    0000031C                      //ADD   LR, LR, #4
  361    0000031C              NMENU_DRAFT_CODE
  362    0000031C 0600A0E3             MOV     R0, #SMSYS_IPC_DRAFT
  363    00000320 ........             B       send_ipc
  364    00000324              //      MOV     R0, #SMSYS_IPC_DRAFT
  365    00000324              //      B       send_ipc
  366    00000324                      
  367    00000324                      
  368    00000324              SHORTCUT_NEWMSG_CODE
  369    00000324                      //ADD   LR, LR, #4
  370    00000324              NMENU_NEWSMG_CODE
  371    00000324 0200A0E3             MOV     R0, #SMSYS_IPC_NEWSMS
  372    00000328 ........             B       send_ipc
  373    0000032C                      
  374    0000032C              //      MOV     R0, #SMSYS_IPC_NEWSMS
  375    0000032C              //      B       send_ipc
  376    0000032C              
  377    0000032C              //-r1173
  378    0000032C                      
  379    0000032C                      RSEG    SMS_SENT_HOOK
  379.1  0000032C                       TABLE
  379.2  0000032C ........             Reference on line 61 
  379.3  00000000                      RSEG (including table)
  379    00000000                      RSEG    SMS_SENT_HOOK
  380    00000000                      CODE16
  381    00000000 0048                 LDR     R0, =SMS_SENT_CODE
  382    00000002 0047                 BX      R0
  383    00000004                      
  384    00000004                      RSEG    SMS_INBOX_HOOK
  384.1  00000004                       TABLE
  384.2  00000004 ........             Reference on line 381 
  384.3  00000000                      RSEG (including table)
  384    00000000                      RSEG    SMS_INBOX_HOOK
  385    00000000                      CODE16
  386    00000000 0048                 LDR     R0, =SMS_INBOX_CODE
  387    00000002 0047                 BX      R0
  388    00000004                      
  389    00000004                      RSEG    AB_UPDATE_HOOK
  389.1  00000004                       TABLE
  389.2  00000004 ........             Reference on line 386 
  389.3  00000000                      RSEG (including table)
  389    00000000                      RSEG    AB_UPDATE_HOOK
  390    00000000                      CODE16
  391    00000000 0049                 LDR     R1, =AB_UPDATE_CODE
  392    00000002 8847                 BLX     R1
  393    00000004                      
  394    00000004              #ifdef ELC1v41     
  399    00000004              #else
  400    00000004                      RSEG    INBOX_VIEW_HOOK
  400.1  00000004                       TABLE
  400.2  00000004 ........             Reference on line 391 
  400.3  00000000                      RSEG (including table)
  400    00000000                      RSEG    INBOX_VIEW_HOOK
  401    00000000                      CODE16
  402    00000000 0048                 LDR     R0, pINBOX_VIEW_CODE
  403    00000002 8047                 BLX     R0
  404    00000004                      DATA
  405    00000004              pINBOX_VIEW_CODE
  406    00000004 ........             DCD     INBOX_VIEW_CODE
  407    00000008                      CODE16
  408    00000008 C046                 NOP
  409    0000000A              #endif
  410    0000000A                      
  411    00000000                      RSEG    COUNT_IN_HOOK
  412    00000000                      CODE16
  413    00000000 004F                 LDR     R7, =COUNT_IN_CODE
  414    00000002 B847                 BLX     R7
  415    00000004                      
  416    00000004                      RSEG    OTHER_COUNT_HOOK
  416.1  00000004                       TABLE
  416.2  00000004 ........             Reference on line 413 
  416.3  00000000                      RSEG (including table)
  416    00000000                      RSEG    OTHER_COUNT_HOOK
  417    00000000                      CODE16
  418    00000000 004A                 LDR     R2, =OTHER_COUNT_CODE
  419    00000002 9047                 BLX     R2
  420    00000004              
  421    00000004              
  422    00000004                      RSEG    NEW_IN_WIN_HOOK
  422.1  00000004                       TABLE
  422.2  00000004 ........             Reference on line 418 
  422.3  00000000                      RSEG (including table)
  422    00000000                      RSEG    NEW_IN_WIN_HOOK
  423    00000000                      CODE16
  424    00000000 004D                 LDR     R5, =NEW_IN_WIN_CODE
  425    00000002 A847                 BLX     R5
  426    00000004                      
  427    00000004                      RSEG    NMENU_INBOX_HOOK
  427.1  00000004                       TABLE
  427.2  00000004 ........             Reference on line 424 
  427.3  00000000                      RSEG (including table)
  427    00000000                      RSEG    NMENU_INBOX_HOOK
  428    00000000                      CODE16
  429    00000000 0048                 LDR     R0, =NMENU_INBOX_CODE
  430    00000002 0047                 BX      R0
  431    00000004                      
  432    00000004                      RSEG    NMENU_DRAFT_HOOK
  432.1  00000004                       TABLE
  432.2  00000004 ........             Reference on line 429 
  432.3  00000000                      RSEG (including table)
  432    00000000                      RSEG    NMENU_DRAFT_HOOK
  433    00000000                      CODE16
  434    00000000 0048                 LDR     R0, =NMENU_DRAFT_CODE
  435    00000002 0047                 BX      R0
  436    00000004                      
  437    00000004                      RSEG    NMENU_SENT_HOOK
  437.1  00000004                       TABLE
  437.2  00000004 ........             Reference on line 434 
  437.3  00000000                      RSEG (including table)
  437    00000000                      RSEG    NMENU_SENT_HOOK
  438    00000000                      CODE16
  439    00000000 0048                 LDR     R0, =NMENU_SENT_CODE
  440    00000002 0047                 BX      R0
  441    00000004                      
  442    00000004                      RSEG    SHORTCUT_NEWMSG_HOOK
  442.1  00000004                       TABLE
  442.2  00000004 ........             Reference on line 439 
  442.3  00000000                      RSEG (including table)
  442    00000000                      RSEG    SHORTCUT_NEWMSG_HOOK
  443    00000000                      CODE16
  444    00000000 0048                 LDR     R0, =SHORTCUT_NEWMSG_CODE
  445    00000002 0047                 BX      R0
  446    00000004                      
  447    00000004                      RSEG    NMENU_NEWSMG_HOOK
  447.1  00000004                       TABLE
  447.2  00000004 ........             Reference on line 444 
  447.3  00000000                      RSEG (including table)
  447    00000000                      RSEG    NMENU_NEWSMG_HOOK
  448    00000000                      CODE16
  449    00000000 0048                 LDR     R0, =NMENU_NEWSMG_CODE
  450    00000002 0047                 BX      R0
  451    00000004                      
  452    00000004                      RSEG    ADRBK_NUM_SMS_HOOK
  452.1  00000004                       TABLE
  452.2  00000004 ........             Reference on line 449 
  452.3  00000000                      RSEG (including table)
  452    00000000                      RSEG    ADRBK_NUM_SMS_HOOK
  453    00000000                      CODE16
  454    00000000 0049                 LDR     R1, =ADRBK_NUM_SMS_CODE
  455    00000002 8847                 BLX     R1
  456    00000004                      
  457    00000004                      RSEG    SHORTCUT_DRAFT_HOOK
  457.1  00000004                       TABLE
  457.2  00000004 ........             Reference on line 454 
  457.3  00000000                      RSEG (including table)
  457    00000000                      RSEG    SHORTCUT_DRAFT_HOOK
  458    00000000                      CODE16
  459    00000000 0048                 LDR     R0, =SHORTCUT_DRAFT_CODE
  460    00000002 0047                 BX      R0
  461    00000004                      
  462    00000004                      RSEG    ORG_SEND_HOOK
  462.1  00000004                       TABLE
  462.2  00000004 ........             Reference on line 459 
  462.3  00000000                      RSEG (including table)
  462    00000000                      RSEG    ORG_SEND_HOOK
  463    00000000                      CODE16
  464    00000000 0048                 LDR     R0, =ORG_SEND_CODE
  465    00000002 8047                 BLX     R0
  466    00000004                      
  467    00000004                      RSEG    REC_SENDSMS_HOOK
  467.1  00000004                       TABLE
  467.2  00000004 ........             Reference on line 464 
  467.3  00000000                      RSEG (including table)
  467    00000000                      RSEG    REC_SENDSMS_HOOK
  468    00000000                      CODE16
  469    00000000 004B                 LDR     R3, =REC_SENDSMS_CODE
  470    00000002 9847                 BLX     R3
  471    00000004                      
  472    00000004                      RSEG    INBOX_OPVIEW_HOOK
  472.1  00000004                       TABLE
  472.2  00000004 ........             Reference on line 469 
  472.3  00000000                      RSEG (including table)
  472    00000000                      RSEG    INBOX_OPVIEW_HOOK
  473    00000000                      CODE16
  474    00000000 004A                 LDR     R2, =INBOX_OPVIEW_CODE
  475    00000002 9047                 BLX     R2
  476    00000004                      
  477    00000004                      RSEG    INBOX_OTH_HOOK
  477.1  00000004                       TABLE
  477.2  00000004 ........             Reference on line 474 
  477.3  00000000                      RSEG (including table)
  477    00000000                      RSEG    INBOX_OTH_HOOK
  478    00000000                      CODE16
  479    00000000 004B                 LDR     R3, =INBOX_OTH_CODE
  480    00000002 9847                 BLX     R3
  481    00000004                      
  482    00000004                      RSEG    DIAL_SMS_HOOK
  482.1  00000004                       TABLE
  482.2  00000004 ........             Reference on line 479 
  482.3  00000000                      RSEG (including table)
  482    00000000                      RSEG    DIAL_SMS_HOOK
  483    00000000                      CODE16
  484    00000000 0048                 LDR     R0, =DIAL_SMS_CODE
  485    00000002 8047                 BLX     R0
  486    00000004                      
  487    00000004                      RSEG    INBOX_REC_HOOK
  487.1  00000004                       TABLE
  487.2  00000004 ........             Reference on line 484 
  487.3  00000000                      RSEG (including table)
  487    00000000                      RSEG    INBOX_REC_HOOK
  488    00000000                      CODE16
  489    00000000 0049                 LDR     R1, =INBOX_REC_CODE
  490    00000002 8847                 BLX     R1
  491    00000004                      
  492    00000004                      RSEG    SHORTCUT_SAVED_HOOK
  492.1  00000004                       TABLE
  492.2  00000004 ........             Reference on line 489 
  492.3  00000000                      RSEG (including table)
  492    00000000                      RSEG    SHORTCUT_SAVED_HOOK
  493    00000000                      CODE16
  494    00000000 0048                 LDR     R0, =SHORTCUT_SAVED_CODE
  495    00000002 8047                 BLX     R0
  496    00000004                      
  497    00000004                      RSEG    NMENU_ARCHIVE_HOOK
  497.1  00000004                       TABLE
  497.2  00000004 ........             Reference on line 494 
  497.3  00000000                      RSEG (including table)
  497    00000000                      RSEG    NMENU_ARCHIVE_HOOK
  498    00000000                      CODE16
  499    00000000 0048                 LDR     R0, =NMENU_ARCHIVE_CODE
  500    00000002 0047                 BX      R0
  501    00000004                      
  502    00000004                      RSEG    MMENU_INBOX_CNT_HOOK
  502.1  00000004                       TABLE
  502.2  00000004 ........             Reference on line 499 
  502.3  00000000                      RSEG (including table)
  502    00000000                      RSEG    MMENU_INBOX_CNT_HOOK
  503    00000000                      CODE16
  504    00000000 004A                 LDR     R2, =MMENU_INBOX_CNT_CODE
  505    00000002 9047                 BLX     R2
  506    00000004                      
  507    00000004                      RSEG    MMENU_DRAFT_CNT_HOOK
  507.1  00000004                       TABLE
  507.2  00000004 ........             Reference on line 504 
  507.3  00000000                      RSEG (including table)
  507    00000000                      RSEG    MMENU_DRAFT_CNT_HOOK
  508    00000000                      CODE16
  509    00000000 0048                 LDR     R0, =MMENU_DRAFT_CNT_CODE
  510    00000002 8047                 BLX     R0
  511    00000004                      
  512    00000004                      RSEG    MMENU_SENT_CNT_HOOK
  512.1  00000004                       TABLE
  512.2  00000004 ........             Reference on line 509 
  512.3  00000000                      RSEG (including table)
  512    00000000                      RSEG    MMENU_SENT_CNT_HOOK
  513    00000000                      CODE16
  514    00000000 0048                 LDR     R0, pMMENU_SENT_CNT_CODE
  515    00000002 8047                 BLX     R0
  516    00000004                      DATA
  517    00000004              pMMENU_SENT_CNT_CODE
  518    00000004 ........             DCD     MMENU_SENT_CNT_CODE
  519    00000008                      CODE16
  520    00000008 C046                 NOP
  521    0000000A                      END
##############################
#        Errors:   1         #
#        Warnings: 0         #
#        Bytes: 1016         #
##############################



