##############################################################################
#                                                                            #
# IAR ARM ANSI C/C++ Compiler V4.42A/W32 EVALUATION    07/May/2009  10:45:36 #
# Copyright 1999-2005 IAR Systems. All rights reserved.                      #
#                                                                            #
#    Cpu mode        =  interwork                                            #
#    Endian          =  little                                               #
#    Stack alignment =  4                                                    #
#    Source file     =  D:\pasha\elf\SieELF\MySMSYS\Mss3\StrConst.cpp        #
#    Command line    =  D:\pasha\elf\SieELF\MySMSYS\Mss3\StrConst.cpp -D     #
#                       NEWSGOLD -D ELKA -D LANG_CN -lcN                     #
#                       D:\pasha\elf\SieELF\MySMSYS\Mss3\Release_ELKA\List\  #
#                       -o D:\pasha\elf\SieELF\MySMSYS\Mss3\Release_ELKA\Obj #
#                       \ -s9 --no_unroll --cpu_mode arm --endian little     #
#                       --cpu ARM926EJ-S --stack_align 4 --interwork -e      #
#                       --fpu None --eec++ --dlib_config "D:\pasha\Embedded  #
#                       Workbench 4.0 Evaluation2\ARM\LIB\dl5tpainl8n.h" -I  #
#                       "D:\pasha\Embedded Workbench 4.0                     #
#                       Evaluation2\ARM\INC\" --inline_threshold=2           #
#    List file       =  D:\pasha\elf\SieELF\MySMSYS\Mss3\Release_ELKA\List\S #
#                       trConst.lst                                          #
#    Object file     =  D:\pasha\elf\SieELF\MySMSYS\Mss3\Release_ELKA\Obj\St #
#                       rConst.r79                                           #
#                                                                            #
#                                                                            #
##############################################################################

D:\pasha\elf\SieELF\MySMSYS\Mss3\StrConst.cpp
      1          #include "StrConst.h"
      2          
      3          const char IPC_NAME[]="MySMSYS";
      4          const char PERCENT_T[]="%t";
      5          const char PERCENT_S[]="%s";
      6          const char num_fetion[]="12520";
      7          
      8          const char STR_LINES[]="----------------";
      9          const char STR_UNK_TXTT[]="Unkown Text Encode Type (%d)!";
     10          const char STR_UNK_TYPE[]="Unknow Type (%d)!";
     11          
     12          const char FLDR_IN[]="In\\";
     13          //const char FLDR_OUT[]="Out\\";
     14          const char FLDR_SENT[]="Out\\";//"Sent\\";
     15          const char FLDR_DRAFT[]="Draft\\";
     16          const char FLDR_UNK[]="Unknow\\";
     17          const char FLDR_ARCHIVE[]="Archive\\";
     18          
     19          #ifdef LANG_EN
     20          const char STR_UNK_NUM_UTF8[]="Unknow Number";
     21          const char STR_NUMBER_UTF8[]="Number";
     22          const char STR_TEXT_UTF8[]="Text";
     23          const char STR_TO_UTF8[]="To";
     24          const char STR_FROM_UTF8[]="From";
     25          const char STR_TIME_UTF8[]="Time";
     26          const char STR_UNK_UTF8[]="Unknow";
     27          const char DEFAUT_HLP_STR[]="HotKeys In SMS List:\n4: MoveToArchive\n7: Delete SMS\n*: Show Number Info\nGreen: Reply\n\nHotKeys When View:\n*: Show Number Info\nGreen: Reply\nLeft: The Prev One\nRight: The Next One\n\nHotKeys When Edit:\nGreen: Send";
     28          #endif
     29          
     30          
     31          #ifdef LANG_CN
     32          const char STR_UNK_NUM_UTF8[]="\xE6\x9C\xAA\xE7\x9F\xA5\xE5\x8F\xB7\xE7\xA0\x81";
     33          const char STR_NUMBER_UTF8[]="\xE5\x8F\xB7\xE7\xA0\x81";
     34          const char STR_TEXT_UTF8[]="\xE6\xAD\xA3\xE6\x96\x87";
     35          const char STR_TO_UTF8[]="\xE5\x8F\x91\xE9\x80\x81\xE5\x88\xB0";
     36          const char STR_FROM_UTF8[]="\xE6\x9D\xA5\xE8\x87\xAA";
     37          const char STR_TIME_UTF8[]="\xE6\x97\xB6\xE9\x97\xB4";
     38          const char STR_UNK_UTF8[]="\xE6\x9C\xAA\xE7\x9F\xA5";
     39          const char DEFAUT_HLP_STR[]="短信列表热键:\n4键: 移动到档案柜\n7键: 删除短信\n*键: 显示号码信息\n绿键: 回复\n\n查看短信时热键:\n*键: 显示号码信息\n绿键: 回复\n左键: 上一条\n右键: 下一条\n\n编辑界面热键:\n绿键: 发送";
     40          #endif
     41          
     42          
     43          
     44          
     45          


   Segment part sizes:

     Function/Label   Bytes
     --------------   -----
     IPC_NAME            8
     PERCENT_T           3
     PERCENT_S           3
     num_fetion          8
     STR_LINES          20
     STR_UNK_TXTT       32
     STR_UNK_TYPE       20
     FLDR_IN             4
     FLDR_SENT           8
     FLDR_DRAFT          8
     FLDR_UNK            8
     FLDR_ARCHIVE       12
     STR_UNK_NUM_UTF8   16
     STR_NUMBER_UTF8     8
     STR_TEXT_UTF8       8
     STR_TO_UTF8        12
     STR_FROM_UTF8       8
     STR_TIME_UTF8       8
     STR_UNK_UTF8        8
     DEFAUT_HLP_STR    176

 
 378 bytes in segment DATA_C
 
 378 bytes of CONST memory

Errors: none
Warnings: none
