##############################################################################
#                                                                            #
# IAR ARM ANSI C/C++ Compiler V4.42A/W32 EVALUATION    15/Dec/2009  16:38:12 #
# Copyright 1999-2005 IAR Systems. All rights reserved.                      #
#                                                                            #
#    Cpu mode        =  interwork                                            #
#    Endian          =  little                                               #
#    Stack alignment =  4                                                    #
#    Source file     =  D:\programming\мои проекты\ArcanoidStudio\MapMaker\c #
#                       onfig_data.c                                         #
#    Command line    =  "D:\programming\мои проекты\ArcanoidStudio\MapMaker\ #
#                       config_data.c" -lC "D:\programming\мои               #
#                       проекты\ArcanoidStudio\MapMaker\Release_ELKA\List\"  #
#                       -o "D:\programming\мои проекты\ArcanoidStudio\MapMak #
#                       er\Release_ELKA\Obj\" -s9 --cpu_mode arm --endian    #
#                       little --cpu ARM926EJ-S --stack_align 4 --interwork  #
#                       -e --fpu None --dlib_config "D:\Embedded Workbench   #
#                       4.0 Evaluation\ARM\LIB\dl5tpainl8n.h" --segment      #
#                       code=CONFIG --segment data=CONFIG -I "D:\Embedded    #
#                       Workbench 4.0 Evaluation\ARM\INC\"                   #
#                       --inline_threshold=2                                 #
#    List file       =  D:\programming\мои проекты\ArcanoidStudio\MapMaker\R #
#                       elease_ELKA\List\config_data.lst                     #
#    Object file     =  D:\programming\мои проекты\ArcanoidStudio\MapMaker\R #
#                       elease_ELKA\Obj\config_data.r79                      #
#                                                                            #
#                                                                            #
##############################################################################

D:\programming\мои проекты\ArcanoidStudio\MapMaker\config_data.c
      1          #include "..\inc\cfg_items.h"
      2          #include "..\inc\swilib.h"
      3          
      4          
      5          
      6          

   \                                 In segment CONFIG_C, align 4, align-sorted, root
      7          __root const CFG_HDR cfghdr0={CFG_UINT,"%",0,100};
   \                     cfghdr0:
   \   00000000   01000000           DC32 1
   \   00000004   2500               DC8 "%"
   \   00000006   000000000000       DC8 0, 0, 0, 0, 0, 0, 0, 0, 0, 0, 0, 0, 0, 0, 0, 0
   \              000000000000
   \              00000000    
   \   00000016   000000000000       DC8 0, 0, 0, 0, 0, 0, 0, 0, 0, 0, 0, 0, 0, 0
   \              000000000000
   \              0000        
   \   00000024   000000006400       DC32 0, 100
   \              0000        

   \                                 In segment CONFIG_C, align 4, align-sorted, root
      8          __root const unsigned int user_col=100;
   \                     user_col:
   \   00000000   64000000           DC32 100
      9          
     10          
     11          
     12          
     13          
     14          

   \                                 In segment CONFIG_C, align 4, align-sorted, root
     15          __root const CFG_HDR cfghdr_mm333={CFG_LEVEL,"редактор",1,0}; //уровень
   \                     cfghdr_mm333:
   \   00000000   09000000           DC32 9
   \   00000004   F0E5E4E0EAF2       DC8 "\360\345\344\340\352\362\356\360"
   \              EEF000      
   \   0000000D   000000000000       DC8 0, 0, 0, 0, 0, 0, 0, 0, 0, 0, 0, 0, 0, 0, 0, 0, 0, 0, 0, 0, 0, 0, 0
   \              000000000000
   \              000000000000
   \              0000000000  
   \   00000024   010000000000       DC32 1, 0
   \              0000        
     16          

   \                                 In segment CONFIG_C, align 4, align-sorted, root
     17            __root const CFG_HDR cfghdr36={CFG_UINT,"размер шрифта параметров",0,1048};
   \                     cfghdr36:
   \   00000000   01000000           DC32 1
   \   00000004   F0E0E7ECE5F0       DC8 "\360\340\347\354\345\360 \370\360\350\364\362\340 \357\340\360\340\354\345\362\360\356\342"
   \              20F8F0E8F4F2
   \              E020EFE0F0E0
   \              ECE5F2F0EEE2
   \              00          
   \   0000001D   000000000000       DC8 0, 0, 0, 0, 0, 0, 0
   \              00          
   \   00000024   000000001804       DC32 0, 1048
   \              0000        

   \                                 In segment CONFIG_C, align 4, align-sorted, root
     18            __root const unsigned int CFG_edit_font=11;
   \                     CFG_edit_font:
   \   00000000   0B000000           DC32 11
     19          

   \                                 In segment CONFIG_C, align 4, align-sorted, root
     20            __root const CFG_HDR cfghdr40={CFG_COLOR,"цвет шрифта комментов",0,0};//выбираем цвет
   \                     cfghdr40:
   \   00000000   08000000           DC32 8
   \   00000004   F6E2E5F220F8       DC8 "\366\342\345\362 \370\360\350\364\362\340 \352\356\354\354\345\355\362\356\342"
   \              F0E8F4F2E020
   \              EAEEECECE5ED
   \              F2EEE200    
   \   0000001A   000000000000       DC8 0, 0, 0, 0, 0, 0, 0, 0, 0, 0
   \              00000000    
   \   00000024   000000000000       DC32 0, 0
   \              0000        

   \                                 In segment CONFIG_C, align 4, align-sorted, root
     21            __root const char CFG_edit_comment_color[4]={5,250,0,100};
   \                     CFG_edit_comment_color:
   \   00000000   05FA0064           DC8 5, 250, 0, 100
     22            

   \                                 In segment CONFIG_C, align 4, align-sorted, root
     23            __root const CFG_HDR cfghdr41={CFG_UINT,"размер шрифта комментов",0,1048};
   \                     cfghdr41:
   \   00000000   01000000           DC32 1
   \   00000004   F0E0E7ECE5F0       DC8 "\360\340\347\354\345\360 \370\360\350\364\362\340 \352\356\354\354\345\355\362\356\342"
   \              20F8F0E8F4F2
   \              E020EAEEECEC
   \              E5EDF2EEE200
   \   0000001C   000000000000       DC8 0, 0, 0, 0, 0, 0, 0, 0
   \              0000        
   \   00000024   000000001804       DC32 0, 1048
   \              0000        

   \                                 In segment CONFIG_C, align 4, align-sorted, root
     24            __root const unsigned int CFG_edit_comment_font=11;
   \                     CFG_edit_comment_font:
   \   00000000   0B000000           DC32 11
     25            

   \                                 In segment CONFIG_C, align 4, align-sorted, root
     26            __root const CFG_HDR cfghdr42={CFG_UINT,"speedcursor count",0,1048};
   \                     cfghdr42:
   \   00000000   01000000           DC32 1
   \   00000004   737065656463       DC8 "speedcursor count"
   \              7572736F7220
   \              636F756E7400
   \   00000016   000000000000       DC8 0, 0, 0, 0, 0, 0, 0, 0, 0, 0, 0, 0, 0, 0
   \              000000000000
   \              0000        
   \   00000024   000000001804       DC32 0, 1048
   \              0000        

   \                                 In segment CONFIG_C, align 4, align-sorted, root
     27            __root const unsigned int CFG_cur_count=11;
   \                     CFG_cur_count:
   \   00000000   0B000000           DC32 11
     28          

   \                                 In segment CONFIG_C, align 4, align-sorted, root
     29            __root const CFG_HDR cfghdr43={CFG_UINT,"speedcursor time",0,1048};
   \                     cfghdr43:
   \   00000000   01000000           DC32 1
   \   00000004   737065656463       DC8 "speedcursor time"
   \              7572736F7220
   \              74696D6500  
   \   00000015   000000000000       DC8 0, 0, 0, 0, 0, 0, 0, 0, 0, 0, 0, 0, 0, 0, 0
   \              000000000000
   \              000000      
   \   00000024   000000001804       DC32 0, 1048
   \              0000        

   \                                 In segment CONFIG_C, align 4, align-sorted, root
     30            __root const unsigned int CFG_cur_time=11;
   \                     CFG_cur_time:
   \   00000000   0B000000           DC32 11
     31            

   \                                 In segment CONFIG_C, align 4, align-sorted, root
     32            __root const CFG_HDR cfghdr45={CFG_COLOR,"цвет фона",0,0};//выбираем цвет
   \                     cfghdr45:
   \   00000000   08000000           DC32 8
   \   00000004   F6E2E5F220F4       DC8 "\366\342\345\362 \364\356\355\340"
   \              EEEDE000    
   \   0000000E   000000000000       DC8 0, 0, 0, 0, 0, 0, 0, 0, 0, 0, 0, 0, 0, 0, 0, 0, 0, 0, 0, 0, 0, 0
   \              000000000000
   \              000000000000
   \              00000000    
   \   00000024   000000000000       DC32 0, 0
   \              0000        

   \                                 In segment CONFIG_C, align 4, align-sorted, root
     33            __root const char CFG_edit_bgcolor[4]={25,0,0,100};
   \                     CFG_edit_bgcolor:
   \   00000000   19000064           DC8 25, 0, 0, 100
     34          

   \                                 In segment CONFIG_C, align 4, align-sorted, root
     35            __root const CFG_HDR cfghdr48={CFG_COLOR,"цвет курсора",0,0};//выбираем цвет
   \                     cfghdr48:
   \   00000000   08000000           DC32 8
   \   00000004   F6E2E5F220EA       DC8 "\366\342\345\362 \352\363\360\361\356\360\340"
   \              F3F0F1EEF0E0
   \              00          
   \   00000011   000000000000       DC8 0, 0, 0, 0, 0, 0, 0, 0, 0, 0, 0, 0, 0, 0, 0, 0, 0, 0, 0
   \              000000000000
   \              000000000000
   \              00          
   \   00000024   000000000000       DC32 0, 0
   \              0000        

   \                                 In segment CONFIG_C, align 4, align-sorted, root
     36            __root const char CFG_edit_cur_bgcolor[4]={5,250,0,5};
   \                     CFG_edit_cur_bgcolor:
   \   00000000   05FA0005           DC8 5, 250, 0, 5
     37            

   \                                 In segment CONFIG_C, align 4, align-sorted, root
     38            __root const CFG_HDR cfghdr49={CFG_COLOR,"цвет обводки курсора",0,0};//выбираем цвет
   \                     cfghdr49:
   \   00000000   08000000           DC32 8
   \   00000004   F6E2E5F220EE       DC8 "\366\342\345\362 \356\341\342\356\344\352\350 \352\363\360\361\356\360\340"
   \              E1E2EEE4EAE8
   \              20EAF3F0F1EE
   \              F0E000      
   \   00000019   000000000000       DC8 0, 0, 0, 0, 0, 0, 0, 0, 0, 0, 0
   \              0000000000  
   \   00000024   000000000000       DC32 0, 0
   \              0000        

   \                                 In segment CONFIG_C, align 4, align-sorted, root
     39            __root const char CFG_edit_cur_frcolor[4]={200,250,220,100};
   \                     CFG_edit_cur_frcolor:
   \   00000000   C8FADC64           DC8 200, 250, 220, 100
     40            

   \                                 In segment CONFIG_C, align 4, align-sorted, root
     41            __root const CFG_HDR cfghdr51={CFG_UINT,"коэффициент скругл. курсора",0,1048};
   \                     cfghdr51:
   \   00000000   01000000           DC32 1
   \   00000004   EAEEFDF4F4E8       DC8 "\352\356\375\364\364\350\366\350\345\355\362 \361\352\360\363\343\353. \352\363\360\361\356\360\340"
   \              F6E8E5EDF220
   \              F1EAF0F3E3EB
   \              2E20EAF3F0F1
   \              EEF0E000    
   \   00000020   00000000           DC8 0, 0, 0, 0
   \   00000024   000000001804       DC32 0, 1048
   \              0000        

   \                                 In segment CONFIG_C, align 4, align-sorted, root
     42            __root const unsigned int CFG_edit_curround=3;
   \                     CFG_edit_curround:
   \   00000000   03000000           DC32 3
     43            

   \                                 In segment CONFIG_C, align 4, align-sorted, root
     44            __root const CFG_HDR cfghdr55={CFG_COLOR,"цвет панели внизу",0,0};//выбираем цвет
   \                     cfghdr55:
   \   00000000   08000000           DC32 8
   \   00000004   F6E2E5F220EF       DC8 "\366\342\345\362 \357\340\355\345\353\350 \342\355\350\347\363"
   \              E0EDE5EBE820
   \              E2EDE8E7F300
   \   00000016   000000000000       DC8 0, 0, 0, 0, 0, 0, 0, 0, 0, 0, 0, 0, 0, 0
   \              000000000000
   \              0000        
   \   00000024   000000000000       DC32 0, 0
   \              0000        

   \                                 In segment CONFIG_C, align 4, align-sorted, root
     45            __root const char CFG_edit_panel_bgcolor[4]={70,70,70,100};
   \                     CFG_edit_panel_bgcolor:
   \   00000000   46464664           DC8 70, 70, 70, 100
     46            

   \                                 In segment CONFIG_C, align 4, align-sorted, root
     47            __root const CFG_HDR cfghdr57={CFG_COLOR,"обводка панели",0,0};//выбираем цвет
   \                     cfghdr57:
   \   00000000   08000000           DC32 8
   \   00000004   EEE1E2EEE4EA       DC8 "\356\341\342\356\344\352\340 \357\340\355\345\353\350"
   \              E020EFE0EDE5
   \              EBE800      
   \   00000013   000000000000       DC8 0, 0, 0, 0, 0, 0, 0, 0, 0, 0, 0, 0, 0, 0, 0, 0, 0
   \              000000000000
   \              0000000000  
   \   00000024   000000000000       DC32 0, 0
   \              0000        

   \                                 In segment CONFIG_C, align 4, align-sorted, root
     48            __root const char CFG_edit_panel_frcolor[4]={225,70,70,100};
   \                     CFG_edit_panel_frcolor:
   \   00000000   E1464664           DC8 225, 70, 70, 100
     49            

   \                                 In segment CONFIG_C, align 4, align-sorted, root
     50            __root const CFG_HDR cfghdr65={CFG_UINT,"scale width",0,1048};
   \                     cfghdr65:
   \   00000000   01000000           DC32 1
   \   00000004   7363616C6520       DC8 "scale width"
   \              776964746800
   \   00000010   000000000000       DC8 0, 0, 0, 0, 0, 0, 0, 0, 0, 0, 0, 0, 0, 0, 0, 0, 0, 0, 0, 0
   \              000000000000
   \              000000000000
   \              0000        
   \   00000024   000000001804       DC32 0, 1048
   \              0000        

   \                                 In segment CONFIG_C, align 4, align-sorted, root
     51            __root const unsigned int CFG_edit_scaleW=50;
   \                     CFG_edit_scaleW:
   \   00000000   32000000           DC32 50
     52            

   \                                 In segment CONFIG_C, align 4, align-sorted, root
     53            __root const CFG_HDR cfghdr66={CFG_UINT,"scale height",0,1048};
   \                     cfghdr66:
   \   00000000   01000000           DC32 1
   \   00000004   7363616C6520       DC8 "scale height"
   \              686569676874
   \              00          
   \   00000011   000000000000       DC8 0, 0, 0, 0, 0, 0, 0, 0, 0, 0, 0, 0, 0, 0, 0, 0, 0, 0, 0
   \              000000000000
   \              000000000000
   \              00          
   \   00000024   000000001804       DC32 0, 1048
   \              0000        

   \                                 In segment CONFIG_C, align 4, align-sorted, root
     54            __root const unsigned int CFG_edit_scaleH=20;
   \                     CFG_edit_scaleH:
   \   00000000   14000000           DC32 20
     55            

   \                                 In segment CONFIG_C, align 4, align-sorted, root
     56            __root const CFG_HDR cfghdr70={CFG_UINT,"сдвиг иконок по X",0,1048};
   \                     cfghdr70:
   \   00000000   01000000           DC32 1
   \   00000004   F1E4E2E8E320       DC8 "\361\344\342\350\343 \350\352\356\355\356\352 \357\356 X"
   \              E8EAEEEDEEEA
   \              20EFEE205800
   \   00000016   000000000000       DC8 0, 0, 0, 0, 0, 0, 0, 0, 0, 0, 0, 0, 0, 0
   \              000000000000
   \              0000        
   \   00000024   000000001804       DC32 0, 1048
   \              0000        

   \                                 In segment CONFIG_C, align 4, align-sorted, root
     57            __root const unsigned int CFG_edit_panel_xc=20;
   \                     CFG_edit_panel_xc:
   \   00000000   14000000           DC32 20
     58            

   \                                 In segment CONFIG_C, align 4, align-sorted, root
     59            __root const CFG_HDR cfghdr73={CFG_UINT,"отступ между иконками",0,1048};
   \                     cfghdr73:
   \   00000000   01000000           DC32 1
   \   00000004   EEF2F1F2F3EF       DC8 "\356\362\361\362\363\357 \354\345\346\344\363 \350\352\356\355\352\340\354\350"
   \              20ECE5E6E4F3
   \              20E8EAEEEDEA
   \              E0ECE800    
   \   0000001A   000000000000       DC8 0, 0, 0, 0, 0, 0, 0, 0, 0, 0
   \              00000000    
   \   00000024   000000001804       DC32 0, 1048
   \              0000        

   \                                 In segment CONFIG_C, align 4, align-sorted, root
     60            __root const unsigned int CFG_edit_panel_offset=5;
   \                     CFG_edit_panel_offset:
   \   00000000   05000000           DC32 5
     61            

   \                                 In segment CONFIG_C, align 4, align-sorted, root
     62            __root const CFG_HDR cfghdr75={CFG_UINT,"сколько штук рисовать?",0,1048};
   \                     cfghdr75:
   \   00000000   01000000           DC32 1
   \   00000004   F1EAEEEBFCEA       DC8 "\361\352\356\353\374\352\356 \370\362\363\352 \360\350\361\356\342\340\362\374?"
   \              EE20F8F2F3EA
   \              20F0E8F1EEE2
   \              E0F2FC3F00  
   \   0000001B   000000000000       DC8 0, 0, 0, 0, 0, 0, 0, 0, 0
   \              000000      
   \   00000024   000000001804       DC32 0, 1048
   \              0000        

   \                                 In segment CONFIG_C, align 4, align-sorted, root
     63            __root const unsigned int CFG_edit_panel_drawcount=5;
   \                     CFG_edit_panel_drawcount:
   \   00000000   05000000           DC32 5
     64            
     65            

   \                                 In segment CONFIG_C, align 4, align-sorted, root
     66          __root const CFG_HDR cfghdr_m334={CFG_LEVEL,"",0,0};//Каждый уровень нужно закрывать
   \                     cfghdr_m334:
   \   00000000   09000000           DC32 9
   \   00000004   00                 DC8 ""
   \   00000005   000000000000       DC8 0, 0, 0, 0, 0, 0, 0, 0, 0, 0, 0, 0, 0, 0, 0, 0
   \              000000000000
   \              00000000    
   \   00000015   000000000000       DC8 0, 0, 0, 0, 0, 0, 0, 0, 0, 0, 0, 0, 0, 0, 0
   \              000000000000
   \              000000      
   \   00000024   000000000000       DC32 0, 0
   \              0000        
     67            
     68            
     69            
     70            
     71            
     72            
     73            
     74            

   \                                 In segment CONFIG_C, align 4, align-sorted, root
     75          __root const CFG_HDR cfghdr_mm444={CFG_LEVEL,"меню",1,0}; //уровень
   \                     cfghdr_mm444:
   \   00000000   09000000           DC32 9
   \   00000004   ECE5EDFE00         DC8 "\354\345\355\376"
   \   00000009   000000000000       DC8 0, 0, 0, 0, 0, 0, 0, 0, 0, 0, 0, 0, 0, 0, 0, 0
   \              000000000000
   \              00000000    
   \   00000019   000000000000       DC8 0, 0, 0, 0, 0, 0, 0, 0, 0, 0, 0
   \              0000000000  
   \   00000024   010000000000       DC32 1, 0
   \              0000        
     76           
     77          

   \                                 In segment CONFIG_C, align 4, align-sorted, root
     78            __root const CFG_HDR cfghdr150={CFG_UINT,"номер шрифта в меню",0,1048};
   \                     cfghdr150:
   \   00000000   01000000           DC32 1
   \   00000004   EDEEECE5F020       DC8 "\355\356\354\345\360 \370\360\350\364\362\340 \342 \354\345\355\376"
   \              F8F0E8F4F2E0
   \              20E220ECE5ED
   \              FE00        
   \   00000018   000000000000       DC8 0, 0, 0, 0, 0, 0, 0, 0, 0, 0, 0, 0
   \              000000000000
   \   00000024   000000001804       DC32 0, 1048
   \              0000        

   \                                 In segment CONFIG_C, align 4, align-sorted, root
     79            __root const unsigned int CFG_menu_font=9;
   \                     CFG_menu_font:
   \   00000000   09000000           DC32 9
     80            

   \                                 In segment CONFIG_C, align 4, align-sorted, root
     81            __root const CFG_HDR cfghdr152={CFG_COLOR,"цвет шрифта в меню",0,0};//выбираем цвет
   \                     cfghdr152:
   \   00000000   08000000           DC32 8
   \   00000004   F6E2E5F220F8       DC8 "\366\342\345\362 \370\360\350\364\362\340 \342 \354\345\355\376"
   \              F0E8F4F2E020
   \              E220ECE5EDFE
   \              00          
   \   00000017   000000000000       DC8 0, 0, 0, 0, 0, 0, 0, 0, 0, 0, 0, 0, 0
   \              000000000000
   \              00          
   \   00000024   000000000000       DC32 0, 0
   \              0000        

   \                                 In segment CONFIG_C, align 4, align-sorted, root
     82            __root const char CFG_menu_fontcolor[4]={50,50,50,100};
   \                     CFG_menu_fontcolor:
   \   00000000   32323264           DC8 50, 50, 50, 100
     83            

   \                                 In segment CONFIG_C, align 4, align-sorted, root
     84            __root const CFG_HDR cfghdr154={CFG_COLOR,"цвет фона в меню",0,0};//выбираем цвет
   \                     cfghdr154:
   \   00000000   08000000           DC32 8
   \   00000004   F6E2E5F220F4       DC8 "\366\342\345\362 \364\356\355\340 \342 \354\345\355\376"
   \              EEEDE020E220
   \              ECE5EDFE00  
   \   00000015   000000000000       DC8 0, 0, 0, 0, 0, 0, 0, 0, 0, 0, 0, 0, 0, 0, 0
   \              000000000000
   \              000000      
   \   00000024   000000000000       DC32 0, 0
   \              0000        

   \                                 In segment CONFIG_C, align 4, align-sorted, root
     85            __root const char CFG_menu_bgcolor[4]={25,250,250,100};
   \                     CFG_menu_bgcolor:
   \   00000000   19FAFA64           DC8 25, 250, 250, 100
     86            

   \                                 In segment CONFIG_C, align 4, align-sorted, root
     87            __root const CFG_HDR cfghdr156={CFG_COLOR,"цвет огранки фона",0,0};//выбираем цвет
   \                     cfghdr156:
   \   00000000   08000000           DC32 8
   \   00000004   F6E2E5F220EE       DC8 "\366\342\345\362 \356\343\360\340\355\352\350 \364\356\355\340"
   \              E3F0E0EDEAE8
   \              20F4EEEDE000
   \   00000016   000000000000       DC8 0, 0, 0, 0, 0, 0, 0, 0, 0, 0, 0, 0, 0, 0
   \              000000000000
   \              0000        
   \   00000024   000000000000       DC32 0, 0
   \              0000        

   \                                 In segment CONFIG_C, align 4, align-sorted, root
     88            __root const char CFG_menu_frbgcolor[4]={100,200,5,100};
   \                     CFG_menu_frbgcolor:
   \   00000000   64C80564           DC8 100, 200, 5, 100
     89            

   \                                 In segment CONFIG_C, align 4, align-sorted, root
     90            __root const CFG_HDR cfghdr158={CFG_COLOR,"цвет курсора в меню",0,0};//выбираем цвет
   \                     cfghdr158:
   \   00000000   08000000           DC32 8
   \   00000004   F6E2E5F220EA       DC8 "\366\342\345\362 \352\363\360\361\356\360\340 \342 \354\345\355\376"
   \              F3F0F1EEF0E0
   \              20E220ECE5ED
   \              FE00        
   \   00000018   000000000000       DC8 0, 0, 0, 0, 0, 0, 0, 0, 0, 0, 0, 0
   \              000000000000
   \   00000024   000000000000       DC32 0, 0
   \              0000        

   \                                 In segment CONFIG_C, align 4, align-sorted, root
     91            __root const char CFG_menu_curcolor[4]={50,50,50,50};
   \                     CFG_menu_curcolor:
   \   00000000   32323232           DC8 50, 50, 50, 50
     92            

   \                                 In segment CONFIG_C, align 4, align-sorted, root
     93            __root const CFG_HDR cfghdr160={CFG_UINT,"скорость курсора",0,1048};
   \                     cfghdr160:
   \   00000000   01000000           DC32 1
   \   00000004   F1EAEEF0EEF1       DC8 "\361\352\356\360\356\361\362\374 \352\363\360\361\356\360\340"
   \              F2FC20EAF3F0
   \              F1EEF0E000  
   \   00000015   000000000000       DC8 0, 0, 0, 0, 0, 0, 0, 0, 0, 0, 0, 0, 0, 0, 0
   \              000000000000
   \              000000      
   \   00000024   000000001804       DC32 0, 1048
   \              0000        

   \                                 In segment CONFIG_C, align 4, align-sorted, root
     94            __root const unsigned int CFG_menu_curspeed=2;
   \                     CFG_menu_curspeed:
   \   00000000   02000000           DC32 2
     95            

   \                                 In segment CONFIG_C, align 4, align-sorted, root
     96            __root const CFG_HDR cfghdr162={CFG_UINT,"коэффициент скругливания фона",0,1048};
   \                     cfghdr162:
   \   00000000   01000000           DC32 1
   \   00000004   EAEEFDF4F4E8       DC8 "\352\356\375\364\364\350\366\350\345\355\362 \361\352\360\363\343\353\350\342\340\355\350\377 \364\356\355\340"
   \              F6E8E5EDF220
   \              F1EAF0F3E3EB
   \              E8E2E0EDE8FF
   \              20F4EEEDE000
   \   00000022   0000               DC8 0, 0
   \   00000024   000000001804       DC32 0, 1048
   \              0000        

   \                                 In segment CONFIG_C, align 4, align-sorted, root
     97            __root const unsigned int CFG_menu_rounded=5;
   \                     CFG_menu_rounded:
   \   00000000   05000000           DC32 5
     98            

   \                                 In segment CONFIG_C, align 4, align-sorted, root
     99            __root const CFG_HDR cfghdr164={CFG_UINT,"коэффициент скругл. курсора",0,1048};
   \                     cfghdr164:
   \   00000000   01000000           DC32 1
   \   00000004   EAEEFDF4F4E8       DC8 "\352\356\375\364\364\350\366\350\345\355\362 \361\352\360\363\343\353. \352\363\360\361\356\360\340"
   \              F6E8E5EDF220
   \              F1EAF0F3E3EB
   \              2E20EAF3F0F1
   \              EEF0E000    
   \   00000020   00000000           DC8 0, 0, 0, 0
   \   00000024   000000001804       DC32 0, 1048
   \              0000        

   \                                 In segment CONFIG_C, align 4, align-sorted, root
    100            __root const unsigned int CFG_menu_currounded=2;
   \                     CFG_menu_currounded:
   \   00000000   02000000           DC32 2
    101            
    102            
    103           

   \                                 In segment CONFIG_C, align 4, align-sorted, root
    104          __root const CFG_HDR cfghdr_m445={CFG_LEVEL,"",0,0};//Каждый уровень нужно закрывать
   \                     cfghdr_m445:
   \   00000000   09000000           DC32 9
   \   00000004   00                 DC8 ""
   \   00000005   000000000000       DC8 0, 0, 0, 0, 0, 0, 0, 0, 0, 0, 0, 0, 0, 0, 0, 0
   \              000000000000
   \              00000000    
   \   00000015   000000000000       DC8 0, 0, 0, 0, 0, 0, 0, 0, 0, 0, 0, 0, 0, 0, 0
   \              000000000000
   \              000000      
   \   00000024   000000000000       DC32 0, 0
   \              0000        
    105          
    106          
    107          
    108          
    109          
    110          
    111          
    112          
    113          


   Segment part sizes:

     Function/Label           Bytes
     --------------           -----
     cfghdr0                    44
     user_col                    4
     cfghdr_mm333               44
     cfghdr36                   44
     CFG_edit_font               4
     cfghdr40                   44
     CFG_edit_comment_color      4
     cfghdr41                   44
     CFG_edit_comment_font       4
     cfghdr42                   44
     CFG_cur_count               4
     cfghdr43                   44
     CFG_cur_time                4
     cfghdr45                   44
     CFG_edit_bgcolor            4
     cfghdr48                   44
     CFG_edit_cur_bgcolor        4
     cfghdr49                   44
     CFG_edit_cur_frcolor        4
     cfghdr51                   44
     CFG_edit_curround           4
     cfghdr55                   44
     CFG_edit_panel_bgcolor      4
     cfghdr57                   44
     CFG_edit_panel_frcolor      4
     cfghdr65                   44
     CFG_edit_scaleW             4
     cfghdr66                   44
     CFG_edit_scaleH             4
     cfghdr70                   44
     CFG_edit_panel_xc           4
     cfghdr73                   44
     CFG_edit_panel_offset       4
     cfghdr75                   44
     CFG_edit_panel_drawcount    4
     cfghdr_m334                44
     cfghdr_mm444               44
     cfghdr150                  44
     CFG_menu_font               4
     cfghdr152                  44
     CFG_menu_fontcolor          4
     cfghdr154                  44
     CFG_menu_bgcolor            4
     cfghdr156                  44
     CFG_menu_frbgcolor          4
     cfghdr158                  44
     CFG_menu_curcolor           4
     cfghdr160                  44
     CFG_menu_curspeed           4
     cfghdr162                  44
     CFG_menu_rounded            4
     cfghdr164                  44
     CFG_menu_currounded         4
     cfghdr_m445                44

 
 1 376 bytes in segment CONFIG_C
 
 1 376 bytes of CONST memory

Errors: none
Warnings: none
