##############################################################################
#                                                                            #
# IAR ARM ANSI C/C++ Compiler V4.42A/W32 EVALUATION    23/Feb/2011  16:37:59 #
# Copyright 1999-2005 IAR Systems. All rights reserved.                      #
#                                                                            #
#    Cpu mode        =  interwork                                            #
#    Endian          =  little                                               #
#    Stack alignment =  4                                                    #
#    Source file     =  C:\arm\siejc\config_color.c                          #
#    Command line    =  C:\arm\siejc\config_color.c -D NEWSGOLD -D ELKA      #
#                       --preprocess C:\arm\siejc\Release_ELKA\List\ -lC     #
#                       C:\arm\siejc\Release_ELKA\List\ -o                   #
#                       C:\arm\siejc\Release_ELKA\Obj\ -s9 --no_unroll       #
#                       --cpu_mode arm --endian little --cpu ARM926EJ-S      #
#                       --stack_align 4 --interwork -e --fpu None            #
#                       --dlib_config "C:\arm2\Embedded Workbench 4.0        #
#                       Evaluation\ARM\LIB\dl5tpainl8f.h" --segment          #
#                       code=CONFIG_COLOR --segment data=CONFIG_COLOR -I     #
#                       "C:\arm2\Embedded Workbench 4.0                      #
#                       Evaluation\ARM\INC\" --inline_threshold=2            #
#    List file       =  C:\arm\siejc\Release_ELKA\List\config_color.lst      #
#    Object file     =  C:\arm\siejc\Release_ELKA\Obj\config_color.r79       #
#                                                                            #
#                                                                            #
##############################################################################

C:\arm\siejc\config_color.c
      1          #include "..\inc\cfg_items.h"
      2          #include "lang.h"
      3          //Конфигурация
      4          

   \                                 In segment CONFIG_COLOR_C, align 4, align-sorted, root
      5          __root const CFG_HDR cfgcolor1={CFG_COLOR,"CURSOR",0,0};
   \                     cfgcolor1:
   \   00000000   08000000           DC32 8
   \   00000004   435552534F52       DC8 "CURSOR"
   \              00          
   \   0000000B   000000000000       DC8 0, 0, 0, 0, 0, 0, 0, 0, 0, 0, 0, 0, 0, 0, 0, 0
   \              000000000000
   \              00000000    
   \   0000001B   000000000000       DC8 0, 0, 0, 0, 0, 0, 0, 0, 0
   \              000000      
   \   00000024   000000000000       DC32 0, 0
   \              0000        

   \                                 In segment CONFIG_COLOR_C, align 4, align-sorted, root
      6          __root const char CURSOR_c[4]={0x78,0x78,0xFF,0x64};
   \                     CURSOR_c:
   \   00000000   7878FF64           DC8 120, 120, 255, 100
      7          

   \                                 In segment CONFIG_COLOR_C, align 4, align-sorted, root
      8          __root const CFG_HDR cfgcolor2={CFG_COLOR,"CURSOR_OB",0,0};
   \                     cfgcolor2:
   \   00000000   08000000           DC32 8
   \   00000004   435552534F52       DC8 "CURSOR_OB"
   \              5F4F4200    
   \   0000000E   000000000000       DC8 0, 0, 0, 0, 0, 0, 0, 0, 0, 0, 0, 0, 0, 0, 0, 0, 0, 0, 0, 0, 0, 0
   \              000000000000
   \              000000000000
   \              00000000    
   \   00000024   000000000000       DC32 0, 0
   \              0000        

   \                                 In segment CONFIG_COLOR_C, align 4, align-sorted, root
      9          __root const char CURSOR_BORDER_c[4]={0xC8,0xC8,0xC8,0x64};
   \                     CURSOR_BORDER_c:
   \   00000000   C8C8C864           DC8 200, 200, 200, 100
     10          

   \                                 In segment CONFIG_COLOR_C, align 4, align-sorted, root
     11          __root const CFG_HDR cfgcolor3={CFG_COLOR,"SHRIFT",0,0};
   \                     cfgcolor3:
   \   00000000   08000000           DC32 8
   \   00000004   534852494654       DC8 "SHRIFT"
   \              00          
   \   0000000B   000000000000       DC8 0, 0, 0, 0, 0, 0, 0, 0, 0, 0, 0, 0, 0, 0, 0, 0
   \              000000000000
   \              00000000    
   \   0000001B   000000000000       DC8 0, 0, 0, 0, 0, 0, 0, 0, 0
   \              000000      
   \   00000024   000000000000       DC32 0, 0
   \              0000        

   \                                 In segment CONFIG_COLOR_C, align 4, align-sorted, root
     12          __root const char CLIST_F_COLOR_0_c[4]={0x00,0x00,0x00,0x64};
   \                     CLIST_F_COLOR_0_c:
   \   00000000   00000064           DC8 0, 0, 0, 100
     13          

   \                                 In segment CONFIG_COLOR_C, align 4, align-sorted, root
     14          __root const CFG_HDR cfgcolor4={CFG_COLOR,"CONTACT_LIST_SHRIFT_NEWMES",0,0};
   \                     cfgcolor4:
   \   00000000   08000000           DC32 8
   \   00000004   434F4E544143       DC8 "CONTACT_LIST_SHRIFT_NEWMES"
   \              545F4C495354
   \              5F5348524946
   \              545F4E45574D
   \              455300      
   \   0000001F   0000000000         DC8 0, 0, 0, 0, 0
   \   00000024   000000000000       DC32 0, 0
   \              0000        

   \                                 In segment CONFIG_COLOR_C, align 4, align-sorted, root
     15          __root const char CLIST_F_COLOR_1_c[4]={0x00,0x00,0xAA,0x64};
   \                     CLIST_F_COLOR_1_c:
   \   00000000   0000AA64           DC8 0, 0, 170, 100
     16          

   \                                 In segment CONFIG_COLOR_C, align 4, align-sorted, root
     17          __root const CFG_HDR cfgcolor5={CFG_COLOR,"CONTACT_LIST_FON1",0,0};
   \                     cfgcolor5:
   \   00000000   08000000           DC32 8
   \   00000004   434F4E544143       DC8 "CONTACT_LIST_FON1"
   \              545F4C495354
   \              5F464F4E3100
   \   00000016   000000000000       DC8 0, 0, 0, 0, 0, 0, 0, 0, 0, 0, 0, 0, 0, 0
   \              000000000000
   \              0000        
   \   00000024   000000000000       DC32 0, 0
   \              0000        

   \                                 In segment CONFIG_COLOR_C, align 4, align-sorted, root
     18          __root const char CONTACT_BG_0_c[4]={0xFF,0xFF,0xFF,0x64};
   \                     CONTACT_BG_0_c:
   \   00000000   FFFFFF64           DC8 255, 255, 255, 100
     19          

   \                                 In segment CONFIG_COLOR_C, align 4, align-sorted, root
     20          __root const CFG_HDR cfgcolor6={CFG_COLOR,"CONTACT_LIST_FON2",0,0};
   \                     cfgcolor6:
   \   00000000   08000000           DC32 8
   \   00000004   434F4E544143       DC8 "CONTACT_LIST_FON2"
   \              545F4C495354
   \              5F464F4E3200
   \   00000016   000000000000       DC8 0, 0, 0, 0, 0, 0, 0, 0, 0, 0, 0, 0, 0, 0
   \              000000000000
   \              0000        
   \   00000024   000000000000       DC32 0, 0
   \              0000        

   \                                 In segment CONFIG_COLOR_C, align 4, align-sorted, root
     21          __root const char CONTACT_BG_1_c[4]={0xFF,0xFF,0xFF,0x64};
   \                     CONTACT_BG_1_c:
   \   00000000   FFFFFF64           DC8 255, 255, 255, 100
     22          

   \                                 In segment CONFIG_COLOR_C, align 4, align-sorted, root
     23          __root const CFG_HDR cfgcolor7={CFG_COLOR,"//Empty",0,0};
   \                     cfgcolor7:
   \   00000000   08000000           DC32 8
   \   00000004   2F2F456D7074       DC8 "//Empty"
   \              7900        
   \   0000000C   000000000000       DC8 0, 0, 0, 0, 0, 0, 0, 0, 0, 0, 0, 0, 0, 0, 0, 0
   \              000000000000
   \              00000000    
   \   0000001C   000000000000       DC8 0, 0, 0, 0, 0, 0, 0, 0
   \              0000        
   \   00000024   000000000000       DC32 0, 0
   \              0000        

   \                                 In segment CONFIG_COLOR_C, align 4, align-sorted, root
     24          __root const char lineColor_c[4]={0x00,0x00,0x00,0x64};
   \                     lineColor_c:
   \   00000000   00000064           DC8 0, 0, 0, 100
     25          

   \                                 In segment CONFIG_COLOR_C, align 4, align-sorted, root
     26          __root const CFG_HDR cfgcolor8={CFG_COLOR,"//Empty",0,0};
   \                     cfgcolor8:
   \   00000000   08000000           DC32 8
   \   00000004   2F2F456D7074       DC8 "//Empty"
   \              7900        
   \   0000000C   000000000000       DC8 0, 0, 0, 0, 0, 0, 0, 0, 0, 0, 0, 0, 0, 0, 0, 0
   \              000000000000
   \              00000000    
   \   0000001C   000000000000       DC8 0, 0, 0, 0, 0, 0, 0, 0
   \              0000        
   \   00000024   000000000000       DC32 0, 0
   \              0000        

   \                                 In segment CONFIG_COLOR_C, align 4, align-sorted, root
     27          __root const char borderColor_c[4]={0x00,0x00,0x00,0x64};
   \                     borderColor_c:
   \   00000000   00000064           DC8 0, 0, 0, 100
     28          

   \                                 In segment CONFIG_COLOR_C, align 4, align-sorted, root
     29          __root const CFG_HDR cfgcolor9={CFG_COLOR,"BG_NOT_CONNECTED",0,0};
   \                     cfgcolor9:
   \   00000000   08000000           DC32 8
   \   00000004   42475F4E4F54       DC8 "BG_NOT_CONNECTED"
   \              5F434F4E4E45
   \              4354454400  
   \   00000015   000000000000       DC8 0, 0, 0, 0, 0, 0, 0, 0, 0, 0, 0, 0, 0, 0, 0
   \              000000000000
   \              000000      
   \   00000024   000000000000       DC32 0, 0
   \              0000        

   \                                 In segment CONFIG_COLOR_C, align 4, align-sorted, root
     30          __root const char MAINBG_NOT_CONNECTED_c[4]={0x32,0x32,0x32,0x64};
   \                     MAINBG_NOT_CONNECTED_c:
   \   00000000   32323264           DC8 50, 50, 50, 100
     31          

   \                                 In segment CONFIG_COLOR_C, align 4, align-sorted, root
     32          __root const CFG_HDR cfgcolor10={CFG_COLOR,"BG_CONNECTED",0,0};
   \                     cfgcolor10:
   \   00000000   08000000           DC32 8
   \   00000004   42475F434F4E       DC8 "BG_CONNECTED"
   \              4E4543544544
   \              00          
   \   00000011   000000000000       DC8 0, 0, 0, 0, 0, 0, 0, 0, 0, 0, 0, 0, 0, 0, 0, 0, 0, 0, 0
   \              000000000000
   \              000000000000
   \              00          
   \   00000024   000000000000       DC32 0, 0
   \              0000        

   \                                 In segment CONFIG_COLOR_C, align 4, align-sorted, root
     33          __root const char MAINBG_CONNECTED_c[4]={0xFF,0xFF,0xFF,0x64};
   \                     MAINBG_CONNECTED_c:
   \   00000000   FFFFFF64           DC8 255, 255, 255, 100
     34          

   \                                 In segment CONFIG_COLOR_C, align 4, align-sorted, root
     35          __root const CFG_HDR cfgcolor11={CFG_COLOR,"BG_ERROR",0,0};
   \                     cfgcolor11:
   \   00000000   08000000           DC32 8
   \   00000004   42475F455252       DC8 "BG_ERROR"
   \              4F5200      
   \   0000000D   000000000000       DC8 0, 0, 0, 0, 0, 0, 0, 0, 0, 0, 0, 0, 0, 0, 0, 0, 0, 0, 0, 0, 0, 0, 0
   \              000000000000
   \              000000000000
   \              0000000000  
   \   00000024   000000000000       DC32 0, 0
   \              0000        

   \                                 In segment CONFIG_COLOR_C, align 4, align-sorted, root
     36          __root const char MAINBG_ERROR_c[4]={0xFF,0x00,0x00,0x64};
   \                     MAINBG_ERROR_c:
   \   00000000   FF000064           DC8 255, 0, 0, 100
     37          

   \                                 In segment CONFIG_COLOR_C, align 4, align-sorted, root
     38          __root const CFG_HDR cfgcolor12={CFG_COLOR,"FONT_CONNECTED",0,0};
   \                     cfgcolor12:
   \   00000000   08000000           DC32 8
   \   00000004   464F4E545F43       DC8 "FONT_CONNECTED"
   \              4F4E4E454354
   \              454400      
   \   00000013   000000000000       DC8 0, 0, 0, 0, 0, 0, 0, 0, 0, 0, 0, 0, 0, 0, 0, 0, 0
   \              000000000000
   \              0000000000  
   \   00000024   000000000000       DC32 0, 0
   \              0000        

   \                                 In segment CONFIG_COLOR_C, align 4, align-sorted, root
     39          __root const char MAINFONT_CONNECTED_c[4]={0x64,0x64,0x64,0x64};
   \                     MAINFONT_CONNECTED_c:
   \   00000000   64646464           DC8 100, 100, 100, 100
     40          

   \                                 In segment CONFIG_COLOR_C, align 4, align-sorted, root
     41          __root const CFG_HDR cfgcolor13={CFG_COLOR,"FONT_ERROR",0,0};
   \                     cfgcolor13:
   \   00000000   08000000           DC32 8
   \   00000004   464F4E545F45       DC8 "FONT_ERROR"
   \              52524F5200  
   \   0000000F   000000000000       DC8 0, 0, 0, 0, 0, 0, 0, 0, 0, 0, 0, 0, 0, 0, 0, 0, 0, 0, 0, 0, 0
   \              000000000000
   \              000000000000
   \              000000      
   \   00000024   000000000000       DC32 0, 0
   \              0000        

   \                                 In segment CONFIG_COLOR_C, align 4, align-sorted, root
     42          __root const char MAINFONT_ERROR_c[4]={0xFF,0x00,0x00,0x64};
   \                     MAINFONT_ERROR_c:
   \   00000000   FF000064           DC8 255, 0, 0, 100
     43          

   \                                 In segment CONFIG_COLOR_C, align 4, align-sorted, root
     44          __root const CFG_HDR cfgcolor14={CFG_COLOR,"MESSAGEWIN_BGCOLOR",0,0};
   \                     cfgcolor14:
   \   00000000   08000000           DC32 8
   \   00000004   4D4553534147       DC8 "MESSAGEWIN_BGCOLOR"
   \              4557494E5F42
   \              47434F4C4F52
   \              00          
   \   00000017   000000000000       DC8 0, 0, 0, 0, 0, 0, 0, 0, 0, 0, 0, 0, 0
   \              000000000000
   \              00          
   \   00000024   000000000000       DC32 0, 0
   \              0000        

   \                                 In segment CONFIG_COLOR_C, align 4, align-sorted, root
     45          __root const char MESSAGEWIN_BGCOLOR_c[4]={0xFF,0xFF,0xFF,0x64};
   \                     MESSAGEWIN_BGCOLOR_c:
   \   00000000   FFFFFF64           DC8 255, 255, 255, 100
     46          

   \                                 In segment CONFIG_COLOR_C, align 4, align-sorted, root
     47          __root const CFG_HDR cfgcolor15={CFG_COLOR,"MESSAGEWIN_TITLE_BGCOLOR",0,0};
   \                     cfgcolor15:
   \   00000000   08000000           DC32 8
   \   00000004   4D4553534147       DC8 "MESSAGEWIN_TITLE_BGCOLOR"
   \              4557494E5F54
   \              49544C455F42
   \              47434F4C4F52
   \              00          
   \   0000001D   000000000000       DC8 0, 0, 0, 0, 0, 0, 0
   \              00          
   \   00000024   000000000000       DC32 0, 0
   \              0000        

   \                                 In segment CONFIG_COLOR_C, align 4, align-sorted, root
     48          __root const char MESSAGEWIN_TITLE_BGCOLOR_c[4]={0x00,0x00,0xFF,0x64};
   \                     MESSAGEWIN_TITLE_BGCOLOR_c:
   \   00000000   0000FF64           DC8 0, 0, 255, 100
     49          

   \                                 In segment CONFIG_COLOR_C, align 4, align-sorted, root
     50          __root const CFG_HDR cfgcolor16={CFG_COLOR,"MESSAGEWIN_TITLE_FONT",0,0};
   \                     cfgcolor16:
   \   00000000   08000000           DC32 8
   \   00000004   4D4553534147       DC8 "MESSAGEWIN_TITLE_FONT"
   \              4557494E5F54
   \              49544C455F46
   \              4F4E5400    
   \   0000001A   000000000000       DC8 0, 0, 0, 0, 0, 0, 0, 0, 0, 0
   \              00000000    
   \   00000024   000000000000       DC32 0, 0
   \              0000        

   \                                 In segment CONFIG_COLOR_C, align 4, align-sorted, root
     51          __root const char MESSAGEWIN_TITLE_FONT_c[4]={0xFF,0xFF,0xFF,0x64};
   \                     MESSAGEWIN_TITLE_FONT_c:
   \   00000000   FFFFFF64           DC8 255, 255, 255, 100
     52          

   \                                 In segment CONFIG_COLOR_C, align 4, align-sorted, root
     53          __root const CFG_HDR cfgcolor17={CFG_COLOR,"MESSAGEWIN_MY_BGCOLOR",0,0};
   \                     cfgcolor17:
   \   00000000   08000000           DC32 8
   \   00000004   4D4553534147       DC8 "MESSAGEWIN_MY_BGCOLOR"
   \              4557494E5F4D
   \              595F4247434F
   \              4C4F5200    
   \   0000001A   000000000000       DC8 0, 0, 0, 0, 0, 0, 0, 0, 0, 0
   \              00000000    
   \   00000024   000000000000       DC32 0, 0
   \              0000        

   \                                 In segment CONFIG_COLOR_C, align 4, align-sorted, root
     54          __root const char MESSAGEWIN_MY_BGCOLOR_c[4]={0xC8,0xD7,0xFF,0x64};
   \                     MESSAGEWIN_MY_BGCOLOR_c:
   \   00000000   C8D7FF64           DC8 200, 215, 255, 100
     55          

   \                                 In segment CONFIG_COLOR_C, align 4, align-sorted, root
     56          __root const CFG_HDR cfgcolor18={CFG_COLOR,"MESSAGEWIN_CH_BGCOLOR",0,0};
   \                     cfgcolor18:
   \   00000000   08000000           DC32 8
   \   00000004   4D4553534147       DC8 "MESSAGEWIN_CH_BGCOLOR"
   \              4557494E5F43
   \              485F4247434F
   \              4C4F5200    
   \   0000001A   000000000000       DC8 0, 0, 0, 0, 0, 0, 0, 0, 0, 0
   \              00000000    
   \   00000024   000000000000       DC32 0, 0
   \              0000        

   \                                 In segment CONFIG_COLOR_C, align 4, align-sorted, root
     57          __root const char MESSAGEWIN_CH_BGCOLOR_c[4]={0xE9,0xE9,0xE9,0x64};
   \                     MESSAGEWIN_CH_BGCOLOR_c:
   \   00000000   E9E9E964           DC8 233, 233, 233, 100
     58          

   \                                 In segment CONFIG_COLOR_C, align 4, align-sorted, root
     59          __root const CFG_HDR cfgcolor19={CFG_COLOR,"MESSAGEWIN_CURSOR_BGCOLOR",0,0};
   \                     cfgcolor19:
   \   00000000   08000000           DC32 8
   \   00000004   4D4553534147       DC8 "MESSAGEWIN_CURSOR_BGCOLOR"
   \              4557494E5F43
   \              5552534F525F
   \              4247434F4C4F
   \              5200        
   \   0000001E   000000000000       DC8 0, 0, 0, 0, 0, 0
   \   00000024   000000000000       DC32 0, 0
   \              0000        

   \                                 In segment CONFIG_COLOR_C, align 4, align-sorted, root
     60          __root const char MESSAGEWIN_CURSOR_BGCOLOR_c[4]={0xFF,0xFF,0x00,0x64};
   \                     MESSAGEWIN_CURSOR_BGCOLOR_c:
   \   00000000   FFFF0064           DC8 255, 255, 0, 100
     61          

   \                                 In segment CONFIG_COLOR_C, align 4, align-sorted, root
     62          __root const CFG_HDR cfgcolor20={CFG_COLOR,"MESSAGEWIN_GCHAT_BGCOLOR_1",0,0};
   \                     cfgcolor20:
   \   00000000   08000000           DC32 8
   \   00000004   4D4553534147       DC8 "MESSAGEWIN_GCHAT_BGCOLOR_1"
   \              4557494E5F47
   \              434841545F42
   \              47434F4C4F52
   \              5F3100      
   \   0000001F   0000000000         DC8 0, 0, 0, 0, 0
   \   00000024   000000000000       DC32 0, 0
   \              0000        

   \                                 In segment CONFIG_COLOR_C, align 4, align-sorted, root
     63          __root const char MESSAGEWIN_GCHAT_BGCOLOR_1_c[4]={0xFF,0xFF,0xFF,0x64};
   \                     MESSAGEWIN_GCHAT_BGCOLOR_1_c:
   \   00000000   FFFFFF64           DC8 255, 255, 255, 100
     64          

   \                                 In segment CONFIG_COLOR_C, align 4, align-sorted, root
     65          __root const CFG_HDR cfgcolor21={CFG_COLOR,"MESSAGEWIN_GCHAT_BGCOLOR_2",0,0};
   \                     cfgcolor21:
   \   00000000   08000000           DC32 8
   \   00000004   4D4553534147       DC8 "MESSAGEWIN_GCHAT_BGCOLOR_2"
   \              4557494E5F47
   \              434841545F42
   \              47434F4C4F52
   \              5F3200      
   \   0000001F   0000000000         DC8 0, 0, 0, 0, 0
   \   00000024   000000000000       DC32 0, 0
   \              0000        

   \                                 In segment CONFIG_COLOR_C, align 4, align-sorted, root
     66          __root const char MESSAGEWIN_GCHAT_BGCOLOR_2_c[4]={0xE9,0xE9,0xE9,0x64};
   \                     MESSAGEWIN_GCHAT_BGCOLOR_2_c:
   \   00000000   E9E9E964           DC8 233, 233, 233, 100
     67          

   \                                 In segment CONFIG_COLOR_C, align 4, align-sorted, root
     68          __root const CFG_HDR cfgcolor22={CFG_COLOR,"MESSAGEWIN_SYS_BGCOLOR",0,0};
   \                     cfgcolor22:
   \   00000000   08000000           DC32 8
   \   00000004   4D4553534147       DC8 "MESSAGEWIN_SYS_BGCOLOR"
   \              4557494E5F53
   \              59535F424743
   \              4F4C4F5200  
   \   0000001B   000000000000       DC8 0, 0, 0, 0, 0, 0, 0, 0, 0
   \              000000      
   \   00000024   000000000000       DC32 0, 0
   \              0000        

   \                                 In segment CONFIG_COLOR_C, align 4, align-sorted, root
     69          __root const char MESSAGEWIN_SYS_BGCOLOR_c[4]={0x73,0xAA,0xF0,0x64};
   \                     MESSAGEWIN_SYS_BGCOLOR_c:
   \   00000000   73AAF064           DC8 115, 170, 240, 100
     70          

   \                                 In segment CONFIG_COLOR_C, align 4, align-sorted, root
     71          __root const CFG_HDR cfgcolor23={CFG_COLOR,"MESSAGEWIN_STATUS_BGCOLOR",0,0};
   \                     cfgcolor23:
   \   00000000   08000000           DC32 8
   \   00000004   4D4553534147       DC8 "MESSAGEWIN_STATUS_BGCOLOR"
   \              4557494E5F53
   \              54415455535F
   \              4247434F4C4F
   \              5200        
   \   0000001E   000000000000       DC8 0, 0, 0, 0, 0, 0
   \   00000024   000000000000       DC32 0, 0
   \              0000        

   \                                 In segment CONFIG_COLOR_C, align 4, align-sorted, root
     72          __root const char MESSAGEWIN_STATUS_BGCOLOR_c[4]={0x9B,0xFF,0xB4,0x64};
   \                     MESSAGEWIN_STATUS_BGCOLOR_c:
   \   00000000   9BFFB464           DC8 155, 255, 180, 100
     73          

   \                                 In segment CONFIG_COLOR_C, align 4, align-sorted, root
     74          __root const CFG_HDR cfgcolor24={CFG_COLOR,"MESSAGEWIN_CHAT_FONT",0,0};
   \                     cfgcolor24:
   \   00000000   08000000           DC32 8
   \   00000004   4D4553534147       DC8 "MESSAGEWIN_CHAT_FONT"
   \              4557494E5F43
   \              4841545F464F
   \              4E5400      
   \   00000019   000000000000       DC8 0, 0, 0, 0, 0, 0, 0, 0, 0, 0, 0
   \              0000000000  
   \   00000024   000000000000       DC32 0, 0
   \              0000        

   \                                 In segment CONFIG_COLOR_C, align 4, align-sorted, root
     75          __root const char MESSAGEWIN_CHAT_FONT_c[4]={0x00,0x00,0x00,0x64};
   \                     MESSAGEWIN_CHAT_FONT_c:
   \   00000000   00000064           DC8 0, 0, 0, 100
     76          

   \                                 In segment CONFIG_COLOR_C, align 4, align-sorted, root
     77          __root const CFG_HDR cfgcolor25={CFG_COLOR,"Online",0,0};
   \                     cfgcolor25:
   \   00000000   08000000           DC32 8
   \   00000004   4F6E6C696E65       DC8 "Online"
   \              00          
   \   0000000B   000000000000       DC8 0, 0, 0, 0, 0, 0, 0, 0, 0, 0, 0, 0, 0, 0, 0, 0
   \              000000000000
   \              00000000    
   \   0000001B   000000000000       DC8 0, 0, 0, 0, 0, 0, 0, 0, 0
   \              000000      
   \   00000024   000000000000       DC32 0, 0
   \              0000        

   \                                 In segment CONFIG_COLOR_C, align 4, align-sorted, root
     78          __root const char OnlineColor_c[4]={0x00,0x00,0x7F,0x64};
   \                     OnlineColor_c:
   \   00000000   00007F64           DC8 0, 0, 127, 100
     79          

   \                                 In segment CONFIG_COLOR_C, align 4, align-sorted, root
     80          __root const CFG_HDR cfgcolor26={CFG_COLOR,"Chat",0,0};
   \                     cfgcolor26:
   \   00000000   08000000           DC32 8
   \   00000004   4368617400         DC8 "Chat"
   \   00000009   000000000000       DC8 0, 0, 0, 0, 0, 0, 0, 0, 0, 0, 0, 0, 0, 0, 0, 0
   \              000000000000
   \              00000000    
   \   00000019   000000000000       DC8 0, 0, 0, 0, 0, 0, 0, 0, 0, 0, 0
   \              0000000000  
   \   00000024   000000000000       DC32 0, 0
   \              0000        

   \                                 In segment CONFIG_COLOR_C, align 4, align-sorted, root
     81          __root const char ChatColor_c[4]={0x00,0xFF,0x00,0x64};
   \                     ChatColor_c:
   \   00000000   00FF0064           DC8 0, 255, 0, 100
     82          

   \                                 In segment CONFIG_COLOR_C, align 4, align-sorted, root
     83          __root const CFG_HDR cfgcolor27={CFG_COLOR,"Away",0,0};
   \                     cfgcolor27:
   \   00000000   08000000           DC32 8
   \   00000004   4177617900         DC8 "Away"
   \   00000009   000000000000       DC8 0, 0, 0, 0, 0, 0, 0, 0, 0, 0, 0, 0, 0, 0, 0, 0
   \              000000000000
   \              00000000    
   \   00000019   000000000000       DC8 0, 0, 0, 0, 0, 0, 0, 0, 0, 0, 0
   \              0000000000  
   \   00000024   000000000000       DC32 0, 0
   \              0000        

   \                                 In segment CONFIG_COLOR_C, align 4, align-sorted, root
     84          __root const char AwayColor_c[4]={0x00,0x00,0xFF,0x64};
   \                     AwayColor_c:
   \   00000000   0000FF64           DC8 0, 0, 255, 100
     85          

   \                                 In segment CONFIG_COLOR_C, align 4, align-sorted, root
     86          __root const CFG_HDR cfgcolor28={CFG_COLOR,"XA",0,0};
   \                     cfgcolor28:
   \   00000000   08000000           DC32 8
   \   00000004   584100             DC8 "XA"
   \   00000007   000000000000       DC8 0, 0, 0, 0, 0, 0, 0, 0, 0, 0, 0, 0, 0, 0, 0, 0
   \              000000000000
   \              00000000    
   \   00000017   000000000000       DC8 0, 0, 0, 0, 0, 0, 0, 0, 0, 0, 0, 0, 0
   \              000000000000
   \              00          
   \   00000024   000000000000       DC32 0, 0
   \              0000        

   \                                 In segment CONFIG_COLOR_C, align 4, align-sorted, root
     87          __root const char XAColor_c[4]={0x00,0x7F,0x00,0x64};
   \                     XAColor_c:
   \   00000000   007F0064           DC8 0, 127, 0, 100
     88          

   \                                 In segment CONFIG_COLOR_C, align 4, align-sorted, root
     89          __root const CFG_HDR cfgcolor29={CFG_COLOR,"DND",0,0};
   \                     cfgcolor29:
   \   00000000   08000000           DC32 8
   \   00000004   444E4400           DC8 "DND"
   \   00000008   000000000000       DC8 0, 0, 0, 0, 0, 0, 0, 0, 0, 0, 0, 0, 0, 0, 0, 0
   \              000000000000
   \              00000000    
   \   00000018   000000000000       DC8 0, 0, 0, 0, 0, 0, 0, 0, 0, 0, 0, 0
   \              000000000000
   \   00000024   000000000000       DC32 0, 0
   \              0000        

   \                                 In segment CONFIG_COLOR_C, align 4, align-sorted, root
     90          __root const char DNDColor_c[4]={0xFF,0x00,0x00,0x64};
   \                     DNDColor_c:
   \   00000000   FF000064           DC8 255, 0, 0, 100
     91          

   \                                 In segment CONFIG_COLOR_C, align 4, align-sorted, root
     92          __root const CFG_HDR cfgcolor30={CFG_COLOR,"Invisible",0,0};
   \                     cfgcolor30:
   \   00000000   08000000           DC32 8
   \   00000004   496E76697369       DC8 "Invisible"
   \              626C6500    
   \   0000000E   000000000000       DC8 0, 0, 0, 0, 0, 0, 0, 0, 0, 0, 0, 0, 0, 0, 0, 0, 0, 0, 0, 0, 0, 0
   \              000000000000
   \              000000000000
   \              00000000    
   \   00000024   000000000000       DC32 0, 0
   \              0000        

   \                                 In segment CONFIG_COLOR_C, align 4, align-sorted, root
     93          __root const char InvisibleColor_c[4]={0x7F,0x7F,0x7F,0x64};
   \                     InvisibleColor_c:
   \   00000000   7F7F7F64           DC8 127, 127, 127, 100
     94          

   \                                 In segment CONFIG_COLOR_C, align 4, align-sorted, root
     95          __root const CFG_HDR cfgcolor31={CFG_COLOR,"Offline",0,0};
   \                     cfgcolor31:
   \   00000000   08000000           DC32 8
   \   00000004   4F66666C696E       DC8 "Offline"
   \              6500        
   \   0000000C   000000000000       DC8 0, 0, 0, 0, 0, 0, 0, 0, 0, 0, 0, 0, 0, 0, 0, 0
   \              000000000000
   \              00000000    
   \   0000001C   000000000000       DC8 0, 0, 0, 0, 0, 0, 0, 0
   \              0000        
   \   00000024   000000000000       DC32 0, 0
   \              0000        

   \                                 In segment CONFIG_COLOR_C, align 4, align-sorted, root
     96          __root const char OfflineColor_c[4]={0xAA,0xAA,0xAA,0x64};
   \                     OfflineColor_c:
   \   00000000   AAAAAA64           DC8 170, 170, 170, 100
     97          

   \                                 In segment CONFIG_COLOR_C, align 4, align-sorted, root
     98          __root const CFG_HDR cfgcolor32={CFG_COLOR,"Error",0,0};
   \                     cfgcolor32:
   \   00000000   08000000           DC32 8
   \   00000004   4572726F7200       DC8 "Error"
   \   0000000A   000000000000       DC8 0, 0, 0, 0, 0, 0, 0, 0, 0, 0, 0, 0, 0, 0, 0, 0
   \              000000000000
   \              00000000    
   \   0000001A   000000000000       DC8 0, 0, 0, 0, 0, 0, 0, 0, 0, 0
   \              00000000    
   \   00000024   000000000000       DC32 0, 0
   \              0000        

   \                                 In segment CONFIG_COLOR_C, align 4, align-sorted, root
     99          __root const char ErrorColor_c[4]={0x7F,0x7F,0x7F,0x64};
   \                     ErrorColor_c:
   \   00000000   7F7F7F64           DC8 127, 127, 127, 100
    100          

   \                                 In segment CONFIG_COLOR_C, align 4, align-sorted, root
    101          __root const CFG_HDR cfgcolor33={CFG_COLOR,"Subscribe",0,0};
   \                     cfgcolor33:
   \   00000000   08000000           DC32 8
   \   00000004   537562736372       DC8 "Subscribe"
   \              69626500    
   \   0000000E   000000000000       DC8 0, 0, 0, 0, 0, 0, 0, 0, 0, 0, 0, 0, 0, 0, 0, 0, 0, 0, 0, 0, 0, 0
   \              000000000000
   \              000000000000
   \              00000000    
   \   00000024   000000000000       DC32 0, 0
   \              0000        

   \                                 In segment CONFIG_COLOR_C, align 4, align-sorted, root
    102          __root const char SubscribeColor_c[4]={0xAA,0xAA,0xAA,0x64};
   \                     SubscribeColor_c:
   \   00000000   AAAAAA64           DC8 170, 170, 170, 100
    103          

   \                                 In segment CONFIG_COLOR_C, align 4, align-sorted, root
    104          __root const CFG_HDR cfgcolor34={CFG_COLOR,"Subscribed",0,0};
   \                     cfgcolor34:
   \   00000000   08000000           DC32 8
   \   00000004   537562736372       DC8 "Subscribed"
   \              6962656400  
   \   0000000F   000000000000       DC8 0, 0, 0, 0, 0, 0, 0, 0, 0, 0, 0, 0, 0, 0, 0, 0, 0, 0, 0, 0, 0
   \              000000000000
   \              000000000000
   \              000000      
   \   00000024   000000000000       DC32 0, 0
   \              0000        

   \                                 In segment CONFIG_COLOR_C, align 4, align-sorted, root
    105          __root const char SubscribedColor_c[4]={0xAA,0xAA,0xAA,0x64};
   \                     SubscribedColor_c:
   \   00000000   AAAAAA64           DC8 170, 170, 170, 100
    106          

   \                                 In segment CONFIG_COLOR_C, align 4, align-sorted, root
    107          __root const CFG_HDR cfgcolor35={CFG_COLOR,"Unsubscribe",0,0};
   \                     cfgcolor35:
   \   00000000   08000000           DC32 8
   \   00000004   556E73756273       DC8 "Unsubscribe"
   \              637269626500
   \   00000010   000000000000       DC8 0, 0, 0, 0, 0, 0, 0, 0, 0, 0, 0, 0, 0, 0, 0, 0, 0, 0, 0, 0
   \              000000000000
   \              000000000000
   \              0000        
   \   00000024   000000000000       DC32 0, 0
   \              0000        

   \                                 In segment CONFIG_COLOR_C, align 4, align-sorted, root
    108          __root const char UnsubscribeColor_c[4]={0xAA,0xAA,0xAA,0x64};
   \                     UnsubscribeColor_c:
   \   00000000   AAAAAA64           DC8 170, 170, 170, 100
    109          

   \                                 In segment CONFIG_COLOR_C, align 4, align-sorted, root
    110          __root const CFG_HDR cfgcolor36={CFG_COLOR,"Unsubscribed",0,0};
   \                     cfgcolor36:
   \   00000000   08000000           DC32 8
   \   00000004   556E73756273       DC8 "Unsubscribed"
   \              637269626564
   \              00          
   \   00000011   000000000000       DC8 0, 0, 0, 0, 0, 0, 0, 0, 0, 0, 0, 0, 0, 0, 0, 0, 0, 0, 0
   \              000000000000
   \              000000000000
   \              00          
   \   00000024   000000000000       DC32 0, 0
   \              0000        

   \                                 In segment CONFIG_COLOR_C, align 4, align-sorted, root
    111          __root const char UnsubscribedColor_c[4]={0xAA,0xAA,0xAA,0x64};
   \                     UnsubscribedColor_c:
   \   00000000   AAAAAA64           DC8 170, 170, 170, 100
    112          
    113          // EOL, EOF


   Segment part sizes:

     Function/Label               Bytes
     --------------               -----
     cfgcolor1                      44
     CURSOR_c                        4
     cfgcolor2                      44
     CURSOR_BORDER_c                 4
     cfgcolor3                      44
     CLIST_F_COLOR_0_c               4
     cfgcolor4                      44
     CLIST_F_COLOR_1_c               4
     cfgcolor5                      44
     CONTACT_BG_0_c                  4
     cfgcolor6                      44
     CONTACT_BG_1_c                  4
     cfgcolor7                      44
     lineColor_c                     4
     cfgcolor8                      44
     borderColor_c                   4
     cfgcolor9                      44
     MAINBG_NOT_CONNECTED_c          4
     cfgcolor10                     44
     MAINBG_CONNECTED_c              4
     cfgcolor11                     44
     MAINBG_ERROR_c                  4
     cfgcolor12                     44
     MAINFONT_CONNECTED_c            4
     cfgcolor13                     44
     MAINFONT_ERROR_c                4
     cfgcolor14                     44
     MESSAGEWIN_BGCOLOR_c            4
     cfgcolor15                     44
     MESSAGEWIN_TITLE_BGCOLOR_c      4
     cfgcolor16                     44
     MESSAGEWIN_TITLE_FONT_c         4
     cfgcolor17                     44
     MESSAGEWIN_MY_BGCOLOR_c         4
     cfgcolor18                     44
     MESSAGEWIN_CH_BGCOLOR_c         4
     cfgcolor19                     44
     MESSAGEWIN_CURSOR_BGCOLOR_c     4
     cfgcolor20                     44
     MESSAGEWIN_GCHAT_BGCOLOR_1_c    4
     cfgcolor21                     44
     MESSAGEWIN_GCHAT_BGCOLOR_2_c    4
     cfgcolor22                     44
     MESSAGEWIN_SYS_BGCOLOR_c        4
     cfgcolor23                     44
     MESSAGEWIN_STATUS_BGCOLOR_c     4
     cfgcolor24                     44
     MESSAGEWIN_CHAT_FONT_c          4
     cfgcolor25                     44
     OnlineColor_c                   4
     cfgcolor26                     44
     ChatColor_c                     4
     cfgcolor27                     44
     AwayColor_c                     4
     cfgcolor28                     44
     XAColor_c                       4
     cfgcolor29                     44
     DNDColor_c                      4
     cfgcolor30                     44
     InvisibleColor_c                4
     cfgcolor31                     44
     OfflineColor_c                  4
     cfgcolor32                     44
     ErrorColor_c                    4
     cfgcolor33                     44
     SubscribeColor_c                4
     cfgcolor34                     44
     SubscribedColor_c               4
     cfgcolor35                     44
     UnsubscribeColor_c              4
     cfgcolor36                     44
     UnsubscribedColor_c             4

 
 1 728 bytes in segment CONFIG_COLOR_C
 
 1 728 bytes of CONST memory

Errors: none
Warnings: none
