##############################################################################
#                                                                            #
# IAR ARM ANSI C/C++ Compiler V4.42A/W32 EVALUATION    13/Jan/2011  14:21:45 #
# Copyright 1999-2005 IAR Systems. All rights reserved.                      #
#                                                                            #
#    Cpu mode        =  interwork                                            #
#    Endian          =  little                                               #
#    Stack alignment =  4                                                    #
#    Source file     =  C:\arm\elfpack_mod_last\cfg\config_data.c            #
#    Command line    =  C:\arm\elfpack_mod_last\cfg\config_data.c -D NDEBUG  #
#                       -D X75 -lCN C:\arm\elfpack_mod_last\Other\E71sw45\Li #
#                       st\ -lb C:\arm\elfpack_mod_last\Other\E71sw45\List\  #
#                       -o C:\arm\elfpack_mod_last\Other\E71sw45\Obj\ -s9    #
#                       --no_unroll --cpu_mode thumb --endian little --cpu   #
#                       ARM926EJ-S --stack_align 4 --interwork -e --fpu      #
#                       None --segment code=CONFIG_CODE --segment            #
#                       data=CONFIG_DATA -I "C:\arm2\Embedded Workbench 4.0  #
#                       Evaluation\ARM\INC\" --inline_threshold=2            #
#    List file       =  C:\arm\elfpack_mod_last\Other\E71sw45\List\config_da #
#                       ta.lst                                               #
#    Object file     =  C:\arm\elfpack_mod_last\Other\E71sw45\Obj\config_dat #
#                       a.r79                                                #
#                                                                            #
#                                                                            #
##############################################################################

C:\arm\elfpack_mod_last\cfg\config_data.c
      1          #include "..\..\inc\cfg_items.h"
      2          #include "..\..\inc\swilib.h"
      3          //Конфигурация
      4          
      5          

   \                                 In segment CONFIG_DATA_I, align 4, align-sorted, root
      6          __root CFG_HDR cfghdr_01_begin={CFG_LEVEL,"Graphics",1,0};
   \                     cfghdr_01_begin:
   \   00000000                      DS8 44
   \   0000002C                      REQUIRE `?<Initializer for cfghdr_01_begin>`
      7          

   \                                 In segment CONFIG_DATA_I, align 4, align-sorted, root
      8          __root  CFG_HDR cfghdr3_1={CFG_STR_UTF8,"Path",0,127};
   \                     cfghdr3_1:
   \   00000000                      DS8 44
   \   0000002C                      REQUIRE `?<Initializer for cfghdr3_1>`

   \                                 In segment CONFIG_DATA_I, align 4, align-sorted, root
      9          __root  char folder_img[128]="0:\\ZBin\\Img\\";
   \                     folder_img:
   \   00000000                      DS8 128
   \   00000080                      REQUIRE `?<Initializer for folder_img>`
     10          

   \                                 In segment CONFIG_DATA_I, align 4, align-sorted, root
     11          __root CFG_HDR cfghdr01_01={CFG_UINT,"Alpha-chan threshold",0,255};
   \                     cfghdr01_01:
   \   00000000                      DS8 44
   \   0000002C                      REQUIRE `?<Initializer for cfghdr01_01>`

   \                                 In segment CONFIG_DATA_I, align 4, align-sorted, root
     12          __root unsigned int ALPHA_THRESHOLD=128;
   \                     ALPHA_THRESHOLD:
   \   00000000                      DS8 4
   \   00000004                      REQUIRE `?<Initializer for ALPHA_THRESHOLD>`
     13          

   \                                 In segment CONFIG_DATA_I, align 4, align-sorted, root
     14          __root CFG_HDR cfghdr01_02={CFG_UINT,"PNG cache size",20,200};
   \                     cfghdr01_02:
   \   00000000                      DS8 44
   \   0000002C                      REQUIRE `?<Initializer for cfghdr01_02>`

   \                                 In segment CONFIG_DATA_I, align 4, align-sorted, root
     15          __root unsigned int CACHE_PNG=50;
   \                     CACHE_PNG:
   \   00000000                      DS8 4
   \   00000004                      REQUIRE `?<Initializer for CACHE_PNG>`
     16          
     17          #if NEWSGOLD || X75

   \                                 In segment CONFIG_DATA_I, align 4, align-sorted, root
     18          __root CFG_HDR cfghdr01_03={CFG_CBOX,"Default bit-depth",0,3};
   \                     cfghdr01_03:
   \   00000000                      DS8 44
   \   0000002C                      REQUIRE `?<Initializer for cfghdr01_03>`

   \                                 In segment CONFIG_DATA_I, align 4, align-sorted, root
     19          __root unsigned int DEFAULT_COLOR = 2;
   \                     DEFAULT_COLOR:
   \   00000000                      DS8 4
   \   00000004                      REQUIRE `?<Initializer for DEFAULT_COLOR>`

   \                                 In segment CONFIG_DATA_I, align 4, align-sorted, root
     20          __root CFG_CBOX_ITEM cfgcbox01_03[3]={"8 bits","16 bits","24 bits+alpha"};
   \                     cfgcbox01_03:
   \   00000000                      DS8 96
   \   00000060                      REQUIRE `?<Initializer for cfgcbox01_03>`
     21          #else
     22          __root CFG_HDR cfghdr01_03={CFG_CBOX,"Default bit-depth",0,3};
     23          __root unsigned int DEFAULT_COLOR = 1;
     24          __root CFG_CBOX_ITEM cfgcbox01_03[3]={"8 bits","16 bits","Draw Hook"};
     25          #endif
     26          

   \                                 In segment CONFIG_DATA_I, align 4, align-sorted, root
     27          __root CFG_HDR cfghdr_01_end={CFG_LEVEL,"",0,0};
   \                     cfghdr_01_end:
   \   00000000                      DS8 44
   \   0000002C                      REQUIRE `?<Initializer for cfghdr_01_end>`
     28          
     29          

   \                                 In segment CONFIG_DATA_I, align 4, align-sorted, root
     30          __root CFG_HDR cfghdr_03_begin={CFG_LEVEL,"EDL System",1,0};
   \                     cfghdr_03_begin:
   \   00000000                      DS8 44
   \   0000002C                      REQUIRE `?<Initializer for cfghdr_03_begin>`
     31          
     32          

   \                                 In segment CONFIG_DATA_I, align 4, align-sorted, root
     33          __root CFG_HDR cfghdr03_01={CFG_CHECKBOX,"First Lib Load",0,1};
   \                     cfghdr03_01:
   \   00000000                      DS8 44
   \   0000002C                      REQUIRE `?<Initializer for cfghdr03_01>`

   \                                 In segment CONFIG_DATA_I, align 4, align-sorted, root
     34          __root int edl_ena = 1;
   \                     edl_ena:
   \   00000000                      DS8 4
   \   00000004                      REQUIRE `?<Initializer for edl_ena>`
     35          

   \                                 In segment CONFIG_DATA_I, align 4, align-sorted, root
     36          __root CFG_HDR cfghdr03_02 = {CFG_UINT, "Max Libs", 16, 1024};
   \                     cfghdr03_02:
   \   00000000                      DS8 44
   \   0000002C                      REQUIRE `?<Initializer for cfghdr03_02>`

   \                                 In segment CONFIG_DATA_I, align 4, align-sorted, root
     37          __root unsigned int edl_sys_size = 128;
   \                     edl_sys_size:
   \   00000000                      DS8 4
   \   00000004                      REQUIRE `?<Initializer for edl_sys_size>`
     38          

   \                                 In segment CONFIG_DATA_I, align 4, align-sorted, root
     39          __root CFG_HDR cfghdr_03_end={CFG_LEVEL,"",0,0};
   \                     cfghdr_03_end:
   \   00000000                      DS8 44
   \   0000002C                      REQUIRE `?<Initializer for cfghdr_03_end>`
     40          
     41          
     42          

   \                                 In segment CONFIG_DATA_I, align 4, align-sorted, root
     43          __root CFG_HDR cfghdr_05_begin={CFG_LEVEL,"Misc Settings",1,0};
   \                     cfghdr_05_begin:
   \   00000000                      DS8 44
   \   0000002C                      REQUIRE `?<Initializer for cfghdr_05_begin>`
     44          
     45          

   \                                 In segment CONFIG_DATA_I, align 4, align-sorted, root
     46          __root CFG_HDR cfghdr05_01={CFG_CHECKBOX,"Enable Log Sound",0,1};
   \                     cfghdr05_01:
   \   00000000                      DS8 44
   \   0000002C                      REQUIRE `?<Initializer for cfghdr05_01>`

   \                                 In segment CONFIG_DATA_I, align 4, align-sorted, root
     47          __root int log_sound = 1;
   \                     log_sound:
   \   00000000                      DS8 4
   \   00000004                      REQUIRE `?<Initializer for log_sound>`
     48          

   \                                 In segment CONFIG_DATA_I, align 4, align-sorted, root
     49          __root  CFG_HDR cfghdr05_02={CFG_STR_UTF8,"Path Daemons",0,127};
   \                     cfghdr05_02:
   \   00000000                      DS8 44
   \   0000002C                      REQUIRE `?<Initializer for cfghdr05_02>`

   \                                 In segment CONFIG_DATA_I, align 4, align-sorted, root
     50          __root  char folder_daemons[128]="0:\\ZBin\\Daemons\\";
   \                     folder_daemons:
   \   00000000                      DS8 128
   \   00000080                      REQUIRE `?<Initializer for folder_daemons>`
     51          

   \                                 In segment CONFIG_DATA_I, align 4, align-sorted, root
     52          __root  CFG_HDR cfghdr05_03={CFG_KEYCODE,"break key",0,100};
   \                     cfghdr05_03:
   \   00000000                      DS8 44
   \   0000002C                      REQUIRE `?<Initializer for cfghdr05_03>`

   \                                 In segment CONFIG_DATA_I, align 4, align-sorted, root
     53          __root int key_break='*';
   \                     key_break:
   \   00000000                      DS8 4
   \   00000004                      REQUIRE `?<Initializer for key_break>`
     54          

   \                                 In segment CONFIG_DATA_I, align 4, align-sorted, root
     55          __root CFG_HDR cfghdr05_04={CFG_CHECKBOX,"SUBPROC Daemons",0,1};
   \                     cfghdr05_04:
   \   00000000                      DS8 44
   \   0000002C                      REQUIRE `?<Initializer for cfghdr05_04>`

   \                                 In segment CONFIG_DATA_I, align 4, align-sorted, root
     56          __root int subproc_daem = 1;
   \                     subproc_daem:
   \   00000000                      DS8 4
   \   00000004                      REQUIRE `?<Initializer for subproc_daem>`
     57          

   \                                 In segment CONFIG_DATA_I, align 4, align-sorted, root
     58          __root CFG_HDR cfghdr05_05 = {CFG_UINT, "SUBPROC Prio", 1, 255};
   \                     cfghdr05_05:
   \   00000000                      DS8 44
   \   0000002C                      REQUIRE `?<Initializer for cfghdr05_05>`

   \                                 In segment CONFIG_DATA_I, align 4, align-sorted, root
     59          __root unsigned int subproc_prio = 128;
   \                     subproc_prio:
   \   00000000                      DS8 4
   \   00000004                      REQUIRE `?<Initializer for subproc_prio>`
     60          
     61          
     62          
     63          

   \                                 In segment CONFIG_DATA_I, align 4, align-sorted, root
     64          __root CFG_HDR cfghdr_05_end={CFG_LEVEL,"",0,0};
   \                     cfghdr_05_end:
   \   00000000                      DS8 44
   \   0000002C                      REQUIRE `?<Initializer for cfghdr_05_end>`

   \                                 In segment CONFIG_DATA_ID, align 4, align-sorted, root
   \                     `?<Initializer for cfghdr_01_begin>`:
   \   00000000   09000000           DC32 9
   \   00000004   477261706869       DC8 "Graphics"
   \              637300      
   \   0000000D   000000000000       DC8 0, 0, 0, 0, 0, 0, 0, 0, 0, 0, 0, 0, 0, 0, 0, 0, 0, 0, 0, 0, 0, 0, 0
   \              000000000000
   \              000000000000
   \              0000000000  
   \   00000024   010000000000       DC32 1, 0
   \              0000        

   \                                 In segment CONFIG_DATA_ID, align 4, align-sorted, root
   \                     `?<Initializer for cfghdr3_1>`:
   \   00000000   02000000           DC32 2
   \   00000004   5061746800         DC8 "Path"
   \   00000009   000000000000       DC8 0, 0, 0, 0, 0, 0, 0, 0, 0, 0, 0, 0, 0, 0, 0, 0
   \              000000000000
   \              00000000    
   \   00000019   000000000000       DC8 0, 0, 0, 0, 0, 0, 0, 0, 0, 0, 0
   \              0000000000  
   \   00000024   000000007F00       DC32 0, 127
   \              0000        

   \                                 In segment CONFIG_DATA_ID, align 4, align-sorted, root
   \                     `?<Initializer for folder_img>`:
   \   00000000   303A5C5A4269       DC8 "0:\\ZBin\\Img\\"
   \              6E5C496D675C
   \              00          
   \   0000000D   000000000000       DC8 0, 0, 0, 0, 0, 0, 0, 0, 0, 0, 0, 0, 0, 0, 0, 0
   \              000000000000
   \              00000000    
   \   0000001D   000000000000       DC8 0, 0, 0, 0, 0, 0, 0, 0, 0, 0, 0, 0, 0, 0, 0, 0
   \              000000000000
   \              00000000    
   \   0000002D   000000000000       DC8 0, 0, 0, 0, 0, 0, 0, 0, 0, 0, 0, 0, 0, 0, 0, 0
   \              000000000000
   \              00000000    
   \   0000003D   000000000000       DC8 0, 0, 0, 0, 0, 0, 0, 0, 0, 0, 0, 0, 0, 0, 0, 0
   \              000000000000
   \              00000000    
   \   0000004D   000000000000       DC8 0, 0, 0, 0, 0, 0, 0, 0, 0, 0, 0, 0, 0, 0, 0, 0
   \              000000000000
   \              00000000    
   \   0000005D   000000000000       DC8 0, 0, 0, 0, 0, 0, 0, 0, 0, 0, 0, 0, 0, 0, 0, 0
   \              000000000000
   \              00000000    
   \   0000006D   000000000000       DC8 0, 0, 0, 0, 0, 0, 0, 0, 0, 0, 0, 0, 0, 0, 0, 0, 0, 0, 0
   \              000000000000
   \              000000000000
   \              00          

   \                                 In segment CONFIG_DATA_ID, align 4, align-sorted, root
   \                     `?<Initializer for cfghdr01_01>`:
   \   00000000   01000000           DC32 1
   \   00000004   416C7068612D       DC8 "Alpha-chan threshold"
   \              6368616E2074
   \              68726573686F
   \              6C6400      
   \   00000019   000000000000       DC8 0, 0, 0, 0, 0, 0, 0, 0, 0, 0, 0
   \              0000000000  
   \   00000024   00000000FF00       DC32 0, 255
   \              0000        

   \                                 In segment CONFIG_DATA_ID, align 4, align-sorted, root
   \                     `?<Initializer for ALPHA_THRESHOLD>`:
   \   00000000   80000000           DC32 128

   \                                 In segment CONFIG_DATA_ID, align 4, align-sorted, root
   \                     `?<Initializer for cfghdr01_02>`:
   \   00000000   01000000           DC32 1
   \   00000004   504E47206361       DC8 "PNG cache size"
   \              636865207369
   \              7A6500      
   \   00000013   000000000000       DC8 0, 0, 0, 0, 0, 0, 0, 0, 0, 0, 0, 0, 0, 0, 0, 0, 0
   \              000000000000
   \              0000000000  
   \   00000024   14000000C800       DC32 20, 200
   \              0000        

   \                                 In segment CONFIG_DATA_ID, align 4, align-sorted, root
   \                     `?<Initializer for CACHE_PNG>`:
   \   00000000   32000000           DC32 50

   \                                 In segment CONFIG_DATA_ID, align 4, align-sorted, root
   \                     `?<Initializer for cfghdr01_03>`:
   \   00000000   05000000           DC32 5
   \   00000004   44656661756C       DC8 "Default bit-depth"
   \              74206269742D
   \              646570746800
   \   00000016   000000000000       DC8 0, 0, 0, 0, 0, 0, 0, 0, 0, 0, 0, 0, 0, 0
   \              000000000000
   \              0000        
   \   00000024   000000000300       DC32 0, 3
   \              0000        

   \                                 In segment CONFIG_DATA_ID, align 4, align-sorted, root
   \                     `?<Initializer for DEFAULT_COLOR>`:
   \   00000000   02000000           DC32 2

   \                                 In segment CONFIG_DATA_ID, align 4, align-sorted, root
   \                     `?<Initializer for cfgcbox01_03>`:
   \   00000000   382062697473       DC8 "8 bits"
   \              00          
   \   00000007   000000000000       DC8 0, 0, 0, 0, 0, 0, 0, 0, 0, 0, 0, 0, 0, 0, 0, 0
   \              000000000000
   \              00000000    
   \   00000017   000000000000       DC8 0, 0, 0, 0, 0, 0, 0, 0, 0
   \              000000      
   \   00000020   313620626974       DC8 "16 bits"
   \              7300        
   \   00000028   000000000000       DC8 0, 0, 0, 0, 0, 0, 0, 0, 0, 0, 0, 0, 0, 0, 0, 0
   \              000000000000
   \              00000000    
   \   00000038   000000000000       DC8 0, 0, 0, 0, 0, 0, 0, 0
   \              0000        
   \   00000040   323420626974       DC8 "24 bits+alpha"
   \              732B616C7068
   \              6100        
   \   0000004E   000000000000       DC8 0, 0, 0, 0, 0, 0, 0, 0, 0, 0, 0, 0, 0, 0, 0, 0, 0, 0
   \              000000000000
   \              000000000000

   \                                 In segment CONFIG_DATA_ID, align 4, align-sorted, root
   \                     `?<Initializer for cfghdr_01_end>`:
   \   00000000   09000000           DC32 9
   \   00000004   00                 DC8 ""
   \   00000005   000000000000       DC8 0, 0, 0, 0, 0, 0, 0, 0, 0, 0, 0, 0, 0, 0, 0, 0
   \              000000000000
   \              00000000    
   \   00000015   000000000000       DC8 0, 0, 0, 0, 0, 0, 0, 0, 0, 0, 0, 0, 0, 0, 0
   \              000000000000
   \              000000      
   \   00000024   000000000000       DC32 0, 0
   \              0000        

   \                                 In segment CONFIG_DATA_ID, align 4, align-sorted, root
   \                     `?<Initializer for cfghdr_03_begin>`:
   \   00000000   09000000           DC32 9
   \   00000004   45444C205379       DC8 "EDL System"
   \              7374656D00  
   \   0000000F   000000000000       DC8 0, 0, 0, 0, 0, 0, 0, 0, 0, 0, 0, 0, 0, 0, 0, 0, 0, 0, 0, 0, 0
   \              000000000000
   \              000000000000
   \              000000      
   \   00000024   010000000000       DC32 1, 0
   \              0000        

   \                                 In segment CONFIG_DATA_ID, align 4, align-sorted, root
   \                     `?<Initializer for cfghdr03_01>`:
   \   00000000   0B000000           DC32 11
   \   00000004   466972737420       DC8 "First Lib Load"
   \              4C6962204C6F
   \              616400      
   \   00000013   000000000000       DC8 0, 0, 0, 0, 0, 0, 0, 0, 0, 0, 0, 0, 0, 0, 0, 0, 0
   \              000000000000
   \              0000000000  
   \   00000024   000000000100       DC32 0, 1
   \              0000        

   \                                 In segment CONFIG_DATA_ID, align 4, align-sorted, root
   \                     `?<Initializer for edl_ena>`:
   \   00000000   01000000           DC32 1

   \                                 In segment CONFIG_DATA_ID, align 4, align-sorted, root
   \                     `?<Initializer for cfghdr03_02>`:
   \   00000000   01000000           DC32 1
   \   00000004   4D6178204C69       DC8 "Max Libs"
   \              627300      
   \   0000000D   000000000000       DC8 0, 0, 0, 0, 0, 0, 0, 0, 0, 0, 0, 0, 0, 0, 0, 0, 0, 0, 0, 0, 0, 0, 0
   \              000000000000
   \              000000000000
   \              0000000000  
   \   00000024   100000000004       DC32 16, 1024
   \              0000        

   \                                 In segment CONFIG_DATA_ID, align 4, align-sorted, root
   \                     `?<Initializer for edl_sys_size>`:
   \   00000000   80000000           DC32 128

   \                                 In segment CONFIG_DATA_ID, align 4, align-sorted, root
   \                     `?<Initializer for cfghdr_03_end>`:
   \   00000000   09000000           DC32 9
   \   00000004   00                 DC8 ""
   \   00000005   000000000000       DC8 0, 0, 0, 0, 0, 0, 0, 0, 0, 0, 0, 0, 0, 0, 0, 0
   \              000000000000
   \              00000000    
   \   00000015   000000000000       DC8 0, 0, 0, 0, 0, 0, 0, 0, 0, 0, 0, 0, 0, 0, 0
   \              000000000000
   \              000000      
   \   00000024   000000000000       DC32 0, 0
   \              0000        

   \                                 In segment CONFIG_DATA_ID, align 4, align-sorted, root
   \                     `?<Initializer for cfghdr_05_begin>`:
   \   00000000   09000000           DC32 9
   \   00000004   4D6973632053       DC8 "Misc Settings"
   \              657474696E67
   \              7300        
   \   00000012   000000000000       DC8 0, 0, 0, 0, 0, 0, 0, 0, 0, 0, 0, 0, 0, 0, 0, 0, 0, 0
   \              000000000000
   \              000000000000
   \   00000024   010000000000       DC32 1, 0
   \              0000        

   \                                 In segment CONFIG_DATA_ID, align 4, align-sorted, root
   \                     `?<Initializer for cfghdr05_01>`:
   \   00000000   0B000000           DC32 11
   \   00000004   456E61626C65       DC8 "Enable Log Sound"
   \              204C6F672053
   \              6F756E6400  
   \   00000015   000000000000       DC8 0, 0, 0, 0, 0, 0, 0, 0, 0, 0, 0, 0, 0, 0, 0
   \              000000000000
   \              000000      
   \   00000024   000000000100       DC32 0, 1
   \              0000        

   \                                 In segment CONFIG_DATA_ID, align 4, align-sorted, root
   \                     `?<Initializer for log_sound>`:
   \   00000000   01000000           DC32 1

   \                                 In segment CONFIG_DATA_ID, align 4, align-sorted, root
   \                     `?<Initializer for cfghdr05_02>`:
   \   00000000   02000000           DC32 2
   \   00000004   506174682044       DC8 "Path Daemons"
   \              61656D6F6E73
   \              00          
   \   00000011   000000000000       DC8 0, 0, 0, 0, 0, 0, 0, 0, 0, 0, 0, 0, 0, 0, 0, 0, 0, 0, 0
   \              000000000000
   \              000000000000
   \              00          
   \   00000024   000000007F00       DC32 0, 127
   \              0000        

   \                                 In segment CONFIG_DATA_ID, align 4, align-sorted, root
   \                     `?<Initializer for folder_daemons>`:
   \   00000000   303A5C5A4269       DC8 "0:\\ZBin\\Daemons\\"
   \              6E5C4461656D
   \              6F6E735C00  
   \   00000011   000000000000       DC8 0, 0, 0, 0, 0, 0, 0, 0, 0, 0, 0, 0, 0, 0, 0, 0
   \              000000000000
   \              00000000    
   \   00000021   000000000000       DC8 0, 0, 0, 0, 0, 0, 0, 0, 0, 0, 0, 0, 0, 0, 0, 0
   \              000000000000
   \              00000000    
   \   00000031   000000000000       DC8 0, 0, 0, 0, 0, 0, 0, 0, 0, 0, 0, 0, 0, 0, 0, 0
   \              000000000000
   \              00000000    
   \   00000041   000000000000       DC8 0, 0, 0, 0, 0, 0, 0, 0, 0, 0, 0, 0, 0, 0, 0, 0
   \              000000000000
   \              00000000    
   \   00000051   000000000000       DC8 0, 0, 0, 0, 0, 0, 0, 0, 0, 0, 0, 0, 0, 0, 0, 0
   \              000000000000
   \              00000000    
   \   00000061   000000000000       DC8 0, 0, 0, 0, 0, 0, 0, 0, 0, 0, 0, 0, 0, 0, 0, 0
   \              000000000000
   \              00000000    
   \   00000071   000000000000       DC8 0, 0, 0, 0, 0, 0, 0, 0, 0, 0, 0, 0, 0, 0, 0
   \              000000000000
   \              000000      

   \                                 In segment CONFIG_DATA_ID, align 4, align-sorted, root
   \                     `?<Initializer for cfghdr05_03>`:
   \   00000000   11000000           DC32 17
   \   00000004   627265616B20       DC8 "break key"
   \              6B657900    
   \   0000000E   000000000000       DC8 0, 0, 0, 0, 0, 0, 0, 0, 0, 0, 0, 0, 0, 0, 0, 0, 0, 0, 0, 0, 0, 0
   \              000000000000
   \              000000000000
   \              00000000    
   \   00000024   000000006400       DC32 0, 100
   \              0000        

   \                                 In segment CONFIG_DATA_ID, align 4, align-sorted, root
   \                     `?<Initializer for key_break>`:
   \   00000000   2A000000           DC32 42

   \                                 In segment CONFIG_DATA_ID, align 4, align-sorted, root
   \                     `?<Initializer for cfghdr05_04>`:
   \   00000000   0B000000           DC32 11
   \   00000004   53554250524F       DC8 "SUBPROC Daemons"
   \              43204461656D
   \              6F6E7300    
   \   00000014   000000000000       DC8 0, 0, 0, 0, 0, 0, 0, 0, 0, 0, 0, 0, 0, 0, 0, 0
   \              000000000000
   \              00000000    
   \   00000024   000000000100       DC32 0, 1
   \              0000        

   \                                 In segment CONFIG_DATA_ID, align 4, align-sorted, root
   \                     `?<Initializer for subproc_daem>`:
   \   00000000   01000000           DC32 1

   \                                 In segment CONFIG_DATA_ID, align 4, align-sorted, root
   \                     `?<Initializer for cfghdr05_05>`:
   \   00000000   01000000           DC32 1
   \   00000004   53554250524F       DC8 "SUBPROC Prio"
   \              43205072696F
   \              00          
   \   00000011   000000000000       DC8 0, 0, 0, 0, 0, 0, 0, 0, 0, 0, 0, 0, 0, 0, 0, 0, 0, 0, 0
   \              000000000000
   \              000000000000
   \              00          
   \   00000024   01000000FF00       DC32 1, 255
   \              0000        

   \                                 In segment CONFIG_DATA_ID, align 4, align-sorted, root
   \                     `?<Initializer for subproc_prio>`:
   \   00000000   80000000           DC32 128

   \                                 In segment CONFIG_DATA_ID, align 4, align-sorted, root
   \                     `?<Initializer for cfghdr_05_end>`:
   \   00000000   09000000           DC32 9
   \   00000004   00                 DC8 ""
   \   00000005   000000000000       DC8 0, 0, 0, 0, 0, 0, 0, 0, 0, 0, 0, 0, 0, 0, 0, 0
   \              000000000000
   \              00000000    
   \   00000015   000000000000       DC8 0, 0, 0, 0, 0, 0, 0, 0, 0, 0, 0, 0, 0, 0, 0
   \              000000000000
   \              000000      
   \   00000024   000000000000       DC32 0, 0
   \              0000        


   Segment part sizes:

     Function/Label                 Bytes
     --------------                 -----
     cfghdr_01_begin                  44
     cfghdr3_1                        44
     folder_img                      128
     cfghdr01_01                      44
     ALPHA_THRESHOLD                   4
     cfghdr01_02                      44
     CACHE_PNG                         4
     cfghdr01_03                      44
     DEFAULT_COLOR                     4
     cfgcbox01_03                     96
     cfghdr_01_end                    44
     cfghdr_03_begin                  44
     cfghdr03_01                      44
     edl_ena                           4
     cfghdr03_02                      44
     edl_sys_size                      4
     cfghdr_03_end                    44
     cfghdr_05_begin                  44
     cfghdr05_01                      44
     log_sound                         4
     cfghdr05_02                      44
     folder_daemons                  128
     cfghdr05_03                      44
     key_break                         4
     cfghdr05_04                      44
     subproc_daem                      4
     cfghdr05_05                      44
     subproc_prio                      4
     cfghdr_05_end                    44
     ?<Initializer for cfghdr_01_begin>
                                      44
     ?<Initializer for cfghdr3_1>     44
     ?<Initializer for folder_img>   128
     ?<Initializer for cfghdr01_01>   44
     ?<Initializer for ALPHA_THRESHOLD>
                                       4
     ?<Initializer for cfghdr01_02>   44
     ?<Initializer for CACHE_PNG>      4
     ?<Initializer for cfghdr01_03>   44
     ?<Initializer for DEFAULT_COLOR>
                                       4
     ?<Initializer for cfgcbox01_03>
                                      96
     ?<Initializer for cfghdr_01_end>
                                      44
     ?<Initializer for cfghdr_03_begin>
                                      44
     ?<Initializer for cfghdr03_01>   44
     ?<Initializer for edl_ena>        4
     ?<Initializer for cfghdr03_02>   44
     ?<Initializer for edl_sys_size>
                                       4
     ?<Initializer for cfghdr_03_end>
                                      44
     ?<Initializer for cfghdr_05_begin>
                                      44
     ?<Initializer for cfghdr05_01>   44
     ?<Initializer for log_sound>      4
     ?<Initializer for cfghdr05_02>   44
     ?<Initializer for folder_daemons>
                                     128
     ?<Initializer for cfghdr05_03>   44
     ?<Initializer for key_break>      4
     ?<Initializer for cfghdr05_04>   44
     ?<Initializer for subproc_daem>
                                       4
     ?<Initializer for cfghdr05_05>   44
     ?<Initializer for subproc_prio>
                                       4
     ?<Initializer for cfghdr_05_end>
                                      44
      Others                          12

 
 1 136 bytes in segment CONFIG_DATA_I
 1 136 bytes in segment CONFIG_DATA_ID
    12 bytes in segment INITTAB
 
     0 bytes of CODE  memory (+ 12 bytes shared)
 1 136 bytes of CONST memory
 1 136 bytes of DATA  memory

Errors: none
Warnings: none
