###############################################################################
#                                                                             #
#     IAR Systems ARM Assembler V4.42A/W32 13/Jan/2011  14:21:44              #
#     Copyright 1999-2007 IAR Systems. All rights reserved.                   #
#                                                                             #
#           Source file   =  C:\arm\elfpack_mod_last\main\EXT2.asm            #
#           List file     =  C:\arm\elfpack_mod_last\Other\E71sw45\List\EXT2.lst#
#           Object file   =  C:\arm\elfpack_mod_last\Other\E71sw45\Obj\EXT2.r79#
#           Command line  =  C:\arm\elfpack_mod_last\main\EXT2.asm            #
#                            -OC:\arm\elfpack_mod_last\Other\E71sw45\Obj\     #
#                            -s+ -M<> -w+ -DNEWSGOLD -DELKA                   #
#                            -LC:\arm\elfpack_mod_last\Other\E71sw45\List\    #
#                            -cE -t8 --cpu ARM926EJ-S --fpu None              #
#                            -IC:\arm2\Embedded Workbench 4.0 Evaluation\ARM\INC\ #
#                                                                             #
###############################################################################

    1    00000000              ;
    2    00000000              ; //Extend file extention
    3    00000000              ;
    4    00000000              #ifdef NEWSGOLD
    5    00000000              
    6    00000000              #ifdef  ELKA
    7    00000000              
    8    00000000                      RSEG    PATCH_ENABLE_ALTOPEN:DATA:ROOT(2
                               )
    9    00000000 000057E3             DCD     0xE3570000
   10    00000004              
   11    00000004                      ARM
   12    00000000                      RSEG    PATCH_EXT2_R7:CODE:ROOT(2)
   13    00000000 ........             BL      J_R7
   14    00000000                      RSEG    PATCH_EXT2_R6:CODE:ROOT(2)
   15    00000000 ........             BL      J_R6
   16    00000000                      RSEG    PATCH_EXT2_R7_1:CODE:ROOT(2)
   17    00000000 ........             BL      J_R7
   18    00000000                      RSEG    PATCH_EXT2_R2:CODE:ROOT(2)
   19    00000000 ........             BL      J_R2
   20    00000000                      RSEG    CODE:CODE:NOROOT(2)
   21    00000000                      EXTERN  EXT2_AREA
   22    00000000              J_R7:
   23    00000000 1C709FE5             LDR     R7,=EXT2_AREA
   24    00000004 007097E5             LDR     R7,[R7]
   25    00000008 1EFF2FE1             BX      LR
   26    0000000C              J_R6:
   27    0000000C 10609FE5             LDR     R6,=EXT2_AREA
   28    00000010 006096E5             LDR     R6,[R6]
   29    00000014 1EFF2FE1             BX      LR
   30    00000018              J_R2:
   31    00000018 04209FE5             LDR     R2,=EXT2_AREA
   32    0000001C 002092E5             LDR     R2,[R2]
   33    00000020 1EFF2FE1             BX      LR
   34    00000024              
   35    00000024                      RSEG    PATCH_EXT2_IMPL:CODE:ROOT(2)
   35.1  00000024                       TABLE
   35.2  00000024 ........             Reference on line 23,27,31 
   35.3  00000000                      RSEG (including table)
   35    00000000                      RSEG    PATCH_EXT2_IMPL:CODE:ROOT(2)
   36    00000000                      EXTERN  EXT2_REALLOC
   37    00000000 ........             BL      EXT2_REALLOC
   38    00000004 0000A0E1             NOP
   39    00000008 0000A0E1             NOP
   40    0000000C 0000A0E1             NOP
   41    00000010 0000A0E1             NOP
   42    00000014 0000A0E1             NOP
   43    00000018 0000A0E1             NOP
   44    0000001C 0000A0E1             NOP
   45    00000020 0000A0E1             NOP
   46    00000024              
   47    00000024              #else
  118    00000024              #endif  
  119    00000024              
  120    00000024              #else
  185    00000024              #endif
  186    00000024                      END
##############################
#          CRC:E7D0          #
#        Errors:   0         #
#        Warnings: 0         #
#         Bytes: 96          #
##############################



