###############################################################################
#                                                                             #
#     IAR Systems ARM Assembler V4.42A/W32 07/Mar/2011  11:51:06              #
#     Copyright 1999-2007 IAR Systems. All rights reserved.                   #
#                                                                             #
#           Source file   =  C:\arm\elfpack_mod_last\main\ESI.asm             #
#           List file     =  C:\arm\elfpack_mod_last\Other\CX75sw25\List\ESI.lst#
#           Object file   =  C:\arm\elfpack_mod_last\Other\CX75sw25\Obj\ESI.r79#
#           Command line  =  C:\arm\elfpack_mod_last\main\ESI.asm             #
#                            -OC:\arm\elfpack_mod_last\Other\CX75sw25\Obj\    #
#                            -s+ -M<> -w+                                     #
#                            -LC:\arm\elfpack_mod_last\Other\CX75sw25\List\   #
#                            -cE -t8 --cpu ARM926EJ-S --fpu None              #
#                            -IC:\arm2\Embedded Workbench 4.0 Evaluation\ARM\INC\ #
#                                                                             #
###############################################################################

    1    00000000                      RSEG    CODE:CODE(2)
    2    00000000                      PUBLIC  BXR1
    3    00000000              BXR1:
    4    00000000 11FF2FE1             BX      R1
    5    00000004                      
    6    00000004                 
    7    00000004              
    8    00000004              #ifdef NEWSGOLD
   58    00000004              #else      
   59    00000004              ; ==============================================
                                  
   60    00000000                      RSEG    PATCH_ESI:CODE:ROOT
   61    00000000                      CODE16
   62    00000000 004B                 LDR     R3,=ESI_PATCH
   63    00000002 1847                 BX      R3
   64    00000004                      
   65    00000004              ; ----------------------------------------------
                                   
   66    00000004                      RSEG    CODE:CODE:NOROOT
   66.1  00000004                       TABLE
   66.2  00000004 ........             Reference on line 62 
   66.3  00000000                      RSEG (including table)
   66    00000000                      RSEG    CODE:CODE:NOROOT
   67    00000000                      CODE32
   68    00000000                      EXTERN  ESI
   69    00000000                      EXTERN  ESIOld
   70    00000000              ESI_PATCH:
   71    00000000 203EA0E1             MOV     R3,R0,LSR #28
   72    00000004 0A0053E3             CMP     R3,#0x0A
   73    00000008 1040BD08             LDMEQFD SP!,{R4,LR}
   74    0000000C ........             BEQ     ESI 
   75    00000010              DO_LGP:
   76    00000010 14309FE5             LDR     R3,=ESIOld
   77    00000014 003093E5             LDR     R3, [R3]
   78    00000018 0140A0E1             MOV     R4,R1
   79    0000001C 0210A0E1             MOV     R1,R2
   80    00000020 08209FE5             LDR     R2,=0x2710
   81    00000024 020050E1             CMP     R0,R2
   82    00000028 13FF2FE1             BX      R3
   83    0000002C                      
   84    0000002C              ; ==============================================
                                      
   85    0000002C                      RSEG    PATCH_NO_UNK_EXT:CODE:ROOT
   85.1  0000002C                       TABLE
   85.2  0000002C ........             Reference on line 76 
   85.3  00000030 10270000             Reference on line 80 
   85.4  00000000                      RSEG (including table)
   85    00000000                      RSEG    PATCH_NO_UNK_EXT:CODE:ROOT
   86    00000000                      CODE32
   87    00000000              
   88    00000000 ........             BL      NoUnknownExt
   89    00000004              
   90    00000004                      
   91    00000004              ; ----------------------------------------------
                                  
   92    00000000                      RSEG    CODE:CODE:NOROOT
   93    00000000                      CODE32
   94    00000000              
   95    00000000              NoUnknownExt:
   96    00000000 0400B0E1             MOVS    R0, R4
   97    00000004 1EFF2F11             BXNE    LR
   98    00000008 00402DE9             STMFD   SP!,{LR}
   99    0000000C 8044E0E3             MOV     R4, #0x7FFFFFFF
  100    00000010 0400A0E1             MOV     R0, R4
  101    00000014 CF0100EF             SWI     0x1CF
  102    00000018 000050E3             CMP     R0, #0
  103    0000001C 0400A011             MOVNE   R0, R4
  104    00000020 0080BDE8             LDMFD   SP!,{PC}
  105    00000024                      
  106    00000024                    
  107    00000024                      
  108    00000024              ; ==============================================
                                              
  109    00000024                      THUMB
  110    00000000                      RSEG    PATCH_GET_PIT:CODE:ROOT(2)
  111    00000000              //MAINCODE:A0975D34 10 B5                      
                                PUSH    {R4,LR}
  112    00000000              //MAINCODE:A0975D36 04 1C                      
                                ADD     R4, R0, #0
  113    00000000              //MAINCODE:A0975D38 B1 F0 F2 EC                
                                BLX     sub_A0A27720
  114    00000000 ....                 LDR     R1,JJ_PIT
  115    00000002 0847                 BX      R1
  116    00000004                      
  117    00000000                      RSEG    PATCH_GET_PITJ:DATA(2)
  118    00000000 ........     JJ_PIT  DC32    J_PIT
  119    00000004                      
  120    00000004                           
  121    00000004              ; ----------------------------------------------
                                      
  122    00000000                      RSEG    CODE:CODE(2)
  123    00000000                      EXTERN  PITgetN
  124    00000000                      EXTERN  PatchGetPIT
  125    00000000                      EXTERN  PITret
  126    00000000                      ARM
  127    00000000              J_PIT:
  128    00000000 10402DE9             STMFD   SP!,{R4,LR}
  129    00000004 0040A0E1             MOV     R4,R0
  130    00000008 ........             BL      PatchGetPIT
  131    0000000C 000050E3             CMP     R0, #0
  132    00000010 1080BD18             LDMNEFD SP!,{R4,PC}
  133    00000014 0400A0E1             MOV     R0,R4
  134    00000018 14C09FE5             LDR     R12,=PITgetN
  135    0000001C 00C09CE5             LDR     R12, [R12]
  136    00000020 3CFF2FE1             BLX     R12
  137    00000024 040050E1             CMP     R0,R4
  138    00000028 08C09FE5             LDR     R12,=PITret
  139    0000002C 00C09CE5             LDR     R12, [R12]
  140    00000030 1CFF2FE1             BX      R12
  141    00000034                      
  142    00000034              ; ==============================================
                               ==
  143    00000034              
  144    00000034                      THUMB 
  145    00000034                      RSEG    PATCH_KEYB_MSG:CODE:ROOT(1)
  145.1  00000034                       TABLE
  145.2  00000034 ........             Reference on line 134 
  145.3  00000038 ........             Reference on line 138 
  145.4  00000000                      RSEG (including table)
  145    00000000                      RSEG    PATCH_KEYB_MSG:CODE:ROOT(1)
  146    00000000 ....                 LDR     R2, JJ_KEYB
  147    00000002 1047                 BX      R2
  148    00000004                      
  149    00000004                      THUMB 
  150    00000000                      RSEG    PATCH_KEYB_MSGJ:DATA(2)
  151    00000000 ........     JJ_KEYB DC32    J_KEYB
  152    00000004              
  153    00000004                      
  154    00000000                      RSEG    CODE:CODE:NOROOT
  155    00000000                      CODE16
  156    00000000                      EXTERN  PatchKeybMsg
  157    00000000                      EXTERN  KEYBfunc
  158    00000000                      EXTERN  KEYBret
  159    00000000              J_KEYB: 
  160    00000000 7068                 LDR     R0, [R6,#4]
  161    00000002 7188                 LDRH    R1, [R6,#2]
  162    00000004 ........             BL      PatchKeybMsg
  163    00000008 0228                 CMP     R0, #2
  164    0000000A 09D0                 BEQ     EXIT
  165    0000000C                      
  166    0000000C 311C                 ADD     R1, R6, #0
  167    0000000E E86A                 LDR     R0, [R5,#0x2C]
  168    00000010 044A                 LDR     R2, =KEYBfunc
  169    00000012 1268                 LDR     R2, [R2, #0]
  170    00000014 9047                 BLX     R2
  171    00000016 0028                 CMP     R0, #0
  172    00000018 02D1                 BNE     EXIT
  173    0000001A                      
  174    0000001A 0348                 LDR     R0, =KEYBret
  175    0000001C 0068                 LDR     R0, [R0, #0]
  176    0000001E 0047                 BX      R0
  177    00000020                      
  178    00000020 F8BD         EXIT:   POP     {R3-R7,PC}
  179    00000022              
  180    00000022              #endif
  181    00000022              
  182    00000022                      END
  182.1  00000022 0000                  TABLE
  182.2  00000024 ........             Reference on line 168 
  182.3  00000028 ........             Reference on line 174 
  182.4  0000002C                      END (including table)
##############################
#          CRC:C3CF          #
#        Errors:   0         #
#        Warnings: 0         #
#         Bytes: 224         #
##############################



